[Licensing::Module] Trying to connect to existing licensing client channel...
Built from '6000.3/staging' branch; Version is '6000.3.15f1 (c1aa84e375f6) revision 12692100'; Using compiler version '194234433'; Build Type 'Release'
[Licensing::IpcConnector] Successfully connected to: "LicenseClient-Administrator" at "2026-06-11T12:18:30.1583791Z"
OS: 'Windows 10  (10.0.19045) 64bit Professional' Language: 'ko' Physical Memory: 32478 MB
BatchMode: 1, IsHumanControllingUs: 0, StartBugReporterOnCrash: 0, Is64bit: 1
System  architecture: x64
Process architecture: x64
Date: 2026-06-11T12:18:30Z

COMMAND LINE ARGUMENTS:
C:\Program Files\Unity\Hub\Editor\6000.3.15f1\Editor\Unity.exe
-adb2
-batchMode
-noUpm
-name
AssetImportWorker11
-projectPath
C:/Users/Administrator/Desktop/Program
-logFile
Logs/AssetImportWorker11.log
-srvPort
50672
-licensingIpc
LicenseClient-Administrator
-job-worker-count
13
-background-job-worker-count
8
-gc-helper-count
1
-name
AssetImport
Successfully changed project path to: C:/Users/Administrator/Desktop/Program
C:/Users/Administrator/Desktop/Program
[UnityMemory] Configuration Parameters - Can be set up in boot.config
    "memorysetup-temp-allocator-size-nav-mesh-worker=65536"
    "memorysetup-temp-allocator-size-audio-worker=65536"
    "memorysetup-temp-allocator-size-gfx=262144"
    "memorysetup-allocator-temp-initial-block-size-main=262144"
    "memorysetup-allocator-temp-initial-block-size-worker=262144"
    "memorysetup-temp-allocator-size-background-worker=32768"
    "memorysetup-temp-allocator-size-job-worker=262144"
    "memorysetup-temp-allocator-size-preload-manager=33554432"
    "memorysetup-temp-allocator-size-gi-baking-worker=262144"
    "memorysetup-temp-allocator-size-gi-baking-worker=262144"
    "memorysetup-temp-allocator-size-gi-baking-worker=262144"
    "memorysetup-temp-allocator-size-gi-baking-worker=262144"
    "memorysetup-temp-allocator-size-gi-baking-worker=262144"
    "memorysetup-bucket-allocator-granularity=16"
    "memorysetup-bucket-allocator-bucket-count=8"
    "memorysetup-bucket-allocator-block-size=33554432"
    "memorysetup-bucket-allocator-block-count=8"
    "memorysetup-main-allocator-block-size=16777216"
    "memorysetup-thread-allocator-block-size=16777216"
    "memorysetup-gfx-main-allocator-block-size=16777216"
    "memorysetup-gfx-thread-allocator-block-size=16777216"
    "memorysetup-cache-allocator-block-size=4194304"
    "memorysetup-typetree-allocator-block-size=2097152"
    "memorysetup-profiler-bucket-allocator-granularity=16"
    "memorysetup-profiler-bucket-allocator-bucket-count=8"
    "memorysetup-profiler-bucket-allocator-block-size=33554432"
    "memorysetup-profiler-bucket-allocator-block-count=8"
    "memorysetup-profiler-allocator-block-size=16777216"
    "memorysetup-profiler-editor-allocator-block-size=1048576"
    "memorysetup-temp-allocator-size-main=16777216"
    "memorysetup-job-temp-allocator-block-size=2097152"
    "memorysetup-job-temp-allocator-block-size-background=1048576"
    "memorysetup-job-temp-allocator-reduction-small-platforms=262144"
    "memorysetup-temp-allocator-size-cloud-worker=32768"
Player connection [17272]  Target information:

Player connection [17272]  * "[IP] 192.168.0.94 [Port] 0 [Flags] 2 [Guid] 1087957028 [EditorId] 1087957028 [Version] 1048832 [Id] WindowsEditor(7,DESKTOP-MSMA3UP) [Debug] 1 [PackageName] WindowsEditor [ProjectName] Editor" 

Player connection [17272] Host joined multi-casting on [225.0.0.222:54997]...
Player connection [17272] Host joined alternative multi-casting on [225.0.0.222:34997]...
JobSystem: Creating JobQueue using job-worker-count value 13
Input System module state changed to: Initialized.
[Physics::Module] Initialized fallback backend.
[Physics::Module] Id: 0xdecafbad
Library Redirect Path: Library/
[Physics::Module] Selected backend.
[Physics::Module] Name: PhysX
[Physics::Module] Id: 0xf2b8ea05
[Physics::Module] SDK Version: 4.1.2
[Physics::Module] Integration Version: 1.0.0
[Physics::Module] Threading Mode: Multi-Threaded
Refreshing native plugins compatible for Editor in 2.86 ms, found 4 plugins.
Preloading 0 native plugins for Editor in 0.00 ms.
Initialize engine version: 6000.3.15f1 (c1aa84e375f6)
[Subsystems] Discovering subsystems at path C:/Program Files/Unity/Hub/Editor/6000.3.15f1/Editor/Data/Resources/UnitySubsystems
[Subsystems] Discovering subsystems at path C:/Users/Administrator/Desktop/Program/Assets
GfxDevice: creating device client; kGfxThreadingModeNonThreaded
Direct3D:
    Version:  Direct3D 11.0 [level 11.1]
    Renderer: NVIDIA GeForce RTX 5060 Ti (ID=0x2d04)
    Vendor:   NVIDIA
    VRAM:     16050 MB
    Driver:   32.0.15.9636
Initialize mono
Mono path[0] = 'C:/Program Files/Unity/Hub/Editor/6000.3.15f1/Editor/Data/Managed'
Mono path[1] = 'C:/Program Files/Unity/Hub/Editor/6000.3.15f1/Editor/Data/MonoBleedingEdge/lib/mono/unityjit-win32'
Mono config path = 'C:/Program Files/Unity/Hub/Editor/6000.3.15f1/Editor/Data/MonoBleedingEdge/etc'
Using monoOptions --debugger-agent=transport=dt_socket,embedding=1,server=y,suspend=n,address=127.0.0.1:56616
Begin MonoManager ReloadAssembly
Registering precompiled unity dll's ...
Register platform support module: C:/Program Files/Unity/Hub/Editor/6000.3.15f1/Editor/Data/PlaybackEngines/WindowsStandaloneSupport/UnityEditor.WindowsStandalone.Extensions.dll
Registered in 0.001296 seconds.
[Licensing::Client] Error: HandshakeResponse reported an error:
	ResponseCode: 505
	ResponseStatus: Unsupported protocol version '1.18.1'.
[Licensing::Module] Error: Failed to handshake to channel: "LicenseClient-Administrator"
[Licensing::IpcConnector] LicenseClient-Administrator channel disconnected successfully.
[Licensing::IpcConnector] Successfully connected to: "LicenseClient-Administrator-6000.3.15" at "2026-06-11T12:18:31.0954511Z"
[Licensing::Client] Code 10 while verifying Licensing Client signature (process Id: 16204, path: "C:/Program Files/Unity/Hub/Editor/6000.3.15f1/Editor/Data/Resources/Licensing/Client/Unity.Licensing.Client.exe")
[Licensing::Module] LicensingClient has failed validation; ignoring
[Licensing::Client] Handshaking with LicensingClient:
  Version:                 1.18.1+9fbee8e
  Session Id:              e7cd5392c9f64d4184cba3f730ae48cf
  Correlation Id:          4273d7daa7fd3421673a58a922445746
  External correlation Id: 6107274633682723952
  Machine Id:              SvejmJGsl/EFmq0OAjofjZYOfss=
[Licensing::Module] Successfully connected to LicensingClient on channel: "LicenseClient-Administrator-6000.3.15" (connect: 0.00s, validation: 0.00s, handshake: 0.01s)
[Licensing::IpcConnector] Successfully connected to: "LicenseClient-Administrator-6000.3.15-notifications" at "2026-06-11T12:18:31.1016844Z"
[Licensing::Module] Licensing Background thread has ended after 0.94s
- Loaded All Assemblies, in  0.460 seconds
Native extension for WindowsStandalone target not found
Package Manager log level set to [2]
[Package Manager] Failed to launch server process. Reason: Unity was launched with the -noUpm command-line argument
[Package Manager] Unable to send message (not connected to server process).
[Package Manager] Cannot connect to Unity Package Manager local server
ScheduleIndexationOnStartup MainProcess:False IndexOnStartup:True
Mono: successfully reloaded assembly
- Finished resetting the current domain, in  0.431 seconds
Domain Reload Profiling: 890ms
	BeginReloadAssembly (161ms)
		ExecutionOrderSort (0ms)
		DisableScriptedObjects (0ms)
		BackupInstance (0ms)
		ReleaseScriptingObjects (0ms)
		CreateAndSetChildDomain (1ms)
	RebuildCommonClasses (39ms)
	RebuildNativeTypeToScriptingClass (16ms)
	initialDomainReloadingComplete (51ms)
	LoadAllAssembliesAndSetupDomain (192ms)
		LoadAssemblies (159ms)
		RebuildTransferFunctionScriptingTraits (0ms)
		AnalyzeDomain (188ms)
			TypeCache.Refresh (187ms)
				TypeCache.ScanAssembly (170ms)
			BuildScriptInfoCaches (0ms)
			ResolveRequiredComponents (0ms)
	FinalizeReload (431ms)
		ReleaseScriptCaches (0ms)
		RebuildScriptCaches (0ms)
		SetupLoadedEditorAssemblies (378ms)
			LogAssemblyErrors (0ms)
			InitializePlatformSupportModulesInManaged (51ms)
			SetLoadedEditorAssemblies (4ms)
			BeforeProcessingInitializeOnLoad (89ms)
			ProcessInitializeOnLoadAttributes (152ms)
			ProcessInitializeOnLoadMethodAttributes (82ms)
			AfterProcessingInitializeOnLoad (0ms)
			EditorAssembliesLoaded (0ms)
		ExecutionOrderSort2 (0ms)
		AwakeInstancesAfterBackupRestoration (0ms)
========================================================================
Worker process is ready to serve import requests
Import Worker Mode flag is 0x00
Begin MonoManager ReloadAssembly
[Licensing::Client] Successfully resolved entitlement details
[Licensing::Module] License group:
  Id: 14569174559127-UnityPersXXXX
  Product: Unity Personal
  Type: Assigned
  Expiration: Unlimited
- Loaded All Assemblies, in  1.087 seconds
Refreshing native plugins compatible for Editor in 1.12 ms, found 4 plugins.
Native extension for WindowsStandalone target not found
[Package Manager] Failed to launch server process. Reason: Unity was launched with the -noUpm command-line argument
[Package Manager] Unable to send message (not connected to server process).
[Package Manager] Cannot connect to Unity Package Manager local server
Refreshing native plugins compatible for Editor in 1.26 ms, found 4 plugins.
[Package Manager] Failed to launch server process. Reason: Unity was launched with the -noUpm command-line argument
[Package Manager] Unable to send message (not connected to server process).
[Package Manager] Cannot connect to Unity Package Manager local server
ScheduleIndexationOnStartup MainProcess:False IndexOnStartup:True
Mono: successfully reloaded assembly
- Finished resetting the current domain, in  1.228 seconds
Domain Reload Profiling: 2313ms
	BeginReloadAssembly (208ms)
		ExecutionOrderSort (0ms)
		DisableScriptedObjects (6ms)
		BackupInstance (0ms)
		ReleaseScriptingObjects (0ms)
		CreateAndSetChildDomain (34ms)
	RebuildCommonClasses (37ms)
	RebuildNativeTypeToScriptingClass (15ms)
	initialDomainReloadingComplete (47ms)
	LoadAllAssembliesAndSetupDomain (778ms)
		LoadAssemblies (543ms)
		RebuildTransferFunctionScriptingTraits (0ms)
		AnalyzeDomain (354ms)
			TypeCache.Refresh (251ms)
				TypeCache.ScanAssembly (223ms)
			BuildScriptInfoCaches (85ms)
			ResolveRequiredComponents (13ms)
	FinalizeReload (1228ms)
		ReleaseScriptCaches (0ms)
		RebuildScriptCaches (0ms)
		SetupLoadedEditorAssemblies (1003ms)
			LogAssemblyErrors (0ms)
			InitializePlatformSupportModulesInManaged (2ms)
			SetLoadedEditorAssemblies (4ms)
			BeforeProcessingInitializeOnLoad (155ms)
			ProcessInitializeOnLoadAttributes (766ms)
			ProcessInitializeOnLoadMethodAttributes (73ms)
			AfterProcessingInitializeOnLoad (4ms)
			EditorAssembliesLoaded (0ms)
		ExecutionOrderSort2 (0ms)
		AwakeInstancesAfterBackupRestoration (6ms)
Launched and connected shader compiler UnityShaderCompiler.exe after 0.01 seconds
Refreshing native plugins compatible for Editor in 1.24 ms, found 4 plugins.
Preloading 0 native plugins for Editor in 0.00 ms.
Unloading 16 Unused Serialized files (Serialized files now loaded: 0)
Unloading 6786 unused Assets / (4.4 MB). Loaded Objects now: 7586.
Memory consumption went from 159.4 MB to 155.0 MB.
Total: 11.245800 ms (FindLiveObjects: 1.122700 ms CreateObjectMapping: 0.459100 ms MarkObjects: 6.104800 ms  DeleteObjects: 3.557900 ms)

========================================================================
Received Import Request.
  Time since last request: 12332.577579 seconds.
  path: Assets/Photon/PhotonUnityNetworking/Demos/Shared Assets/Textures/Robot_Color.png
  artifactKey: Guid(1fbb41709a1d9334696860db720026e5) Importer(2089858483,b0f066a214c2f5e87bad3c948f4d605d)
Start importing Assets/Photon/PhotonUnityNetworking/Demos/Shared Assets/Textures/Robot_Color.png using Guid(1fbb41709a1d9334696860db720026e5) Importer(2089858483,b0f066a214c2f5e87bad3c948f4d605d) (ScriptedImporter) -> (artifact id: '5b6616fe992cdb36e3610cf0200e955a') in 0.1295162 seconds
Number of updated asset objects reloaded before import = 0Number of asset objects unloaded after import = 1

========================================================================
Received Import Request.
  Time since last request: 0.000032 seconds.
  path: Assets/Photon/PhotonRealtime/Code/SupportLogger.cs
  artifactKey: Guid(9b61c60d38639484ebbd7f2100dd3d08) Importer(2089858483,b0f066a214c2f5e87bad3c948f4d605d)
Start importing Assets/Photon/PhotonRealtime/Code/SupportLogger.cs using Guid(9b61c60d38639484ebbd7f2100dd3d08) Importer(2089858483,b0f066a214c2f5e87bad3c948f4d605d) (ScriptedImporter) -> (artifact id: 'aac748d7428fae13e3cf9357fc24ab55') in 0.0152793 seconds
Number of updated asset objects reloaded before import = 0Number of asset objects unloaded after import = 0

========================================================================
Received Import Request.
  Time since last request: 0.128132 seconds.
  path: Assets/Photon/PhotonRealtime/Code/AppSettings.cs
  artifactKey: Guid(272beb7315eb9fc4daecafe2ff373baf) Importer(2089858483,b0f066a214c2f5e87bad3c948f4d605d)
Start importing Assets/Photon/PhotonRealtime/Code/AppSettings.cs using Guid(272beb7315eb9fc4daecafe2ff373baf) Importer(2089858483,b0f066a214c2f5e87bad3c948f4d605d) (ScriptedImporter) -> (artifact id: 'd5bd7e2bd1a79e607b7bd4afe878273c') in 0.0084621 seconds
Number of updated asset objects reloaded before import = 0Number of asset objects unloaded after import = 0

========================================================================
Received Import Request.
  Time since last request: 0.000017 seconds.
  path: Assets/Photon/PhotonUnityNetworking/Demos/DemoSlotRacer/Kenney Assets/Stylized city/Models/tree_6.FBX
  artifactKey: Guid(45e438e80c2860545b63beb8d6718edd) Importer(2089858483,b0f066a214c2f5e87bad3c948f4d605d)
Start importing Assets/Photon/PhotonUnityNetworking/Demos/DemoSlotRacer/Kenney Assets/Stylized city/Models/tree_6.FBX using Guid(45e438e80c2860545b63beb8d6718edd) Importer(2089858483,b0f066a214c2f5e87bad3c948f4d605d) (ScriptedImporter) -> (artifact id: '2227607477dc634f67c8fa727ec611c0') in 0.0452757 seconds
Number of updated asset objects reloaded before import = 0Number of asset objects unloaded after import = 24

========================================================================
Received Import Request.
  Time since last request: 0.000029 seconds.
  path: Assets/Photon/PhotonUnityNetworking/Demos/DemoHub/Sprites/toHub.png
  artifactKey: Guid(9587663c4d27e47b19a118aabaac4a08) Importer(2089858483,b0f066a214c2f5e87bad3c948f4d605d)
Start importing Assets/Photon/PhotonUnityNetworking/Demos/DemoHub/Sprites/toHub.png using Guid(9587663c4d27e47b19a118aabaac4a08) Importer(2089858483,b0f066a214c2f5e87bad3c948f4d605d) (ScriptedImporter) -> (artifact id: '3969d54ee105480ec492e621b6e456c1') in 0.022227 seconds
Number of updated asset objects reloaded before import = 0Number of asset objects unloaded after import = 3

========================================================================
Received Import Request.
  Time since last request: 0.000017 seconds.
  path: Assets/Photon/PhotonUnityNetworking/Demos
  artifactKey: Guid(cb8ec42b3fa78bd4f9a20b7de289d9cd) Importer(2089858483,b0f066a214c2f5e87bad3c948f4d605d)
Start importing Assets/Photon/PhotonUnityNetworking/Demos using Guid(cb8ec42b3fa78bd4f9a20b7de289d9cd) Importer(2089858483,b0f066a214c2f5e87bad3c948f4d605d) (ScriptedImporter) -> (artifact id: '9ade5e51482ed4f7d6d3c48ddee76c24') in 0.0070445 seconds
Number of updated asset objects reloaded before import = 0Number of asset objects unloaded after import = 1

========================================================================
Received Import Request.
  Time since last request: 0.293576 seconds.
  path: Assets/Photon/PhotonUnityNetworking/Demos/DemoSlotRacer/Scripts/BezierCurve/Editor/BezierSplineInspector.cs
  artifactKey: Guid(127eddf8173c549d9976751e82f3face) Importer(2089858483,b0f066a214c2f5e87bad3c948f4d605d)
Start importing Assets/Photon/PhotonUnityNetworking/Demos/DemoSlotRacer/Scripts/BezierCurve/Editor/BezierSplineInspector.cs using Guid(127eddf8173c549d9976751e82f3face) Importer(2089858483,b0f066a214c2f5e87bad3c948f4d605d) (ScriptedImporter) -> (artifact id: '22e3ec584f86298b38a1c8b869e62046') in 0.0092099 seconds
Number of updated asset objects reloaded before import = 0Number of asset objects unloaded after import = 0

========================================================================
Received Import Request.
  Time since last request: 0.000016 seconds.
  path: Assets/Photon/PhotonLibs
  artifactKey: Guid(ee1734b1a7bac244bb5f15ecd778b5f2) Importer(2089858483,b0f066a214c2f5e87bad3c948f4d605d)
Start importing Assets/Photon/PhotonLibs using Guid(ee1734b1a7bac244bb5f15ecd778b5f2) Importer(2089858483,b0f066a214c2f5e87bad3c948f4d605d) (ScriptedImporter) -> (artifact id: 'b99e72253f023450c4b417e2574cb95d') in 0.0075841 seconds
Number of updated asset objects reloaded before import = 0Number of asset objects unloaded after import = 1

========================================================================
Received Import Request.
  Time since last request: 0.000023 seconds.
  path: Assets/Photon/PhotonUnityNetworking/Code/Editor/Views/PhotonTransformViewClassicEditor.cs
  artifactKey: Guid(22292ca8ffb574945bedfaf49266672e) Importer(2089858483,b0f066a214c2f5e87bad3c948f4d605d)
Start importing Assets/Photon/PhotonUnityNetworking/Code/Editor/Views/PhotonTransformViewClassicEditor.cs using Guid(22292ca8ffb574945bedfaf49266672e) Importer(2089858483,b0f066a214c2f5e87bad3c948f4d605d) (ScriptedImporter) -> (artifact id: '3c32a2ae7e09f3f116defa7ce6dc724c') in 0.0081332 seconds
Number of updated asset objects reloaded before import = 0Number of asset objects unloaded after import = 0

========================================================================
Received Import Request.
  Time since last request: 0.000018 seconds.
  path: Assets/Photon/PhotonRealtime/Code/Unity/Editor/Wizard
  artifactKey: Guid(146bee4bff786a04e81b8db57abb30b2) Importer(2089858483,b0f066a214c2f5e87bad3c948f4d605d)
Start importing Assets/Photon/PhotonRealtime/Code/Unity/Editor/Wizard using Guid(146bee4bff786a04e81b8db57abb30b2) Importer(2089858483,b0f066a214c2f5e87bad3c948f4d605d) (ScriptedImporter) -> (artifact id: '82f1a19ba6804bcbedf62dc120f29197') in 0.0079355 seconds
Number of updated asset objects reloaded before import = 0Number of asset objects unloaded after import = 1

========================================================================
Received Import Request.
  Time since last request: 0.000014 seconds.
  path: Assets/Photon/PhotonUnityNetworking/Demos/Shared Assets/Animations/HumanoidWalkTurn.fbx
  artifactKey: Guid(1c52c953c83c2254a9fa72d50250f028) Importer(2089858483,b0f066a214c2f5e87bad3c948f4d605d)
Start importing Assets/Photon/PhotonUnityNetworking/Demos/Shared Assets/Animations/HumanoidWalkTurn.fbx using Guid(1c52c953c83c2254a9fa72d50250f028) Importer(2089858483,b0f066a214c2f5e87bad3c948f4d605d) (ScriptedImporter) -> (artifact id: 'b4e846ba7833a99c11b1a78b8d521670') in 0.0346539 seconds
Number of updated asset objects reloaded before import = 0Number of asset objects unloaded after import = 158

========================================================================
Received Import Request.
  Time since last request: 0.280764 seconds.
  path: Assets/Photon/PhotonUnityNetworking/Code/Editor/Views/PhotonTransformViewEditor.cs
  artifactKey: Guid(a8c9ec475ad103b43b901d942ff66e02) Importer(2089858483,b0f066a214c2f5e87bad3c948f4d605d)
Start importing Assets/Photon/PhotonUnityNetworking/Code/Editor/Views/PhotonTransformViewEditor.cs using Guid(a8c9ec475ad103b43b901d942ff66e02) Importer(2089858483,b0f066a214c2f5e87bad3c948f4d605d) (ScriptedImporter) -> (artifact id: '6514ee8a4dd17b048907f24cd737e3fb') in 0.0087745 seconds
Number of updated asset objects reloaded before import = 0Number of asset objects unloaded after import = 0

========================================================================
Received Import Request.
  Time since last request: 0.000014 seconds.
  path: Assets/Photon/PhotonUnityNetworking/Demos/PhotonUnityNetworking.Demos.asmdef
  artifactKey: Guid(35cc2632df2760540bcc67312740008b) Importer(2089858483,b0f066a214c2f5e87bad3c948f4d605d)
Start importing Assets/Photon/PhotonUnityNetworking/Demos/PhotonUnityNetworking.Demos.asmdef using Guid(35cc2632df2760540bcc67312740008b) Importer(2089858483,b0f066a214c2f5e87bad3c948f4d605d) (ScriptedImporter) -> (artifact id: '653a15b123b0bedb836135d03ffeddcf') in 0.0081601 seconds
Number of updated asset objects reloaded before import = 0Number of asset objects unloaded after import = 1

========================================================================
Received Import Request.
  Time since last request: 0.000014 seconds.
  path: Assets/Photon/PhotonUnityNetworking/Demos/PunCockpit/Scripts/Autonomous UI/AutoSyncSceneToggle.cs
  artifactKey: Guid(345270254ed7b49e89ce5662ca70a091) Importer(2089858483,b0f066a214c2f5e87bad3c948f4d605d)
Start importing Assets/Photon/PhotonUnityNetworking/Demos/PunCockpit/Scripts/Autonomous UI/AutoSyncSceneToggle.cs using Guid(345270254ed7b49e89ce5662ca70a091) Importer(2089858483,b0f066a214c2f5e87bad3c948f4d605d) (ScriptedImporter) -> (artifact id: 'af71ae4471658a3f234d77512990613c') in 0.0068834 seconds
Number of updated asset objects reloaded before import = 0Number of asset objects unloaded after import = 0

========================================================================
Received Import Request.
  Time since last request: 0.000017 seconds.
  path: Assets/Photon/PhotonUnityNetworking/Code/Editor/Views/PhotonAnimatorViewEditor.cs
  artifactKey: Guid(a3f61bade114730459f7ad45f5f292c1) Importer(2089858483,b0f066a214c2f5e87bad3c948f4d605d)
Start importing Assets/Photon/PhotonUnityNetworking/Code/Editor/Views/PhotonAnimatorViewEditor.cs using Guid(a3f61bade114730459f7ad45f5f292c1) Importer(2089858483,b0f066a214c2f5e87bad3c948f4d605d) (ScriptedImporter) -> (artifact id: '2853e1c1b4068ee128dd3e5ccee92d9e') in 0.0072043 seconds
Number of updated asset objects reloaded before import = 0Number of asset objects unloaded after import = 0

========================================================================
Received Import Request.
  Time since last request: 0.000014 seconds.
  path: Assets/Photon/PhotonUnityNetworking/Demos/Shared Assets/Textures
  artifactKey: Guid(15ea5c1da8ad3e14490043dddecfa93d) Importer(2089858483,b0f066a214c2f5e87bad3c948f4d605d)
Start importing Assets/Photon/PhotonUnityNetworking/Demos/Shared Assets/Textures using Guid(15ea5c1da8ad3e14490043dddecfa93d) Importer(2089858483,b0f066a214c2f5e87bad3c948f4d605d) (ScriptedImporter) -> (artifact id: '4c9d503cad9c1c134f7594e97b28e9fd') in 0.0072017 seconds
Number of updated asset objects reloaded before import = 0Number of asset objects unloaded after import = 1

========================================================================
Received Import Request.
  Time since last request: 0.308447 seconds.
  path: Assets/Photon/PhotonRealtime/Code/Unity
  artifactKey: Guid(fa14aa576f7e18f4bb6c4c93368a235d) Importer(2089858483,b0f066a214c2f5e87bad3c948f4d605d)
Start importing Assets/Photon/PhotonRealtime/Code/Unity using Guid(fa14aa576f7e18f4bb6c4c93368a235d) Importer(2089858483,b0f066a214c2f5e87bad3c948f4d605d) (ScriptedImporter) -> (artifact id: '34d33ed7e62ad0b641dfb307a04459f2') in 0.0078421 seconds
Number of updated asset objects reloaded before import = 0Number of asset objects unloaded after import = 1

========================================================================
Received Import Request.
  Time since last request: 0.000014 seconds.
  path: Assets/Photon/PhotonUnityNetworking/Code/Editor/help.png
  artifactKey: Guid(9f1212502533cb34188dd6ef094188cb) Importer(2089858483,b0f066a214c2f5e87bad3c948f4d605d)
Start importing Assets/Photon/PhotonUnityNetworking/Code/Editor/help.png using Guid(9f1212502533cb34188dd6ef094188cb) Importer(2089858483,b0f066a214c2f5e87bad3c948f4d605d) (ScriptedImporter) -> (artifact id: '38f19149a332b0b8e33b431b77979bde') in 0.010884 seconds
Number of updated asset objects reloaded before import = 0Number of asset objects unloaded after import = 1

========================================================================
Received Import Request.
  Time since last request: 0.000019 seconds.
  path: Assets/Photon/PhotonUnityNetworking/UtilityScripts/PhotonPlayer/PunPlayerScores.cs
  artifactKey: Guid(6b4df3943860f1d45bfe232053a58d80) Importer(2089858483,b0f066a214c2f5e87bad3c948f4d605d)
Start importing Assets/Photon/PhotonUnityNetworking/UtilityScripts/PhotonPlayer/PunPlayerScores.cs using Guid(6b4df3943860f1d45bfe232053a58d80) Importer(2089858483,b0f066a214c2f5e87bad3c948f4d605d) (ScriptedImporter) -> (artifact id: '3d3ea1b071b306f67a67dc425ac65d6f') in 0.0072955 seconds
Number of updated asset objects reloaded before import = 0Number of asset objects unloaded after import = 0

========================================================================
Received Import Request.
  Time since last request: 0.000019 seconds.
  path: Assets/Photon/PhotonUnityNetworking/Icons
  artifactKey: Guid(ebc245e9a162d7749b96acd14e6d473e) Importer(2089858483,b0f066a214c2f5e87bad3c948f4d605d)
Start importing Assets/Photon/PhotonUnityNetworking/Icons using Guid(ebc245e9a162d7749b96acd14e6d473e) Importer(2089858483,b0f066a214c2f5e87bad3c948f4d605d) (ScriptedImporter) -> (artifact id: '698aff708506a6dd61b4f5974a2de351') in 0.0067691 seconds
Number of updated asset objects reloaded before import = 0Number of asset objects unloaded after import = 1

========================================================================
Received Import Request.
  Time since last request: 0.000026 seconds.
  path: Assets/Photon/PhotonUnityNetworking/Code/Views/PhotonAnimatorView.cs
  artifactKey: Guid(9b8c4a61274f60b4ea5fb4299cfdbf14) Importer(2089858483,b0f066a214c2f5e87bad3c948f4d605d)
Start importing Assets/Photon/PhotonUnityNetworking/Code/Views/PhotonAnimatorView.cs using Guid(9b8c4a61274f60b4ea5fb4299cfdbf14) Importer(2089858483,b0f066a214c2f5e87bad3c948f4d605d) (ScriptedImporter) -> (artifact id: '42bb7dbafe8255a3be0a5ef65f6eefd5') in 0.0070323 seconds
Number of updated asset objects reloaded before import = 0Number of asset objects unloaded after import = 0

========================================================================
Received Import Request.
  Time since last request: 0.301754 seconds.
  path: Assets/Photon/PhotonRealtime/Code/Unity/Editor/Wizard/resources/photon-wizard-light.png
  artifactKey: Guid(7a3990cd80582f3498fb51309f1d018c) Importer(2089858483,b0f066a214c2f5e87bad3c948f4d605d)
Start importing Assets/Photon/PhotonRealtime/Code/Unity/Editor/Wizard/resources/photon-wizard-light.png using Guid(7a3990cd80582f3498fb51309f1d018c) Importer(2089858483,b0f066a214c2f5e87bad3c948f4d605d) (ScriptedImporter) -> (artifact id: '0d55cd5d04811ecc75efc9e3388f7e47') in 0.0131727 seconds
Number of updated asset objects reloaded before import = 0Number of asset objects unloaded after import = 1

========================================================================
Received Import Request.
  Time since last request: 0.000016 seconds.
  path: Assets/Photon/PhotonUnityNetworking/UtilityScripts/Culling/CullArea.cs
  artifactKey: Guid(dfb1c264fdc576442b2f42c998bed4a2) Importer(2089858483,b0f066a214c2f5e87bad3c948f4d605d)
Start importing Assets/Photon/PhotonUnityNetworking/UtilityScripts/Culling/CullArea.cs using Guid(dfb1c264fdc576442b2f42c998bed4a2) Importer(2089858483,b0f066a214c2f5e87bad3c948f4d605d) (ScriptedImporter) -> (artifact id: 'f90e44cea13a540d3f9be85d0ff44275') in 0.0069873 seconds
Number of updated asset objects reloaded before import = 0Number of asset objects unloaded after import = 0

========================================================================
Received Import Request.
  Time since last request: 0.000016 seconds.
  path: Assets/Photon/PhotonUnityNetworking/Demos/Shared Assets/Animations/Materials/TeethMaterial.mat
  artifactKey: Guid(17dd34e8a826d0641a0e0f43da1e03a0) Importer(2089858483,b0f066a214c2f5e87bad3c948f4d605d)
Start importing Assets/Photon/PhotonUnityNetworking/Demos/Shared Assets/Animations/Materials/TeethMaterial.mat using Guid(17dd34e8a826d0641a0e0f43da1e03a0) Importer(2089858483,b0f066a214c2f5e87bad3c948f4d605d) (ScriptedImporter) -> (artifact id: '56b1fd04c87218ba67dbfcccb4fd0215') in 0.0297576 seconds
Number of updated asset objects reloaded before import = 0Number of asset objects unloaded after import = 1

========================================================================
Received Import Request.
  Time since last request: 0.000034 seconds.
  path: Assets/Photon/PhotonUnityNetworking/Demos/Shared Assets/Skin/BoxBright.png
  artifactKey: Guid(ab6d288fac925ae48bbeb5e02d83dce3) Importer(2089858483,b0f066a214c2f5e87bad3c948f4d605d)
Start importing Assets/Photon/PhotonUnityNetworking/Demos/Shared Assets/Skin/BoxBright.png using Guid(ab6d288fac925ae48bbeb5e02d83dce3) Importer(2089858483,b0f066a214c2f5e87bad3c948f4d605d) (ScriptedImporter) -> (artifact id: 'fef8647b4560ba9726f83e3530d825b2') in 0.0144434 seconds
Number of updated asset objects reloaded before import = 0Number of asset objects unloaded after import = 1

========================================================================
Received Import Request.
  Time since last request: 0.324336 seconds.
  path: Assets/Photon/PhotonUnityNetworking/Demos/Shared Assets/Animations/HumanoidWalk.fbx
  artifactKey: Guid(b1a5e04ae51004842aba06704a6c2903) Importer(2089858483,b0f066a214c2f5e87bad3c948f4d605d)
Start importing Assets/Photon/PhotonUnityNetworking/Demos/Shared Assets/Animations/HumanoidWalk.fbx using Guid(b1a5e04ae51004842aba06704a6c2903) Importer(2089858483,b0f066a214c2f5e87bad3c948f4d605d) (ScriptedImporter) -> (artifact id: '59846ecadff569f0477e996871de5e99') in 0.0154983 seconds
Number of updated asset objects reloaded before import = 0Number of asset objects unloaded after import = 157

========================================================================
Received Import Request.
  Time since last request: 0.000019 seconds.
  path: Assets/Photon/PhotonUnityNetworking/Demos/DemoSlotRacer/Kenney Assets/Stylized city/Models/hamvee.FBX
  artifactKey: Guid(7b912c5dfa554a04296ecbf246180058) Importer(2089858483,b0f066a214c2f5e87bad3c948f4d605d)
Start importing Assets/Photon/PhotonUnityNetworking/Demos/DemoSlotRacer/Kenney Assets/Stylized city/Models/hamvee.FBX using Guid(7b912c5dfa554a04296ecbf246180058) Importer(2089858483,b0f066a214c2f5e87bad3c948f4d605d) (ScriptedImporter) -> (artifact id: '78dad439ef77d189b74045fcf3498d30') in 0.0179162 seconds
Number of updated asset objects reloaded before import = 0Number of asset objects unloaded after import = 41

========================================================================
Received Import Request.
  Time since last request: 0.000024 seconds.
  path: Assets/Photon/PhotonRealtime/Code/Player.cs
  artifactKey: Guid(e3e4b5bebc687044b9c6c2803c36be3d) Importer(2089858483,b0f066a214c2f5e87bad3c948f4d605d)
Start importing Assets/Photon/PhotonRealtime/Code/Player.cs using Guid(e3e4b5bebc687044b9c6c2803c36be3d) Importer(2089858483,b0f066a214c2f5e87bad3c948f4d605d) (ScriptedImporter) -> (artifact id: '10f87444e59a61fecf33995b4c49fac9') in 0.0074698 seconds
Number of updated asset objects reloaded before import = 0Number of asset objects unloaded after import = 0

========================================================================
Received Import Request.
  Time since last request: 0.000016 seconds.
  path: Assets/Photon/PhotonUnityNetworking/Demos/Shared Assets/Skin/Jura-Flat-Material.mat
  artifactKey: Guid(c190da5d14d0e904ba512abe82018576) Importer(2089858483,b0f066a214c2f5e87bad3c948f4d605d)
Start importing Assets/Photon/PhotonUnityNetworking/Demos/Shared Assets/Skin/Jura-Flat-Material.mat using Guid(c190da5d14d0e904ba512abe82018576) Importer(2089858483,b0f066a214c2f5e87bad3c948f4d605d) (ScriptedImporter) -> (artifact id: '0d800b31ab4e523c87b4d4f4edcbd851') in 0.0091079 seconds
Number of updated asset objects reloaded before import = 0Number of asset objects unloaded after import = 2

========================================================================
Received Import Request.
  Time since last request: 0.331103 seconds.
  path: Assets/Photon/PhotonUnityNetworking/Demos/DemoSlotRacer/Kenney Assets/Racing Kit/Models/Textures/tankco.png
  artifactKey: Guid(438c80613d3f26e4e80aa3455101d21a) Importer(2089858483,b0f066a214c2f5e87bad3c948f4d605d)
Start importing Assets/Photon/PhotonUnityNetworking/Demos/DemoSlotRacer/Kenney Assets/Racing Kit/Models/Textures/tankco.png using Guid(438c80613d3f26e4e80aa3455101d21a) Importer(2089858483,b0f066a214c2f5e87bad3c948f4d605d) (ScriptedImporter) -> (artifact id: 'cd0259379b570521996da875752bc676') in 0.0139267 seconds
Number of updated asset objects reloaded before import = 0Number of asset objects unloaded after import = 1

========================================================================
Received Import Request.
  Time since last request: 0.000016 seconds.
  path: Assets/Photon/PhotonUnityNetworking/UtilityScripts
  artifactKey: Guid(5c9485e879b69bf48bbc3ea64a71dbb2) Importer(2089858483,b0f066a214c2f5e87bad3c948f4d605d)
Start importing Assets/Photon/PhotonUnityNetworking/UtilityScripts using Guid(5c9485e879b69bf48bbc3ea64a71dbb2) Importer(2089858483,b0f066a214c2f5e87bad3c948f4d605d) (ScriptedImporter) -> (artifact id: 'fce0cbb3f06bdcc478a6a9192f89399b') in 0.0072278 seconds
Number of updated asset objects reloaded before import = 0Number of asset objects unloaded after import = 1

========================================================================
Received Import Request.
  Time since last request: 0.000013 seconds.
  path: Assets/Photon/PhotonChat/Code/ChatState.cs
  artifactKey: Guid(8f482d8c4fe7ade4cbb08eb4a2d83b39) Importer(2089858483,b0f066a214c2f5e87bad3c948f4d605d)
Start importing Assets/Photon/PhotonChat/Code/ChatState.cs using Guid(8f482d8c4fe7ade4cbb08eb4a2d83b39) Importer(2089858483,b0f066a214c2f5e87bad3c948f4d605d) (ScriptedImporter) -> (artifact id: '7be1e60850b97d33b7c50286eabb8e30') in 0.0072094 seconds
Number of updated asset objects reloaded before import = 0Number of asset objects unloaded after import = 0

========================================================================
Received Import Request.
  Time since last request: 0.000014 seconds.
  path: Assets/Photon/PhotonUnityNetworking/Demos/DemoSlotRacer/Kenney Assets/Stylized city/Materials/13 - Default22662.mat
  artifactKey: Guid(7d91274cc4a876a439f75445704f421b) Importer(2089858483,b0f066a214c2f5e87bad3c948f4d605d)
Start importing Assets/Photon/PhotonUnityNetworking/Demos/DemoSlotRacer/Kenney Assets/Stylized city/Materials/13 - Default22662.mat using Guid(7d91274cc4a876a439f75445704f421b) Importer(2089858483,b0f066a214c2f5e87bad3c948f4d605d) (ScriptedImporter) -> (artifact id: 'a5d5a5e024841b19a7b81aea111a2be5') in 0.0158883 seconds
Number of updated asset objects reloaded before import = 0Number of asset objects unloaded after import = 1

========================================================================
Received Import Request.
  Time since last request: 0.335070 seconds.
  path: Assets/Photon/PhotonUnityNetworking/Demos/PunBasics-Tutorial/Scripts/CameraWork.cs
  artifactKey: Guid(fd08475b23aa548b7b9d28397d430b32) Importer(2089858483,b0f066a214c2f5e87bad3c948f4d605d)
Start importing Assets/Photon/PhotonUnityNetworking/Demos/PunBasics-Tutorial/Scripts/CameraWork.cs using Guid(fd08475b23aa548b7b9d28397d430b32) Importer(2089858483,b0f066a214c2f5e87bad3c948f4d605d) (ScriptedImporter) -> (artifact id: '3825699922e79704e6e3b4a234e59c0f') in 0.0094921 seconds
Number of updated asset objects reloaded before import = 0Number of asset objects unloaded after import = 0

========================================================================
Received Import Request.
  Time since last request: 0.000014 seconds.
  path: Assets/Photon/PhotonUnityNetworking/UtilityScripts/PhotonPlayer/Editor/PunTeamsInspector.cs
  artifactKey: Guid(7dcadaf22424c4f5d82f4d48c3b8097f) Importer(2089858483,b0f066a214c2f5e87bad3c948f4d605d)
Start importing Assets/Photon/PhotonUnityNetworking/UtilityScripts/PhotonPlayer/Editor/PunTeamsInspector.cs using Guid(7dcadaf22424c4f5d82f4d48c3b8097f) Importer(2089858483,b0f066a214c2f5e87bad3c948f4d605d) (ScriptedImporter) -> (artifact id: 'a2d706005bbbc3f7ef4d6bb5f61694a4') in 0.0079207 seconds
Number of updated asset objects reloaded before import = 0Number of asset objects unloaded after import = 0

========================================================================
Received Import Request.
  Time since last request: 0.000015 seconds.
  path: Assets/Photon/PhotonUnityNetworking/UtilityScripts/PhotonView
  artifactKey: Guid(199121930ec5d4aa9bb53d836180b74f) Importer(2089858483,b0f066a214c2f5e87bad3c948f4d605d)
Start importing Assets/Photon/PhotonUnityNetworking/UtilityScripts/PhotonView using Guid(199121930ec5d4aa9bb53d836180b74f) Importer(2089858483,b0f066a214c2f5e87bad3c948f4d605d) (ScriptedImporter) -> (artifact id: '01c43806573df8b6f172699e5323c3ab') in 0.007691 seconds
Number of updated asset objects reloaded before import = 0Number of asset objects unloaded after import = 1

========================================================================
Received Import Request.
  Time since last request: 0.000016 seconds.
  path: Assets/Photon/PhotonUnityNetworking/Demos/DemoSlotRacer/Kenney Assets/Stylized city/Materials/car.mat
  artifactKey: Guid(c282d31bf082fca4a822239b62ff8257) Importer(2089858483,b0f066a214c2f5e87bad3c948f4d605d)
Start importing Assets/Photon/PhotonUnityNetworking/Demos/DemoSlotRacer/Kenney Assets/Stylized city/Materials/car.mat using Guid(c282d31bf082fca4a822239b62ff8257) Importer(2089858483,b0f066a214c2f5e87bad3c948f4d605d) (ScriptedImporter) -> (artifact id: '013f77352f87560828008bab3af5f75f') in 0.0145233 seconds
Number of updated asset objects reloaded before import = 0Number of asset objects unloaded after import = 1

========================================================================
Received Import Request.
  Time since last request: 0.331615 seconds.
  path: Assets/Photon/PhotonUnityNetworking/Demos/Shared Assets/Animations/HumanoidRunTurnSharp.fbx
  artifactKey: Guid(f2bed5dc5afacff44a00de8daae9703b) Importer(2089858483,b0f066a214c2f5e87bad3c948f4d605d)
Start importing Assets/Photon/PhotonUnityNetworking/Demos/Shared Assets/Animations/HumanoidRunTurnSharp.fbx using Guid(f2bed5dc5afacff44a00de8daae9703b) Importer(2089858483,b0f066a214c2f5e87bad3c948f4d605d) (ScriptedImporter) -> (artifact id: 'e4485a7605e372af0af9713aed656ea9') in 0.0195465 seconds
Number of updated asset objects reloaded before import = 0Number of asset objects unloaded after import = 158

========================================================================
Received Import Request.
  Time since last request: 0.000017 seconds.
  path: Assets/PlayFabEditorExtensions/Editor/Scripts/Utils/EditorCoroutine.cs
  artifactKey: Guid(4bfb5aeb6a8516445b2f97249ab88f62) Importer(2089858483,b0f066a214c2f5e87bad3c948f4d605d)
Start importing Assets/PlayFabEditorExtensions/Editor/Scripts/Utils/EditorCoroutine.cs using Guid(4bfb5aeb6a8516445b2f97249ab88f62) Importer(2089858483,b0f066a214c2f5e87bad3c948f4d605d) (ScriptedImporter) -> (artifact id: '4b0bd3f20aeb095bd4e77dcd0be746eb') in 0.0092935 seconds
Number of updated asset objects reloaded before import = 0Number of asset objects unloaded after import = 0

========================================================================
Received Import Request.
  Time since last request: 0.000024 seconds.
  path: Assets/PlayFabEditorExtensions/Editor/Scripts
  artifactKey: Guid(8d80bca4081cfd248bd0e0fa9421ea4d) Importer(2089858483,b0f066a214c2f5e87bad3c948f4d605d)
Start importing Assets/PlayFabEditorExtensions/Editor/Scripts using Guid(8d80bca4081cfd248bd0e0fa9421ea4d) Importer(2089858483,b0f066a214c2f5e87bad3c948f4d605d) (ScriptedImporter) -> (artifact id: '5cc6df9a0e28f89234daeea55984a9f1') in 0.0076368 seconds
Number of updated asset objects reloaded before import = 0Number of asset objects unloaded after import = 1

========================================================================
Received Import Request.
  Time since last request: 0.000025 seconds.
  path: Assets/PlayFabEditorExtensions/Editor/Resources/Microsoft.IdentityModel.Clients.ActiveDirectory.dll
  artifactKey: Guid(620cbc85d1065b54ebdbc18579c4728e) Importer(2089858483,b0f066a214c2f5e87bad3c948f4d605d)
Start importing Assets/PlayFabEditorExtensions/Editor/Resources/Microsoft.IdentityModel.Clients.ActiveDirectory.dll using Guid(620cbc85d1065b54ebdbc18579c4728e) Importer(2089858483,b0f066a214c2f5e87bad3c948f4d605d) (ScriptedImporter) -> (artifact id: 'ef73d7c62cdd8cc71ba921965ad1caae') in 0.008624 seconds
Number of updated asset objects reloaded before import = 0Number of asset objects unloaded after import = 0

========================================================================
Received Import Request.
  Time since last request: 0.327269 seconds.
  path: Assets/PlayFabEditorExtensions/Editor/Resources
  artifactKey: Guid(b5f845e2a28cb46429c8d80455086ca1) Importer(2089858483,b0f066a214c2f5e87bad3c948f4d605d)
Start importing Assets/PlayFabEditorExtensions/Editor/Resources using Guid(b5f845e2a28cb46429c8d80455086ca1) Importer(2089858483,b0f066a214c2f5e87bad3c948f4d605d) (ScriptedImporter) -> (artifact id: '3e776d1082dc7e6af5cee54f59331615') in 0.0079888 seconds
Number of updated asset objects reloaded before import = 0Number of asset objects unloaded after import = 1

========================================================================
Received Import Request.
  Time since last request: 0.000014 seconds.
  path: Assets/PlayFabSDK/Shared/Public/PlayFabApiSettings.cs
  artifactKey: Guid(66cd997c6a8b2ed4d8d2b5c2a97b6e22) Importer(2089858483,b0f066a214c2f5e87bad3c948f4d605d)
Start importing Assets/PlayFabSDK/Shared/Public/PlayFabApiSettings.cs using Guid(66cd997c6a8b2ed4d8d2b5c2a97b6e22) Importer(2089858483,b0f066a214c2f5e87bad3c948f4d605d) (ScriptedImporter) -> (artifact id: '50e16ed91c008d2a12f917ea840f6079') in 0.007671 seconds
Number of updated asset objects reloaded before import = 0Number of asset objects unloaded after import = 0

========================================================================
Received Import Request.
  Time since last request: 0.000023 seconds.
  path: Assets/PlayFabSDK/Admin/PlayFabAdminModels.cs
  artifactKey: Guid(5d7a769446de4b7459591c36c05197ed) Importer(2089858483,b0f066a214c2f5e87bad3c948f4d605d)
Start importing Assets/PlayFabSDK/Admin/PlayFabAdminModels.cs using Guid(5d7a769446de4b7459591c36c05197ed) Importer(2089858483,b0f066a214c2f5e87bad3c948f4d605d) (ScriptedImporter) -> (artifact id: 'b77b9b72ae13a74912efed91618cb790') in 0.0073436 seconds
Number of updated asset objects reloaded before import = 0Number of asset objects unloaded after import = 0

========================================================================
Received Import Request.
  Time since last request: 0.000024 seconds.
  path: Assets/PlayFabSDK/Insights/PlayFabInsightsInstanceAPI.cs
  artifactKey: Guid(c2e7ee83796bb834cbd6263a7a6d65ca) Importer(2089858483,b0f066a214c2f5e87bad3c948f4d605d)
Start importing Assets/PlayFabSDK/Insights/PlayFabInsightsInstanceAPI.cs using Guid(c2e7ee83796bb834cbd6263a7a6d65ca) Importer(2089858483,b0f066a214c2f5e87bad3c948f4d605d) (ScriptedImporter) -> (artifact id: 'a487a2a0f881bd025db3ed426c43e118') in 0.0077364 seconds
Number of updated asset objects reloaded before import = 0Number of asset objects unloaded after import = 0

========================================================================
Received Import Request.
  Time since last request: 0.000014 seconds.
  path: Assets/PlayFabSDK/Groups/PlayFabEvents.cs
  artifactKey: Guid(89aad6173ff54ed4092f14bd118f0652) Importer(2089858483,b0f066a214c2f5e87bad3c948f4d605d)
Start importing Assets/PlayFabSDK/Groups/PlayFabEvents.cs using Guid(89aad6173ff54ed4092f14bd118f0652) Importer(2089858483,b0f066a214c2f5e87bad3c948f4d605d) (ScriptedImporter) -> (artifact id: '4d71c7629273d397272f8b73b7b6de74') in 0.0074597 seconds
Number of updated asset objects reloaded before import = 0Number of asset objects unloaded after import = 0

========================================================================
Received Import Request.
  Time since last request: 0.304512 seconds.
  path: Assets/Photon/PhotonUnityNetworking/Demos/DemoAsteroids/Scripts/AsteroidsGame.cs
  artifactKey: Guid(a3a5d301bebde6547b43d377600a3e57) Importer(2089858483,b0f066a214c2f5e87bad3c948f4d605d)
Start importing Assets/Photon/PhotonUnityNetworking/Demos/DemoAsteroids/Scripts/AsteroidsGame.cs using Guid(a3a5d301bebde6547b43d377600a3e57) Importer(2089858483,b0f066a214c2f5e87bad3c948f4d605d) (ScriptedImporter) -> (artifact id: '43e2b5127934be4f4ff92b0147eb2162') in 0.0077572 seconds
Number of updated asset objects reloaded before import = 0Number of asset objects unloaded after import = 0

========================================================================
Received Import Request.
  Time since last request: 0.000019 seconds.
  path: Assets/PlayFabSDK/Shared/Public/Resources
  artifactKey: Guid(c770a70afd8f88f40bb0f25e3b0dbb55) Importer(2089858483,b0f066a214c2f5e87bad3c948f4d605d)
Start importing Assets/PlayFabSDK/Shared/Public/Resources using Guid(c770a70afd8f88f40bb0f25e3b0dbb55) Importer(2089858483,b0f066a214c2f5e87bad3c948f4d605d) (ScriptedImporter) -> (artifact id: '1124a71c00630c098016fff0b5730d81') in 0.007375 seconds
Number of updated asset objects reloaded before import = 0Number of asset objects unloaded after import = 1

========================================================================
Received Import Request.
  Time since last request: 0.000023 seconds.
  path: Assets/Photon/PhotonUnityNetworking/Demos/PunCockpit/Scripts/ReadOnlyProperties/IsConnectedProperty.cs
  artifactKey: Guid(398773e8d21e14a6780ad50d653d4b9e) Importer(2089858483,b0f066a214c2f5e87bad3c948f4d605d)
Start importing Assets/Photon/PhotonUnityNetworking/Demos/PunCockpit/Scripts/ReadOnlyProperties/IsConnectedProperty.cs using Guid(398773e8d21e14a6780ad50d653d4b9e) Importer(2089858483,b0f066a214c2f5e87bad3c948f4d605d) (ScriptedImporter) -> (artifact id: '6a3fa7006bdf87857c778187101239e7') in 0.0074698 seconds
Number of updated asset objects reloaded before import = 0Number of asset objects unloaded after import = 0

========================================================================
Received Import Request.
  Time since last request: 0.000020 seconds.
  path: Assets/PlayFabSDK/Shared/Models/SharedModels.cs
  artifactKey: Guid(8e2ad5324972b434883785ddddf9c851) Importer(2089858483,b0f066a214c2f5e87bad3c948f4d605d)
Start importing Assets/PlayFabSDK/Shared/Models/SharedModels.cs using Guid(8e2ad5324972b434883785ddddf9c851) Importer(2089858483,b0f066a214c2f5e87bad3c948f4d605d) (ScriptedImporter) -> (artifact id: '38a9f27199084b16d08c1381be23afaf') in 0.0081483 seconds
Number of updated asset objects reloaded before import = 0Number of asset objects unloaded after import = 0

========================================================================
Received Import Request.
  Time since last request: 0.000015 seconds.
  path: Assets/Photon/PhotonRealtime/Code/changes-realtime.txt
  artifactKey: Guid(530dcba8d8fbbc24a8894ca925cadd8a) Importer(2089858483,b0f066a214c2f5e87bad3c948f4d605d)
Start importing Assets/Photon/PhotonRealtime/Code/changes-realtime.txt using Guid(530dcba8d8fbbc24a8894ca925cadd8a) Importer(2089858483,b0f066a214c2f5e87bad3c948f4d605d) (ScriptedImporter) -> (artifact id: '9823cb1f435873aa3d93e3373e2d5057') in 0.0069378 seconds
Number of updated asset objects reloaded before import = 0Number of asset objects unloaded after import = 1

========================================================================
Received Import Request.
  Time since last request: 0.000017 seconds.
  path: Assets/Photon/PhotonUnityNetworking/UtilityScripts/Culling/CullingHandler.cs
  artifactKey: Guid(84db789113d4b01418c1becb128c4561) Importer(2089858483,b0f066a214c2f5e87bad3c948f4d605d)
Start importing Assets/Photon/PhotonUnityNetworking/UtilityScripts/Culling/CullingHandler.cs using Guid(84db789113d4b01418c1becb128c4561) Importer(2089858483,b0f066a214c2f5e87bad3c948f4d605d) (ScriptedImporter) -> (artifact id: '417eb0069f18625d4f015c25f04322c9') in 0.007602 seconds
Number of updated asset objects reloaded before import = 0Number of asset objects unloaded after import = 0

========================================================================
Received Import Request.
  Time since last request: 0.000016 seconds.
  path: Assets/Photon/PhotonRealtime/Code/PhotonPingClasses.cs
  artifactKey: Guid(d93148764d7961d4a8b8112bd166cf35) Importer(2089858483,b0f066a214c2f5e87bad3c948f4d605d)
Start importing Assets/Photon/PhotonRealtime/Code/PhotonPingClasses.cs using Guid(d93148764d7961d4a8b8112bd166cf35) Importer(2089858483,b0f066a214c2f5e87bad3c948f4d605d) (ScriptedImporter) -> (artifact id: 'c72c81b1fa6f306892a5612ae630ef09') in 0.0075717 seconds
Number of updated asset objects reloaded before import = 0Number of asset objects unloaded after import = 0

========================================================================
Received Import Request.
  Time since last request: 0.000017 seconds.
  path: Assets/Photon/PhotonUnityNetworking/Demos/DemoSlotRacer/Kenney Assets/Stylized city/Materials/20 - Default.mat
  artifactKey: Guid(4e1a4e79a3548164da24123dbb0f3566) Importer(2089858483,b0f066a214c2f5e87bad3c948f4d605d)
Start importing Assets/Photon/PhotonUnityNetworking/Demos/DemoSlotRacer/Kenney Assets/Stylized city/Materials/20 - Default.mat using Guid(4e1a4e79a3548164da24123dbb0f3566) Importer(2089858483,b0f066a214c2f5e87bad3c948f4d605d) (ScriptedImporter) -> (artifact id: '872901cae05c2475bf1a8e42a6227709') in 0.0079596 seconds
Number of updated asset objects reloaded before import = 0Number of asset objects unloaded after import = 1

========================================================================
Received Import Request.
  Time since last request: 0.000017 seconds.
  path: Assets/PlayFabSDK/Localization/PlayFabLocalizationAPI.cs
  artifactKey: Guid(ca10b96ef3ce52644a989907c77d047f) Importer(2089858483,b0f066a214c2f5e87bad3c948f4d605d)
Start importing Assets/PlayFabSDK/Localization/PlayFabLocalizationAPI.cs using Guid(ca10b96ef3ce52644a989907c77d047f) Importer(2089858483,b0f066a214c2f5e87bad3c948f4d605d) (ScriptedImporter) -> (artifact id: '9012733b9398d21c52293a8e6ca43d93') in 0.0074814 seconds
Number of updated asset objects reloaded before import = 0Number of asset objects unloaded after import = 0

========================================================================
Received Import Request.
  Time since last request: 0.152053 seconds.
  path: Assets/PlayFabSDK/Insights/PlayFabEvents.cs
  artifactKey: Guid(f37defb20913be94a8d7b0e4ed5b97cf) Importer(2089858483,b0f066a214c2f5e87bad3c948f4d605d)
Start importing Assets/PlayFabSDK/Insights/PlayFabEvents.cs using Guid(f37defb20913be94a8d7b0e4ed5b97cf) Importer(2089858483,b0f066a214c2f5e87bad3c948f4d605d) (ScriptedImporter) -> (artifact id: 'f203e877ad767c3e0df3bbbe27defe5c') in 0.008475 seconds
Number of updated asset objects reloaded before import = 0Number of asset objects unloaded after import = 0

========================================================================
Received Import Request.
  Time since last request: 0.000015 seconds.
  path: Assets/PlayFabSDK/Matchmaker/PlayFabMatchmakerInstanceAPI.cs
  artifactKey: Guid(77057761a62cdb648960d924f1b322af) Importer(2089858483,b0f066a214c2f5e87bad3c948f4d605d)
Start importing Assets/PlayFabSDK/Matchmaker/PlayFabMatchmakerInstanceAPI.cs using Guid(77057761a62cdb648960d924f1b322af) Importer(2089858483,b0f066a214c2f5e87bad3c948f4d605d) (ScriptedImporter) -> (artifact id: '87167c351f759233ebbbc184bea9ca06') in 0.0082532 seconds
Number of updated asset objects reloaded before import = 0Number of asset objects unloaded after import = 0

========================================================================
Received Import Request.
  Time since last request: 0.000016 seconds.
  path: Assets/PlayFabSDK/Insights
  artifactKey: Guid(9e9ed76149c97e14c85789225c8c3971) Importer(2089858483,b0f066a214c2f5e87bad3c948f4d605d)
Start importing Assets/PlayFabSDK/Insights using Guid(9e9ed76149c97e14c85789225c8c3971) Importer(2089858483,b0f066a214c2f5e87bad3c948f4d605d) (ScriptedImporter) -> (artifact id: 'fe217a6a18a2a5bb9a0c1e6492cb3b40') in 0.0077845 seconds
Number of updated asset objects reloaded before import = 0Number of asset objects unloaded after import = 1

========================================================================
Received Import Request.
  Time since last request: 0.000021 seconds.
  path: Assets/PlayFabSDK/CloudScript/PlayFabCloudScriptInstanceAPI.cs
  artifactKey: Guid(ac313c777a2b7054e9632c96829e1f7d) Importer(2089858483,b0f066a214c2f5e87bad3c948f4d605d)
Start importing Assets/PlayFabSDK/CloudScript/PlayFabCloudScriptInstanceAPI.cs using Guid(ac313c777a2b7054e9632c96829e1f7d) Importer(2089858483,b0f066a214c2f5e87bad3c948f4d605d) (ScriptedImporter) -> (artifact id: '0bafcd8864564c87b232463c3db368f9') in 0.0088072 seconds
Number of updated asset objects reloaded before import = 0Number of asset objects unloaded after import = 0

========================================================================
Received Import Request.
  Time since last request: 0.000017 seconds.
  path: Assets/PlayFabSDK/Admin/PlayFabEvents.cs
  artifactKey: Guid(17d913d4a2b01d044a0f70f2679f2fca) Importer(2089858483,b0f066a214c2f5e87bad3c948f4d605d)
Start importing Assets/PlayFabSDK/Admin/PlayFabEvents.cs using Guid(17d913d4a2b01d044a0f70f2679f2fca) Importer(2089858483,b0f066a214c2f5e87bad3c948f4d605d) (ScriptedImporter) -> (artifact id: '9d46c5a1cf57255dc696a5b6ce3740d4') in 0.0083803 seconds
Number of updated asset objects reloaded before import = 0Number of asset objects unloaded after import = 0

========================================================================
Received Import Request.
  Time since last request: 0.000016 seconds.
  path: Assets/PlayFabSDK/Shared/Internal/Util.cs
  artifactKey: Guid(b3bfc0fbdbe1a36429699dfc30c9e488) Importer(2089858483,b0f066a214c2f5e87bad3c948f4d605d)
Start importing Assets/PlayFabSDK/Shared/Internal/Util.cs using Guid(b3bfc0fbdbe1a36429699dfc30c9e488) Importer(2089858483,b0f066a214c2f5e87bad3c948f4d605d) (ScriptedImporter) -> (artifact id: 'e184caa05268d9255be589e8c33d5406') in 0.007847 seconds
Number of updated asset objects reloaded before import = 0Number of asset objects unloaded after import = 0

========================================================================
Received Import Request.
  Time since last request: 0.000014 seconds.
  path: Assets/PlayFabSDK/Events/PlayFabEventsInstanceAPI.cs
  artifactKey: Guid(efc8181560ecd0748a12a6df7137998e) Importer(2089858483,b0f066a214c2f5e87bad3c948f4d605d)
Start importing Assets/PlayFabSDK/Events/PlayFabEventsInstanceAPI.cs using Guid(efc8181560ecd0748a12a6df7137998e) Importer(2089858483,b0f066a214c2f5e87bad3c948f4d605d) (ScriptedImporter) -> (artifact id: '5173c92b171291ba46d93b473245fd80') in 0.0090437 seconds
Number of updated asset objects reloaded before import = 0Number of asset objects unloaded after import = 0

========================================================================
Received Import Request.
  Time since last request: 0.000016 seconds.
  path: Assets/PlayFabSDK/Experimentation/PlayFabEvents.cs
  artifactKey: Guid(ad18b9280bb1a7f4c926eba4c1086b6e) Importer(2089858483,b0f066a214c2f5e87bad3c948f4d605d)
Start importing Assets/PlayFabSDK/Experimentation/PlayFabEvents.cs using Guid(ad18b9280bb1a7f4c926eba4c1086b6e) Importer(2089858483,b0f066a214c2f5e87bad3c948f4d605d) (ScriptedImporter) -> (artifact id: '5270fc6d8c3f5a08e0ee48b6fa210596') in 0.0081137 seconds
Number of updated asset objects reloaded before import = 0Number of asset objects unloaded after import = 0

========================================================================
Received Import Request.
  Time since last request: 0.000015 seconds.
  path: Assets/PlayFabSDK/Authentication
  artifactKey: Guid(14f4be27db90b5d408494e5a681a55f6) Importer(2089858483,b0f066a214c2f5e87bad3c948f4d605d)
Start importing Assets/PlayFabSDK/Authentication using Guid(14f4be27db90b5d408494e5a681a55f6) Importer(2089858483,b0f066a214c2f5e87bad3c948f4d605d) (ScriptedImporter) -> (artifact id: '0c9d85f1168480c294a82b501f8763d1') in 0.0073702 seconds
Number of updated asset objects reloaded before import = 0Number of asset objects unloaded after import = 1

========================================================================
Received Import Request.
  Time since last request: 0.000018 seconds.
  path: Assets/PlayFabSDK/Shared/Internal/SingletonMonoBehaviour.cs
  artifactKey: Guid(f6a51fa1ed684497db153f40961979c4) Importer(2089858483,b0f066a214c2f5e87bad3c948f4d605d)
Start importing Assets/PlayFabSDK/Shared/Internal/SingletonMonoBehaviour.cs using Guid(f6a51fa1ed684497db153f40961979c4) Importer(2089858483,b0f066a214c2f5e87bad3c948f4d605d) (ScriptedImporter) -> (artifact id: 'da878599b57f1724905b5389dfcb95f0') in 0.0070542 seconds
Number of updated asset objects reloaded before import = 0Number of asset objects unloaded after import = 0

========================================================================
Received Import Request.
  Time since last request: 0.089698 seconds.
  path: Assets/Photon/PhotonChat/Code/ChatParameterCode.cs
  artifactKey: Guid(d7a17b60c85fb30448492e397c58c7ce) Importer(2089858483,b0f066a214c2f5e87bad3c948f4d605d)
Start importing Assets/Photon/PhotonChat/Code/ChatParameterCode.cs using Guid(d7a17b60c85fb30448492e397c58c7ce) Importer(2089858483,b0f066a214c2f5e87bad3c948f4d605d) (ScriptedImporter) -> (artifact id: '0d27a3a733ff5f0be90eb530b01aca28') in 0.0077002 seconds
Number of updated asset objects reloaded before import = 0Number of asset objects unloaded after import = 0

========================================================================
Received Import Request.
  Time since last request: 0.000020 seconds.
  path: Assets/PlayFabSDK/Multiplayer/PlayFabMultiplayerAPI.cs
  artifactKey: Guid(a5dd863da40a92a46b55d58a56b8db93) Importer(2089858483,b0f066a214c2f5e87bad3c948f4d605d)
Start importing Assets/PlayFabSDK/Multiplayer/PlayFabMultiplayerAPI.cs using Guid(a5dd863da40a92a46b55d58a56b8db93) Importer(2089858483,b0f066a214c2f5e87bad3c948f4d605d) (ScriptedImporter) -> (artifact id: '7e9178486bc76bd8d4a0a8a459ab0d74') in 0.0077818 seconds
Number of updated asset objects reloaded before import = 0Number of asset objects unloaded after import = 0

========================================================================
Received Import Request.
  Time since last request: 0.000017 seconds.
  path: Assets/PlayFabSDK/Shared/Public/ISerializerPlugin.cs
  artifactKey: Guid(d33ec65e8a628fe44a4aa5c55289a16d) Importer(2089858483,b0f066a214c2f5e87bad3c948f4d605d)
Start importing Assets/PlayFabSDK/Shared/Public/ISerializerPlugin.cs using Guid(d33ec65e8a628fe44a4aa5c55289a16d) Importer(2089858483,b0f066a214c2f5e87bad3c948f4d605d) (ScriptedImporter) -> (artifact id: '6e6c72b36a6e26258b76ecea9bb92a37') in 0.0080637 seconds
Number of updated asset objects reloaded before import = 0Number of asset objects unloaded after import = 0

========================================================================
Received Import Request.
  Time since last request: 0.000031 seconds.
  path: Assets/PlayFabSDK/Economy
  artifactKey: Guid(ecd0b4fece474db4098610599e27e9af) Importer(2089858483,b0f066a214c2f5e87bad3c948f4d605d)
Start importing Assets/PlayFabSDK/Economy using Guid(ecd0b4fece474db4098610599e27e9af) Importer(2089858483,b0f066a214c2f5e87bad3c948f4d605d) (ScriptedImporter) -> (artifact id: 'f2147c118c4c53b6a315004f4235f6ee') in 0.0075629 seconds
Number of updated asset objects reloaded before import = 0Number of asset objects unloaded after import = 1

========================================================================
Received Import Request.
  Time since last request: 0.339434 seconds.
  path: Assets/Photon/PhotonUnityNetworking/UtilityScripts/Room/CountdownTimer.cs
  artifactKey: Guid(ffc398cf76e6d458caf303b5fceea504) Importer(2089858483,b0f066a214c2f5e87bad3c948f4d605d)
Start importing Assets/Photon/PhotonUnityNetworking/UtilityScripts/Room/CountdownTimer.cs using Guid(ffc398cf76e6d458caf303b5fceea504) Importer(2089858483,b0f066a214c2f5e87bad3c948f4d605d) (ScriptedImporter) -> (artifact id: '0411e430b34825537d1596dd358f028c') in 0.0084702 seconds
Number of updated asset objects reloaded before import = 0Number of asset objects unloaded after import = 0

========================================================================
Received Import Request.
  Time since last request: 0.960034 seconds.
  path: Assets/Photon/PhotonUnityNetworking/Demos/DemoSlotRacer/Scripts/SlotLanes.cs
  artifactKey: Guid(54c0aa0c215c64226bdfacbeed74edbb) Importer(2089858483,b0f066a214c2f5e87bad3c948f4d605d)
Start importing Assets/Photon/PhotonUnityNetworking/Demos/DemoSlotRacer/Scripts/SlotLanes.cs using Guid(54c0aa0c215c64226bdfacbeed74edbb) Importer(2089858483,b0f066a214c2f5e87bad3c948f4d605d) (ScriptedImporter) -> (artifact id: '55e26fbea4d86bfdd7f7a024f67b0ee4') in 0.0093291 seconds
Number of updated asset objects reloaded before import = 0Number of asset objects unloaded after import = 0

========================================================================
Received Import Request.
  Time since last request: 0.459509 seconds.
  path: Assets/Photon/PhotonUnityNetworking/Demos/PunCockpit/Scripts/Lists/RoomListView.cs
  artifactKey: Guid(f5c9e34bb9f7d43a4a17eb45abbba66e) Importer(2089858483,b0f066a214c2f5e87bad3c948f4d605d)
Start importing Assets/Photon/PhotonUnityNetworking/Demos/PunCockpit/Scripts/Lists/RoomListView.cs using Guid(f5c9e34bb9f7d43a4a17eb45abbba66e) Importer(2089858483,b0f066a214c2f5e87bad3c948f4d605d) (ScriptedImporter) -> (artifact id: '3b570c5a87600a788aaa114a125a1842') in 0.0074912 seconds
Number of updated asset objects reloaded before import = 0Number of asset objects unloaded after import = 0

Editor requested this worker to shutdown with reason: Scaling down because of idle timeout
AssetImportWorker is now disconnected from the server
Process exiting
Exiting without the bug reporter. Application will terminate with return code 0