[Licensing::Module] Trying to connect to existing licensing client channel...
Built from '6000.3/staging' branch; Version is '6000.3.15f1 (c1aa84e375f6) revision 12692100'; Using compiler version '194234433'; Build Type 'Release'
OS: 'Windows 10  (10.0.19045) 64bit Professional' Language: 'ko' Physical Memory: 32478 MB
[Licensing::IpcConnector] Successfully connected to: "LicenseClient-Administrator" at "2026-06-16T12:15:45.3797141Z"
BatchMode: 1, IsHumanControllingUs: 0, StartBugReporterOnCrash: 0, Is64bit: 1
System  architecture: x64
Process architecture: x64
Date: 2026-06-16T12:15:45Z

COMMAND LINE ARGUMENTS:
C:\Program Files\Unity\Hub\Editor\6000.3.15f1\Editor\Unity.exe
-adb2
-batchMode
-noUpm
-name
AssetImportWorker11
-projectPath
C:/Users/Administrator/Desktop/Game-Server/Program
-logFile
Logs/AssetImportWorker11.log
-srvPort
50387
-licensingIpc
LicenseClient-Administrator
-job-worker-count
13
-background-job-worker-count
8
-gc-helper-count
1
-name
AssetImport
Successfully changed project path to: C:/Users/Administrator/Desktop/Game-Server/Program
C:/Users/Administrator/Desktop/Game-Server/Program
[UnityMemory] Configuration Parameters - Can be set up in boot.config
    "memorysetup-temp-allocator-size-nav-mesh-worker=65536"
    "memorysetup-temp-allocator-size-audio-worker=65536"
    "memorysetup-temp-allocator-size-gfx=262144"
    "memorysetup-allocator-temp-initial-block-size-main=262144"
    "memorysetup-allocator-temp-initial-block-size-worker=262144"
    "memorysetup-temp-allocator-size-background-worker=32768"
    "memorysetup-temp-allocator-size-job-worker=262144"
    "memorysetup-temp-allocator-size-preload-manager=33554432"
    "memorysetup-temp-allocator-size-gi-baking-worker=262144"
    "memorysetup-temp-allocator-size-gi-baking-worker=262144"
    "memorysetup-temp-allocator-size-gi-baking-worker=262144"
    "memorysetup-temp-allocator-size-gi-baking-worker=262144"
    "memorysetup-temp-allocator-size-gi-baking-worker=262144"
    "memorysetup-bucket-allocator-granularity=16"
    "memorysetup-bucket-allocator-bucket-count=8"
    "memorysetup-bucket-allocator-block-size=33554432"
    "memorysetup-bucket-allocator-block-count=8"
    "memorysetup-main-allocator-block-size=16777216"
    "memorysetup-thread-allocator-block-size=16777216"
    "memorysetup-gfx-main-allocator-block-size=16777216"
    "memorysetup-gfx-thread-allocator-block-size=16777216"
    "memorysetup-cache-allocator-block-size=4194304"
    "memorysetup-typetree-allocator-block-size=2097152"
    "memorysetup-profiler-bucket-allocator-granularity=16"
    "memorysetup-profiler-bucket-allocator-bucket-count=8"
    "memorysetup-profiler-bucket-allocator-block-size=33554432"
    "memorysetup-profiler-bucket-allocator-block-count=8"
    "memorysetup-profiler-allocator-block-size=16777216"
    "memorysetup-profiler-editor-allocator-block-size=1048576"
    "memorysetup-temp-allocator-size-main=16777216"
    "memorysetup-job-temp-allocator-block-size=2097152"
    "memorysetup-job-temp-allocator-block-size-background=1048576"
    "memorysetup-job-temp-allocator-reduction-small-platforms=262144"
    "memorysetup-temp-allocator-size-cloud-worker=32768"
Player connection [21692]  Target information:

Player connection [21692]  * "[IP] 192.168.0.94 [Port] 0 [Flags] 2 [Guid] 169997836 [EditorId] 169997836 [Version] 1048832 [Id] WindowsEditor(7,DESKTOP-MSMA3UP) [Debug] 1 [PackageName] WindowsEditor [ProjectName] Editor" 

Player connection [21692] Host joined multi-casting on [225.0.0.222:54997]...
Player connection [21692] Host joined alternative multi-casting on [225.0.0.222:34997]...
JobSystem: Creating JobQueue using job-worker-count value 13
Input System module state changed to: Initialized.
[Physics::Module] Initialized fallback backend.
[Physics::Module] Id: 0xdecafbad
Library Redirect Path: Library/
[Physics::Module] Selected backend.
[Physics::Module] Name: PhysX
[Physics::Module] Id: 0xf2b8ea05
[Physics::Module] SDK Version: 4.1.2
[Physics::Module] Integration Version: 1.0.0
[Physics::Module] Threading Mode: Multi-Threaded
Refreshing native plugins compatible for Editor in 2.48 ms, found 4 plugins.
Preloading 0 native plugins for Editor in 0.00 ms.
Initialize engine version: 6000.3.15f1 (c1aa84e375f6)
[Subsystems] Discovering subsystems at path C:/Program Files/Unity/Hub/Editor/6000.3.15f1/Editor/Data/Resources/UnitySubsystems
[Subsystems] Discovering subsystems at path C:/Users/Administrator/Desktop/Game-Server/Program/Assets
GfxDevice: creating device client; kGfxThreadingModeNonThreaded
Direct3D:
    Version:  Direct3D 11.0 [level 11.1]
    Renderer: NVIDIA GeForce RTX 5060 Ti (ID=0x2d04)
    Vendor:   NVIDIA
    VRAM:     16050 MB
    Driver:   32.0.15.9636
Initialize mono
Mono path[0] = 'C:/Program Files/Unity/Hub/Editor/6000.3.15f1/Editor/Data/Managed'
Mono path[1] = 'C:/Program Files/Unity/Hub/Editor/6000.3.15f1/Editor/Data/MonoBleedingEdge/lib/mono/unityjit-win32'
Mono config path = 'C:/Program Files/Unity/Hub/Editor/6000.3.15f1/Editor/Data/MonoBleedingEdge/etc'
Using monoOptions --debugger-agent=transport=dt_socket,embedding=1,server=y,suspend=n,address=127.0.0.1:56316
Begin MonoManager ReloadAssembly
Registering precompiled unity dll's ...
Register platform support module: C:/Program Files/Unity/Hub/Editor/6000.3.15f1/Editor/Data/PlaybackEngines/WindowsStandaloneSupport/UnityEditor.WindowsStandalone.Extensions.dll
Registered in 0.001258 seconds.
[Licensing::Client] Error: HandshakeResponse reported an error:
	ResponseCode: 505
	ResponseStatus: Unsupported protocol version '1.18.1'.
[Licensing::Module] Error: Failed to handshake to channel: "LicenseClient-Administrator"
[Licensing::IpcConnector] LicenseClient-Administrator channel disconnected successfully.
[Licensing::IpcConnector] Successfully connected to: "LicenseClient-Administrator-6000.3.15" at "2026-06-16T12:15:46.2317524Z"
[Licensing::Client] Code 10 while verifying Licensing Client signature (process Id: 6896, path: "C:/Program Files/Unity/Hub/Editor/6000.3.15f1/Editor/Data/Resources/Licensing/Client/Unity.Licensing.Client.exe")
[Licensing::Module] LicensingClient has failed validation; ignoring
[Licensing::Client] Handshaking with LicensingClient:
  Version:                 1.18.1+9fbee8e
  Session Id:              03a37ab4b8414aa3a060c8e76871dd26
  Correlation Id:          8408fccf1de38d541a0cfc764bd7bfad
  External correlation Id: 2644936693495108599
  Machine Id:              SvejmJGsl/EFmq0OAjofjZYOfss=
[Licensing::Module] Successfully connected to LicensingClient on channel: "LicenseClient-Administrator-6000.3.15" (connect: 0.00s, validation: 0.00s, handshake: 0.00s)
[Licensing::IpcConnector] Successfully connected to: "LicenseClient-Administrator-6000.3.15-notifications" at "2026-06-16T12:15:46.2367765Z"
[Licensing::Module] Licensing Background thread has ended after 0.86s
- Loaded All Assemblies, in  0.413 seconds
Native extension for WindowsStandalone target not found
Package Manager log level set to [2]
[Package Manager] Failed to launch server process. Reason: Unity was launched with the -noUpm command-line argument
[Package Manager] Unable to send message (not connected to server process).
[Package Manager] Cannot connect to Unity Package Manager local server
ScheduleIndexationOnStartup MainProcess:False IndexOnStartup:True
Mono: successfully reloaded assembly
- Finished resetting the current domain, in  0.411 seconds
Domain Reload Profiling: 823ms
	BeginReloadAssembly (134ms)
		ExecutionOrderSort (0ms)
		DisableScriptedObjects (0ms)
		BackupInstance (0ms)
		ReleaseScriptingObjects (0ms)
		CreateAndSetChildDomain (1ms)
	RebuildCommonClasses (37ms)
	RebuildNativeTypeToScriptingClass (15ms)
	initialDomainReloadingComplete (47ms)
	LoadAllAssembliesAndSetupDomain (179ms)
		LoadAssemblies (133ms)
		RebuildTransferFunctionScriptingTraits (0ms)
		AnalyzeDomain (176ms)
			TypeCache.Refresh (174ms)
				TypeCache.ScanAssembly (158ms)
			BuildScriptInfoCaches (0ms)
			ResolveRequiredComponents (0ms)
	FinalizeReload (411ms)
		ReleaseScriptCaches (0ms)
		RebuildScriptCaches (0ms)
		SetupLoadedEditorAssemblies (358ms)
			LogAssemblyErrors (0ms)
			InitializePlatformSupportModulesInManaged (49ms)
			SetLoadedEditorAssemblies (4ms)
			BeforeProcessingInitializeOnLoad (85ms)
			ProcessInitializeOnLoadAttributes (145ms)
			ProcessInitializeOnLoadMethodAttributes (75ms)
			AfterProcessingInitializeOnLoad (0ms)
			EditorAssembliesLoaded (0ms)
		ExecutionOrderSort2 (0ms)
		AwakeInstancesAfterBackupRestoration (0ms)
========================================================================
Worker process is ready to serve import requests
Import Worker Mode flag is 0x00
Begin MonoManager ReloadAssembly
[Licensing::Client] Successfully resolved entitlement details
[Licensing::Module] License group:
  Id: 14569174559127-UnityPersXXXX
  Product: Unity Personal
  Type: Assigned
  Expiration: Unlimited
- Loaded All Assemblies, in  0.929 seconds
Refreshing native plugins compatible for Editor in 1.11 ms, found 4 plugins.
Native extension for WindowsStandalone target not found
[Package Manager] Failed to launch server process. Reason: Unity was launched with the -noUpm command-line argument
[Package Manager] Unable to send message (not connected to server process).
[Package Manager] Cannot connect to Unity Package Manager local server
Refreshing native plugins compatible for Editor in 1.27 ms, found 4 plugins.
[Package Manager] Failed to launch server process. Reason: Unity was launched with the -noUpm command-line argument
[Package Manager] Unable to send message (not connected to server process).
[Package Manager] Cannot connect to Unity Package Manager local server
ScheduleIndexationOnStartup MainProcess:False IndexOnStartup:True
Mono: successfully reloaded assembly
- Finished resetting the current domain, in  1.144 seconds
Domain Reload Profiling: 2072ms
	BeginReloadAssembly (187ms)
		ExecutionOrderSort (0ms)
		DisableScriptedObjects (6ms)
		BackupInstance (0ms)
		ReleaseScriptingObjects (0ms)
		CreateAndSetChildDomain (35ms)
	RebuildCommonClasses (36ms)
	RebuildNativeTypeToScriptingClass (15ms)
	initialDomainReloadingComplete (40ms)
	LoadAllAssembliesAndSetupDomain (649ms)
		LoadAssemblies (409ms)
		RebuildTransferFunctionScriptingTraits (0ms)
		AnalyzeDomain (343ms)
			TypeCache.Refresh (237ms)
				TypeCache.ScanAssembly (207ms)
			BuildScriptInfoCaches (87ms)
			ResolveRequiredComponents (12ms)
	FinalizeReload (1144ms)
		ReleaseScriptCaches (0ms)
		RebuildScriptCaches (0ms)
		SetupLoadedEditorAssemblies (932ms)
			LogAssemblyErrors (0ms)
			InitializePlatformSupportModulesInManaged (2ms)
			SetLoadedEditorAssemblies (4ms)
			BeforeProcessingInitializeOnLoad (134ms)
			ProcessInitializeOnLoadAttributes (722ms)
			ProcessInitializeOnLoadMethodAttributes (66ms)
			AfterProcessingInitializeOnLoad (3ms)
			EditorAssembliesLoaded (0ms)
		ExecutionOrderSort2 (0ms)
		AwakeInstancesAfterBackupRestoration (6ms)
Launched and connected shader compiler UnityShaderCompiler.exe after 0.01 seconds
Refreshing native plugins compatible for Editor in 1.06 ms, found 4 plugins.
Preloading 0 native plugins for Editor in 0.00 ms.
Unloading 16 Unused Serialized files (Serialized files now loaded: 0)
Unloading 6790 unused Assets / (4.1 MB). Loaded Objects now: 7590.
Memory consumption went from 161.3 MB to 157.2 MB.
Total: 8.088100 ms (FindLiveObjects: 1.109900 ms CreateObjectMapping: 0.331000 ms MarkObjects: 4.542800 ms  DeleteObjects: 2.102700 ms)

========================================================================
Received Import Request.
  Time since last request: 12411.968140 seconds.
  path: Assets/Space Exploration/Icons/exoplanet-4-512.png
  artifactKey: Guid(d9f72ddd344e6334e9c70a5d909aff7c) Importer(815301076,1909f56bfc062723c751e8b465ee728b)
Start importing Assets/Space Exploration/Icons/exoplanet-4-512.png using Guid(d9f72ddd344e6334e9c70a5d909aff7c) Importer(815301076,1909f56bfc062723c751e8b465ee728b) (PreviewImporter) -> (artifact id: '8614b55093879c5b06fe0ef9e9c0b4b0') in 0.0881537 seconds
Number of updated asset objects reloaded before import = 0Number of asset objects unloaded after import = 3

========================================================================
Received Import Request.
  Time since last request: 0.000023 seconds.
  path: Assets/Space Exploration/Icons/gem-1-128.png
  artifactKey: Guid(d8e4740d25fd92c428289af0088208d0) Importer(815301076,1909f56bfc062723c751e8b465ee728b)
Start importing Assets/Space Exploration/Icons/gem-1-128.png using Guid(d8e4740d25fd92c428289af0088208d0) Importer(815301076,1909f56bfc062723c751e8b465ee728b) (PreviewImporter) -> (artifact id: '866344930aadf5ed8cafdcd25eabc993') in 0.0129246 seconds
Number of updated asset objects reloaded before import = 0Number of asset objects unloaded after import = 3

========================================================================
Received Import Request.
  Time since last request: 0.360974 seconds.
  path: Assets/Space Exploration/Icons/gem-2-64.png
  artifactKey: Guid(41e9b0efb08f2ad488d5ce891a390771) Importer(815301076,1909f56bfc062723c751e8b465ee728b)
Start importing Assets/Space Exploration/Icons/gem-2-64.png using Guid(41e9b0efb08f2ad488d5ce891a390771) Importer(815301076,1909f56bfc062723c751e8b465ee728b) (PreviewImporter) -> (artifact id: '2a3eb84c92891effa091c055fd13da7f') in 0.0127194 seconds
Number of updated asset objects reloaded before import = 0Number of asset objects unloaded after import = 3

========================================================================
Received Import Request.
  Time since last request: 0.000019 seconds.
  path: Assets/Space Exploration/Icons/gift-256.png
  artifactKey: Guid(9892d03a20f26c3459331221c985ed46) Importer(815301076,1909f56bfc062723c751e8b465ee728b)
Start importing Assets/Space Exploration/Icons/gift-256.png using Guid(9892d03a20f26c3459331221c985ed46) Importer(815301076,1909f56bfc062723c751e8b465ee728b) (PreviewImporter) -> (artifact id: 'b6cb5faf581e9d4f933e575ec5c8cef2') in 0.0117596 seconds
Number of updated asset objects reloaded before import = 0Number of asset objects unloaded after import = 3

========================================================================
Received Import Request.
  Time since last request: 0.000028 seconds.
  path: Assets/Space Exploration/Icons/gold-ore-512.png
  artifactKey: Guid(801f7e28c0629454a87d81ac62d9f14f) Importer(815301076,1909f56bfc062723c751e8b465ee728b)
Start importing Assets/Space Exploration/Icons/gold-ore-512.png using Guid(801f7e28c0629454a87d81ac62d9f14f) Importer(815301076,1909f56bfc062723c751e8b465ee728b) (PreviewImporter) -> (artifact id: '6c86016652972eaa70872fd6bd9cda9d') in 0.0127461 seconds
Number of updated asset objects reloaded before import = 0Number of asset objects unloaded after import = 3

========================================================================
Received Import Request.
  Time since last request: 0.000015 seconds.
  path: Assets/Space Exploration/Icons/heart-256.png
  artifactKey: Guid(90dd6238096f3ff4f95d1f9f1df609cf) Importer(815301076,1909f56bfc062723c751e8b465ee728b)
Start importing Assets/Space Exploration/Icons/heart-256.png using Guid(90dd6238096f3ff4f95d1f9f1df609cf) Importer(815301076,1909f56bfc062723c751e8b465ee728b) (PreviewImporter) -> (artifact id: '25fd93c827bd5d6e8a2eab20c9991ffb') in 0.0127047 seconds
Number of updated asset objects reloaded before import = 0Number of asset objects unloaded after import = 3

========================================================================
Received Import Request.
  Time since last request: 0.000015 seconds.
  path: Assets/Space Exploration/Icons/inventory-64.png
  artifactKey: Guid(af99bdcf3f098da44bea7d326c977409) Importer(815301076,1909f56bfc062723c751e8b465ee728b)
Start importing Assets/Space Exploration/Icons/inventory-64.png using Guid(af99bdcf3f098da44bea7d326c977409) Importer(815301076,1909f56bfc062723c751e8b465ee728b) (PreviewImporter) -> (artifact id: '939844628fb2ffc597c710621b857f21') in 0.0117183 seconds
Number of updated asset objects reloaded before import = 0Number of asset objects unloaded after import = 3

========================================================================
Received Import Request.
  Time since last request: 0.340115 seconds.
  path: Assets/Space Exploration/Icons/jupiter-256.png
  artifactKey: Guid(638eda9d11419e946811ad2dc40bba7f) Importer(815301076,1909f56bfc062723c751e8b465ee728b)
Start importing Assets/Space Exploration/Icons/jupiter-256.png using Guid(638eda9d11419e946811ad2dc40bba7f) Importer(815301076,1909f56bfc062723c751e8b465ee728b) (PreviewImporter) -> (artifact id: '2d458f5f64835e64faf9fa11d8caf6ed') in 0.0126391 seconds
Number of updated asset objects reloaded before import = 0Number of asset objects unloaded after import = 3

========================================================================
Received Import Request.
  Time since last request: 0.000019 seconds.
  path: Assets/Space Exploration/Icons/key-2-128.png
  artifactKey: Guid(859fef8728b5b9743a68f7df33687cf4) Importer(815301076,1909f56bfc062723c751e8b465ee728b)
Start importing Assets/Space Exploration/Icons/key-2-128.png using Guid(859fef8728b5b9743a68f7df33687cf4) Importer(815301076,1909f56bfc062723c751e8b465ee728b) (PreviewImporter) -> (artifact id: '13d881fe9f49a9172dd95853015fc164') in 0.011652 seconds
Number of updated asset objects reloaded before import = 0Number of asset objects unloaded after import = 3

========================================================================
Received Import Request.
  Time since last request: 0.000023 seconds.
  path: Assets/Space Exploration/Icons/lock-1-512.png
  artifactKey: Guid(f3ea141e680365a438453c6cc0783661) Importer(815301076,1909f56bfc062723c751e8b465ee728b)
Start importing Assets/Space Exploration/Icons/lock-1-512.png using Guid(f3ea141e680365a438453c6cc0783661) Importer(815301076,1909f56bfc062723c751e8b465ee728b) (PreviewImporter) -> (artifact id: '325313a01171bdaa2e12f6dc39c6d992') in 0.0111641 seconds
Number of updated asset objects reloaded before import = 0Number of asset objects unloaded after import = 3

========================================================================
Received Import Request.
  Time since last request: 0.310673 seconds.
  path: Assets/Space Exploration/Icons/lock-2-512.png
  artifactKey: Guid(f7264247b4a1e6643922227c1251ce5f) Importer(815301076,1909f56bfc062723c751e8b465ee728b)
Start importing Assets/Space Exploration/Icons/lock-2-512.png using Guid(f7264247b4a1e6643922227c1251ce5f) Importer(815301076,1909f56bfc062723c751e8b465ee728b) (PreviewImporter) -> (artifact id: 'dcc620acb7c6163af2a9073939dd76d3') in 0.0119752 seconds
Number of updated asset objects reloaded before import = 0Number of asset objects unloaded after import = 3

========================================================================
Received Import Request.
  Time since last request: 0.000016 seconds.
  path: Assets/Space Exploration/Icons/map-128.png
  artifactKey: Guid(f0f38df3d865d6e43a732182ea92766b) Importer(815301076,1909f56bfc062723c751e8b465ee728b)
Start importing Assets/Space Exploration/Icons/map-128.png using Guid(f0f38df3d865d6e43a732182ea92766b) Importer(815301076,1909f56bfc062723c751e8b465ee728b) (PreviewImporter) -> (artifact id: '77ceffdba1f6f0e21f5957a4059d1200') in 0.0116989 seconds
Number of updated asset objects reloaded before import = 0Number of asset objects unloaded after import = 3

========================================================================
Received Import Request.
  Time since last request: 0.000016 seconds.
  path: Assets/Space Exploration/Icons/mars-256.png
  artifactKey: Guid(9d6b0b727d0681e4bb5f17e4edaf156a) Importer(815301076,1909f56bfc062723c751e8b465ee728b)
Start importing Assets/Space Exploration/Icons/mars-256.png using Guid(9d6b0b727d0681e4bb5f17e4edaf156a) Importer(815301076,1909f56bfc062723c751e8b465ee728b) (PreviewImporter) -> (artifact id: '5ea466ff816b7e2f3df0946260fdc92e') in 0.0114226 seconds
Number of updated asset objects reloaded before import = 0Number of asset objects unloaded after import = 3

========================================================================
Received Import Request.
  Time since last request: 0.000016 seconds.
  path: Assets/Space Exploration/Icons/mushroom-512.png
  artifactKey: Guid(3994112a69b1a824a9881d84764f8abc) Importer(815301076,1909f56bfc062723c751e8b465ee728b)
Start importing Assets/Space Exploration/Icons/mushroom-512.png using Guid(3994112a69b1a824a9881d84764f8abc) Importer(815301076,1909f56bfc062723c751e8b465ee728b) (PreviewImporter) -> (artifact id: '059e2598c402fb113d83678d2a64636f') in 0.011352 seconds
Number of updated asset objects reloaded before import = 0Number of asset objects unloaded after import = 3

========================================================================
Received Import Request.
  Time since last request: 0.000025 seconds.
  path: Assets/Space Exploration/Icons/pickaxe-512.png
  artifactKey: Guid(79b445610d95dad44a4fb2d74ba2cd85) Importer(815301076,1909f56bfc062723c751e8b465ee728b)
Start importing Assets/Space Exploration/Icons/pickaxe-512.png using Guid(79b445610d95dad44a4fb2d74ba2cd85) Importer(815301076,1909f56bfc062723c751e8b465ee728b) (PreviewImporter) -> (artifact id: '632400851642ae414ac38cf3c9b5055b') in 0.0124098 seconds
Number of updated asset objects reloaded before import = 0Number of asset objects unloaded after import = 3

========================================================================
Received Import Request.
  Time since last request: 0.000019 seconds.
  path: Assets/Space Exploration/Icons/pluto-64.png
  artifactKey: Guid(e6dbf839a39f8254ea177f131920d4fc) Importer(815301076,1909f56bfc062723c751e8b465ee728b)
Start importing Assets/Space Exploration/Icons/pluto-64.png using Guid(e6dbf839a39f8254ea177f131920d4fc) Importer(815301076,1909f56bfc062723c751e8b465ee728b) (PreviewImporter) -> (artifact id: '8f64b3101582a60d4071d507a53f6238') in 0.0117765 seconds
Number of updated asset objects reloaded before import = 0Number of asset objects unloaded after import = 3

========================================================================
Received Import Request.
  Time since last request: 0.000013 seconds.
  path: Assets/Space Exploration/Icons/neptune-64.png
  artifactKey: Guid(a684734d22e4a9c4991370e112ab42c5) Importer(815301076,1909f56bfc062723c751e8b465ee728b)
Start importing Assets/Space Exploration/Icons/neptune-64.png using Guid(a684734d22e4a9c4991370e112ab42c5) Importer(815301076,1909f56bfc062723c751e8b465ee728b) (PreviewImporter) -> (artifact id: 'ef1225026e9fd5ac9a94c2480ebe64c5') in 0.0118474 seconds
Number of updated asset objects reloaded before import = 0Number of asset objects unloaded after import = 3

========================================================================
Received Import Request.
  Time since last request: 0.000014 seconds.
  path: Assets/Space Exploration/Icons/pluto-512.png
  artifactKey: Guid(8f85f651914e38e4794ad3c21cd094f2) Importer(815301076,1909f56bfc062723c751e8b465ee728b)
Start importing Assets/Space Exploration/Icons/pluto-512.png using Guid(8f85f651914e38e4794ad3c21cd094f2) Importer(815301076,1909f56bfc062723c751e8b465ee728b) (PreviewImporter) -> (artifact id: '1aeb0d7e39f82aa91c34990465d7396b') in 0.0108134 seconds
Number of updated asset objects reloaded before import = 0Number of asset objects unloaded after import = 3

========================================================================
Received Import Request.
  Time since last request: 0.458014 seconds.
  path: Assets/Space Exploration/Icons/potion-green-2-256.png
  artifactKey: Guid(738a61680f37b1e43bef569bd6d051be) Importer(815301076,1909f56bfc062723c751e8b465ee728b)
Start importing Assets/Space Exploration/Icons/potion-green-2-256.png using Guid(738a61680f37b1e43bef569bd6d051be) Importer(815301076,1909f56bfc062723c751e8b465ee728b) (PreviewImporter) -> (artifact id: 'cb7fad54f00b643a1e421655f7086ed3') in 0.0108369 seconds
Number of updated asset objects reloaded before import = 0Number of asset objects unloaded after import = 3

========================================================================
Received Import Request.
  Time since last request: 0.000016 seconds.
  path: Assets/Space Exploration/Icons/potion-pink-1-64.png
  artifactKey: Guid(e9ecdb4c1db6f2e46a72e7cfdbf13077) Importer(815301076,1909f56bfc062723c751e8b465ee728b)
Start importing Assets/Space Exploration/Icons/potion-pink-1-64.png using Guid(e9ecdb4c1db6f2e46a72e7cfdbf13077) Importer(815301076,1909f56bfc062723c751e8b465ee728b) (PreviewImporter) -> (artifact id: '24969849f5706798db246cbd7b80d641') in 0.0131391 seconds
Number of updated asset objects reloaded before import = 0Number of asset objects unloaded after import = 3

========================================================================
Received Import Request.
  Time since last request: 0.000015 seconds.
  path: Assets/Space Exploration/Icons/potion-pink-2-256.png
  artifactKey: Guid(48e4d2301fe9e4a4fac9643e0b77297e) Importer(815301076,1909f56bfc062723c751e8b465ee728b)
Start importing Assets/Space Exploration/Icons/potion-pink-2-256.png using Guid(48e4d2301fe9e4a4fac9643e0b77297e) Importer(815301076,1909f56bfc062723c751e8b465ee728b) (PreviewImporter) -> (artifact id: '7750ed0d2fc07310a5632fbc1dca8ee4') in 0.0104475 seconds
Number of updated asset objects reloaded before import = 0Number of asset objects unloaded after import = 3

========================================================================
Received Import Request.
  Time since last request: 0.000015 seconds.
  path: Assets/Space Exploration/Icons/radar-256.png
  artifactKey: Guid(cbaa9526541c952468b12319ed5d4c3d) Importer(815301076,1909f56bfc062723c751e8b465ee728b)
Start importing Assets/Space Exploration/Icons/radar-256.png using Guid(cbaa9526541c952468b12319ed5d4c3d) Importer(815301076,1909f56bfc062723c751e8b465ee728b) (PreviewImporter) -> (artifact id: 'ccbe4551ea42f7a11590d8a7346e96a1') in 0.0122649 seconds
Number of updated asset objects reloaded before import = 0Number of asset objects unloaded after import = 3

========================================================================
Received Import Request.
  Time since last request: 0.000016 seconds.
  path: Assets/Space Exploration/Icons/purple-ore-512.png
  artifactKey: Guid(f427e0a2e99157743a3bacd0936d9266) Importer(815301076,1909f56bfc062723c751e8b465ee728b)
Start importing Assets/Space Exploration/Icons/purple-ore-512.png using Guid(f427e0a2e99157743a3bacd0936d9266) Importer(815301076,1909f56bfc062723c751e8b465ee728b) (PreviewImporter) -> (artifact id: '3acc2c3c1ffedd8ee41206c868487248') in 0.0119672 seconds
Number of updated asset objects reloaded before import = 0Number of asset objects unloaded after import = 3

========================================================================
Received Import Request.
  Time since last request: 3.865652 seconds.
  path: Assets/Space Exploration/Icons/saturn-64.png
  artifactKey: Guid(c803eb4715199b546a753742b958475d) Importer(815301076,1909f56bfc062723c751e8b465ee728b)
Start importing Assets/Space Exploration/Icons/saturn-64.png using Guid(c803eb4715199b546a753742b958475d) Importer(815301076,1909f56bfc062723c751e8b465ee728b) (PreviewImporter) -> (artifact id: '96d5fbd1a2d3ec32eaf4911b222e909d') in 0.0119808 seconds
Number of updated asset objects reloaded before import = 0Number of asset objects unloaded after import = 3

========================================================================
Received Import Request.
  Time since last request: 0.000018 seconds.
  path: Assets/Space Exploration/Icons/scope-512.png
  artifactKey: Guid(037f9b59dccdcc34db5a80d237319757) Importer(815301076,1909f56bfc062723c751e8b465ee728b)
Start importing Assets/Space Exploration/Icons/scope-512.png using Guid(037f9b59dccdcc34db5a80d237319757) Importer(815301076,1909f56bfc062723c751e8b465ee728b) (PreviewImporter) -> (artifact id: '149c6e5e6bc02dcce7bb89184062e11a') in 0.0112854 seconds
Number of updated asset objects reloaded before import = 0Number of asset objects unloaded after import = 3

========================================================================
Received Import Request.
  Time since last request: 0.000022 seconds.
  path: Assets/Space Exploration/Icons/shop-256.png
  artifactKey: Guid(7dfd45e7db0f9d741b7450aba1b63bd8) Importer(815301076,1909f56bfc062723c751e8b465ee728b)
Start importing Assets/Space Exploration/Icons/shop-256.png using Guid(7dfd45e7db0f9d741b7450aba1b63bd8) Importer(815301076,1909f56bfc062723c751e8b465ee728b) (PreviewImporter) -> (artifact id: '5124d8285d9ef6341cb9702f9d5b9309') in 0.0117765 seconds
Number of updated asset objects reloaded before import = 0Number of asset objects unloaded after import = 3

========================================================================
Received Import Request.
  Time since last request: 0.000016 seconds.
  path: Assets/Space Exploration/Icons/skull-512.png
  artifactKey: Guid(d18286f1fadb5e545bf2a031b0bf2196) Importer(815301076,1909f56bfc062723c751e8b465ee728b)
Start importing Assets/Space Exploration/Icons/skull-512.png using Guid(d18286f1fadb5e545bf2a031b0bf2196) Importer(815301076,1909f56bfc062723c751e8b465ee728b) (PreviewImporter) -> (artifact id: '2fbc6bfc58e77b9d88eb741fe0333f34') in 0.0126901 seconds
Number of updated asset objects reloaded before import = 0Number of asset objects unloaded after import = 3

========================================================================
Received Import Request.
  Time since last request: 0.000014 seconds.
  path: Assets/Space Exploration/Icons/solar-system-2-512.png
  artifactKey: Guid(54f22d25fadf62e469b1f81a8e05f628) Importer(815301076,1909f56bfc062723c751e8b465ee728b)
Start importing Assets/Space Exploration/Icons/solar-system-2-512.png using Guid(54f22d25fadf62e469b1f81a8e05f628) Importer(815301076,1909f56bfc062723c751e8b465ee728b) (PreviewImporter) -> (artifact id: '8fc2269139aeb0f45ab00bf28fdfca68') in 0.0122759 seconds
Number of updated asset objects reloaded before import = 0Number of asset objects unloaded after import = 3

========================================================================
Received Import Request.
  Time since last request: 0.135720 seconds.
  path: Assets/Space Exploration/Icons/star-256.png
  artifactKey: Guid(97d4750f35defe443ba3094f2000e4bf) Importer(815301076,1909f56bfc062723c751e8b465ee728b)
Start importing Assets/Space Exploration/Icons/star-256.png using Guid(97d4750f35defe443ba3094f2000e4bf) Importer(815301076,1909f56bfc062723c751e8b465ee728b) (PreviewImporter) -> (artifact id: 'd13b6120f82a7f3848af0451eeb4cfeb') in 0.0112968 seconds
Number of updated asset objects reloaded before import = 0Number of asset objects unloaded after import = 3

========================================================================
Received Import Request.
  Time since last request: 0.000017 seconds.
  path: Assets/Space Exploration/Icons/sword-1-128.png
  artifactKey: Guid(a517760a4d84a42498bab344287e41f9) Importer(815301076,1909f56bfc062723c751e8b465ee728b)
Start importing Assets/Space Exploration/Icons/sword-1-128.png using Guid(a517760a4d84a42498bab344287e41f9) Importer(815301076,1909f56bfc062723c751e8b465ee728b) (PreviewImporter) -> (artifact id: '603db5f5d3b1cd1781a6776be33fcea2') in 0.0111539 seconds
Number of updated asset objects reloaded before import = 0Number of asset objects unloaded after import = 3

========================================================================
Received Import Request.
  Time since last request: 0.000016 seconds.
  path: Assets/Space Exploration/Icons/telescope-128.png
  artifactKey: Guid(85eecb0f489b2f24c95c9d7014c4e817) Importer(815301076,1909f56bfc062723c751e8b465ee728b)
Start importing Assets/Space Exploration/Icons/telescope-128.png using Guid(85eecb0f489b2f24c95c9d7014c4e817) Importer(815301076,1909f56bfc062723c751e8b465ee728b) (PreviewImporter) -> (artifact id: 'b50e976c4b659f43977a4afa2283958b') in 0.011765 seconds
Number of updated asset objects reloaded before import = 0Number of asset objects unloaded after import = 3

========================================================================
Received Import Request.
  Time since last request: 0.000015 seconds.
  path: Assets/Space Exploration/Icons/trophy-128.png
  artifactKey: Guid(7a9ef7ca97425f34da51f8b445a19116) Importer(815301076,1909f56bfc062723c751e8b465ee728b)
Start importing Assets/Space Exploration/Icons/trophy-128.png using Guid(7a9ef7ca97425f34da51f8b445a19116) Importer(815301076,1909f56bfc062723c751e8b465ee728b) (PreviewImporter) -> (artifact id: 'af2b7027e2be44f3ad1370d9609251fb') in 0.0110225 seconds
Number of updated asset objects reloaded before import = 0Number of asset objects unloaded after import = 3

========================================================================
Received Import Request.
  Time since last request: 0.000020 seconds.
  path: Assets/Space Exploration/Icons/ufo-1-256.png
  artifactKey: Guid(acacb15e21d37324facef8e2fc55e335) Importer(815301076,1909f56bfc062723c751e8b465ee728b)
Start importing Assets/Space Exploration/Icons/ufo-1-256.png using Guid(acacb15e21d37324facef8e2fc55e335) Importer(815301076,1909f56bfc062723c751e8b465ee728b) (PreviewImporter) -> (artifact id: 'a297c0e53108a443999699948be8584a') in 0.0112578 seconds
Number of updated asset objects reloaded before import = 0Number of asset objects unloaded after import = 3

========================================================================
Received Import Request.
  Time since last request: 0.000023 seconds.
  path: Assets/Space Exploration/Icons/unlock-1-128.png
  artifactKey: Guid(13ff3f1f5b72853409ac0e63e160ef59) Importer(815301076,1909f56bfc062723c751e8b465ee728b)
Start importing Assets/Space Exploration/Icons/unlock-1-128.png using Guid(13ff3f1f5b72853409ac0e63e160ef59) Importer(815301076,1909f56bfc062723c751e8b465ee728b) (PreviewImporter) -> (artifact id: '220e2a46ee06de0a0f59410e1f71928f') in 0.0122366 seconds
Number of updated asset objects reloaded before import = 0Number of asset objects unloaded after import = 3

========================================================================
Received Import Request.
  Time since last request: 0.000018 seconds.
  path: Assets/Space Exploration/Icons/ufo-2-128.png
  artifactKey: Guid(a1e3728f86f1d6244a297ad0f97ef5d0) Importer(815301076,1909f56bfc062723c751e8b465ee728b)
Start importing Assets/Space Exploration/Icons/ufo-2-128.png using Guid(a1e3728f86f1d6244a297ad0f97ef5d0) Importer(815301076,1909f56bfc062723c751e8b465ee728b) (PreviewImporter) -> (artifact id: 'f11f12a72d424c5f276156ffd23b7f91') in 0.0121577 seconds
Number of updated asset objects reloaded before import = 0Number of asset objects unloaded after import = 3

========================================================================
Received Import Request.
  Time since last request: 0.000014 seconds.
  path: Assets/Space Exploration/Icons/time-64.png
  artifactKey: Guid(b0632d8eec257784882bb273c232eefe) Importer(815301076,1909f56bfc062723c751e8b465ee728b)
Start importing Assets/Space Exploration/Icons/time-64.png using Guid(b0632d8eec257784882bb273c232eefe) Importer(815301076,1909f56bfc062723c751e8b465ee728b) (PreviewImporter) -> (artifact id: 'be4f1f5e30175713f4149303359ce279') in 0.0105267 seconds
Number of updated asset objects reloaded before import = 0Number of asset objects unloaded after import = 3

========================================================================
Received Import Request.
  Time since last request: 0.097698 seconds.
  path: Assets/Space Exploration/Icons/venus-128.png
  artifactKey: Guid(ab3c8102c5e85074c88ef30e656e09b8) Importer(815301076,1909f56bfc062723c751e8b465ee728b)
Start importing Assets/Space Exploration/Icons/venus-128.png using Guid(ab3c8102c5e85074c88ef30e656e09b8) Importer(815301076,1909f56bfc062723c751e8b465ee728b) (PreviewImporter) -> (artifact id: '36b62c4e3aa6e6afdcbec83d811bb9a6') in 0.012277 seconds
Number of updated asset objects reloaded before import = 0Number of asset objects unloaded after import = 3

========================================================================
Received Import Request.
  Time since last request: 4.270839 seconds.
  path: Assets/Space Exploration/Button_Images/Source_Image_Sprites/large/extra-long-purple-large.png
  artifactKey: Guid(b9df8f59f41a3f84daec737746020532) Importer(815301076,1909f56bfc062723c751e8b465ee728b)
Start importing Assets/Space Exploration/Button_Images/Source_Image_Sprites/large/extra-long-purple-large.png using Guid(b9df8f59f41a3f84daec737746020532) Importer(815301076,1909f56bfc062723c751e8b465ee728b) (PreviewImporter) -> (artifact id: '4cfeaf8253baee930c587a14cc31d6af') in 0.0100417 seconds
Number of updated asset objects reloaded before import = 0Number of asset objects unloaded after import = 3

========================================================================
Received Import Request.
  Time since last request: 0.000014 seconds.
  path: Assets/Space Exploration/Button_Images/Source_Image_Sprites/large/large-purple-large.png
  artifactKey: Guid(40cbba651a6cfe54ea2cb7c3af40658c) Importer(815301076,1909f56bfc062723c751e8b465ee728b)
Start importing Assets/Space Exploration/Button_Images/Source_Image_Sprites/large/large-purple-large.png using Guid(40cbba651a6cfe54ea2cb7c3af40658c) Importer(815301076,1909f56bfc062723c751e8b465ee728b) (PreviewImporter) -> (artifact id: '895a0ca37d6c5026ec57c5129bbdaa8c') in 0.0117174 seconds
Number of updated asset objects reloaded before import = 0Number of asset objects unloaded after import = 3

========================================================================
Received Import Request.
  Time since last request: 0.000016 seconds.
  path: Assets/Space Exploration/Button_Images/Source_Image_Sprites/large/medium-purple-large.png
  artifactKey: Guid(d67ebfd57b57a4b4fb0e5b2ddd96ad5d) Importer(815301076,1909f56bfc062723c751e8b465ee728b)
Start importing Assets/Space Exploration/Button_Images/Source_Image_Sprites/large/medium-purple-large.png using Guid(d67ebfd57b57a4b4fb0e5b2ddd96ad5d) Importer(815301076,1909f56bfc062723c751e8b465ee728b) (PreviewImporter) -> (artifact id: 'cb8806b37349e44fceac0c0ce318516c') in 0.0116842 seconds
Number of updated asset objects reloaded before import = 0Number of asset objects unloaded after import = 3

========================================================================
Received Import Request.
  Time since last request: 0.000017 seconds.
  path: Assets/Space Exploration/Button_Images/Source_Image_Sprites/large/short-yellow-large.png
  artifactKey: Guid(4d1150592cd6a834f84dc679f7cc237e) Importer(815301076,1909f56bfc062723c751e8b465ee728b)
Start importing Assets/Space Exploration/Button_Images/Source_Image_Sprites/large/short-yellow-large.png using Guid(4d1150592cd6a834f84dc679f7cc237e) Importer(815301076,1909f56bfc062723c751e8b465ee728b) (PreviewImporter) -> (artifact id: '9f598a9cdf4af44aeaedf42c92259ef0') in 0.0128496 seconds
Number of updated asset objects reloaded before import = 0Number of asset objects unloaded after import = 3

========================================================================
Received Import Request.
  Time since last request: 11.902338 seconds.
  path: Assets/Space Exploration/Picto_Icons/Light_Purple/next-128.png
  artifactKey: Guid(e496b03b8226caa4caecc9a8187aa0e2) Importer(815301076,1909f56bfc062723c751e8b465ee728b)
Start importing Assets/Space Exploration/Picto_Icons/Light_Purple/next-128.png using Guid(e496b03b8226caa4caecc9a8187aa0e2) Importer(815301076,1909f56bfc062723c751e8b465ee728b) (PreviewImporter) -> (artifact id: '072c2a818d4b6473fe74c7eae98f9007') in 0.0098577 seconds
Number of updated asset objects reloaded before import = 0Number of asset objects unloaded after import = 3

========================================================================
Received Import Request.
  Time since last request: 0.000016 seconds.
  path: Assets/Space Exploration/Picto_Icons/Light_Purple/no-wifi-128.png
  artifactKey: Guid(48fb2879b8356f04380e23ab27d69469) Importer(815301076,1909f56bfc062723c751e8b465ee728b)
Start importing Assets/Space Exploration/Picto_Icons/Light_Purple/no-wifi-128.png using Guid(48fb2879b8356f04380e23ab27d69469) Importer(815301076,1909f56bfc062723c751e8b465ee728b) (PreviewImporter) -> (artifact id: '49b36ae0c2f34121c53d781a45cb416a') in 0.0103677 seconds
Number of updated asset objects reloaded before import = 0Number of asset objects unloaded after import = 3

========================================================================
Received Import Request.
  Time since last request: 0.030087 seconds.
  path: Assets/Space Exploration/Picto_Icons/Light_Purple/page-128.png
  artifactKey: Guid(3074de4c4c414db40b875be638d98d4b) Importer(815301076,1909f56bfc062723c751e8b465ee728b)
Start importing Assets/Space Exploration/Picto_Icons/Light_Purple/page-128.png using Guid(3074de4c4c414db40b875be638d98d4b) Importer(815301076,1909f56bfc062723c751e8b465ee728b) (PreviewImporter) -> (artifact id: '16f67ff25513f926c3e9c685b8f67608') in 0.0138198 seconds
Number of updated asset objects reloaded before import = 0Number of asset objects unloaded after import = 3

========================================================================
Received Import Request.
  Time since last request: 0.000017 seconds.
  path: Assets/Space Exploration/Picto_Icons/Light_Purple/pencil-32.png
  artifactKey: Guid(4600c34eee7f10a4580350acd7387edf) Importer(815301076,1909f56bfc062723c751e8b465ee728b)
Start importing Assets/Space Exploration/Picto_Icons/Light_Purple/pencil-32.png using Guid(4600c34eee7f10a4580350acd7387edf) Importer(815301076,1909f56bfc062723c751e8b465ee728b) (PreviewImporter) -> (artifact id: '92849ae2473cb2eb1321da02362f4b55') in 0.0103032 seconds
Number of updated asset objects reloaded before import = 0Number of asset objects unloaded after import = 3

========================================================================
Received Import Request.
  Time since last request: 0.000017 seconds.
  path: Assets/Space Exploration/Picto_Icons/Light_Purple/pickaxe-32.png
  artifactKey: Guid(a173f2e3e1870db4cbdcbfe67dd716a6) Importer(815301076,1909f56bfc062723c751e8b465ee728b)
Start importing Assets/Space Exploration/Picto_Icons/Light_Purple/pickaxe-32.png using Guid(a173f2e3e1870db4cbdcbfe67dd716a6) Importer(815301076,1909f56bfc062723c751e8b465ee728b) (PreviewImporter) -> (artifact id: 'b7a543ab61a11e5b267f27a5a25dfb60') in 0.0101299 seconds
Number of updated asset objects reloaded before import = 0Number of asset objects unloaded after import = 3

========================================================================
Received Import Request.
  Time since last request: 0.000016 seconds.
  path: Assets/Space Exploration/Picto_Icons/Light_Purple/picture-64.png
  artifactKey: Guid(a5e2ef7ec859735499536f7c523ddb0d) Importer(815301076,1909f56bfc062723c751e8b465ee728b)
Start importing Assets/Space Exploration/Picto_Icons/Light_Purple/picture-64.png using Guid(a5e2ef7ec859735499536f7c523ddb0d) Importer(815301076,1909f56bfc062723c751e8b465ee728b) (PreviewImporter) -> (artifact id: 'bec726e6793b90c1a5f5db84f9f2ab3a') in 0.0100951 seconds
Number of updated asset objects reloaded before import = 0Number of asset objects unloaded after import = 3

========================================================================
Received Import Request.
  Time since last request: 0.019131 seconds.
  path: Assets/Space Exploration/Picto_Icons/Light_Purple/potion-128.png
  artifactKey: Guid(84502ffda58f3b04a8b256c7615571e8) Importer(815301076,1909f56bfc062723c751e8b465ee728b)
Start importing Assets/Space Exploration/Picto_Icons/Light_Purple/potion-128.png using Guid(84502ffda58f3b04a8b256c7615571e8) Importer(815301076,1909f56bfc062723c751e8b465ee728b) (PreviewImporter) -> (artifact id: 'd62782571382d2003d2ecf19cd084d3a') in 0.010075 seconds
Number of updated asset objects reloaded before import = 0Number of asset objects unloaded after import = 3

========================================================================
Received Import Request.
  Time since last request: 0.000016 seconds.
  path: Assets/Space Exploration/Picto_Icons/Light_Purple/power-256.png
  artifactKey: Guid(5d078e51a0d972d41b12e6c99e51929d) Importer(815301076,1909f56bfc062723c751e8b465ee728b)
Start importing Assets/Space Exploration/Picto_Icons/Light_Purple/power-256.png using Guid(5d078e51a0d972d41b12e6c99e51929d) Importer(815301076,1909f56bfc062723c751e8b465ee728b) (PreviewImporter) -> (artifact id: 'acf358b6d72dd35e8d8bdad872b502a9') in 0.0106901 seconds
Number of updated asset objects reloaded before import = 0Number of asset objects unloaded after import = 3

========================================================================
Received Import Request.
  Time since last request: 0.000014 seconds.
  path: Assets/Space Exploration/Picto_Icons/Light_Purple/ranking-128.png
  artifactKey: Guid(99b18e2d6a555ab41a5563e98524e5a8) Importer(815301076,1909f56bfc062723c751e8b465ee728b)
Start importing Assets/Space Exploration/Picto_Icons/Light_Purple/ranking-128.png using Guid(99b18e2d6a555ab41a5563e98524e5a8) Importer(815301076,1909f56bfc062723c751e8b465ee728b) (PreviewImporter) -> (artifact id: '36668da53f4d3fcac5b229f52fff4b0e') in 0.0101391 seconds
Number of updated asset objects reloaded before import = 0Number of asset objects unloaded after import = 3

========================================================================
Received Import Request.
  Time since last request: 0.007794 seconds.
  path: Assets/Space Exploration/Picto_Icons/Light_Purple/redo-64.png
  artifactKey: Guid(63dbd8341f43e2b4985522409d554fe2) Importer(815301076,1909f56bfc062723c751e8b465ee728b)
Start importing Assets/Space Exploration/Picto_Icons/Light_Purple/redo-64.png using Guid(63dbd8341f43e2b4985522409d554fe2) Importer(815301076,1909f56bfc062723c751e8b465ee728b) (PreviewImporter) -> (artifact id: '0cc057123772fc73c2c91e3028faefa4') in 0.0090522 seconds
Number of updated asset objects reloaded before import = 0Number of asset objects unloaded after import = 3

========================================================================
Received Import Request.
  Time since last request: 0.000015 seconds.
  path: Assets/Space Exploration/Picto_Icons/Light_Purple/right-256.png
  artifactKey: Guid(33a3ea65def0bf6438cb2f77ce074ee1) Importer(815301076,1909f56bfc062723c751e8b465ee728b)
Start importing Assets/Space Exploration/Picto_Icons/Light_Purple/right-256.png using Guid(33a3ea65def0bf6438cb2f77ce074ee1) Importer(815301076,1909f56bfc062723c751e8b465ee728b) (PreviewImporter) -> (artifact id: 'dcf08493eba38326f1436883c8772c87') in 0.0112266 seconds
Number of updated asset objects reloaded before import = 0Number of asset objects unloaded after import = 3

========================================================================
Received Import Request.
  Time since last request: 0.000020 seconds.
  path: Assets/Space Exploration/Picto_Icons/Light_Purple/ring-128.png
  artifactKey: Guid(a9c1d2cb88a358445a7543972f850c72) Importer(815301076,1909f56bfc062723c751e8b465ee728b)
Start importing Assets/Space Exploration/Picto_Icons/Light_Purple/ring-128.png using Guid(a9c1d2cb88a358445a7543972f850c72) Importer(815301076,1909f56bfc062723c751e8b465ee728b) (PreviewImporter) -> (artifact id: '4b328342ad05463b614871dab06cd06c') in 0.0110437 seconds
Number of updated asset objects reloaded before import = 0Number of asset objects unloaded after import = 3

========================================================================
Received Import Request.
  Time since last request: 1.007672 seconds.
  path: Assets/Space Exploration/Picto_Icons/Light_Purple/mic-off-64.png
  artifactKey: Guid(9f28a8ac21383b8449757483342ab4d6) Importer(815301076,1909f56bfc062723c751e8b465ee728b)
Start importing Assets/Space Exploration/Picto_Icons/Light_Purple/mic-off-64.png using Guid(9f28a8ac21383b8449757483342ab4d6) Importer(815301076,1909f56bfc062723c751e8b465ee728b) (PreviewImporter) -> (artifact id: '06aa11bbfb19b9a58b8df48299009785') in 0.0090161 seconds
Number of updated asset objects reloaded before import = 0Number of asset objects unloaded after import = 3

========================================================================
Received Import Request.
  Time since last request: 0.000018 seconds.
  path: Assets/Space Exploration/Picto_Icons/Light_Purple/mushroom-128.png
  artifactKey: Guid(e5d13b352d07ef34b8cc2e00a6e773b5) Importer(815301076,1909f56bfc062723c751e8b465ee728b)
Start importing Assets/Space Exploration/Picto_Icons/Light_Purple/mushroom-128.png using Guid(e5d13b352d07ef34b8cc2e00a6e773b5) Importer(815301076,1909f56bfc062723c751e8b465ee728b) (PreviewImporter) -> (artifact id: '122da0d27940afcb66ba526aa5e43892') in 0.0100316 seconds
Number of updated asset objects reloaded before import = 0Number of asset objects unloaded after import = 3

========================================================================
Received Import Request.
  Time since last request: 0.000024 seconds.
  path: Assets/Space Exploration/Picto_Icons/Light_Purple/music-off-256.png
  artifactKey: Guid(e1ada43c1703b1045812f41f3a717300) Importer(815301076,1909f56bfc062723c751e8b465ee728b)
Start importing Assets/Space Exploration/Picto_Icons/Light_Purple/music-off-256.png using Guid(e1ada43c1703b1045812f41f3a717300) Importer(815301076,1909f56bfc062723c751e8b465ee728b) (PreviewImporter) -> (artifact id: 'e796aba6cbbf266c6091000ecd2fbedc') in 0.0110791 seconds
Number of updated asset objects reloaded before import = 0Number of asset objects unloaded after import = 3

========================================================================
Received Import Request.
  Time since last request: 0.939452 seconds.
  path: Assets/Space Exploration/Picto_Icons/Light_Purple/rocket-128.png
  artifactKey: Guid(bd702d421476c99478c9c64a3e51ba5a) Importer(815301076,1909f56bfc062723c751e8b465ee728b)
Start importing Assets/Space Exploration/Picto_Icons/Light_Purple/rocket-128.png using Guid(bd702d421476c99478c9c64a3e51ba5a) Importer(815301076,1909f56bfc062723c751e8b465ee728b) (PreviewImporter) -> (artifact id: 'e8b4d8c97ce8e3e1ac4d5983cda97b2f') in 0.0105496 seconds
Number of updated asset objects reloaded before import = 0Number of asset objects unloaded after import = 3

========================================================================
Received Import Request.
  Time since last request: 0.000014 seconds.
  path: Assets/Space Exploration/Picto_Icons/Light_Purple/send-32.png
  artifactKey: Guid(c0c79e5e0a725c94bad07a45df3060c6) Importer(815301076,1909f56bfc062723c751e8b465ee728b)
Start importing Assets/Space Exploration/Picto_Icons/Light_Purple/send-32.png using Guid(c0c79e5e0a725c94bad07a45df3060c6) Importer(815301076,1909f56bfc062723c751e8b465ee728b) (PreviewImporter) -> (artifact id: '4f6c3df34c3db4d1ff8acdac634fddbb') in 0.0116598 seconds
Number of updated asset objects reloaded before import = 0Number of asset objects unloaded after import = 3

========================================================================
Received Import Request.
  Time since last request: 0.031124 seconds.
  path: Assets/Space Exploration/Picto_Icons/Light_Purple/settings-128.png
  artifactKey: Guid(c8030940d2df01a418026f24fb6a9e84) Importer(815301076,1909f56bfc062723c751e8b465ee728b)
Start importing Assets/Space Exploration/Picto_Icons/Light_Purple/settings-128.png using Guid(c8030940d2df01a418026f24fb6a9e84) Importer(815301076,1909f56bfc062723c751e8b465ee728b) (PreviewImporter) -> (artifact id: 'cc4bdebbe2e3d7fd47b7ff36e8a9b14c') in 0.0111713 seconds
Number of updated asset objects reloaded before import = 0Number of asset objects unloaded after import = 3

========================================================================
Received Import Request.
  Time since last request: 2.815046 seconds.
  path: Assets/Space Exploration/Picto_Icons/Light_Purple/share-256.png
  artifactKey: Guid(12c35fd25d7c96040b300951717cfb62) Importer(815301076,1909f56bfc062723c751e8b465ee728b)
Start importing Assets/Space Exploration/Picto_Icons/Light_Purple/share-256.png using Guid(12c35fd25d7c96040b300951717cfb62) Importer(815301076,1909f56bfc062723c751e8b465ee728b) (PreviewImporter) -> (artifact id: 'f5a84067c4cae32c2c934f406ba0c91e') in 0.0105106 seconds
Number of updated asset objects reloaded before import = 0Number of asset objects unloaded after import = 3

========================================================================
Received Import Request.
  Time since last request: 0.000016 seconds.
  path: Assets/Space Exploration/Picto_Icons/Light_Purple/shop-64.png
  artifactKey: Guid(c46d3b6b665153e4d899c3012130d849) Importer(815301076,1909f56bfc062723c751e8b465ee728b)
Start importing Assets/Space Exploration/Picto_Icons/Light_Purple/shop-64.png using Guid(c46d3b6b665153e4d899c3012130d849) Importer(815301076,1909f56bfc062723c751e8b465ee728b) (PreviewImporter) -> (artifact id: '2f01e48a1bea3c4cabf93e7c71851077') in 0.0102585 seconds
Number of updated asset objects reloaded before import = 0Number of asset objects unloaded after import = 3

========================================================================
Received Import Request.
  Time since last request: 0.000017 seconds.
  path: Assets/Space Exploration/Picto_Icons/Light_Purple/shuffle-arrow-32.png
  artifactKey: Guid(772c59afe348e9e4eb78b43b0979b03f) Importer(815301076,1909f56bfc062723c751e8b465ee728b)
Start importing Assets/Space Exploration/Picto_Icons/Light_Purple/shuffle-arrow-32.png using Guid(772c59afe348e9e4eb78b43b0979b03f) Importer(815301076,1909f56bfc062723c751e8b465ee728b) (PreviewImporter) -> (artifact id: '43fe940442aa8012d636cb4115c7c4fb') in 0.010667 seconds
Number of updated asset objects reloaded before import = 0Number of asset objects unloaded after import = 3

========================================================================
Received Import Request.
  Time since last request: 2.179499 seconds.
  path: Assets/Space Exploration/Picto_Icons/Light_Purple/skull-32.png
  artifactKey: Guid(c41030ab1cc0193438f466d48313beee) Importer(815301076,1909f56bfc062723c751e8b465ee728b)
Start importing Assets/Space Exploration/Picto_Icons/Light_Purple/skull-32.png using Guid(c41030ab1cc0193438f466d48313beee) Importer(815301076,1909f56bfc062723c751e8b465ee728b) (PreviewImporter) -> (artifact id: 'dbf0b0e76eb8374121b754832440da07') in 0.0098979 seconds
Number of updated asset objects reloaded before import = 0Number of asset objects unloaded after import = 3

========================================================================
Received Import Request.
  Time since last request: 0.000016 seconds.
  path: Assets/Space Exploration/Picto_Icons/Light_Purple/snowflake-64.png
  artifactKey: Guid(ecd1684923a58a340b7e5a5ee4b5cb03) Importer(815301076,1909f56bfc062723c751e8b465ee728b)
Start importing Assets/Space Exploration/Picto_Icons/Light_Purple/snowflake-64.png using Guid(ecd1684923a58a340b7e5a5ee4b5cb03) Importer(815301076,1909f56bfc062723c751e8b465ee728b) (PreviewImporter) -> (artifact id: 'fa35f1079fa37a0431e9b00628e59d6b') in 0.0098593 seconds
Number of updated asset objects reloaded before import = 0Number of asset objects unloaded after import = 3

========================================================================
Received Import Request.
  Time since last request: 0.000017 seconds.
  path: Assets/Space Exploration/Picto_Icons/Light_Purple/sound-32.png
  artifactKey: Guid(ea37a929785fc104b98cc1d54a1853b1) Importer(815301076,1909f56bfc062723c751e8b465ee728b)
Start importing Assets/Space Exploration/Picto_Icons/Light_Purple/sound-32.png using Guid(ea37a929785fc104b98cc1d54a1853b1) Importer(815301076,1909f56bfc062723c751e8b465ee728b) (PreviewImporter) -> (artifact id: 'ba82f84599f2a4c33eed127e0330b757') in 0.0099659 seconds
Number of updated asset objects reloaded before import = 0Number of asset objects unloaded after import = 3

========================================================================
Received Import Request.
  Time since last request: 0.417350 seconds.
  path: Assets/Space Exploration/Picto_Icons/Light_Purple/sound-off-64.png
  artifactKey: Guid(2f29ca52f61fd8e40905670edce15d65) Importer(815301076,1909f56bfc062723c751e8b465ee728b)
Start importing Assets/Space Exploration/Picto_Icons/Light_Purple/sound-off-64.png using Guid(2f29ca52f61fd8e40905670edce15d65) Importer(815301076,1909f56bfc062723c751e8b465ee728b) (PreviewImporter) -> (artifact id: '501ba17ed5aa6e5b6d872fabdc5ea9b2') in 0.0094809 seconds
Number of updated asset objects reloaded before import = 0Number of asset objects unloaded after import = 3

========================================================================
Received Import Request.
  Time since last request: 0.000017 seconds.
  path: Assets/Space Exploration/Picto_Icons/Light_Purple/star-32.png
  artifactKey: Guid(993504197c58cdf4f88c5b69bdf44737) Importer(815301076,1909f56bfc062723c751e8b465ee728b)
Start importing Assets/Space Exploration/Picto_Icons/Light_Purple/star-32.png using Guid(993504197c58cdf4f88c5b69bdf44737) Importer(815301076,1909f56bfc062723c751e8b465ee728b) (PreviewImporter) -> (artifact id: '0696e3d38ae4f5d4c7d4280a4f660e58') in 0.0091951 seconds
Number of updated asset objects reloaded before import = 0Number of asset objects unloaded after import = 3

========================================================================
Received Import Request.
  Time since last request: 0.000017 seconds.
  path: Assets/Space Exploration/Picto_Icons/Light_Purple/stop-256.png
  artifactKey: Guid(ee1dcebac7e0aaf4187814ec58250f38) Importer(815301076,1909f56bfc062723c751e8b465ee728b)
Start importing Assets/Space Exploration/Picto_Icons/Light_Purple/stop-256.png using Guid(ee1dcebac7e0aaf4187814ec58250f38) Importer(815301076,1909f56bfc062723c751e8b465ee728b) (PreviewImporter) -> (artifact id: '64f0875bf2a63ef0b7845a1552a5e18e') in 0.0106545 seconds
Number of updated asset objects reloaded before import = 0Number of asset objects unloaded after import = 3

========================================================================
Received Import Request.
  Time since last request: 0.401743 seconds.
  path: Assets/Space Exploration/Picto_Icons/Light_Purple/sun-128.png
  artifactKey: Guid(18cf2fd52c01be94b8b6174e8c67dd61) Importer(815301076,1909f56bfc062723c751e8b465ee728b)
Start importing Assets/Space Exploration/Picto_Icons/Light_Purple/sun-128.png using Guid(18cf2fd52c01be94b8b6174e8c67dd61) Importer(815301076,1909f56bfc062723c751e8b465ee728b) (PreviewImporter) -> (artifact id: '8a338705b76dfe0dc1f17cc89ace922d') in 0.0105803 seconds
Number of updated asset objects reloaded before import = 0Number of asset objects unloaded after import = 3

========================================================================
Received Import Request.
  Time since last request: 0.000016 seconds.
  path: Assets/Space Exploration/Picto_Icons/Light_Purple/telescope-64.png
  artifactKey: Guid(18d87431e66962e41b6c23ccc39ee7a8) Importer(815301076,1909f56bfc062723c751e8b465ee728b)
Start importing Assets/Space Exploration/Picto_Icons/Light_Purple/telescope-64.png using Guid(18d87431e66962e41b6c23ccc39ee7a8) Importer(815301076,1909f56bfc062723c751e8b465ee728b) (PreviewImporter) -> (artifact id: 'eb899591638e8553a26e98336b856e3d') in 0.0099235 seconds
Number of updated asset objects reloaded before import = 0Number of asset objects unloaded after import = 3

========================================================================
Received Import Request.
  Time since last request: 0.000018 seconds.
  path: Assets/Space Exploration/Picto_Icons/Light_Purple/trophy-2-32.png
  artifactKey: Guid(8e23e4a6cce88384db6da219f4917e4e) Importer(815301076,1909f56bfc062723c751e8b465ee728b)
Start importing Assets/Space Exploration/Picto_Icons/Light_Purple/trophy-2-32.png using Guid(8e23e4a6cce88384db6da219f4917e4e) Importer(815301076,1909f56bfc062723c751e8b465ee728b) (PreviewImporter) -> (artifact id: '7e831c7734756597e04572b7ea7e55b2') in 0.008983 seconds
Number of updated asset objects reloaded before import = 0Number of asset objects unloaded after import = 3

========================================================================
Received Import Request.
  Time since last request: 0.000023 seconds.
  path: Assets/Space Exploration/Picto_Icons/Light_Purple/trophy-128.png
  artifactKey: Guid(c1be7543c2dc26d43af562e1b3a6c676) Importer(815301076,1909f56bfc062723c751e8b465ee728b)
Start importing Assets/Space Exploration/Picto_Icons/Light_Purple/trophy-128.png using Guid(c1be7543c2dc26d43af562e1b3a6c676) Importer(815301076,1909f56bfc062723c751e8b465ee728b) (PreviewImporter) -> (artifact id: '79a9bf3f71cc035a361117fa9ac8a92d') in 0.0101267 seconds
Number of updated asset objects reloaded before import = 0Number of asset objects unloaded after import = 3

========================================================================
Received Import Request.
  Time since last request: 0.000017 seconds.
  path: Assets/Space Exploration/Picto_Icons/Light_Purple/ufo-128.png
  artifactKey: Guid(8ee21fd6ebbda1d4dad473ea3bacda5d) Importer(815301076,1909f56bfc062723c751e8b465ee728b)
Start importing Assets/Space Exploration/Picto_Icons/Light_Purple/ufo-128.png using Guid(8ee21fd6ebbda1d4dad473ea3bacda5d) Importer(815301076,1909f56bfc062723c751e8b465ee728b) (PreviewImporter) -> (artifact id: '6a2737899184927efb72a43912d08d90') in 0.0118566 seconds
Number of updated asset objects reloaded before import = 0Number of asset objects unloaded after import = 3

========================================================================
Received Import Request.
  Time since last request: 0.377285 seconds.
  path: Assets/Space Exploration/Picto_Icons/Light_Purple/up-arrow-32.png
  artifactKey: Guid(228b86a77d056104ebb466abaa18debb) Importer(815301076,1909f56bfc062723c751e8b465ee728b)
Start importing Assets/Space Exploration/Picto_Icons/Light_Purple/up-arrow-32.png using Guid(228b86a77d056104ebb466abaa18debb) Importer(815301076,1909f56bfc062723c751e8b465ee728b) (PreviewImporter) -> (artifact id: '22b627427eafb7425e97113d4db70649') in 0.0091707 seconds
Number of updated asset objects reloaded before import = 0Number of asset objects unloaded after import = 3

========================================================================
Received Import Request.
  Time since last request: 0.000014 seconds.
  path: Assets/Space Exploration/Picto_Icons/Light_Purple/upload-128.png
  artifactKey: Guid(f60c5021490c7ba449a58a9cabcf86d9) Importer(815301076,1909f56bfc062723c751e8b465ee728b)
Start importing Assets/Space Exploration/Picto_Icons/Light_Purple/upload-128.png using Guid(f60c5021490c7ba449a58a9cabcf86d9) Importer(815301076,1909f56bfc062723c751e8b465ee728b) (PreviewImporter) -> (artifact id: '9eb044299fb9afd6a0d2b72daf9a57b6') in 0.0105759 seconds
Number of updated asset objects reloaded before import = 0Number of asset objects unloaded after import = 3

========================================================================
Received Import Request.
  Time since last request: 0.000017 seconds.
  path: Assets/Space Exploration/Picto_Icons/Light_Purple/wifi-32.png
  artifactKey: Guid(2864e87de11c06744a91e0aacc5d1520) Importer(815301076,1909f56bfc062723c751e8b465ee728b)
Start importing Assets/Space Exploration/Picto_Icons/Light_Purple/wifi-32.png using Guid(2864e87de11c06744a91e0aacc5d1520) Importer(815301076,1909f56bfc062723c751e8b465ee728b) (PreviewImporter) -> (artifact id: '1d97da6301b7bf674b11f1e63969c285') in 0.0146847 seconds
Number of updated asset objects reloaded before import = 0Number of asset objects unloaded after import = 3

========================================================================
Received Import Request.
  Time since last request: 0.429470 seconds.
  path: Assets/Space Exploration/Picto_Icons/Light_Purple/wrench-64.png
  artifactKey: Guid(35692cc3d67195947b6e9de1ee8e7b4d) Importer(815301076,1909f56bfc062723c751e8b465ee728b)
Start importing Assets/Space Exploration/Picto_Icons/Light_Purple/wrench-64.png using Guid(35692cc3d67195947b6e9de1ee8e7b4d) Importer(815301076,1909f56bfc062723c751e8b465ee728b) (PreviewImporter) -> (artifact id: '73e3df99c6ed737772792d98cbd5eb96') in 0.0093682 seconds
Number of updated asset objects reloaded before import = 0Number of asset objects unloaded after import = 3

========================================================================
Received Import Request.
  Time since last request: 0.000016 seconds.
  path: Assets/Space Exploration/Picto_Icons/Light_Purple/zoom-in-128.png
  artifactKey: Guid(e4e01075baf6502469a5540b510ab055) Importer(815301076,1909f56bfc062723c751e8b465ee728b)
Start importing Assets/Space Exploration/Picto_Icons/Light_Purple/zoom-in-128.png using Guid(e4e01075baf6502469a5540b510ab055) Importer(815301076,1909f56bfc062723c751e8b465ee728b) (PreviewImporter) -> (artifact id: '9c399767cd169dd6e748e3c449600e8f') in 0.0112527 seconds
Number of updated asset objects reloaded before import = 0Number of asset objects unloaded after import = 3

========================================================================
Received Import Request.
  Time since last request: 6.228092 seconds.
  path: Assets/Space Exploration/Picto_Icons/Light_Purple/meat-32.png
  artifactKey: Guid(7b9327abfa64214499a78fe6893dbd3d) Importer(815301076,1909f56bfc062723c751e8b465ee728b)
Start importing Assets/Space Exploration/Picto_Icons/Light_Purple/meat-32.png using Guid(7b9327abfa64214499a78fe6893dbd3d) Importer(815301076,1909f56bfc062723c751e8b465ee728b) (PreviewImporter) -> (artifact id: '5601edb085afcbfc72cad0fdc4cbaafe') in 0.0097919 seconds
Number of updated asset objects reloaded before import = 0Number of asset objects unloaded after import = 3

========================================================================
Received Import Request.
  Time since last request: 0.000019 seconds.
  path: Assets/Space Exploration/Picto_Icons/Light_Purple/megaphone-128.png
  artifactKey: Guid(0efed8dd24787a542bc43e4ae79e3fe5) Importer(815301076,1909f56bfc062723c751e8b465ee728b)
Start importing Assets/Space Exploration/Picto_Icons/Light_Purple/megaphone-128.png using Guid(0efed8dd24787a542bc43e4ae79e3fe5) Importer(815301076,1909f56bfc062723c751e8b465ee728b) (PreviewImporter) -> (artifact id: 'bfcd7efbd47a0ea41c513956c66733f1') in 0.0105068 seconds
Number of updated asset objects reloaded before import = 0Number of asset objects unloaded after import = 3

========================================================================
Received Import Request.
  Time since last request: 0.000028 seconds.
  path: Assets/Space Exploration/Picto_Icons/Light_Purple/menu-256.png
  artifactKey: Guid(cbd3ff3550a25b944ab3ec5f15d69b76) Importer(815301076,1909f56bfc062723c751e8b465ee728b)
Start importing Assets/Space Exploration/Picto_Icons/Light_Purple/menu-256.png using Guid(cbd3ff3550a25b944ab3ec5f15d69b76) Importer(815301076,1909f56bfc062723c751e8b465ee728b) (PreviewImporter) -> (artifact id: 'd7c9ff01ff7e4f01f3eb14e0f3af7a5e') in 0.0095411 seconds
Number of updated asset objects reloaded before import = 0Number of asset objects unloaded after import = 3

========================================================================
Received Import Request.
  Time since last request: 0.513526 seconds.
  path: Assets/Space Exploration/Picto_Icons/Light_Purple/location-256.png
  artifactKey: Guid(00c9fb804af89694daca2d94618644e6) Importer(815301076,1909f56bfc062723c751e8b465ee728b)
Start importing Assets/Space Exploration/Picto_Icons/Light_Purple/location-256.png using Guid(00c9fb804af89694daca2d94618644e6) Importer(815301076,1909f56bfc062723c751e8b465ee728b) (PreviewImporter) -> (artifact id: 'cc0df07521c2992de0588c067577f7b4') in 0.0096634 seconds
Number of updated asset objects reloaded before import = 0Number of asset objects unloaded after import = 3

========================================================================
Received Import Request.
  Time since last request: 0.000017 seconds.
  path: Assets/Space Exploration/Picto_Icons/Light_Purple/magnifying-64.png
  artifactKey: Guid(8e88391a83a804b498f2094a14dde4e6) Importer(815301076,1909f56bfc062723c751e8b465ee728b)
Start importing Assets/Space Exploration/Picto_Icons/Light_Purple/magnifying-64.png using Guid(8e88391a83a804b498f2094a14dde4e6) Importer(815301076,1909f56bfc062723c751e8b465ee728b) (PreviewImporter) -> (artifact id: 'a5d01fb151f2115ea7ad265b433d7d69') in 0.0093955 seconds
Number of updated asset objects reloaded before import = 0Number of asset objects unloaded after import = 3

========================================================================
Received Import Request.
  Time since last request: 0.000017 seconds.
  path: Assets/Space Exploration/Picto_Icons/Light_Purple/mail-256.png
  artifactKey: Guid(60868111040f35f4da51493fda9cc60d) Importer(815301076,1909f56bfc062723c751e8b465ee728b)
Start importing Assets/Space Exploration/Picto_Icons/Light_Purple/mail-256.png using Guid(60868111040f35f4da51493fda9cc60d) Importer(815301076,1909f56bfc062723c751e8b465ee728b) (PreviewImporter) -> (artifact id: 'ef53fee6d7d1a1ec26d09898d40b25f0') in 0.0103348 seconds
Number of updated asset objects reloaded before import = 0Number of asset objects unloaded after import = 3

========================================================================
Received Import Request.
  Time since last request: 0.333120 seconds.
  path: Assets/Space Exploration/Picto_Icons/Light_Purple/leaf-128.png
  artifactKey: Guid(265c0dfc667338443838c3ec8e9d8f5e) Importer(815301076,1909f56bfc062723c751e8b465ee728b)
Start importing Assets/Space Exploration/Picto_Icons/Light_Purple/leaf-128.png using Guid(265c0dfc667338443838c3ec8e9d8f5e) Importer(815301076,1909f56bfc062723c751e8b465ee728b) (PreviewImporter) -> (artifact id: 'ae83e4d98dcf8cc9f4f8e782ba9fd979') in 0.0110909 seconds
Number of updated asset objects reloaded before import = 0Number of asset objects unloaded after import = 3

========================================================================
Received Import Request.
  Time since last request: 0.000016 seconds.
  path: Assets/Space Exploration/Picto_Icons/Light_Purple/like-32.png
  artifactKey: Guid(5433f9a684427784db0fffad3d61ae8e) Importer(815301076,1909f56bfc062723c751e8b465ee728b)
Start importing Assets/Space Exploration/Picto_Icons/Light_Purple/like-32.png using Guid(5433f9a684427784db0fffad3d61ae8e) Importer(815301076,1909f56bfc062723c751e8b465ee728b) (PreviewImporter) -> (artifact id: 'b4c2e05b7f6fbef76896345b824ea7ca') in 0.0096041 seconds
Number of updated asset objects reloaded before import = 0Number of asset objects unloaded after import = 3

========================================================================
Received Import Request.
  Time since last request: 0.000016 seconds.
  path: Assets/Space Exploration/Picto_Icons/Light_Purple/link-256.png
  artifactKey: Guid(fa0989260b9a10a49998b192d40a1ada) Importer(815301076,1909f56bfc062723c751e8b465ee728b)
Start importing Assets/Space Exploration/Picto_Icons/Light_Purple/link-256.png using Guid(fa0989260b9a10a49998b192d40a1ada) Importer(815301076,1909f56bfc062723c751e8b465ee728b) (PreviewImporter) -> (artifact id: 'a8ad1f070598ffa584d31b483815df2c') in 0.0103359 seconds
Number of updated asset objects reloaded before import = 0Number of asset objects unloaded after import = 3

========================================================================
Received Import Request.
  Time since last request: 0.258379 seconds.
  path: Assets/Space Exploration/Picto_Icons/Light_Purple/home-64.png
  artifactKey: Guid(fcf0fa7a2c025f34db11f3f3febd5554) Importer(815301076,1909f56bfc062723c751e8b465ee728b)
Start importing Assets/Space Exploration/Picto_Icons/Light_Purple/home-64.png using Guid(fcf0fa7a2c025f34db11f3f3febd5554) Importer(815301076,1909f56bfc062723c751e8b465ee728b) (PreviewImporter) -> (artifact id: 'b2d42efed6876f525c3836ff735fde73') in 0.009524 seconds
Number of updated asset objects reloaded before import = 0Number of asset objects unloaded after import = 3

========================================================================
Received Import Request.
  Time since last request: 0.000017 seconds.
  path: Assets/Space Exploration/Picto_Icons/Light_Purple/hourglass-256.png
  artifactKey: Guid(f0d3f43ac4fd4444fb5eede2fd210a8a) Importer(815301076,1909f56bfc062723c751e8b465ee728b)
Start importing Assets/Space Exploration/Picto_Icons/Light_Purple/hourglass-256.png using Guid(f0d3f43ac4fd4444fb5eede2fd210a8a) Importer(815301076,1909f56bfc062723c751e8b465ee728b) (PreviewImporter) -> (artifact id: '1c192b6e644455f8682619c8fd809739') in 0.0110831 seconds
Number of updated asset objects reloaded before import = 0Number of asset objects unloaded after import = 3

========================================================================
Received Import Request.
  Time since last request: 0.035160 seconds.
  path: Assets/Space Exploration/Picto_Icons/Light_Purple/key-128.png
  artifactKey: Guid(50052dd2f536e63429401d2fa82b732c) Importer(815301076,1909f56bfc062723c751e8b465ee728b)
Start importing Assets/Space Exploration/Picto_Icons/Light_Purple/key-128.png using Guid(50052dd2f536e63429401d2fa82b732c) Importer(815301076,1909f56bfc062723c751e8b465ee728b) (PreviewImporter) -> (artifact id: 'b51bb0525f1b2bc180e461f0150b27f9') in 0.0108786 seconds
Number of updated asset objects reloaded before import = 0Number of asset objects unloaded after import = 3

========================================================================
Received Import Request.
  Time since last request: 0.493564 seconds.
  path: Assets/Space Exploration/Picto_Icons/Light_Purple/full-moon-32.png
  artifactKey: Guid(35f3a288ffa8f6347a186c0f90dd20e8) Importer(815301076,1909f56bfc062723c751e8b465ee728b)
Start importing Assets/Space Exploration/Picto_Icons/Light_Purple/full-moon-32.png using Guid(35f3a288ffa8f6347a186c0f90dd20e8) Importer(815301076,1909f56bfc062723c751e8b465ee728b) (PreviewImporter) -> (artifact id: 'a5994e879ff02ef37f37d822b1d5c2bd') in 0.0095592 seconds
Number of updated asset objects reloaded before import = 0Number of asset objects unloaded after import = 3

========================================================================
Received Import Request.
  Time since last request: 0.000015 seconds.
  path: Assets/Space Exploration/Picto_Icons/Light_Purple/gun-64.png
  artifactKey: Guid(aff9fea0cebfb8942929961627dbcfcb) Importer(815301076,1909f56bfc062723c751e8b465ee728b)
Start importing Assets/Space Exploration/Picto_Icons/Light_Purple/gun-64.png using Guid(aff9fea0cebfb8942929961627dbcfcb) Importer(815301076,1909f56bfc062723c751e8b465ee728b) (PreviewImporter) -> (artifact id: '0841bae83b32e3f3f7c3355bc0e898c4') in 0.0103291 seconds
Number of updated asset objects reloaded before import = 0Number of asset objects unloaded after import = 3

========================================================================
Received Import Request.
  Time since last request: 0.000015 seconds.
  path: Assets/Space Exploration/Picto_Icons/Light_Purple/heart-64.png
  artifactKey: Guid(83f6fae6f4840194a85c81439c98c219) Importer(815301076,1909f56bfc062723c751e8b465ee728b)
Start importing Assets/Space Exploration/Picto_Icons/Light_Purple/heart-64.png using Guid(83f6fae6f4840194a85c81439c98c219) Importer(815301076,1909f56bfc062723c751e8b465ee728b) (PreviewImporter) -> (artifact id: 'aa589af423e59ed2e985ea2124db11a2') in 0.0101502 seconds
Number of updated asset objects reloaded before import = 0Number of asset objects unloaded after import = 3

========================================================================
Received Import Request.
  Time since last request: 2.216749 seconds.
  path: Assets/Space Exploration/Picto_Icons/Light_Purple/eat-256.png
  artifactKey: Guid(540337ce8a24a87419a4568dd27e068c) Importer(815301076,1909f56bfc062723c751e8b465ee728b)
Start importing Assets/Space Exploration/Picto_Icons/Light_Purple/eat-256.png using Guid(540337ce8a24a87419a4568dd27e068c) Importer(815301076,1909f56bfc062723c751e8b465ee728b) (PreviewImporter) -> (artifact id: '26ac2b9975ceaa507fbe5ad83afe2a4a') in 0.0111251 seconds
Number of updated asset objects reloaded before import = 0Number of asset objects unloaded after import = 3

========================================================================
Received Import Request.
  Time since last request: 0.000017 seconds.
  path: Assets/Space Exploration/Picto_Icons/Light_Purple/expand-32.png
  artifactKey: Guid(8d656b9afe527ee4ab6c37a17bc6bfb1) Importer(815301076,1909f56bfc062723c751e8b465ee728b)
Start importing Assets/Space Exploration/Picto_Icons/Light_Purple/expand-32.png using Guid(8d656b9afe527ee4ab6c37a17bc6bfb1) Importer(815301076,1909f56bfc062723c751e8b465ee728b) (PreviewImporter) -> (artifact id: '9e1a580f3c6a66729a657fcd979e5dee') in 0.0099721 seconds
Number of updated asset objects reloaded before import = 0Number of asset objects unloaded after import = 3

========================================================================
Received Import Request.
  Time since last request: 0.000034 seconds.
  path: Assets/Space Exploration/Picto_Icons/Light_Purple/flame-64.png
  artifactKey: Guid(4626f195fa47f47439bea2b70677668f) Importer(815301076,1909f56bfc062723c751e8b465ee728b)
Start importing Assets/Space Exploration/Picto_Icons/Light_Purple/flame-64.png using Guid(4626f195fa47f47439bea2b70677668f) Importer(815301076,1909f56bfc062723c751e8b465ee728b) (PreviewImporter) -> (artifact id: '702645185cce8760ba7cfc8d01a24212') in 0.0098957 seconds
Number of updated asset objects reloaded before import = 0Number of asset objects unloaded after import = 3

========================================================================
Received Import Request.
  Time since last request: 0.736869 seconds.
  path: Assets/Space Exploration/Picto_Icons/Light_Purple/dislike-128.png
  artifactKey: Guid(232ffc2e48234c94483560dd492d8a0a) Importer(815301076,1909f56bfc062723c751e8b465ee728b)
Start importing Assets/Space Exploration/Picto_Icons/Light_Purple/dislike-128.png using Guid(232ffc2e48234c94483560dd492d8a0a) Importer(815301076,1909f56bfc062723c751e8b465ee728b) (PreviewImporter) -> (artifact id: '75f136a0e8affa2ea44afa38ef7faf9d') in 0.0104477 seconds
Number of updated asset objects reloaded before import = 0Number of asset objects unloaded after import = 3

========================================================================
Received Import Request.
  Time since last request: 0.000019 seconds.
  path: Assets/Space Exploration/Picto_Icons/Light_Purple/down-arrow-32.png
  artifactKey: Guid(9d63907fc103e9c499e5912ce626d286) Importer(815301076,1909f56bfc062723c751e8b465ee728b)
Start importing Assets/Space Exploration/Picto_Icons/Light_Purple/down-arrow-32.png using Guid(9d63907fc103e9c499e5912ce626d286) Importer(815301076,1909f56bfc062723c751e8b465ee728b) (PreviewImporter) -> (artifact id: 'fa358924b12e24eb038613f52bf773c4') in 0.0097193 seconds
Number of updated asset objects reloaded before import = 0Number of asset objects unloaded after import = 3

========================================================================
Received Import Request.
  Time since last request: 0.000029 seconds.
  path: Assets/Space Exploration/Picto_Icons/Light_Purple/download-256.png
  artifactKey: Guid(be6d16b38221dc243933fa4b3b68d0e7) Importer(815301076,1909f56bfc062723c751e8b465ee728b)
Start importing Assets/Space Exploration/Picto_Icons/Light_Purple/download-256.png using Guid(be6d16b38221dc243933fa4b3b68d0e7) Importer(815301076,1909f56bfc062723c751e8b465ee728b) (PreviewImporter) -> (artifact id: '532ad98474dec9f918b0df8c3a919810') in 0.0104782 seconds
Number of updated asset objects reloaded before import = 0Number of asset objects unloaded after import = 3

========================================================================
Received Import Request.
  Time since last request: 0.274579 seconds.
  path: Assets/Space Exploration/Picto_Icons/Light_Purple/crescent-moon-64.png
  artifactKey: Guid(a0d823ceb47659c418bcf0ef74879db8) Importer(815301076,1909f56bfc062723c751e8b465ee728b)
Start importing Assets/Space Exploration/Picto_Icons/Light_Purple/crescent-moon-64.png using Guid(a0d823ceb47659c418bcf0ef74879db8) Importer(815301076,1909f56bfc062723c751e8b465ee728b) (PreviewImporter) -> (artifact id: '796c284e13a227e93d881f3364cf8834') in 0.0093586 seconds
Number of updated asset objects reloaded before import = 0Number of asset objects unloaded after import = 3

========================================================================
Received Import Request.
  Time since last request: 0.000018 seconds.
  path: Assets/Space Exploration/Picto_Icons/Light_Purple/cross-128.png
  artifactKey: Guid(9e4639ed117ea1543983c2d531a5a969) Importer(815301076,1909f56bfc062723c751e8b465ee728b)
Start importing Assets/Space Exploration/Picto_Icons/Light_Purple/cross-128.png using Guid(9e4639ed117ea1543983c2d531a5a969) Importer(815301076,1909f56bfc062723c751e8b465ee728b) (PreviewImporter) -> (artifact id: 'ab0cc55d6ded156c65b3f19b0d1d78bd') in 0.0115567 seconds
Number of updated asset objects reloaded before import = 0Number of asset objects unloaded after import = 3

========================================================================
Received Import Request.
  Time since last request: 0.000013 seconds.
  path: Assets/Space Exploration/Picto_Icons/Light_Purple/diamond-128.png
  artifactKey: Guid(8f304f3012710994485c0d322ba271e8) Importer(815301076,1909f56bfc062723c751e8b465ee728b)
Start importing Assets/Space Exploration/Picto_Icons/Light_Purple/diamond-128.png using Guid(8f304f3012710994485c0d322ba271e8) Importer(815301076,1909f56bfc062723c751e8b465ee728b) (PreviewImporter) -> (artifact id: '84502a60795e597a9cb78e0fe651a8b9') in 0.010751 seconds
Number of updated asset objects reloaded before import = 0Number of asset objects unloaded after import = 3

========================================================================
Received Import Request.
  Time since last request: 0.289624 seconds.
  path: Assets/Space Exploration/Picto_Icons/Light_Purple/check-32.png
  artifactKey: Guid(078350f9c57867c45b104f0230de9698) Importer(815301076,1909f56bfc062723c751e8b465ee728b)
Start importing Assets/Space Exploration/Picto_Icons/Light_Purple/check-32.png using Guid(078350f9c57867c45b104f0230de9698) Importer(815301076,1909f56bfc062723c751e8b465ee728b) (PreviewImporter) -> (artifact id: 'bf73dffbaa8d972d9452de012bcd4d1b') in 0.0094818 seconds
Number of updated asset objects reloaded before import = 0Number of asset objects unloaded after import = 3

========================================================================
Received Import Request.
  Time since last request: 0.000018 seconds.
  path: Assets/Space Exploration/Picto_Icons/Light_Purple/chest-128.png
  artifactKey: Guid(9fcf0ebcfeb2b6a4ab20ba6da87fde67) Importer(815301076,1909f56bfc062723c751e8b465ee728b)
Start importing Assets/Space Exploration/Picto_Icons/Light_Purple/chest-128.png using Guid(9fcf0ebcfeb2b6a4ab20ba6da87fde67) Importer(815301076,1909f56bfc062723c751e8b465ee728b) (PreviewImporter) -> (artifact id: 'ac22c6445dd44c1f09f3ed5cc3c98f59') in 0.0115454 seconds
Number of updated asset objects reloaded before import = 0Number of asset objects unloaded after import = 3

========================================================================
Received Import Request.
  Time since last request: 0.000017 seconds.
  path: Assets/Space Exploration/Picto_Icons/Light_Purple/commet-32.png
  artifactKey: Guid(8186f040a44581d48ab873a447bc78bf) Importer(815301076,1909f56bfc062723c751e8b465ee728b)
Start importing Assets/Space Exploration/Picto_Icons/Light_Purple/commet-32.png using Guid(8186f040a44581d48ab873a447bc78bf) Importer(815301076,1909f56bfc062723c751e8b465ee728b) (PreviewImporter) -> (artifact id: '1aa03076c2811d8f3df653f0bed51932') in 0.0094867 seconds
Number of updated asset objects reloaded before import = 0Number of asset objects unloaded after import = 3

========================================================================
Received Import Request.
  Time since last request: 0.000017 seconds.
  path: Assets/Space Exploration/Picto_Icons/Light_Purple/calendar-256.png
  artifactKey: Guid(9d2efcba915bde446b218dba05b74018) Importer(815301076,1909f56bfc062723c751e8b465ee728b)
Start importing Assets/Space Exploration/Picto_Icons/Light_Purple/calendar-256.png using Guid(9d2efcba915bde446b218dba05b74018) Importer(815301076,1909f56bfc062723c751e8b465ee728b) (PreviewImporter) -> (artifact id: '9a142133a70e9a4966aaa92f15856229') in 0.0099059 seconds
Number of updated asset objects reloaded before import = 0Number of asset objects unloaded after import = 3

========================================================================
Received Import Request.
  Time since last request: 0.000025 seconds.
  path: Assets/Space Exploration/Picto_Icons/Light_Purple/caution-32.png
  artifactKey: Guid(918bed0c95a992c40a9594178366456a) Importer(815301076,1909f56bfc062723c751e8b465ee728b)
Start importing Assets/Space Exploration/Picto_Icons/Light_Purple/caution-32.png using Guid(918bed0c95a992c40a9594178366456a) Importer(815301076,1909f56bfc062723c751e8b465ee728b) (PreviewImporter) -> (artifact id: '751aeb74330093c4e49ee5049191649b') in 0.0110378 seconds
Number of updated asset objects reloaded before import = 0Number of asset objects unloaded after import = 3

========================================================================
Received Import Request.
  Time since last request: 0.287492 seconds.
  path: Assets/Space Exploration/Picto_Icons/Light_Purple/bluetooth-128.png
  artifactKey: Guid(92281f8c40b9bc74db3d9ea2194a7256) Importer(815301076,1909f56bfc062723c751e8b465ee728b)
Start importing Assets/Space Exploration/Picto_Icons/Light_Purple/bluetooth-128.png using Guid(92281f8c40b9bc74db3d9ea2194a7256) Importer(815301076,1909f56bfc062723c751e8b465ee728b) (PreviewImporter) -> (artifact id: '50fa648fa1c6e92881cd04c051607dc7') in 0.010784 seconds
Number of updated asset objects reloaded before import = 0Number of asset objects unloaded after import = 3

========================================================================
Received Import Request.
  Time since last request: 0.054299 seconds.
  path: Assets/Space Exploration/Picto_Icons/Light_Purple/book-64.png
  artifactKey: Guid(49036e21e80f41742931605f50dff1b1) Importer(815301076,1909f56bfc062723c751e8b465ee728b)
Start importing Assets/Space Exploration/Picto_Icons/Light_Purple/book-64.png using Guid(49036e21e80f41742931605f50dff1b1) Importer(815301076,1909f56bfc062723c751e8b465ee728b) (PreviewImporter) -> (artifact id: 'e62b6b56eb7ec225d98b07706a1f868a') in 0.0087824 seconds
Number of updated asset objects reloaded before import = 0Number of asset objects unloaded after import = 3

========================================================================
Received Import Request.
  Time since last request: 0.000016 seconds.
  path: Assets/Space Exploration/Picto_Icons/Light_Purple/bow-128.png
  artifactKey: Guid(57a26907f6b1d4f42ba2cce57dfad0fb) Importer(815301076,1909f56bfc062723c751e8b465ee728b)
Start importing Assets/Space Exploration/Picto_Icons/Light_Purple/bow-128.png using Guid(57a26907f6b1d4f42ba2cce57dfad0fb) Importer(815301076,1909f56bfc062723c751e8b465ee728b) (PreviewImporter) -> (artifact id: '347b6723c90e94f05158297252c9f1be') in 0.0111705 seconds
Number of updated asset objects reloaded before import = 0Number of asset objects unloaded after import = 3

========================================================================
Received Import Request.
  Time since last request: 0.152939 seconds.
  path: Assets/Space Exploration/Picto_Icons/Light_Purple/battle-64.png
  artifactKey: Guid(74f91d7f29f42e64299644e206054b6e) Importer(815301076,1909f56bfc062723c751e8b465ee728b)
Start importing Assets/Space Exploration/Picto_Icons/Light_Purple/battle-64.png using Guid(74f91d7f29f42e64299644e206054b6e) Importer(815301076,1909f56bfc062723c751e8b465ee728b) (PreviewImporter) -> (artifact id: '4b3cb5ba0ae4d9687929e013dba1ce05') in 0.0097559 seconds
Number of updated asset objects reloaded before import = 0Number of asset objects unloaded after import = 3

========================================================================
Received Import Request.
  Time since last request: 0.000016 seconds.
  path: Assets/Space Exploration/Picto_Icons/Light_Purple/bell-128.png
  artifactKey: Guid(095724717e8ef3345899c5e8f3f430e3) Importer(815301076,1909f56bfc062723c751e8b465ee728b)
Start importing Assets/Space Exploration/Picto_Icons/Light_Purple/bell-128.png using Guid(095724717e8ef3345899c5e8f3f430e3) Importer(815301076,1909f56bfc062723c751e8b465ee728b) (PreviewImporter) -> (artifact id: 'a8a87e399c13016634c310760cf8283d') in 0.0109161 seconds
Number of updated asset objects reloaded before import = 0Number of asset objects unloaded after import = 3

========================================================================
Received Import Request.
  Time since last request: 0.000015 seconds.
  path: Assets/Space Exploration/Picto_Icons/Light_Purple/black-hole-64.png
  artifactKey: Guid(a853574891f9dcd41bfc2772adb51cd7) Importer(815301076,1909f56bfc062723c751e8b465ee728b)
Start importing Assets/Space Exploration/Picto_Icons/Light_Purple/black-hole-64.png using Guid(a853574891f9dcd41bfc2772adb51cd7) Importer(815301076,1909f56bfc062723c751e8b465ee728b) (PreviewImporter) -> (artifact id: '30cbf6a9e3204f8978b1d9ceb80abcaf') in 0.0106648 seconds
Number of updated asset objects reloaded before import = 0Number of asset objects unloaded after import = 3

========================================================================
Received Import Request.
  Time since last request: 0.000016 seconds.
  path: Assets/Space Exploration/Picto_Icons/Light_Purple/back-32.png
  artifactKey: Guid(d1f5cb6c996c9db428f1293c8f115470) Importer(815301076,1909f56bfc062723c751e8b465ee728b)
Start importing Assets/Space Exploration/Picto_Icons/Light_Purple/back-32.png using Guid(d1f5cb6c996c9db428f1293c8f115470) Importer(815301076,1909f56bfc062723c751e8b465ee728b) (PreviewImporter) -> (artifact id: 'd0fd831f19e47e1ed99cd29e778e10c0') in 0.0113928 seconds
Number of updated asset objects reloaded before import = 0Number of asset objects unloaded after import = 3

========================================================================
Received Import Request.
  Time since last request: 0.000017 seconds.
  path: Assets/Space Exploration/Picto_Icons/Light_Purple/banner-128.png
  artifactKey: Guid(4221725f21df23e40bf81672fa07d185) Importer(815301076,1909f56bfc062723c751e8b465ee728b)
Start importing Assets/Space Exploration/Picto_Icons/Light_Purple/banner-128.png using Guid(4221725f21df23e40bf81672fa07d185) Importer(815301076,1909f56bfc062723c751e8b465ee728b) (PreviewImporter) -> (artifact id: 'faff4f6d8f5efbf4d0cb6ad76dbb0fdf') in 0.0157667 seconds
Number of updated asset objects reloaded before import = 0Number of asset objects unloaded after import = 3

========================================================================
Received Import Request.
  Time since last request: 0.111690 seconds.
  path: Assets/Space Exploration/Picto_Icons/Light_Purple/add-256.png
  artifactKey: Guid(ab44a3fd22bf20c49b86420665a804e2) Importer(815301076,1909f56bfc062723c751e8b465ee728b)
Start importing Assets/Space Exploration/Picto_Icons/Light_Purple/add-256.png using Guid(ab44a3fd22bf20c49b86420665a804e2) Importer(815301076,1909f56bfc062723c751e8b465ee728b) (PreviewImporter) -> (artifact id: 'a057d56cd31277b676f636b5924c3089') in 0.0102675 seconds
Number of updated asset objects reloaded before import = 0Number of asset objects unloaded after import = 3

========================================================================
Received Import Request.
  Time since last request: 0.056392 seconds.
  path: Assets/Space Exploration/Picto_Icons/Light_Purple/alien-128.png
  artifactKey: Guid(a34d8c28aa414cb479a0b212fd14c9d2) Importer(815301076,1909f56bfc062723c751e8b465ee728b)
Start importing Assets/Space Exploration/Picto_Icons/Light_Purple/alien-128.png using Guid(a34d8c28aa414cb479a0b212fd14c9d2) Importer(815301076,1909f56bfc062723c751e8b465ee728b) (PreviewImporter) -> (artifact id: '522c168eaf62d2a0464abcc4ff16ba62') in 0.0101048 seconds
Number of updated asset objects reloaded before import = 0Number of asset objects unloaded after import = 3

========================================================================
Received Import Request.
  Time since last request: 0.000019 seconds.
  path: Assets/Space Exploration/Picto_Icons/Light_Purple/all-light-purple-256.png
  artifactKey: Guid(080c78023252a1049aaf6f6cb654b38c) Importer(815301076,1909f56bfc062723c751e8b465ee728b)
Start importing Assets/Space Exploration/Picto_Icons/Light_Purple/all-light-purple-256.png using Guid(080c78023252a1049aaf6f6cb654b38c) Importer(815301076,1909f56bfc062723c751e8b465ee728b) (PreviewImporter) -> (artifact id: '532f6b9752ba5d5bf99e7845a4156f0c') in 0.0128235 seconds
Number of updated asset objects reloaded before import = 0Number of asset objects unloaded after import = 3

========================================================================
Received Import Request.
  Time since last request: 0.000030 seconds.
  path: Assets/Space Exploration/Picto_Icons/Light_Purple/+-256.png
  artifactKey: Guid(e7eb33a96b5538243af9f455f09cd814) Importer(815301076,1909f56bfc062723c751e8b465ee728b)
Start importing Assets/Space Exploration/Picto_Icons/Light_Purple/+-256.png using Guid(e7eb33a96b5538243af9f455f09cd814) Importer(815301076,1909f56bfc062723c751e8b465ee728b) (PreviewImporter) -> (artifact id: '8e8fe70a87813342510eea188bc46319') in 0.0108223 seconds
Number of updated asset objects reloaded before import = 0Number of asset objects unloaded after import = 3

========================================================================
Received Import Request.
  Time since last request: 0.000018 seconds.
  path: Assets/Space Exploration/Picto_Icons/Light_Purple/@-128.png
  artifactKey: Guid(e430ba8a392e5a446b3a51780df02b58) Importer(815301076,1909f56bfc062723c751e8b465ee728b)
Start importing Assets/Space Exploration/Picto_Icons/Light_Purple/@-128.png using Guid(e430ba8a392e5a446b3a51780df02b58) Importer(815301076,1909f56bfc062723c751e8b465ee728b) (PreviewImporter) -> (artifact id: '3e80d61d9ed0599b571466a20af9c439') in 0.0132488 seconds
Number of updated asset objects reloaded before import = 0Number of asset objects unloaded after import = 3

Editor requested this worker to shutdown with reason: Scaling down because of idle timeout
AssetImportWorker is now disconnected from the server
Process exiting
Exiting without the bug reporter. Application will terminate with return code 0