[Licensing::Module] Trying to connect to existing licensing client channel...
Built from '6000.3/staging' branch; Version is '6000.3.15f1 (c1aa84e375f6) revision 12692100'; Using compiler version '194234433'; Build Type 'Release'
OS: 'Windows 10  (10.0.19045) 64bit Professional' Language: 'ko' Physical Memory: 32478 MB
[Licensing::IpcConnector] Successfully connected to: "LicenseClient-Administrator" at "2026-06-16T12:15:45.303681Z"
BatchMode: 1, IsHumanControllingUs: 0, StartBugReporterOnCrash: 0, Is64bit: 1
System  architecture: x64
Process architecture: x64
Date: 2026-06-16T12:15:45Z

COMMAND LINE ARGUMENTS:
C:\Program Files\Unity\Hub\Editor\6000.3.15f1\Editor\Unity.exe
-adb2
-batchMode
-noUpm
-name
AssetImportWorker7
-projectPath
C:/Users/Administrator/Desktop/Game-Server/Program
-logFile
Logs/AssetImportWorker7.log
-srvPort
50387
-licensingIpc
LicenseClient-Administrator
-job-worker-count
13
-background-job-worker-count
8
-gc-helper-count
1
-name
AssetImport
Successfully changed project path to: C:/Users/Administrator/Desktop/Game-Server/Program
C:/Users/Administrator/Desktop/Game-Server/Program
[UnityMemory] Configuration Parameters - Can be set up in boot.config
    "memorysetup-temp-allocator-size-nav-mesh-worker=65536"
    "memorysetup-temp-allocator-size-audio-worker=65536"
    "memorysetup-temp-allocator-size-gfx=262144"
    "memorysetup-allocator-temp-initial-block-size-main=262144"
    "memorysetup-allocator-temp-initial-block-size-worker=262144"
    "memorysetup-temp-allocator-size-background-worker=32768"
    "memorysetup-temp-allocator-size-job-worker=262144"
    "memorysetup-temp-allocator-size-preload-manager=33554432"
    "memorysetup-temp-allocator-size-gi-baking-worker=262144"
    "memorysetup-temp-allocator-size-gi-baking-worker=262144"
    "memorysetup-temp-allocator-size-gi-baking-worker=262144"
    "memorysetup-temp-allocator-size-gi-baking-worker=262144"
    "memorysetup-temp-allocator-size-gi-baking-worker=262144"
    "memorysetup-bucket-allocator-granularity=16"
    "memorysetup-bucket-allocator-bucket-count=8"
    "memorysetup-bucket-allocator-block-size=33554432"
    "memorysetup-bucket-allocator-block-count=8"
    "memorysetup-main-allocator-block-size=16777216"
    "memorysetup-thread-allocator-block-size=16777216"
    "memorysetup-gfx-main-allocator-block-size=16777216"
    "memorysetup-gfx-thread-allocator-block-size=16777216"
    "memorysetup-cache-allocator-block-size=4194304"
    "memorysetup-typetree-allocator-block-size=2097152"
    "memorysetup-profiler-bucket-allocator-granularity=16"
    "memorysetup-profiler-bucket-allocator-bucket-count=8"
    "memorysetup-profiler-bucket-allocator-block-size=33554432"
    "memorysetup-profiler-bucket-allocator-block-count=8"
    "memorysetup-profiler-allocator-block-size=16777216"
    "memorysetup-profiler-editor-allocator-block-size=1048576"
    "memorysetup-temp-allocator-size-main=16777216"
    "memorysetup-job-temp-allocator-block-size=2097152"
    "memorysetup-job-temp-allocator-block-size-background=1048576"
    "memorysetup-job-temp-allocator-reduction-small-platforms=262144"
    "memorysetup-temp-allocator-size-cloud-worker=32768"
Player connection [23964]  Target information:

Player connection [23964]  * "[IP] 192.168.0.94 [Port] 0 [Flags] 2 [Guid] 1721921800 [EditorId] 1721921800 [Version] 1048832 [Id] WindowsEditor(7,DESKTOP-MSMA3UP) [Debug] 1 [PackageName] WindowsEditor [ProjectName] Editor" 

Player connection [23964] Host joined multi-casting on [225.0.0.222:54997]...
Player connection [23964] Host joined alternative multi-casting on [225.0.0.222:34997]...
JobSystem: Creating JobQueue using job-worker-count value 13
Input System module state changed to: Initialized.
[Physics::Module] Initialized fallback backend.
[Physics::Module] Id: 0xdecafbad
Library Redirect Path: Library/
[Physics::Module] Selected backend.
[Physics::Module] Name: PhysX
[Physics::Module] Id: 0xf2b8ea05
[Physics::Module] SDK Version: 4.1.2
[Physics::Module] Integration Version: 1.0.0
[Physics::Module] Threading Mode: Multi-Threaded
Refreshing native plugins compatible for Editor in 3.45 ms, found 4 plugins.
Preloading 0 native plugins for Editor in 0.00 ms.
Initialize engine version: 6000.3.15f1 (c1aa84e375f6)
[Subsystems] Discovering subsystems at path C:/Program Files/Unity/Hub/Editor/6000.3.15f1/Editor/Data/Resources/UnitySubsystems
[Subsystems] Discovering subsystems at path C:/Users/Administrator/Desktop/Game-Server/Program/Assets
GfxDevice: creating device client; kGfxThreadingModeNonThreaded
Direct3D:
    Version:  Direct3D 11.0 [level 11.1]
    Renderer: NVIDIA GeForce RTX 5060 Ti (ID=0x2d04)
    Vendor:   NVIDIA
    VRAM:     16050 MB
    Driver:   32.0.15.9636
Initialize mono
Mono path[0] = 'C:/Program Files/Unity/Hub/Editor/6000.3.15f1/Editor/Data/Managed'
Mono path[1] = 'C:/Program Files/Unity/Hub/Editor/6000.3.15f1/Editor/Data/MonoBleedingEdge/lib/mono/unityjit-win32'
Mono config path = 'C:/Program Files/Unity/Hub/Editor/6000.3.15f1/Editor/Data/MonoBleedingEdge/etc'
Using monoOptions --debugger-agent=transport=dt_socket,embedding=1,server=y,suspend=n,address=127.0.0.1:56072
Begin MonoManager ReloadAssembly
Registering precompiled unity dll's ...
Register platform support module: C:/Program Files/Unity/Hub/Editor/6000.3.15f1/Editor/Data/PlaybackEngines/WindowsStandaloneSupport/UnityEditor.WindowsStandalone.Extensions.dll
Registered in 0.001119 seconds.
[Licensing::Client] Error: HandshakeResponse reported an error:
	ResponseCode: 505
	ResponseStatus: Unsupported protocol version '1.18.1'.
[Licensing::Module] Error: Failed to handshake to channel: "LicenseClient-Administrator"
[Licensing::IpcConnector] LicenseClient-Administrator channel disconnected successfully.
[Licensing::IpcConnector] Successfully connected to: "LicenseClient-Administrator-6000.3.15" at "2026-06-16T12:15:46.1913243Z"
[Licensing::Client] Code 10 while verifying Licensing Client signature (process Id: 6896, path: "C:/Program Files/Unity/Hub/Editor/6000.3.15f1/Editor/Data/Resources/Licensing/Client/Unity.Licensing.Client.exe")
[Licensing::Module] LicensingClient has failed validation; ignoring
[Licensing::Client] Handshaking with LicensingClient:
  Version:                 1.18.1+9fbee8e
  Session Id:              83e4fadf40d44acc817286942d34f9f5
  Correlation Id:          8408fccf1de38d541a0cfc764bd7bfad
  External correlation Id: 1713573652862921167
  Machine Id:              SvejmJGsl/EFmq0OAjofjZYOfss=
[Licensing::Module] Successfully connected to LicensingClient on channel: "LicenseClient-Administrator-6000.3.15" (connect: 0.00s, validation: 0.00s, handshake: 0.00s)
[Licensing::IpcConnector] Successfully connected to: "LicenseClient-Administrator-6000.3.15-notifications" at "2026-06-16T12:15:46.1969205Z"
[Licensing::Module] Licensing Background thread has ended after 0.89s
- Loaded All Assemblies, in  0.405 seconds
Native extension for WindowsStandalone target not found
Package Manager log level set to [2]
[Package Manager] Failed to launch server process. Reason: Unity was launched with the -noUpm command-line argument
[Package Manager] Unable to send message (not connected to server process).
[Package Manager] Cannot connect to Unity Package Manager local server
ScheduleIndexationOnStartup MainProcess:False IndexOnStartup:True
Mono: successfully reloaded assembly
- Finished resetting the current domain, in  0.407 seconds
Domain Reload Profiling: 812ms
	BeginReloadAssembly (130ms)
		ExecutionOrderSort (0ms)
		DisableScriptedObjects (0ms)
		BackupInstance (0ms)
		ReleaseScriptingObjects (0ms)
		CreateAndSetChildDomain (0ms)
	RebuildCommonClasses (37ms)
	RebuildNativeTypeToScriptingClass (15ms)
	initialDomainReloadingComplete (45ms)
	LoadAllAssembliesAndSetupDomain (177ms)
		LoadAssemblies (129ms)
		RebuildTransferFunctionScriptingTraits (0ms)
		AnalyzeDomain (174ms)
			TypeCache.Refresh (172ms)
				TypeCache.ScanAssembly (158ms)
			BuildScriptInfoCaches (0ms)
			ResolveRequiredComponents (0ms)
	FinalizeReload (408ms)
		ReleaseScriptCaches (0ms)
		RebuildScriptCaches (0ms)
		SetupLoadedEditorAssemblies (357ms)
			LogAssemblyErrors (0ms)
			InitializePlatformSupportModulesInManaged (49ms)
			SetLoadedEditorAssemblies (3ms)
			BeforeProcessingInitializeOnLoad (84ms)
			ProcessInitializeOnLoadAttributes (144ms)
			ProcessInitializeOnLoadMethodAttributes (76ms)
			AfterProcessingInitializeOnLoad (0ms)
			EditorAssembliesLoaded (0ms)
		ExecutionOrderSort2 (0ms)
		AwakeInstancesAfterBackupRestoration (0ms)
========================================================================
Worker process is ready to serve import requests
Import Worker Mode flag is 0x00
Begin MonoManager ReloadAssembly
[Licensing::Client] Successfully resolved entitlement details
[Licensing::Module] License group:
  Id: 14569174559127-UnityPersXXXX
  Product: Unity Personal
  Type: Assigned
  Expiration: Unlimited
- Loaded All Assemblies, in  0.940 seconds
Refreshing native plugins compatible for Editor in 1.05 ms, found 4 plugins.
Native extension for WindowsStandalone target not found
[Package Manager] Failed to launch server process. Reason: Unity was launched with the -noUpm command-line argument
[Package Manager] Unable to send message (not connected to server process).
[Package Manager] Cannot connect to Unity Package Manager local server
Refreshing native plugins compatible for Editor in 1.23 ms, found 4 plugins.
[Package Manager] Failed to launch server process. Reason: Unity was launched with the -noUpm command-line argument
[Package Manager] Unable to send message (not connected to server process).
[Package Manager] Cannot connect to Unity Package Manager local server
ScheduleIndexationOnStartup MainProcess:False IndexOnStartup:True
Mono: successfully reloaded assembly
- Finished resetting the current domain, in  1.129 seconds
Domain Reload Profiling: 2067ms
	BeginReloadAssembly (190ms)
		ExecutionOrderSort (0ms)
		DisableScriptedObjects (6ms)
		BackupInstance (0ms)
		ReleaseScriptingObjects (0ms)
		CreateAndSetChildDomain (35ms)
	RebuildCommonClasses (37ms)
	RebuildNativeTypeToScriptingClass (15ms)
	initialDomainReloadingComplete (42ms)
	LoadAllAssembliesAndSetupDomain (655ms)
		LoadAssemblies (418ms)
		RebuildTransferFunctionScriptingTraits (0ms)
		AnalyzeDomain (341ms)
			TypeCache.Refresh (237ms)
				TypeCache.ScanAssembly (207ms)
			BuildScriptInfoCaches (87ms)
			ResolveRequiredComponents (11ms)
	FinalizeReload (1129ms)
		ReleaseScriptCaches (0ms)
		RebuildScriptCaches (0ms)
		SetupLoadedEditorAssemblies (921ms)
			LogAssemblyErrors (0ms)
			InitializePlatformSupportModulesInManaged (2ms)
			SetLoadedEditorAssemblies (4ms)
			BeforeProcessingInitializeOnLoad (137ms)
			ProcessInitializeOnLoadAttributes (708ms)
			ProcessInitializeOnLoadMethodAttributes (67ms)
			AfterProcessingInitializeOnLoad (3ms)
			EditorAssembliesLoaded (0ms)
		ExecutionOrderSort2 (0ms)
		AwakeInstancesAfterBackupRestoration (6ms)
Launched and connected shader compiler UnityShaderCompiler.exe after 0.01 seconds
Refreshing native plugins compatible for Editor in 1.19 ms, found 4 plugins.
Preloading 0 native plugins for Editor in 0.00 ms.
Unloading 16 Unused Serialized files (Serialized files now loaded: 0)
Unloading 6790 unused Assets / (4.3 MB). Loaded Objects now: 7590.
Memory consumption went from 157.5 MB to 153.2 MB.
Total: 8.795000 ms (FindLiveObjects: 1.227300 ms CreateObjectMapping: 0.394000 ms MarkObjects: 4.834000 ms  DeleteObjects: 2.338500 ms)

========================================================================
Received Import Request.
  Time since last request: 12411.996160 seconds.
  path: Assets/Space Exploration/Icons/exoplanet-6-128.png
  artifactKey: Guid(a05b66a817f4edb4e9ab8ffea6e2ad27) Importer(815301076,1909f56bfc062723c751e8b465ee728b)
Start importing Assets/Space Exploration/Icons/exoplanet-6-128.png using Guid(a05b66a817f4edb4e9ab8ffea6e2ad27) Importer(815301076,1909f56bfc062723c751e8b465ee728b) (PreviewImporter) -> (artifact id: 'ce34c8ab1ef19e55f929e5afc7ceb464') in 0.0949537 seconds
Number of updated asset objects reloaded before import = 0Number of asset objects unloaded after import = 3

========================================================================
Received Import Request.
  Time since last request: 0.411799 seconds.
  path: Assets/Space Exploration/Icons/gold-ore-256.png
  artifactKey: Guid(68f69427d20331a40b330306daf4e6fc) Importer(815301076,1909f56bfc062723c751e8b465ee728b)
Start importing Assets/Space Exploration/Icons/gold-ore-256.png using Guid(68f69427d20331a40b330306daf4e6fc) Importer(815301076,1909f56bfc062723c751e8b465ee728b) (PreviewImporter) -> (artifact id: 'bd83519226a38bf176c6f316a1311376') in 0.0124561 seconds
Number of updated asset objects reloaded before import = 0Number of asset objects unloaded after import = 3

========================================================================
Received Import Request.
  Time since last request: 0.000017 seconds.
  path: Assets/Space Exploration/Icons/gun-128.png
  artifactKey: Guid(44f8c69802068264599809705c4b512c) Importer(815301076,1909f56bfc062723c751e8b465ee728b)
Start importing Assets/Space Exploration/Icons/gun-128.png using Guid(44f8c69802068264599809705c4b512c) Importer(815301076,1909f56bfc062723c751e8b465ee728b) (PreviewImporter) -> (artifact id: '24bc6f09c4874bfcef0c6604cf4b5a2c') in 0.0154503 seconds
Number of updated asset objects reloaded before import = 0Number of asset objects unloaded after import = 3

========================================================================
Received Import Request.
  Time since last request: 0.000024 seconds.
  path: Assets/Space Exploration/Icons/home-128.png
  artifactKey: Guid(31203bbdf3682bd4fb6fc3554d35b8d6) Importer(815301076,1909f56bfc062723c751e8b465ee728b)
Start importing Assets/Space Exploration/Icons/home-128.png using Guid(31203bbdf3682bd4fb6fc3554d35b8d6) Importer(815301076,1909f56bfc062723c751e8b465ee728b) (PreviewImporter) -> (artifact id: 'f362632e9e7e5b371251074c38b57682') in 0.0124385 seconds
Number of updated asset objects reloaded before import = 0Number of asset objects unloaded after import = 3

========================================================================
Received Import Request.
  Time since last request: 0.000015 seconds.
  path: Assets/Space Exploration/Icons/inventory-128.png
  artifactKey: Guid(a7e845fda03b75d4c95cff240117215b) Importer(815301076,1909f56bfc062723c751e8b465ee728b)
Start importing Assets/Space Exploration/Icons/inventory-128.png using Guid(a7e845fda03b75d4c95cff240117215b) Importer(815301076,1909f56bfc062723c751e8b465ee728b) (PreviewImporter) -> (artifact id: '88d033bdf126f56bda302567956c08df') in 0.0126573 seconds
Number of updated asset objects reloaded before import = 0Number of asset objects unloaded after import = 3

========================================================================
Received Import Request.
  Time since last request: 0.353809 seconds.
  path: Assets/Space Exploration/Icons/key-1-256.png
  artifactKey: Guid(fbd9e8bf7e712cb4ca4ced9f9a2f2df9) Importer(815301076,1909f56bfc062723c751e8b465ee728b)
Start importing Assets/Space Exploration/Icons/key-1-256.png using Guid(fbd9e8bf7e712cb4ca4ced9f9a2f2df9) Importer(815301076,1909f56bfc062723c751e8b465ee728b) (PreviewImporter) -> (artifact id: 'e52fa9376b938cb3e3bc8193fdd7999a') in 0.0119635 seconds
Number of updated asset objects reloaded before import = 0Number of asset objects unloaded after import = 3

========================================================================
Received Import Request.
  Time since last request: 0.000019 seconds.
  path: Assets/Space Exploration/Icons/lock-1-128.png
  artifactKey: Guid(e234695739d1b7444b9000a5a6cbb06a) Importer(815301076,1909f56bfc062723c751e8b465ee728b)
Start importing Assets/Space Exploration/Icons/lock-1-128.png using Guid(e234695739d1b7444b9000a5a6cbb06a) Importer(815301076,1909f56bfc062723c751e8b465ee728b) (PreviewImporter) -> (artifact id: 'ae57d7577013436b69b7669bd02299f0') in 0.0115088 seconds
Number of updated asset objects reloaded before import = 0Number of asset objects unloaded after import = 3

========================================================================
Received Import Request.
  Time since last request: 0.370386 seconds.
  path: Assets/Space Exploration/Icons/mars-128.png
  artifactKey: Guid(a7d1d06883659214eb06b0a52e430ed2) Importer(815301076,1909f56bfc062723c751e8b465ee728b)
Start importing Assets/Space Exploration/Icons/mars-128.png using Guid(a7d1d06883659214eb06b0a52e430ed2) Importer(815301076,1909f56bfc062723c751e8b465ee728b) (PreviewImporter) -> (artifact id: 'b11f9be29ae2937bcdd1c85df1bc8c8c') in 0.012885 seconds
Number of updated asset objects reloaded before import = 0Number of asset objects unloaded after import = 3

========================================================================
Received Import Request.
  Time since last request: 0.000017 seconds.
  path: Assets/Space Exploration/Icons/mars-512.png
  artifactKey: Guid(83941569853cbcd4caa756a8f56f0393) Importer(815301076,1909f56bfc062723c751e8b465ee728b)
Start importing Assets/Space Exploration/Icons/mars-512.png using Guid(83941569853cbcd4caa756a8f56f0393) Importer(815301076,1909f56bfc062723c751e8b465ee728b) (PreviewImporter) -> (artifact id: '6fba9643c46d6cbc31672f9df7a5cb24') in 0.0127975 seconds
Number of updated asset objects reloaded before import = 0Number of asset objects unloaded after import = 3

========================================================================
Received Import Request.
  Time since last request: 0.000016 seconds.
  path: Assets/Space Exploration/Icons/neptune-128.png
  artifactKey: Guid(9664e71c11bf5a449a94da9d4a369c5d) Importer(815301076,1909f56bfc062723c751e8b465ee728b)
Start importing Assets/Space Exploration/Icons/neptune-128.png using Guid(9664e71c11bf5a449a94da9d4a369c5d) Importer(815301076,1909f56bfc062723c751e8b465ee728b) (PreviewImporter) -> (artifact id: '6a08af9be925c86d06c49821e7d78873') in 0.0110957 seconds
Number of updated asset objects reloaded before import = 0Number of asset objects unloaded after import = 3

========================================================================
Received Import Request.
  Time since last request: 0.000018 seconds.
  path: Assets/Space Exploration/Icons/no-ads-256.png
  artifactKey: Guid(fdfbd7c9f8cc68345bc6a9e8bd305c94) Importer(815301076,1909f56bfc062723c751e8b465ee728b)
Start importing Assets/Space Exploration/Icons/no-ads-256.png using Guid(fdfbd7c9f8cc68345bc6a9e8bd305c94) Importer(815301076,1909f56bfc062723c751e8b465ee728b) (PreviewImporter) -> (artifact id: '1fe9887697aec1680d79505505ff5f6f') in 0.0123624 seconds
Number of updated asset objects reloaded before import = 0Number of asset objects unloaded after import = 3

========================================================================
Received Import Request.
  Time since last request: 0.000029 seconds.
  path: Assets/Space Exploration/Icons/potion-green-1-128.png
  artifactKey: Guid(c67b7a797d0f98a4ca189fd86c71a502) Importer(815301076,1909f56bfc062723c751e8b465ee728b)
Start importing Assets/Space Exploration/Icons/potion-green-1-128.png using Guid(c67b7a797d0f98a4ca189fd86c71a502) Importer(815301076,1909f56bfc062723c751e8b465ee728b) (PreviewImporter) -> (artifact id: 'ab56241f1a04c442e870e2bc70c27ba1') in 0.0117681 seconds
Number of updated asset objects reloaded before import = 0Number of asset objects unloaded after import = 3

========================================================================
Received Import Request.
  Time since last request: 0.000016 seconds.
  path: Assets/Space Exploration/Icons/plant-256.png
  artifactKey: Guid(d6ad7004907a67948a85bb2e5239608e) Importer(815301076,1909f56bfc062723c751e8b465ee728b)
Start importing Assets/Space Exploration/Icons/plant-256.png using Guid(d6ad7004907a67948a85bb2e5239608e) Importer(815301076,1909f56bfc062723c751e8b465ee728b) (PreviewImporter) -> (artifact id: '8167f925879ad5553ee378cebc8e86e5') in 0.0116893 seconds
Number of updated asset objects reloaded before import = 0Number of asset objects unloaded after import = 3

========================================================================
Received Import Request.
  Time since last request: 0.000016 seconds.
  path: Assets/Space Exploration/Icons/no-ads-128.png
  artifactKey: Guid(c2b7ad950dad0d64397bc4ffb5254192) Importer(815301076,1909f56bfc062723c751e8b465ee728b)
Start importing Assets/Space Exploration/Icons/no-ads-128.png using Guid(c2b7ad950dad0d64397bc4ffb5254192) Importer(815301076,1909f56bfc062723c751e8b465ee728b) (PreviewImporter) -> (artifact id: '3f35faf6ba508b93834534ce45b8c3e5') in 0.0107275 seconds
Number of updated asset objects reloaded before import = 0Number of asset objects unloaded after import = 3

========================================================================
Received Import Request.
  Time since last request: 0.500166 seconds.
  path: Assets/Space Exploration/Icons/potion-pink-2-64.png
  artifactKey: Guid(69f4a7ddb1914484f9ca0db18af5285f) Importer(815301076,1909f56bfc062723c751e8b465ee728b)
Start importing Assets/Space Exploration/Icons/potion-pink-2-64.png using Guid(69f4a7ddb1914484f9ca0db18af5285f) Importer(815301076,1909f56bfc062723c751e8b465ee728b) (PreviewImporter) -> (artifact id: 'c7651c64851b3fd1b08d08276335b1b5') in 0.0113097 seconds
Number of updated asset objects reloaded before import = 0Number of asset objects unloaded after import = 3

========================================================================
Received Import Request.
  Time since last request: 0.000016 seconds.
  path: Assets/Space Exploration/Icons/potion-pink-2-128.png
  artifactKey: Guid(68d889edb99527342954b4bcf3f81adf) Importer(815301076,1909f56bfc062723c751e8b465ee728b)
Start importing Assets/Space Exploration/Icons/potion-pink-2-128.png using Guid(68d889edb99527342954b4bcf3f81adf) Importer(815301076,1909f56bfc062723c751e8b465ee728b) (PreviewImporter) -> (artifact id: 'f5ad0e4e12a155f5d29ea8d0170daf29') in 0.0108678 seconds
Number of updated asset objects reloaded before import = 0Number of asset objects unloaded after import = 3

========================================================================
Received Import Request.
  Time since last request: 0.000016 seconds.
  path: Assets/Space Exploration/Icons/purple-ore-256.png
  artifactKey: Guid(8aea66d9d502ee743bac9b617fe3e72c) Importer(815301076,1909f56bfc062723c751e8b465ee728b)
Start importing Assets/Space Exploration/Icons/purple-ore-256.png using Guid(8aea66d9d502ee743bac9b617fe3e72c) Importer(815301076,1909f56bfc062723c751e8b465ee728b) (PreviewImporter) -> (artifact id: '6934509a374b105a4ad47d7c2a00123b') in 0.0116849 seconds
Number of updated asset objects reloaded before import = 0Number of asset objects unloaded after import = 3

========================================================================
Received Import Request.
  Time since last request: 0.000021 seconds.
  path: Assets/Space Exploration/Icons/radar-512.png
  artifactKey: Guid(d3afb621ce490854ca2b26c20f7f40e2) Importer(815301076,1909f56bfc062723c751e8b465ee728b)
Start importing Assets/Space Exploration/Icons/radar-512.png using Guid(d3afb621ce490854ca2b26c20f7f40e2) Importer(815301076,1909f56bfc062723c751e8b465ee728b) (PreviewImporter) -> (artifact id: '252fb1888ed16317985af0263f352e8a') in 0.0121708 seconds
Number of updated asset objects reloaded before import = 0Number of asset objects unloaded after import = 3

========================================================================
Received Import Request.
  Time since last request: 3.878531 seconds.
  path: Assets/Space Exploration/Icons/scope-64.png
  artifactKey: Guid(f4e189ce1cab4554f89420150b3093af) Importer(815301076,1909f56bfc062723c751e8b465ee728b)
Start importing Assets/Space Exploration/Icons/scope-64.png using Guid(f4e189ce1cab4554f89420150b3093af) Importer(815301076,1909f56bfc062723c751e8b465ee728b) (PreviewImporter) -> (artifact id: 'fec7f191f8fe5c3448976d87e1373f38') in 0.0102482 seconds
Number of updated asset objects reloaded before import = 0Number of asset objects unloaded after import = 3

========================================================================
Received Import Request.
  Time since last request: 0.000021 seconds.
  path: Assets/Space Exploration/Icons/scroll-512.png
  artifactKey: Guid(403cde50f15eea340b6d4e1936d6c37e) Importer(815301076,1909f56bfc062723c751e8b465ee728b)
Start importing Assets/Space Exploration/Icons/scroll-512.png using Guid(403cde50f15eea340b6d4e1936d6c37e) Importer(815301076,1909f56bfc062723c751e8b465ee728b) (PreviewImporter) -> (artifact id: '1ed0d8e5269b91bc1318c23adbdb6c0a') in 0.0121995 seconds
Number of updated asset objects reloaded before import = 0Number of asset objects unloaded after import = 3

========================================================================
Received Import Request.
  Time since last request: 0.000030 seconds.
  path: Assets/Space Exploration/Icons/silver-ore-256.png
  artifactKey: Guid(208cf90648e1ee24a991dad7cb1e3306) Importer(815301076,1909f56bfc062723c751e8b465ee728b)
Start importing Assets/Space Exploration/Icons/silver-ore-256.png using Guid(208cf90648e1ee24a991dad7cb1e3306) Importer(815301076,1909f56bfc062723c751e8b465ee728b) (PreviewImporter) -> (artifact id: '3942c4cefd0cced4c9947397a3ca0b45') in 0.0112045 seconds
Number of updated asset objects reloaded before import = 0Number of asset objects unloaded after import = 3

========================================================================
Received Import Request.
  Time since last request: 0.000016 seconds.
  path: Assets/Space Exploration/Icons/silver-ore-512.png
  artifactKey: Guid(aadc6115129ad4848baae250158940ef) Importer(815301076,1909f56bfc062723c751e8b465ee728b)
Start importing Assets/Space Exploration/Icons/silver-ore-512.png using Guid(aadc6115129ad4848baae250158940ef) Importer(815301076,1909f56bfc062723c751e8b465ee728b) (PreviewImporter) -> (artifact id: 'c66b0df91d5c71645bffdbeb537e7b21') in 0.0128144 seconds
Number of updated asset objects reloaded before import = 0Number of asset objects unloaded after import = 3

========================================================================
Received Import Request.
  Time since last request: 0.181842 seconds.
  path: Assets/Space Exploration/Icons/sun-256.png
  artifactKey: Guid(f0ba8e880e30be84b8c86a0a0217690f) Importer(815301076,1909f56bfc062723c751e8b465ee728b)
Start importing Assets/Space Exploration/Icons/sun-256.png using Guid(f0ba8e880e30be84b8c86a0a0217690f) Importer(815301076,1909f56bfc062723c751e8b465ee728b) (PreviewImporter) -> (artifact id: '07c3f131f578424d85d9f455a6281c8a') in 0.0119641 seconds
Number of updated asset objects reloaded before import = 0Number of asset objects unloaded after import = 3

========================================================================
Received Import Request.
  Time since last request: 0.000019 seconds.
  path: Assets/Space Exploration/Icons/sword-2-128.png
  artifactKey: Guid(0388647ba2bafaf409316dfb0c3b12b5) Importer(815301076,1909f56bfc062723c751e8b465ee728b)
Start importing Assets/Space Exploration/Icons/sword-2-128.png using Guid(0388647ba2bafaf409316dfb0c3b12b5) Importer(815301076,1909f56bfc062723c751e8b465ee728b) (PreviewImporter) -> (artifact id: 'd320a823ca4357927b0116e538dc3338') in 0.0119197 seconds
Number of updated asset objects reloaded before import = 0Number of asset objects unloaded after import = 3

========================================================================
Received Import Request.
  Time since last request: 0.000022 seconds.
  path: Assets/Space Exploration/Icons/telescope-512.png
  artifactKey: Guid(41f5a83e0d04aa84d9b02f892c736a40) Importer(815301076,1909f56bfc062723c751e8b465ee728b)
Start importing Assets/Space Exploration/Icons/telescope-512.png using Guid(41f5a83e0d04aa84d9b02f892c736a40) Importer(815301076,1909f56bfc062723c751e8b465ee728b) (PreviewImporter) -> (artifact id: 'ad30c60e924bae3974e23ca462c74b15') in 0.0114707 seconds
Number of updated asset objects reloaded before import = 0Number of asset objects unloaded after import = 3

========================================================================
Received Import Request.
  Time since last request: 0.000017 seconds.
  path: Assets/Space Exploration/Icons/tv-512.png
  artifactKey: Guid(29aa9c5b1d3d28c4eaae1bad0252a8fc) Importer(815301076,1909f56bfc062723c751e8b465ee728b)
Start importing Assets/Space Exploration/Icons/tv-512.png using Guid(29aa9c5b1d3d28c4eaae1bad0252a8fc) Importer(815301076,1909f56bfc062723c751e8b465ee728b) (PreviewImporter) -> (artifact id: '0d77371d288b7970351b7345721f3a44') in 0.0103773 seconds
Number of updated asset objects reloaded before import = 0Number of asset objects unloaded after import = 3

========================================================================
Received Import Request.
  Time since last request: 0.000021 seconds.
  path: Assets/Space Exploration/Icons/ufo-2-64.png
  artifactKey: Guid(b85e8a144da2dcf4aa1bb4337d50b1ba) Importer(815301076,1909f56bfc062723c751e8b465ee728b)
Start importing Assets/Space Exploration/Icons/ufo-2-64.png using Guid(b85e8a144da2dcf4aa1bb4337d50b1ba) Importer(815301076,1909f56bfc062723c751e8b465ee728b) (PreviewImporter) -> (artifact id: '3da5e42ffbbd8a83df6e58668b426c5c') in 0.0102994 seconds
Number of updated asset objects reloaded before import = 0Number of asset objects unloaded after import = 3

========================================================================
Received Import Request.
  Time since last request: 0.000028 seconds.
  path: Assets/Space Exploration/Icons/unlock-2-128.png
  artifactKey: Guid(261cf019be2a7a240ad2b1e6c293c4ee) Importer(815301076,1909f56bfc062723c751e8b465ee728b)
Start importing Assets/Space Exploration/Icons/unlock-2-128.png using Guid(261cf019be2a7a240ad2b1e6c293c4ee) Importer(815301076,1909f56bfc062723c751e8b465ee728b) (PreviewImporter) -> (artifact id: '3338807a26d7c40ea9e925b62da31594') in 0.0117578 seconds
Number of updated asset objects reloaded before import = 0Number of asset objects unloaded after import = 3

========================================================================
Received Import Request.
  Time since last request: 0.000017 seconds.
  path: Assets/Space Exploration/Icons/time-512.png
  artifactKey: Guid(c97de7bba825ce344a156427f5f841e4) Importer(815301076,1909f56bfc062723c751e8b465ee728b)
Start importing Assets/Space Exploration/Icons/time-512.png using Guid(c97de7bba825ce344a156427f5f841e4) Importer(815301076,1909f56bfc062723c751e8b465ee728b) (PreviewImporter) -> (artifact id: '751523a6ccdadaaabff028e86cd22c30') in 0.0111106 seconds
Number of updated asset objects reloaded before import = 0Number of asset objects unloaded after import = 3

========================================================================
Received Import Request.
  Time since last request: 4.470543 seconds.
  path: Assets/Space Exploration/Button_Images/Source_Image_Sprites/large/medium-blue-large.png
  artifactKey: Guid(6a5e673357618064a82279da0b98f1dc) Importer(815301076,1909f56bfc062723c751e8b465ee728b)
Start importing Assets/Space Exploration/Button_Images/Source_Image_Sprites/large/medium-blue-large.png using Guid(6a5e673357618064a82279da0b98f1dc) Importer(815301076,1909f56bfc062723c751e8b465ee728b) (PreviewImporter) -> (artifact id: '839a5f49b0d981f668e07e63c4830d28') in 0.011888 seconds
Number of updated asset objects reloaded before import = 0Number of asset objects unloaded after import = 3

========================================================================
Received Import Request.
  Time since last request: 0.000016 seconds.
  path: Assets/Space Exploration/Button_Images/Source_Image_Sprites/large/square-purple-large.png
  artifactKey: Guid(7126bf017ee0fca4e8222af08af8adf2) Importer(815301076,1909f56bfc062723c751e8b465ee728b)
Start importing Assets/Space Exploration/Button_Images/Source_Image_Sprites/large/square-purple-large.png using Guid(7126bf017ee0fca4e8222af08af8adf2) Importer(815301076,1909f56bfc062723c751e8b465ee728b) (PreviewImporter) -> (artifact id: 'a38e9273b65a564b21faa8601af6d16f') in 0.0119103 seconds
Number of updated asset objects reloaded before import = 0Number of asset objects unloaded after import = 3

========================================================================
Received Import Request.
  Time since last request: 0.000018 seconds.
  path: Assets/Space Exploration/Button_Images/Source_Image_Sprites/large/square-pink-large.png
  artifactKey: Guid(3a932baac20d81848b82d489bab562f6) Importer(815301076,1909f56bfc062723c751e8b465ee728b)
Start importing Assets/Space Exploration/Button_Images/Source_Image_Sprites/large/square-pink-large.png using Guid(3a932baac20d81848b82d489bab562f6) Importer(815301076,1909f56bfc062723c751e8b465ee728b) (PreviewImporter) -> (artifact id: 'd95b3f45014950b858607057694ca29c') in 0.0106747 seconds
Number of updated asset objects reloaded before import = 0Number of asset objects unloaded after import = 3

========================================================================
Received Import Request.
  Time since last request: 12.048157 seconds.
  path: Assets/Space Exploration/Picto_Icons/Light_Purple/pencil-256.png
  artifactKey: Guid(ee8847c774c34aa4bae4af13f134a703) Importer(815301076,1909f56bfc062723c751e8b465ee728b)
Start importing Assets/Space Exploration/Picto_Icons/Light_Purple/pencil-256.png using Guid(ee8847c774c34aa4bae4af13f134a703) Importer(815301076,1909f56bfc062723c751e8b465ee728b) (PreviewImporter) -> (artifact id: 'a004ec49260ee917b22f441ef0b9ba22') in 0.0111453 seconds
Number of updated asset objects reloaded before import = 0Number of asset objects unloaded after import = 3

========================================================================
Received Import Request.
  Time since last request: 0.000017 seconds.
  path: Assets/Space Exploration/Picto_Icons/Light_Purple/person-128.png
  artifactKey: Guid(cd787b9c67e67b3459a287a76d40475b) Importer(815301076,1909f56bfc062723c751e8b465ee728b)
Start importing Assets/Space Exploration/Picto_Icons/Light_Purple/person-128.png using Guid(cd787b9c67e67b3459a287a76d40475b) Importer(815301076,1909f56bfc062723c751e8b465ee728b) (PreviewImporter) -> (artifact id: 'b4b122ba3e03c08911a6a880e171e6d9') in 0.010596 seconds
Number of updated asset objects reloaded before import = 0Number of asset objects unloaded after import = 3

========================================================================
Received Import Request.
  Time since last request: 0.000017 seconds.
  path: Assets/Space Exploration/Picto_Icons/Light_Purple/picture-128.png
  artifactKey: Guid(d7b15372dab3fbd4a96f272a77a2e9b9) Importer(815301076,1909f56bfc062723c751e8b465ee728b)
Start importing Assets/Space Exploration/Picto_Icons/Light_Purple/picture-128.png using Guid(d7b15372dab3fbd4a96f272a77a2e9b9) Importer(815301076,1909f56bfc062723c751e8b465ee728b) (PreviewImporter) -> (artifact id: '4c56ce3d5db2e28eac05b586c12843ca') in 0.0107199 seconds
Number of updated asset objects reloaded before import = 0Number of asset objects unloaded after import = 3

========================================================================
Received Import Request.
  Time since last request: 0.067100 seconds.
  path: Assets/Space Exploration/Picto_Icons/Light_Purple/ranking-32.png
  artifactKey: Guid(f8442f07188666e43b6d88ffc1743cb4) Importer(815301076,1909f56bfc062723c751e8b465ee728b)
Start importing Assets/Space Exploration/Picto_Icons/Light_Purple/ranking-32.png using Guid(f8442f07188666e43b6d88ffc1743cb4) Importer(815301076,1909f56bfc062723c751e8b465ee728b) (PreviewImporter) -> (artifact id: '6f9cd25ec1b1d1c53a037c445901df49') in 0.0101799 seconds
Number of updated asset objects reloaded before import = 0Number of asset objects unloaded after import = 3

========================================================================
Received Import Request.
  Time since last request: 0.086358 seconds.
  path: Assets/Space Exploration/Picto_Icons/Light_Purple/right-arrow-256.png
  artifactKey: Guid(adcd09b10d4a56f44946d2b22493b4ca) Importer(815301076,1909f56bfc062723c751e8b465ee728b)
Start importing Assets/Space Exploration/Picto_Icons/Light_Purple/right-arrow-256.png using Guid(adcd09b10d4a56f44946d2b22493b4ca) Importer(815301076,1909f56bfc062723c751e8b465ee728b) (PreviewImporter) -> (artifact id: 'e2030897ac06c025713624830ea85cc5') in 0.011856 seconds
Number of updated asset objects reloaded before import = 0Number of asset objects unloaded after import = 3

========================================================================
Received Import Request.
  Time since last request: 0.000018 seconds.
  path: Assets/Space Exploration/Picto_Icons/Light_Purple/ring-256.png
  artifactKey: Guid(25164a774b9ace24589c09df7809ecce) Importer(815301076,1909f56bfc062723c751e8b465ee728b)
Start importing Assets/Space Exploration/Picto_Icons/Light_Purple/ring-256.png using Guid(25164a774b9ace24589c09df7809ecce) Importer(815301076,1909f56bfc062723c751e8b465ee728b) (PreviewImporter) -> (artifact id: '050065062a43f6f60903345f0d207f73') in 0.0110872 seconds
Number of updated asset objects reloaded before import = 0Number of asset objects unloaded after import = 3

========================================================================
Received Import Request.
  Time since last request: 1.045753 seconds.
  path: Assets/Space Exploration/Picto_Icons/Light_Purple/music-128.png
  artifactKey: Guid(98f638436c3efbd44a367d65aac39ef3) Importer(815301076,1909f56bfc062723c751e8b465ee728b)
Start importing Assets/Space Exploration/Picto_Icons/Light_Purple/music-128.png using Guid(98f638436c3efbd44a367d65aac39ef3) Importer(815301076,1909f56bfc062723c751e8b465ee728b) (PreviewImporter) -> (artifact id: '0b228791d7beda4c39ae460dda073025') in 0.0105114 seconds
Number of updated asset objects reloaded before import = 0Number of asset objects unloaded after import = 3

========================================================================
Received Import Request.
  Time since last request: 0.000015 seconds.
  path: Assets/Space Exploration/Picto_Icons/Light_Purple/music-off-128.png
  artifactKey: Guid(570f2976a4424834ea27527291d0346b) Importer(815301076,1909f56bfc062723c751e8b465ee728b)
Start importing Assets/Space Exploration/Picto_Icons/Light_Purple/music-off-128.png using Guid(570f2976a4424834ea27527291d0346b) Importer(815301076,1909f56bfc062723c751e8b465ee728b) (PreviewImporter) -> (artifact id: '386e628d002410cc4387f1834b5a8d8c') in 0.0111556 seconds
Number of updated asset objects reloaded before import = 0Number of asset objects unloaded after import = 3

========================================================================
Received Import Request.
  Time since last request: 3.950661 seconds.
  path: Assets/Space Exploration/Picto_Icons/Light_Purple/shrink-64.png
  artifactKey: Guid(1e57d6a5b92f27d4ab86d50afbf8cda2) Importer(815301076,1909f56bfc062723c751e8b465ee728b)
Start importing Assets/Space Exploration/Picto_Icons/Light_Purple/shrink-64.png using Guid(1e57d6a5b92f27d4ab86d50afbf8cda2) Importer(815301076,1909f56bfc062723c751e8b465ee728b) (PreviewImporter) -> (artifact id: 'bf9ec7ef99ce82291033e251754db132') in 0.0099427 seconds
Number of updated asset objects reloaded before import = 0Number of asset objects unloaded after import = 3

========================================================================
Received Import Request.
  Time since last request: 0.000018 seconds.
  path: Assets/Space Exploration/Picto_Icons/Light_Purple/shuffle-arrow-64.png
  artifactKey: Guid(e80e08e580c639a4ab3e6da1f3356835) Importer(815301076,1909f56bfc062723c751e8b465ee728b)
Start importing Assets/Space Exploration/Picto_Icons/Light_Purple/shuffle-arrow-64.png using Guid(e80e08e580c639a4ab3e6da1f3356835) Importer(815301076,1909f56bfc062723c751e8b465ee728b) (PreviewImporter) -> (artifact id: '202fa27330b91eaf4dff899083823e79') in 0.010208 seconds
Number of updated asset objects reloaded before import = 0Number of asset objects unloaded after import = 3

========================================================================
Received Import Request.
  Time since last request: 2.224096 seconds.
  path: Assets/Space Exploration/Picto_Icons/Light_Purple/solar-system-64.png
  artifactKey: Guid(50452f9eabf5bcc4badd276016a2f57c) Importer(815301076,1909f56bfc062723c751e8b465ee728b)
Start importing Assets/Space Exploration/Picto_Icons/Light_Purple/solar-system-64.png using Guid(50452f9eabf5bcc4badd276016a2f57c) Importer(815301076,1909f56bfc062723c751e8b465ee728b) (PreviewImporter) -> (artifact id: 'cadde253ba867f352a8799b403a3d58d') in 0.0097145 seconds
Number of updated asset objects reloaded before import = 0Number of asset objects unloaded after import = 3

========================================================================
Received Import Request.
  Time since last request: 0.465032 seconds.
  path: Assets/Space Exploration/Picto_Icons/Light_Purple/sparkles-64.png
  artifactKey: Guid(2573b3f8ab4a6bb4a9fec3cb1ddc68be) Importer(815301076,1909f56bfc062723c751e8b465ee728b)
Start importing Assets/Space Exploration/Picto_Icons/Light_Purple/sparkles-64.png using Guid(2573b3f8ab4a6bb4a9fec3cb1ddc68be) Importer(815301076,1909f56bfc062723c751e8b465ee728b) (PreviewImporter) -> (artifact id: '1acd292a1692132a76f06dee03b23945') in 0.0098179 seconds
Number of updated asset objects reloaded before import = 0Number of asset objects unloaded after import = 3

========================================================================
Received Import Request.
  Time since last request: 0.000023 seconds.
  path: Assets/Space Exploration/Picto_Icons/Light_Purple/stop-32.png
  artifactKey: Guid(cd7de87370a304b47ab9a8fb67c37d28) Importer(815301076,1909f56bfc062723c751e8b465ee728b)
Start importing Assets/Space Exploration/Picto_Icons/Light_Purple/stop-32.png using Guid(cd7de87370a304b47ab9a8fb67c37d28) Importer(815301076,1909f56bfc062723c751e8b465ee728b) (PreviewImporter) -> (artifact id: '5cf5539a095b286286a74cb9c836edf7') in 0.0101316 seconds
Number of updated asset objects reloaded before import = 0Number of asset objects unloaded after import = 3

========================================================================
Received Import Request.
  Time since last request: 0.438440 seconds.
  path: Assets/Space Exploration/Picto_Icons/Light_Purple/sword-256.png
  artifactKey: Guid(2757e845f9a40a147a34317f7dc4d2a5) Importer(815301076,1909f56bfc062723c751e8b465ee728b)
Start importing Assets/Space Exploration/Picto_Icons/Light_Purple/sword-256.png using Guid(2757e845f9a40a147a34317f7dc4d2a5) Importer(815301076,1909f56bfc062723c751e8b465ee728b) (PreviewImporter) -> (artifact id: '3b2ec60a2d3c44ef5a01131e788c30bc') in 0.0105129 seconds
Number of updated asset objects reloaded before import = 0Number of asset objects unloaded after import = 3

========================================================================
Received Import Request.
  Time since last request: 0.000035 seconds.
  path: Assets/Space Exploration/Picto_Icons/Light_Purple/trash-64.png
  artifactKey: Guid(82bf634e100f59b46b73f104feaf6c7c) Importer(815301076,1909f56bfc062723c751e8b465ee728b)
Start importing Assets/Space Exploration/Picto_Icons/Light_Purple/trash-64.png using Guid(82bf634e100f59b46b73f104feaf6c7c) Importer(815301076,1909f56bfc062723c751e8b465ee728b) (PreviewImporter) -> (artifact id: 'dece849e84d8a85f51a14f23d1e9bfa6') in 0.009903 seconds
Number of updated asset objects reloaded before import = 0Number of asset objects unloaded after import = 3

========================================================================
Received Import Request.
  Time since last request: 0.000029 seconds.
  path: Assets/Space Exploration/Picto_Icons/Light_Purple/trophy-32.png
  artifactKey: Guid(5b714faa6c420f44992a3cf7da097a37) Importer(815301076,1909f56bfc062723c751e8b465ee728b)
Start importing Assets/Space Exploration/Picto_Icons/Light_Purple/trophy-32.png using Guid(5b714faa6c420f44992a3cf7da097a37) Importer(815301076,1909f56bfc062723c751e8b465ee728b) (PreviewImporter) -> (artifact id: '8867cc70168b674340d88907c4baf55c') in 0.0094679 seconds
Number of updated asset objects reloaded before import = 0Number of asset objects unloaded after import = 3

========================================================================
Received Import Request.
  Time since last request: 0.000025 seconds.
  path: Assets/Space Exploration/Picto_Icons/Light_Purple/try-again-256.png
  artifactKey: Guid(2eb464e4b16c1434b8d22243b2fbab9f) Importer(815301076,1909f56bfc062723c751e8b465ee728b)
Start importing Assets/Space Exploration/Picto_Icons/Light_Purple/try-again-256.png using Guid(2eb464e4b16c1434b8d22243b2fbab9f) Importer(815301076,1909f56bfc062723c751e8b465ee728b) (PreviewImporter) -> (artifact id: 'eb79271e253fcbb1c71753a316c3491b') in 0.0117696 seconds
Number of updated asset objects reloaded before import = 0Number of asset objects unloaded after import = 3

========================================================================
Received Import Request.
  Time since last request: 0.989056 seconds.
  path: Assets/Space Exploration/Picto_Icons/Light_Purple/zoom-out-128.png
  artifactKey: Guid(aee4e0719b7050c4287a1eb91122b4e5) Importer(815301076,1909f56bfc062723c751e8b465ee728b)
Start importing Assets/Space Exploration/Picto_Icons/Light_Purple/zoom-out-128.png using Guid(aee4e0719b7050c4287a1eb91122b4e5) Importer(815301076,1909f56bfc062723c751e8b465ee728b) (PreviewImporter) -> (artifact id: '3957c02bc1975a8a881d6a1ae9c6158e') in 0.0117436 seconds
Number of updated asset objects reloaded before import = 0Number of asset objects unloaded after import = 3

========================================================================
Received Import Request.
  Time since last request: 6.270643 seconds.
  path: Assets/Space Exploration/Picto_Icons/Light_Purple/menu-128.png
  artifactKey: Guid(c5b0771c406bc744394edef6c417469e) Importer(815301076,1909f56bfc062723c751e8b465ee728b)
Start importing Assets/Space Exploration/Picto_Icons/Light_Purple/menu-128.png using Guid(c5b0771c406bc744394edef6c417469e) Importer(815301076,1909f56bfc062723c751e8b465ee728b) (PreviewImporter) -> (artifact id: 'b758d1f3a0a24581e88c54414056d7de') in 0.0112289 seconds
Number of updated asset objects reloaded before import = 0Number of asset objects unloaded after import = 3

========================================================================
Received Import Request.
  Time since last request: 0.000015 seconds.
  path: Assets/Space Exploration/Picto_Icons/Light_Purple/mic-128.png
  artifactKey: Guid(2d1aca193b828324ab24b92d55a5fcc3) Importer(815301076,1909f56bfc062723c751e8b465ee728b)
Start importing Assets/Space Exploration/Picto_Icons/Light_Purple/mic-128.png using Guid(2d1aca193b828324ab24b92d55a5fcc3) Importer(815301076,1909f56bfc062723c751e8b465ee728b) (PreviewImporter) -> (artifact id: '0d2ecdf1851d84de94372fca8539b739') in 0.0107842 seconds
Number of updated asset objects reloaded before import = 0Number of asset objects unloaded after import = 3

========================================================================
Received Import Request.
  Time since last request: 1.001187 seconds.
  path: Assets/Space Exploration/Picto_Icons/Light_Purple/link-32.png
  artifactKey: Guid(d2f85a5112888154b829260184db4078) Importer(815301076,1909f56bfc062723c751e8b465ee728b)
Start importing Assets/Space Exploration/Picto_Icons/Light_Purple/link-32.png using Guid(d2f85a5112888154b829260184db4078) Importer(815301076,1909f56bfc062723c751e8b465ee728b) (PreviewImporter) -> (artifact id: 'b76f8fc4062809b0a909e444609f9bd6') in 0.0100161 seconds
Number of updated asset objects reloaded before import = 0Number of asset objects unloaded after import = 3

========================================================================
Received Import Request.
  Time since last request: 0.000020 seconds.
  path: Assets/Space Exploration/Picto_Icons/Light_Purple/location-32.png
  artifactKey: Guid(97ee8496831b93348a46a44b4e4e7b35) Importer(815301076,1909f56bfc062723c751e8b465ee728b)
Start importing Assets/Space Exploration/Picto_Icons/Light_Purple/location-32.png using Guid(97ee8496831b93348a46a44b4e4e7b35) Importer(815301076,1909f56bfc062723c751e8b465ee728b) (PreviewImporter) -> (artifact id: 'ce20d7d8ddc05977e777adffb8ade3f8') in 0.008791 seconds
Number of updated asset objects reloaded before import = 0Number of asset objects unloaded after import = 3

========================================================================
Received Import Request.
  Time since last request: 0.295973 seconds.
  path: Assets/Space Exploration/Picto_Icons/Light_Purple/info-256.png
  artifactKey: Guid(04f58f07f57a70245ab42253c741d7ef) Importer(815301076,1909f56bfc062723c751e8b465ee728b)
Start importing Assets/Space Exploration/Picto_Icons/Light_Purple/info-256.png using Guid(04f58f07f57a70245ab42253c741d7ef) Importer(815301076,1909f56bfc062723c751e8b465ee728b) (PreviewImporter) -> (artifact id: '4840526465fcc6469bbf5f6bab7f36a7') in 0.0102609 seconds
Number of updated asset objects reloaded before import = 0Number of asset objects unloaded after import = 3

========================================================================
Received Import Request.
  Time since last request: 0.607748 seconds.
  path: Assets/Space Exploration/Picto_Icons/Light_Purple/half-moon-64.png
  artifactKey: Guid(a3aa6ec7b6738984ba0896995d909904) Importer(815301076,1909f56bfc062723c751e8b465ee728b)
Start importing Assets/Space Exploration/Picto_Icons/Light_Purple/half-moon-64.png using Guid(a3aa6ec7b6738984ba0896995d909904) Importer(815301076,1909f56bfc062723c751e8b465ee728b) (PreviewImporter) -> (artifact id: 'c52b7e68a58dac7d741157b6383f7aee') in 0.0103224 seconds
Number of updated asset objects reloaded before import = 0Number of asset objects unloaded after import = 3

========================================================================
Received Import Request.
  Time since last request: 0.000019 seconds.
  path: Assets/Space Exploration/Picto_Icons/Light_Purple/heart-32.png
  artifactKey: Guid(4fad1441365009f4ea9dc767ad5190d0) Importer(815301076,1909f56bfc062723c751e8b465ee728b)
Start importing Assets/Space Exploration/Picto_Icons/Light_Purple/heart-32.png using Guid(4fad1441365009f4ea9dc767ad5190d0) Importer(815301076,1909f56bfc062723c751e8b465ee728b) (PreviewImporter) -> (artifact id: '53edaaf87d9b658f5b4aff0e45db673a') in 0.0096988 seconds
Number of updated asset objects reloaded before import = 0Number of asset objects unloaded after import = 3

========================================================================
Received Import Request.
  Time since last request: 2.254441 seconds.
  path: Assets/Space Exploration/Picto_Icons/Light_Purple/fast-forward-32.png
  artifactKey: Guid(adfba0e5f881ed7448a64abc74dae9b9) Importer(815301076,1909f56bfc062723c751e8b465ee728b)
Start importing Assets/Space Exploration/Picto_Icons/Light_Purple/fast-forward-32.png using Guid(adfba0e5f881ed7448a64abc74dae9b9) Importer(815301076,1909f56bfc062723c751e8b465ee728b) (PreviewImporter) -> (artifact id: '3bf391e936de45603ec20fe86ab2881d') in 0.0106778 seconds
Number of updated asset objects reloaded before import = 0Number of asset objects unloaded after import = 3

========================================================================
Received Import Request.
  Time since last request: 0.000020 seconds.
  path: Assets/Space Exploration/Picto_Icons/Light_Purple/fast-forward-128.png
  artifactKey: Guid(2a152c0d5d61dd74cbddb072bd053a75) Importer(815301076,1909f56bfc062723c751e8b465ee728b)
Start importing Assets/Space Exploration/Picto_Icons/Light_Purple/fast-forward-128.png using Guid(2a152c0d5d61dd74cbddb072bd053a75) Importer(815301076,1909f56bfc062723c751e8b465ee728b) (PreviewImporter) -> (artifact id: 'c5483beefb4aaf3518c016c16d7cb388') in 0.0102436 seconds
Number of updated asset objects reloaded before import = 0Number of asset objects unloaded after import = 3

========================================================================
Received Import Request.
  Time since last request: 0.783683 seconds.
  path: Assets/Space Exploration/Picto_Icons/Light_Purple/download-32.png
  artifactKey: Guid(1b1427d382c1da94e8b12283ae1cf700) Importer(815301076,1909f56bfc062723c751e8b465ee728b)
Start importing Assets/Space Exploration/Picto_Icons/Light_Purple/download-32.png using Guid(1b1427d382c1da94e8b12283ae1cf700) Importer(815301076,1909f56bfc062723c751e8b465ee728b) (PreviewImporter) -> (artifact id: 'dffeb5a0d92f88615fcfe728d294bfba') in 0.0102282 seconds
Number of updated asset objects reloaded before import = 0Number of asset objects unloaded after import = 3

========================================================================
Received Import Request.
  Time since last request: 0.345013 seconds.
  path: Assets/Space Exploration/Picto_Icons/Light_Purple/crown-128.png
  artifactKey: Guid(cd747f5e9061e2c41a86cdce05537a39) Importer(815301076,1909f56bfc062723c751e8b465ee728b)
Start importing Assets/Space Exploration/Picto_Icons/Light_Purple/crown-128.png using Guid(cd747f5e9061e2c41a86cdce05537a39) Importer(815301076,1909f56bfc062723c751e8b465ee728b) (PreviewImporter) -> (artifact id: 'bd55be90c197bf91190353e94ea6be51') in 0.011503 seconds
Number of updated asset objects reloaded before import = 0Number of asset objects unloaded after import = 3

========================================================================
Received Import Request.
  Time since last request: 0.000015 seconds.
  path: Assets/Space Exploration/Picto_Icons/Light_Purple/diamond-256.png
  artifactKey: Guid(8f2d615ebcb7277479c2f1a5c28fa962) Importer(815301076,1909f56bfc062723c751e8b465ee728b)
Start importing Assets/Space Exploration/Picto_Icons/Light_Purple/diamond-256.png using Guid(8f2d615ebcb7277479c2f1a5c28fa962) Importer(815301076,1909f56bfc062723c751e8b465ee728b) (PreviewImporter) -> (artifact id: 'df282b772ecc89e9e8782d420953f815') in 0.0107074 seconds
Number of updated asset objects reloaded before import = 0Number of asset objects unloaded after import = 3

========================================================================
Received Import Request.
  Time since last request: 0.331072 seconds.
  path: Assets/Space Exploration/Picto_Icons/Light_Purple/cloud-128.png
  artifactKey: Guid(d6a51871333caf946a356b2d01888c1c) Importer(815301076,1909f56bfc062723c751e8b465ee728b)
Start importing Assets/Space Exploration/Picto_Icons/Light_Purple/cloud-128.png using Guid(d6a51871333caf946a356b2d01888c1c) Importer(815301076,1909f56bfc062723c751e8b465ee728b) (PreviewImporter) -> (artifact id: '9e6d7f6e80bae77a54923af7be2ffdb1') in 0.0111088 seconds
Number of updated asset objects reloaded before import = 0Number of asset objects unloaded after import = 3

========================================================================
Received Import Request.
  Time since last request: 0.000016 seconds.
  path: Assets/Space Exploration/Picto_Icons/Light_Purple/buy-64.png
  artifactKey: Guid(6e37496e7cd0b7345a1225a69e24b085) Importer(815301076,1909f56bfc062723c751e8b465ee728b)
Start importing Assets/Space Exploration/Picto_Icons/Light_Purple/buy-64.png using Guid(6e37496e7cd0b7345a1225a69e24b085) Importer(815301076,1909f56bfc062723c751e8b465ee728b) (PreviewImporter) -> (artifact id: 'a71b19abcdb8cef67eaf0f680c7be703') in 0.0096127 seconds
Number of updated asset objects reloaded before import = 0Number of asset objects unloaded after import = 3

========================================================================
Received Import Request.
  Time since last request: 0.000015 seconds.
  path: Assets/Space Exploration/Picto_Icons/Light_Purple/camera-64.png
  artifactKey: Guid(2aec7e57e3dec704b97983cc9152ecbe) Importer(815301076,1909f56bfc062723c751e8b465ee728b)
Start importing Assets/Space Exploration/Picto_Icons/Light_Purple/camera-64.png using Guid(2aec7e57e3dec704b97983cc9152ecbe) Importer(815301076,1909f56bfc062723c751e8b465ee728b) (PreviewImporter) -> (artifact id: '71590c40d637ae32871dd18a3df9a374') in 0.0094459 seconds
Number of updated asset objects reloaded before import = 0Number of asset objects unloaded after import = 3

========================================================================
Received Import Request.
  Time since last request: 0.000016 seconds.
  path: Assets/Space Exploration/Picto_Icons/Light_Purple/caution-256.png
  artifactKey: Guid(818fe9d18fc238146831b7d776692ca5) Importer(815301076,1909f56bfc062723c751e8b465ee728b)
Start importing Assets/Space Exploration/Picto_Icons/Light_Purple/caution-256.png using Guid(818fe9d18fc238146831b7d776692ca5) Importer(815301076,1909f56bfc062723c751e8b465ee728b) (PreviewImporter) -> (artifact id: '6cc54942b16cbe92f60eddb20d8aaf45') in 0.0104883 seconds
Number of updated asset objects reloaded before import = 0Number of asset objects unloaded after import = 3

========================================================================
Received Import Request.
  Time since last request: 0.657922 seconds.
  path: Assets/Space Exploration/Picto_Icons/Light_Purple/bell-off-128.png
  artifactKey: Guid(b4d46530b0934264087773139349faed) Importer(815301076,1909f56bfc062723c751e8b465ee728b)
Start importing Assets/Space Exploration/Picto_Icons/Light_Purple/bell-off-128.png using Guid(b4d46530b0934264087773139349faed) Importer(815301076,1909f56bfc062723c751e8b465ee728b) (PreviewImporter) -> (artifact id: '996119918c6e38a49f3d30830fe21336') in 0.0111208 seconds
Number of updated asset objects reloaded before import = 0Number of asset objects unloaded after import = 3

========================================================================
Received Import Request.
  Time since last request: 0.000016 seconds.
  path: Assets/Space Exploration/Picto_Icons/Light_Purple/astronaut-256.png
  artifactKey: Guid(c4ae4ca02c55b8b46859611ba7c9688f) Importer(815301076,1909f56bfc062723c751e8b465ee728b)
Start importing Assets/Space Exploration/Picto_Icons/Light_Purple/astronaut-256.png using Guid(c4ae4ca02c55b8b46859611ba7c9688f) Importer(815301076,1909f56bfc062723c751e8b465ee728b) (PreviewImporter) -> (artifact id: 'aad51c5534439f4e441bdb74a49be343') in 0.0117562 seconds
Number of updated asset objects reloaded before import = 0Number of asset objects unloaded after import = 3

========================================================================
Received Import Request.
  Time since last request: 0.000016 seconds.
  path: Assets/Space Exploration/Picto_Icons/Light_Purple/back-64.png
  artifactKey: Guid(cdb19b9a6089e7d41999bedf0e5fdd86) Importer(815301076,1909f56bfc062723c751e8b465ee728b)
Start importing Assets/Space Exploration/Picto_Icons/Light_Purple/back-64.png using Guid(cdb19b9a6089e7d41999bedf0e5fdd86) Importer(815301076,1909f56bfc062723c751e8b465ee728b) (PreviewImporter) -> (artifact id: '2ff04859e1f7fcc8da1edb654f5fdd99') in 0.0105488 seconds
Number of updated asset objects reloaded before import = 0Number of asset objects unloaded after import = 3

========================================================================
Received Import Request.
  Time since last request: 0.000015 seconds.
  path: Assets/Space Exploration/Picto_Icons/Light_Purple/badge-64.png
  artifactKey: Guid(5dc7fc06cdb09954684e2bae40817500) Importer(815301076,1909f56bfc062723c751e8b465ee728b)
Start importing Assets/Space Exploration/Picto_Icons/Light_Purple/badge-64.png using Guid(5dc7fc06cdb09954684e2bae40817500) Importer(815301076,1909f56bfc062723c751e8b465ee728b) (PreviewImporter) -> (artifact id: '1cbe920fc7be25f4c1ca067109cc3aef') in 0.0124867 seconds
Number of updated asset objects reloaded before import = 0Number of asset objects unloaded after import = 3

========================================================================
Received Import Request.
  Time since last request: 0.300990 seconds.
  path: Assets/Space Exploration/Picto_Icons/Light_Purple/--256.png
  artifactKey: Guid(e45a7fd573693dd4ea72653183b5b5a2) Importer(815301076,1909f56bfc062723c751e8b465ee728b)
Start importing Assets/Space Exploration/Picto_Icons/Light_Purple/--256.png using Guid(e45a7fd573693dd4ea72653183b5b5a2) Importer(815301076,1909f56bfc062723c751e8b465ee728b) (PreviewImporter) -> (artifact id: '8d3d7466f97e359a49eaf8da7285fa5e') in 0.0116127 seconds
Number of updated asset objects reloaded before import = 0Number of asset objects unloaded after import = 3

========================================================================
Received Import Request.
  Time since last request: 0.000017 seconds.
  path: Assets/Space Exploration/Picto_Icons/Light_Purple/ad-128.png
  artifactKey: Guid(97e76dfa5ae0564439b0862a5b6057ac) Importer(815301076,1909f56bfc062723c751e8b465ee728b)
Start importing Assets/Space Exploration/Picto_Icons/Light_Purple/ad-128.png using Guid(97e76dfa5ae0564439b0862a5b6057ac) Importer(815301076,1909f56bfc062723c751e8b465ee728b) (PreviewImporter) -> (artifact id: 'a8a21720bf3faef57fa39b99483d60bf') in 0.0122799 seconds
Number of updated asset objects reloaded before import = 0Number of asset objects unloaded after import = 3

Editor requested this worker to shutdown with reason: Scaling down because of idle timeout
AssetImportWorker is now disconnected from the server
Process exiting
Exiting without the bug reporter. Application will terminate with return code 0