[Licensing::Module] Trying to connect to existing licensing client channel...
Built from '6000.3/staging' branch; Version is '6000.3.15f1 (c1aa84e375f6) revision 12692100'; Using compiler version '194234433'; Build Type 'Release'
OS: 'Windows 10  (10.0.19045) 64bit Professional' Language: 'ko' Physical Memory: 32478 MB
[Licensing::IpcConnector] Successfully connected to: "LicenseClient-Administrator" at "2026-06-23T11:42:41.7437859Z"
BatchMode: 1, IsHumanControllingUs: 0, StartBugReporterOnCrash: 0, Is64bit: 1
System  architecture: x64
Process architecture: x64
Date: 2026-06-23T11:42:41Z

COMMAND LINE ARGUMENTS:
C:\Program Files\Unity\Hub\Editor\6000.3.15f1\Editor\Unity.exe
-adb2
-batchMode
-noUpm
-name
AssetImportWorker15
-projectPath
C:/Users/Administrator/Desktop/Game-Server/Program
-logFile
Logs/AssetImportWorker15.log
-srvPort
51543
-licensingIpc
LicenseClient-Administrator
-job-worker-count
13
-background-job-worker-count
8
-gc-helper-count
1
-name
AssetImport
Successfully changed project path to: C:/Users/Administrator/Desktop/Game-Server/Program
C:/Users/Administrator/Desktop/Game-Server/Program
[UnityMemory] Configuration Parameters - Can be set up in boot.config
    "memorysetup-temp-allocator-size-nav-mesh-worker=65536"
    "memorysetup-temp-allocator-size-audio-worker=65536"
    "memorysetup-temp-allocator-size-gfx=262144"
    "memorysetup-allocator-temp-initial-block-size-main=262144"
    "memorysetup-allocator-temp-initial-block-size-worker=262144"
    "memorysetup-temp-allocator-size-background-worker=32768"
    "memorysetup-temp-allocator-size-job-worker=262144"
    "memorysetup-temp-allocator-size-preload-manager=33554432"
    "memorysetup-temp-allocator-size-gi-baking-worker=262144"
    "memorysetup-temp-allocator-size-gi-baking-worker=262144"
    "memorysetup-temp-allocator-size-gi-baking-worker=262144"
    "memorysetup-temp-allocator-size-gi-baking-worker=262144"
    "memorysetup-temp-allocator-size-gi-baking-worker=262144"
    "memorysetup-bucket-allocator-granularity=16"
    "memorysetup-bucket-allocator-bucket-count=8"
    "memorysetup-bucket-allocator-block-size=33554432"
    "memorysetup-bucket-allocator-block-count=8"
    "memorysetup-main-allocator-block-size=16777216"
    "memorysetup-thread-allocator-block-size=16777216"
    "memorysetup-gfx-main-allocator-block-size=16777216"
    "memorysetup-gfx-thread-allocator-block-size=16777216"
    "memorysetup-cache-allocator-block-size=4194304"
    "memorysetup-typetree-allocator-block-size=2097152"
    "memorysetup-profiler-bucket-allocator-granularity=16"
    "memorysetup-profiler-bucket-allocator-bucket-count=8"
    "memorysetup-profiler-bucket-allocator-block-size=33554432"
    "memorysetup-profiler-bucket-allocator-block-count=8"
    "memorysetup-profiler-allocator-block-size=16777216"
    "memorysetup-profiler-editor-allocator-block-size=1048576"
    "memorysetup-temp-allocator-size-main=16777216"
    "memorysetup-job-temp-allocator-block-size=2097152"
    "memorysetup-job-temp-allocator-block-size-background=1048576"
    "memorysetup-job-temp-allocator-reduction-small-platforms=262144"
    "memorysetup-temp-allocator-size-cloud-worker=32768"
Player connection [12728]  Target information:

Player connection [12728]  * "[IP] 192.168.0.55 [Port] 0 [Flags] 2 [Guid] 3911300112 [EditorId] 3911300112 [Version] 1048832 [Id] WindowsEditor(7,DESKTOP-MSMA3UP) [Debug] 1 [PackageName] WindowsEditor [ProjectName] Editor" 

Player connection [12728] Host joined multi-casting on [225.0.0.222:54997]...
Player connection [12728] Host joined alternative multi-casting on [225.0.0.222:34997]...
JobSystem: Creating JobQueue using job-worker-count value 13
Input System module state changed to: Initialized.
[Physics::Module] Initialized fallback backend.
[Physics::Module] Id: 0xdecafbad
Library Redirect Path: Library/
[Physics::Module] Selected backend.
[Physics::Module] Name: PhysX
[Physics::Module] Id: 0xf2b8ea05
[Physics::Module] SDK Version: 4.1.2
[Physics::Module] Integration Version: 1.0.0
[Physics::Module] Threading Mode: Multi-Threaded
Refreshing native plugins compatible for Editor in 2.69 ms, found 4 plugins.
Preloading 0 native plugins for Editor in 0.00 ms.
Initialize engine version: 6000.3.15f1 (c1aa84e375f6)
[Subsystems] Discovering subsystems at path C:/Program Files/Unity/Hub/Editor/6000.3.15f1/Editor/Data/Resources/UnitySubsystems
[Subsystems] Discovering subsystems at path C:/Users/Administrator/Desktop/Game-Server/Program/Assets
GfxDevice: creating device client; kGfxThreadingModeNonThreaded
Direct3D:
    Version:  Direct3D 11.0 [level 11.1]
    Renderer: NVIDIA GeForce RTX 5060 Ti (ID=0x2d04)
    Vendor:   NVIDIA
    VRAM:     16050 MB
    Driver:   32.0.15.9636
Initialize mono
Mono path[0] = 'C:/Program Files/Unity/Hub/Editor/6000.3.15f1/Editor/Data/Managed'
Mono path[1] = 'C:/Program Files/Unity/Hub/Editor/6000.3.15f1/Editor/Data/MonoBleedingEdge/lib/mono/unityjit-win32'
Mono config path = 'C:/Program Files/Unity/Hub/Editor/6000.3.15f1/Editor/Data/MonoBleedingEdge/etc'
Using monoOptions --debugger-agent=transport=dt_socket,embedding=1,server=y,suspend=n,address=127.0.0.1:56324
Begin MonoManager ReloadAssembly
Registering precompiled unity dll's ...
Register platform support module: C:/Program Files/Unity/Hub/Editor/6000.3.15f1/Editor/Data/PlaybackEngines/WindowsStandaloneSupport/UnityEditor.WindowsStandalone.Extensions.dll
Registered in 0.001339 seconds.
[Licensing::Client] Error: HandshakeResponse reported an error:
	ResponseCode: 505
	ResponseStatus: Unsupported protocol version '1.18.1'.
[Licensing::Module] Error: Failed to handshake to channel: "LicenseClient-Administrator"
[Licensing::IpcConnector] LicenseClient-Administrator channel disconnected successfully.
[Licensing::IpcConnector] Successfully connected to: "LicenseClient-Administrator-6000.3.15" at "2026-06-23T11:42:42.6046954Z"
[Licensing::Client] Code 10 while verifying Licensing Client signature (process Id: 8968, path: "C:/Program Files/Unity/Hub/Editor/6000.3.15f1/Editor/Data/Resources/Licensing/Client/Unity.Licensing.Client.exe")
[Licensing::Module] LicensingClient has failed validation; ignoring
[Licensing::Client] Handshaking with LicensingClient:
  Version:                 1.18.1+9fbee8e
  Session Id:              c53e1c8bbf92423db0e7c4fae22c96dd
  Correlation Id:          82bb4f86f45519d94736bd176320c77c
  External correlation Id: 1697060382416779032
  Machine Id:              SvejmJGsl/EFmq0OAjofjZYOfss=
[Licensing::Module] Successfully connected to LicensingClient on channel: "LicenseClient-Administrator-6000.3.15" (connect: 0.00s, validation: 0.00s, handshake: 0.00s)
[Licensing::IpcConnector] Successfully connected to: "LicenseClient-Administrator-6000.3.15-notifications" at "2026-06-23T11:42:42.6102355Z"
[Licensing::Module] Licensing Background thread has ended after 0.87s
- Loaded All Assemblies, in  0.444 seconds
Native extension for WindowsStandalone target not found
Package Manager log level set to [2]
[Package Manager] Failed to launch server process. Reason: Unity was launched with the -noUpm command-line argument
[Package Manager] Unable to send message (not connected to server process).
[Package Manager] Cannot connect to Unity Package Manager local server
ScheduleIndexationOnStartup MainProcess:False IndexOnStartup:True
Mono: successfully reloaded assembly
- Finished resetting the current domain, in  0.413 seconds
Domain Reload Profiling: 856ms
	BeginReloadAssembly (135ms)
		ExecutionOrderSort (0ms)
		DisableScriptedObjects (0ms)
		BackupInstance (0ms)
		ReleaseScriptingObjects (0ms)
		CreateAndSetChildDomain (1ms)
	RebuildCommonClasses (40ms)
	RebuildNativeTypeToScriptingClass (15ms)
	initialDomainReloadingComplete (52ms)
	LoadAllAssembliesAndSetupDomain (200ms)
		LoadAssemblies (134ms)
		RebuildTransferFunctionScriptingTraits (0ms)
		AnalyzeDomain (197ms)
			TypeCache.Refresh (195ms)
				TypeCache.ScanAssembly (178ms)
			BuildScriptInfoCaches (0ms)
			ResolveRequiredComponents (1ms)
	FinalizeReload (413ms)
		ReleaseScriptCaches (0ms)
		RebuildScriptCaches (0ms)
		SetupLoadedEditorAssemblies (356ms)
			LogAssemblyErrors (0ms)
			InitializePlatformSupportModulesInManaged (49ms)
			SetLoadedEditorAssemblies (4ms)
			BeforeProcessingInitializeOnLoad (83ms)
			ProcessInitializeOnLoadAttributes (143ms)
			ProcessInitializeOnLoadMethodAttributes (77ms)
			AfterProcessingInitializeOnLoad (0ms)
			EditorAssembliesLoaded (0ms)
		ExecutionOrderSort2 (0ms)
		AwakeInstancesAfterBackupRestoration (0ms)
========================================================================
Worker process is ready to serve import requests
Import Worker Mode flag is 0x00
Begin MonoManager ReloadAssembly
[Licensing::Client] Successfully resolved entitlement details
[Licensing::Module] License group:
  Id: 14569174559127-UnityPersXXXX
  Product: Unity Personal
  Type: Assigned
  Expiration: Unlimited
- Loaded All Assemblies, in  0.991 seconds
Refreshing native plugins compatible for Editor in 0.95 ms, found 4 plugins.
Native extension for WindowsStandalone target not found
[Package Manager] Failed to launch server process. Reason: Unity was launched with the -noUpm command-line argument
[Package Manager] Unable to send message (not connected to server process).
[Package Manager] Cannot connect to Unity Package Manager local server
Refreshing native plugins compatible for Editor in 1.18 ms, found 4 plugins.
[Package Manager] Failed to launch server process. Reason: Unity was launched with the -noUpm command-line argument
[Package Manager] Unable to send message (not connected to server process).
[Package Manager] Cannot connect to Unity Package Manager local server
ScheduleIndexationOnStartup MainProcess:False IndexOnStartup:True
Mono: successfully reloaded assembly
- Finished resetting the current domain, in  1.133 seconds
Domain Reload Profiling: 2122ms
	BeginReloadAssembly (208ms)
		ExecutionOrderSort (0ms)
		DisableScriptedObjects (7ms)
		BackupInstance (0ms)
		ReleaseScriptingObjects (0ms)
		CreateAndSetChildDomain (38ms)
	RebuildCommonClasses (42ms)
	RebuildNativeTypeToScriptingClass (15ms)
	initialDomainReloadingComplete (50ms)
	LoadAllAssembliesAndSetupDomain (674ms)
		LoadAssemblies (420ms)
		RebuildTransferFunctionScriptingTraits (0ms)
		AnalyzeDomain (369ms)
			TypeCache.Refresh (254ms)
				TypeCache.ScanAssembly (226ms)
			BuildScriptInfoCaches (97ms)
			ResolveRequiredComponents (13ms)
	FinalizeReload (1133ms)
		ReleaseScriptCaches (0ms)
		RebuildScriptCaches (0ms)
		SetupLoadedEditorAssemblies (917ms)
			LogAssemblyErrors (0ms)
			InitializePlatformSupportModulesInManaged (2ms)
			SetLoadedEditorAssemblies (6ms)
			BeforeProcessingInitializeOnLoad (136ms)
			ProcessInitializeOnLoadAttributes (694ms)
			ProcessInitializeOnLoadMethodAttributes (76ms)
			AfterProcessingInitializeOnLoad (3ms)
			EditorAssembliesLoaded (0ms)
		ExecutionOrderSort2 (0ms)
		AwakeInstancesAfterBackupRestoration (6ms)
Launched and connected shader compiler UnityShaderCompiler.exe after 0.01 seconds
Refreshing native plugins compatible for Editor in 1.10 ms, found 4 plugins.
Preloading 0 native plugins for Editor in 0.00 ms.
Unloading 16 Unused Serialized files (Serialized files now loaded: 0)
Unloading 6794 unused Assets / (4.0 MB). Loaded Objects now: 7594.
Memory consumption went from 161.1 MB to 157.1 MB.
Total: 7.634300 ms (FindLiveObjects: 0.907300 ms CreateObjectMapping: 0.318200 ms MarkObjects: 4.471400 ms  DeleteObjects: 1.935200 ms)

========================================================================
Received Import Request.
  Time since last request: 10664.454107 seconds.
  path: Assets/Space Exploration/Picto_Icons/White/gun-256.png
  artifactKey: Guid(1a4d4970fe325314aa6c8f2ee55e9548) Importer(815301076,1909f56bfc062723c751e8b465ee728b)
Start importing Assets/Space Exploration/Picto_Icons/White/gun-256.png using Guid(1a4d4970fe325314aa6c8f2ee55e9548) Importer(815301076,1909f56bfc062723c751e8b465ee728b) (PreviewImporter) -> (artifact id: '19563843b3c490c5119bc5d09d98848d') in 0.0857406 seconds
Number of updated asset objects reloaded before import = 0Number of asset objects unloaded after import = 3

========================================================================
Received Import Request.
  Time since last request: 0.222311 seconds.
  path: Assets/Space Exploration/Shop_Assets/gems-tier-3-small.png
  artifactKey: Guid(5b17181bd7632e545a30916892674b1a) Importer(815301076,1909f56bfc062723c751e8b465ee728b)
Start importing Assets/Space Exploration/Shop_Assets/gems-tier-3-small.png using Guid(5b17181bd7632e545a30916892674b1a) Importer(815301076,1909f56bfc062723c751e8b465ee728b) (PreviewImporter) -> (artifact id: '773c6b2440bb24082afa4c9d2f7b752d') in 0.0117544 seconds
Number of updated asset objects reloaded before import = 0Number of asset objects unloaded after import = 3

========================================================================
Received Import Request.
  Time since last request: 0.000018 seconds.
  path: Assets/Space Exploration/Picto_Icons/White/gun-64.png
  artifactKey: Guid(0b101aa055f660441865f5d9b158f431) Importer(815301076,1909f56bfc062723c751e8b465ee728b)
Start importing Assets/Space Exploration/Picto_Icons/White/gun-64.png using Guid(0b101aa055f660441865f5d9b158f431) Importer(815301076,1909f56bfc062723c751e8b465ee728b) (PreviewImporter) -> (artifact id: '15d0145687b48dd5d2e3bc685f887794') in 0.0109459 seconds
Number of updated asset objects reloaded before import = 0Number of asset objects unloaded after import = 3

========================================================================
Received Import Request.
  Time since last request: 0.693968 seconds.
  path: Assets/Space Exploration/Button_Images/Highlighted_Sprite/large/large-yellow-sparkle-highlight-large.png
  artifactKey: Guid(1aca2f0e58ac09b409c2368916d180aa) Importer(815301076,1909f56bfc062723c751e8b465ee728b)
Start importing Assets/Space Exploration/Button_Images/Highlighted_Sprite/large/large-yellow-sparkle-highlight-large.png using Guid(1aca2f0e58ac09b409c2368916d180aa) Importer(815301076,1909f56bfc062723c751e8b465ee728b) (PreviewImporter) -> (artifact id: '56e5912b9dee20a402bbc812da773bd3') in 0.0114548 seconds
Number of updated asset objects reloaded before import = 0Number of asset objects unloaded after import = 3

========================================================================
Received Import Request.
  Time since last request: 0.110018 seconds.
  path: Assets/Space Exploration/Button_Images/Pressed_Sprites/Small/large-yellow-sparkle-pressed-small.png
  artifactKey: Guid(dcd792ef4c039e54db39f02fdda62293) Importer(815301076,1909f56bfc062723c751e8b465ee728b)
Start importing Assets/Space Exploration/Button_Images/Pressed_Sprites/Small/large-yellow-sparkle-pressed-small.png using Guid(dcd792ef4c039e54db39f02fdda62293) Importer(815301076,1909f56bfc062723c751e8b465ee728b) (PreviewImporter) -> (artifact id: '2beed761ffea56254ec34f0ade87e2e2') in 0.0109542 seconds
Number of updated asset objects reloaded before import = 0Number of asset objects unloaded after import = 3

========================================================================
Received Import Request.
  Time since last request: 0.000018 seconds.
  path: Assets/Space Exploration/Picto_Icons/White/leaf-64.png
  artifactKey: Guid(c66cdbd7686f7f34386c205fb91b13ba) Importer(815301076,1909f56bfc062723c751e8b465ee728b)
Start importing Assets/Space Exploration/Picto_Icons/White/leaf-64.png using Guid(c66cdbd7686f7f34386c205fb91b13ba) Importer(815301076,1909f56bfc062723c751e8b465ee728b) (PreviewImporter) -> (artifact id: '9a415f8f08c93252e4cd0ec67ba3dd0a') in 0.0116118 seconds
Number of updated asset objects reloaded before import = 0Number of asset objects unloaded after import = 3

========================================================================
Received Import Request.
  Time since last request: 0.000018 seconds.
  path: Assets/Space Exploration/Picto_Icons/White/left-arrow-128.png
  artifactKey: Guid(3b7030ba65a643345b72f90b10204b63) Importer(815301076,1909f56bfc062723c751e8b465ee728b)
Start importing Assets/Space Exploration/Picto_Icons/White/left-arrow-128.png using Guid(3b7030ba65a643345b72f90b10204b63) Importer(815301076,1909f56bfc062723c751e8b465ee728b) (PreviewImporter) -> (artifact id: '4cb298933775913e80b8bda12ae916b7') in 0.0112884 seconds
Number of updated asset objects reloaded before import = 0Number of asset objects unloaded after import = 3

========================================================================
Received Import Request.
  Time since last request: 0.000019 seconds.
  path: Assets/Space Exploration/Settings_&_Menu_Components/Medium/level-bar-empty-medium.png
  artifactKey: Guid(75e13d372f543b746834f3eefbadaf57) Importer(815301076,1909f56bfc062723c751e8b465ee728b)
Start importing Assets/Space Exploration/Settings_&_Menu_Components/Medium/level-bar-empty-medium.png using Guid(75e13d372f543b746834f3eefbadaf57) Importer(815301076,1909f56bfc062723c751e8b465ee728b) (PreviewImporter) -> (artifact id: '9002629033a105f25262946d579a275a') in 0.0112995 seconds
Number of updated asset objects reloaded before import = 0Number of asset objects unloaded after import = 3

========================================================================
Received Import Request.
  Time since last request: 0.000026 seconds.
  path: Assets/Space Exploration/Settings_&_Menu_Components/Extra Large/level-bar-full-extra-large.png
  artifactKey: Guid(a16d084c9f3b41b409a50c26f9fab46a) Importer(815301076,1909f56bfc062723c751e8b465ee728b)
Start importing Assets/Space Exploration/Settings_&_Menu_Components/Extra Large/level-bar-full-extra-large.png using Guid(a16d084c9f3b41b409a50c26f9fab46a) Importer(815301076,1909f56bfc062723c751e8b465ee728b) (PreviewImporter) -> (artifact id: '6aad66eead588507229dc6acb6c3592d') in 0.0118242 seconds
Number of updated asset objects reloaded before import = 0Number of asset objects unloaded after import = 3

========================================================================
Received Import Request.
  Time since last request: 0.000021 seconds.
  path: Assets/Space Exploration/Picto_Icons/White/link-128.png
  artifactKey: Guid(93c748f2a6675d041a4c448fffc7dcd4) Importer(815301076,1909f56bfc062723c751e8b465ee728b)
Start importing Assets/Space Exploration/Picto_Icons/White/link-128.png using Guid(93c748f2a6675d041a4c448fffc7dcd4) Importer(815301076,1909f56bfc062723c751e8b465ee728b) (PreviewImporter) -> (artifact id: '6e40aed5f2d77185459fc0f2c40b7e5d') in 0.0114601 seconds
Number of updated asset objects reloaded before import = 0Number of asset objects unloaded after import = 3

========================================================================
Received Import Request.
  Time since last request: 0.000016 seconds.
  path: Assets/Space Exploration/Containers/Extra Large/login-remove-ads-container-extra-large.png
  artifactKey: Guid(c492473188543a342b3e2725207f471f) Importer(815301076,1909f56bfc062723c751e8b465ee728b)
Start importing Assets/Space Exploration/Containers/Extra Large/login-remove-ads-container-extra-large.png using Guid(c492473188543a342b3e2725207f471f) Importer(815301076,1909f56bfc062723c751e8b465ee728b) (PreviewImporter) -> (artifact id: '8d87056d4a104a6d6d80b1ecd16bf58d') in 0.015069 seconds
Number of updated asset objects reloaded before import = 0Number of asset objects unloaded after import = 3

========================================================================
Received Import Request.
  Time since last request: 0.000020 seconds.
  path: Assets/Space Exploration/Grid_Components/Extra Large/loot-icon-container-extra-large.png
  artifactKey: Guid(16467417d82dc46489d3adb2b1d53fed) Importer(815301076,1909f56bfc062723c751e8b465ee728b)
Start importing Assets/Space Exploration/Grid_Components/Extra Large/loot-icon-container-extra-large.png using Guid(16467417d82dc46489d3adb2b1d53fed) Importer(815301076,1909f56bfc062723c751e8b465ee728b) (PreviewImporter) -> (artifact id: '5bc11c936218d4336ed4e4f42c83d639') in 0.0111192 seconds
Number of updated asset objects reloaded before import = 0Number of asset objects unloaded after import = 3

========================================================================
Received Import Request.
  Time since last request: 0.000016 seconds.
  path: Assets/Space Exploration/Containers/Large/loot-container-large.png
  artifactKey: Guid(6f5c5c219e01dc34a9546d3191a4b953) Importer(815301076,1909f56bfc062723c751e8b465ee728b)
Start importing Assets/Space Exploration/Containers/Large/loot-container-large.png using Guid(6f5c5c219e01dc34a9546d3191a4b953) Importer(815301076,1909f56bfc062723c751e8b465ee728b) (PreviewImporter) -> (artifact id: 'a4c26941dc4730f3a059ab4d5b6f1bf4') in 0.0109807 seconds
Number of updated asset objects reloaded before import = 0Number of asset objects unloaded after import = 3

========================================================================
Received Import Request.
  Time since last request: 0.000024 seconds.
  path: Assets/Space Exploration/Picto_Icons/Dark_Purple/magnifying-32.png
  artifactKey: Guid(8fb5be093f43b6b4482f010721b79def) Importer(815301076,1909f56bfc062723c751e8b465ee728b)
Start importing Assets/Space Exploration/Picto_Icons/Dark_Purple/magnifying-32.png using Guid(8fb5be093f43b6b4482f010721b79def) Importer(815301076,1909f56bfc062723c751e8b465ee728b) (PreviewImporter) -> (artifact id: '29c231c425c22e7aaae380c826e5efd1') in 0.0103956 seconds
Number of updated asset objects reloaded before import = 0Number of asset objects unloaded after import = 3

========================================================================
Received Import Request.
  Time since last request: 0.000023 seconds.
  path: Assets/Space Exploration/Picto_Icons/White/magnifying-128.png
  artifactKey: Guid(c3d6a193252c6d9418dc9b3bb0550be2) Importer(815301076,1909f56bfc062723c751e8b465ee728b)
Start importing Assets/Space Exploration/Picto_Icons/White/magnifying-128.png using Guid(c3d6a193252c6d9418dc9b3bb0550be2) Importer(815301076,1909f56bfc062723c751e8b465ee728b) (PreviewImporter) -> (artifact id: '62f88f9499ec3f452fe079df745d23e1') in 0.0117938 seconds
Number of updated asset objects reloaded before import = 0Number of asset objects unloaded after import = 3

========================================================================
Received Import Request.
  Time since last request: 0.000015 seconds.
  path: Assets/Space Exploration/Picto_Icons/White/map-256.png
  artifactKey: Guid(4eed71a14449f084d95dd0743ef9763e) Importer(815301076,1909f56bfc062723c751e8b465ee728b)
Start importing Assets/Space Exploration/Picto_Icons/White/map-256.png using Guid(4eed71a14449f084d95dd0743ef9763e) Importer(815301076,1909f56bfc062723c751e8b465ee728b) (PreviewImporter) -> (artifact id: 'e74789f9751e9bb4d2005a61f24793a3') in 0.0118793 seconds
Number of updated asset objects reloaded before import = 0Number of asset objects unloaded after import = 3

========================================================================
Received Import Request.
  Time since last request: 0.000017 seconds.
  path: Assets/Space Exploration/Picto_Icons/White/meat-256.png
  artifactKey: Guid(0049e8928da3c3d41a70b7f4be7dda67) Importer(815301076,1909f56bfc062723c751e8b465ee728b)
Start importing Assets/Space Exploration/Picto_Icons/White/meat-256.png using Guid(0049e8928da3c3d41a70b7f4be7dda67) Importer(815301076,1909f56bfc062723c751e8b465ee728b) (PreviewImporter) -> (artifact id: 'd4b5357f47959844fe029b9d7f86ce82') in 0.0113186 seconds
Number of updated asset objects reloaded before import = 0Number of asset objects unloaded after import = 3

========================================================================
Received Import Request.
  Time since last request: 0.583087 seconds.
  path: Assets/Space Exploration/Picto_Icons/White/music-64.png
  artifactKey: Guid(0b744d7fea31f814a901a5af0e866443) Importer(815301076,1909f56bfc062723c751e8b465ee728b)
Start importing Assets/Space Exploration/Picto_Icons/White/music-64.png using Guid(0b744d7fea31f814a901a5af0e866443) Importer(815301076,1909f56bfc062723c751e8b465ee728b) (PreviewImporter) -> (artifact id: 'e3330a919b5b9c125009a30e9e021bad') in 0.0121468 seconds
Number of updated asset objects reloaded before import = 0Number of asset objects unloaded after import = 3

========================================================================
Received Import Request.
  Time since last request: 0.020029 seconds.
  path: Assets/Space Exploration/Picto_Icons/Dark_Purple/no-wifi-32.png
  artifactKey: Guid(97803084a923cc140ba458b8116b67ff) Importer(815301076,1909f56bfc062723c751e8b465ee728b)
Start importing Assets/Space Exploration/Picto_Icons/Dark_Purple/no-wifi-32.png using Guid(97803084a923cc140ba458b8116b67ff) Importer(815301076,1909f56bfc062723c751e8b465ee728b) (PreviewImporter) -> (artifact id: 'f427db637cf6998c84d068c47c2efe05') in 0.0097453 seconds
Number of updated asset objects reloaded before import = 0Number of asset objects unloaded after import = 3

========================================================================
Received Import Request.
  Time since last request: 0.015736 seconds.
  path: Assets/Space Exploration/Settings_&_Menu_Components/Medium/on-deselected-medium.png
  artifactKey: Guid(a6b13271ff0d27c42b2969d424867125) Importer(815301076,1909f56bfc062723c751e8b465ee728b)
Start importing Assets/Space Exploration/Settings_&_Menu_Components/Medium/on-deselected-medium.png using Guid(a6b13271ff0d27c42b2969d424867125) Importer(815301076,1909f56bfc062723c751e8b465ee728b) (PreviewImporter) -> (artifact id: 'b982cce993319c5a5d9246c529f5e6f0') in 0.0119482 seconds
Number of updated asset objects reloaded before import = 0Number of asset objects unloaded after import = 3

========================================================================
Received Import Request.
  Time since last request: 4.024375 seconds.
  path: Assets/Space Exploration/Picto_Icons/White/menu-256.png
  artifactKey: Guid(4e956c824ea59e44e95c307c891c4743) Importer(815301076,1909f56bfc062723c751e8b465ee728b)
Start importing Assets/Space Exploration/Picto_Icons/White/menu-256.png using Guid(4e956c824ea59e44e95c307c891c4743) Importer(815301076,1909f56bfc062723c751e8b465ee728b) (PreviewImporter) -> (artifact id: 'bbfb5e76fd3efa6bf6ebea18c080a185') in 0.0097205 seconds
Number of updated asset objects reloaded before import = 0Number of asset objects unloaded after import = 3

========================================================================
Received Import Request.
  Time since last request: 0.000017 seconds.
  path: Assets/Space Exploration/Picto_Icons/Dark_Purple/mic-128.png
  artifactKey: Guid(c8800c12a84aa5341b5956eb376090c6) Importer(815301076,1909f56bfc062723c751e8b465ee728b)
Start importing Assets/Space Exploration/Picto_Icons/Dark_Purple/mic-128.png using Guid(c8800c12a84aa5341b5956eb376090c6) Importer(815301076,1909f56bfc062723c751e8b465ee728b) (PreviewImporter) -> (artifact id: '2775cbe82daecb7a46f1dc761b760bca') in 0.0120559 seconds
Number of updated asset objects reloaded before import = 0Number of asset objects unloaded after import = 3

========================================================================
Received Import Request.
  Time since last request: 0.020451 seconds.
  path: Assets/Space Exploration/Picto_Icons/Dark_Purple/megaphone-64.png
  artifactKey: Guid(9e012887aa003b14ebb1727e9aa959d2) Importer(815301076,1909f56bfc062723c751e8b465ee728b)
Start importing Assets/Space Exploration/Picto_Icons/Dark_Purple/megaphone-64.png using Guid(9e012887aa003b14ebb1727e9aa959d2) Importer(815301076,1909f56bfc062723c751e8b465ee728b) (PreviewImporter) -> (artifact id: '15eb7642b45716fbd2e64cec181702c4') in 0.0100876 seconds
Number of updated asset objects reloaded before import = 0Number of asset objects unloaded after import = 3

========================================================================
Received Import Request.
  Time since last request: 0.000018 seconds.
  path: Assets/Space Exploration/Picto_Icons/White/megaphone-256.png
  artifactKey: Guid(091113f7248877d449187b8d9816f2f5) Importer(815301076,1909f56bfc062723c751e8b465ee728b)
Start importing Assets/Space Exploration/Picto_Icons/White/megaphone-256.png using Guid(091113f7248877d449187b8d9816f2f5) Importer(815301076,1909f56bfc062723c751e8b465ee728b) (PreviewImporter) -> (artifact id: '64d4900b2e4e6df8cfcef768c53f1492') in 0.0114233 seconds
Number of updated asset objects reloaded before import = 0Number of asset objects unloaded after import = 3

========================================================================
Received Import Request.
  Time since last request: 0.000018 seconds.
  path: Assets/Space Exploration/Button_Images/Highlighted_Sprite/medium/medium-purple-highlight-medium.png
  artifactKey: Guid(da61a93bc55471446b305d56e6f466b5) Importer(815301076,1909f56bfc062723c751e8b465ee728b)
Start importing Assets/Space Exploration/Button_Images/Highlighted_Sprite/medium/medium-purple-highlight-medium.png using Guid(da61a93bc55471446b305d56e6f466b5) Importer(815301076,1909f56bfc062723c751e8b465ee728b) (PreviewImporter) -> (artifact id: 'd2e682961ec6482beff8eed3b0fc76b9') in 0.0112633 seconds
Number of updated asset objects reloaded before import = 0Number of asset objects unloaded after import = 3

========================================================================
Received Import Request.
  Time since last request: 0.000018 seconds.
  path: Assets/Space Exploration/Button_Images/Pressed_Sprites/Large/medium-blue-pressed-large.png
  artifactKey: Guid(93f86fab23485504b9ce70e391557308) Importer(815301076,1909f56bfc062723c751e8b465ee728b)
Start importing Assets/Space Exploration/Button_Images/Pressed_Sprites/Large/medium-blue-pressed-large.png using Guid(93f86fab23485504b9ce70e391557308) Importer(815301076,1909f56bfc062723c751e8b465ee728b) (PreviewImporter) -> (artifact id: 'f8ee3c730b277b4206dd279cbf080e8a') in 0.0102587 seconds
Number of updated asset objects reloaded before import = 0Number of asset objects unloaded after import = 3

========================================================================
Received Import Request.
  Time since last request: 0.000020 seconds.
  path: Assets/Space Exploration/Button_Images/Source_Image_Sprites/medium/medium-pink-medium.png
  artifactKey: Guid(a369a84213fd02d4f949417c0e19d028) Importer(815301076,1909f56bfc062723c751e8b465ee728b)
Start importing Assets/Space Exploration/Button_Images/Source_Image_Sprites/medium/medium-pink-medium.png using Guid(a369a84213fd02d4f949417c0e19d028) Importer(815301076,1909f56bfc062723c751e8b465ee728b) (PreviewImporter) -> (artifact id: 'cb625c9ae8c4eb0600123da1786036f2') in 0.0098861 seconds
Number of updated asset objects reloaded before import = 0Number of asset objects unloaded after import = 3

========================================================================
Received Import Request.
  Time since last request: 0.000023 seconds.
  path: Assets/Space Exploration/Picto_Icons/White/map-64.png
  artifactKey: Guid(98856601545ccbf46938642ee65df66d) Importer(815301076,1909f56bfc062723c751e8b465ee728b)
Start importing Assets/Space Exploration/Picto_Icons/White/map-64.png using Guid(98856601545ccbf46938642ee65df66d) Importer(815301076,1909f56bfc062723c751e8b465ee728b) (PreviewImporter) -> (artifact id: '95298bb9f4031b43bde893181c6e0b8c') in 0.0112572 seconds
Number of updated asset objects reloaded before import = 0Number of asset objects unloaded after import = 3

========================================================================
Received Import Request.
  Time since last request: 0.045451 seconds.
  path: Assets/Space Exploration/Picto_Icons/White/mail-64.png
  artifactKey: Guid(26494ef57e9e6d7478ab7fc2c80f03b2) Importer(815301076,1909f56bfc062723c751e8b465ee728b)
Start importing Assets/Space Exploration/Picto_Icons/White/mail-64.png using Guid(26494ef57e9e6d7478ab7fc2c80f03b2) Importer(815301076,1909f56bfc062723c751e8b465ee728b) (PreviewImporter) -> (artifact id: '7bf32041ce3da531de06c8d53c7d02e6') in 0.0097626 seconds
Number of updated asset objects reloaded before import = 0Number of asset objects unloaded after import = 3

========================================================================
Received Import Request.
  Time since last request: 0.000017 seconds.
  path: Assets/Space Exploration/Picto_Icons/Dark_Purple/mail-256.png
  artifactKey: Guid(ef733d73ca4bc2f4c881695adbf5d526) Importer(815301076,1909f56bfc062723c751e8b465ee728b)
Start importing Assets/Space Exploration/Picto_Icons/Dark_Purple/mail-256.png using Guid(ef733d73ca4bc2f4c881695adbf5d526) Importer(815301076,1909f56bfc062723c751e8b465ee728b) (PreviewImporter) -> (artifact id: 'ed9b28ba66e8b85823bda6e6793d6795') in 0.0109049 seconds
Number of updated asset objects reloaded before import = 0Number of asset objects unloaded after import = 3

========================================================================
Received Import Request.
  Time since last request: 0.144859 seconds.
  path: Assets/Space Exploration/Picto_Icons/Dark_Purple/location-128.png
  artifactKey: Guid(2334057e23ef18f49b2c8a62adb909d8) Importer(815301076,1909f56bfc062723c751e8b465ee728b)
Start importing Assets/Space Exploration/Picto_Icons/Dark_Purple/location-128.png using Guid(2334057e23ef18f49b2c8a62adb909d8) Importer(815301076,1909f56bfc062723c751e8b465ee728b) (PreviewImporter) -> (artifact id: 'cce31cf31d229c0849d0a1b0b2f4025e') in 0.0099147 seconds
Number of updated asset objects reloaded before import = 0Number of asset objects unloaded after import = 3

========================================================================
Received Import Request.
  Time since last request: 0.000018 seconds.
  path: Assets/Space Exploration/Picto_Icons/White/lock-32.png
  artifactKey: Guid(81b1a4143fe62ec459cdb26112ccb43c) Importer(815301076,1909f56bfc062723c751e8b465ee728b)
Start importing Assets/Space Exploration/Picto_Icons/White/lock-32.png using Guid(81b1a4143fe62ec459cdb26112ccb43c) Importer(815301076,1909f56bfc062723c751e8b465ee728b) (PreviewImporter) -> (artifact id: '35037e4901a7493e7ee5d192d9d25edd') in 0.0112474 seconds
Number of updated asset objects reloaded before import = 0Number of asset objects unloaded after import = 3

Editor requested this worker to shutdown with reason: Scaling down because of idle timeout
AssetImportWorker is now disconnected from the server
Process exiting
Exiting without the bug reporter. Application will terminate with return code 0