[Licensing::Module] Trying to connect to existing licensing client channel...
Built from '6000.3/staging' branch; Version is '6000.3.15f1 (c1aa84e375f6) revision 12692100'; Using compiler version '194234433'; Build Type 'Release'
OS: 'Windows 10  (10.0.19045) 64bit Professional' Language: 'ko' Physical Memory: 32478 MB
[Licensing::IpcConnector] Successfully connected to: "LicenseClient-Administrator" at "2026-06-23T11:20:27.9858391Z"
BatchMode: 1, IsHumanControllingUs: 0, StartBugReporterOnCrash: 0, Is64bit: 1
System  architecture: x64
Process architecture: x64
Date: 2026-06-23T11:20:27Z

COMMAND LINE ARGUMENTS:
C:\Program Files\Unity\Hub\Editor\6000.3.15f1\Editor\Unity.exe
-adb2
-batchMode
-noUpm
-name
AssetImportWorker8
-projectPath
C:/Users/Administrator/Desktop/Game-Server/Program
-logFile
Logs/AssetImportWorker8.log
-srvPort
51543
-licensingIpc
LicenseClient-Administrator
-job-worker-count
13
-background-job-worker-count
8
-gc-helper-count
1
-name
AssetImport
Successfully changed project path to: C:/Users/Administrator/Desktop/Game-Server/Program
C:/Users/Administrator/Desktop/Game-Server/Program
[UnityMemory] Configuration Parameters - Can be set up in boot.config
    "memorysetup-temp-allocator-size-nav-mesh-worker=65536"
    "memorysetup-temp-allocator-size-audio-worker=65536"
    "memorysetup-temp-allocator-size-gfx=262144"
    "memorysetup-allocator-temp-initial-block-size-main=262144"
    "memorysetup-allocator-temp-initial-block-size-worker=262144"
    "memorysetup-temp-allocator-size-background-worker=32768"
    "memorysetup-temp-allocator-size-job-worker=262144"
    "memorysetup-temp-allocator-size-preload-manager=33554432"
    "memorysetup-temp-allocator-size-gi-baking-worker=262144"
    "memorysetup-temp-allocator-size-gi-baking-worker=262144"
    "memorysetup-temp-allocator-size-gi-baking-worker=262144"
    "memorysetup-temp-allocator-size-gi-baking-worker=262144"
    "memorysetup-temp-allocator-size-gi-baking-worker=262144"
    "memorysetup-bucket-allocator-granularity=16"
    "memorysetup-bucket-allocator-bucket-count=8"
    "memorysetup-bucket-allocator-block-size=33554432"
    "memorysetup-bucket-allocator-block-count=8"
    "memorysetup-main-allocator-block-size=16777216"
    "memorysetup-thread-allocator-block-size=16777216"
    "memorysetup-gfx-main-allocator-block-size=16777216"
    "memorysetup-gfx-thread-allocator-block-size=16777216"
    "memorysetup-cache-allocator-block-size=4194304"
    "memorysetup-typetree-allocator-block-size=2097152"
    "memorysetup-profiler-bucket-allocator-granularity=16"
    "memorysetup-profiler-bucket-allocator-bucket-count=8"
    "memorysetup-profiler-bucket-allocator-block-size=33554432"
    "memorysetup-profiler-bucket-allocator-block-count=8"
    "memorysetup-profiler-allocator-block-size=16777216"
    "memorysetup-profiler-editor-allocator-block-size=1048576"
    "memorysetup-temp-allocator-size-main=16777216"
    "memorysetup-job-temp-allocator-block-size=2097152"
    "memorysetup-job-temp-allocator-block-size-background=1048576"
    "memorysetup-job-temp-allocator-reduction-small-platforms=262144"
    "memorysetup-temp-allocator-size-cloud-worker=32768"
Player connection [19724]  Target information:

Player connection [19724]  * "[IP] 192.168.0.55 [Port] 0 [Flags] 2 [Guid] 3148019802 [EditorId] 3148019802 [Version] 1048832 [Id] WindowsEditor(7,DESKTOP-MSMA3UP) [Debug] 1 [PackageName] WindowsEditor [ProjectName] Editor" 

Player connection [19724] Host joined multi-casting on [225.0.0.222:54997]...
Player connection [19724] Host joined alternative multi-casting on [225.0.0.222:34997]...
JobSystem: Creating JobQueue using job-worker-count value 13
Input System module state changed to: Initialized.
[Physics::Module] Initialized fallback backend.
[Physics::Module] Id: 0xdecafbad
Library Redirect Path: Library/
[Physics::Module] Selected backend.
[Physics::Module] Name: PhysX
[Physics::Module] Id: 0xf2b8ea05
[Physics::Module] SDK Version: 4.1.2
[Physics::Module] Integration Version: 1.0.0
[Physics::Module] Threading Mode: Multi-Threaded
Refreshing native plugins compatible for Editor in 2.89 ms, found 4 plugins.
Preloading 0 native plugins for Editor in 0.00 ms.
Initialize engine version: 6000.3.15f1 (c1aa84e375f6)
[Subsystems] Discovering subsystems at path C:/Program Files/Unity/Hub/Editor/6000.3.15f1/Editor/Data/Resources/UnitySubsystems
[Subsystems] Discovering subsystems at path C:/Users/Administrator/Desktop/Game-Server/Program/Assets
GfxDevice: creating device client; kGfxThreadingModeNonThreaded
Direct3D:
    Version:  Direct3D 11.0 [level 11.1]
    Renderer: NVIDIA GeForce RTX 5060 Ti (ID=0x2d04)
    Vendor:   NVIDIA
    VRAM:     16050 MB
    Driver:   32.0.15.9636
Initialize mono
Mono path[0] = 'C:/Program Files/Unity/Hub/Editor/6000.3.15f1/Editor/Data/Managed'
Mono path[1] = 'C:/Program Files/Unity/Hub/Editor/6000.3.15f1/Editor/Data/MonoBleedingEdge/lib/mono/unityjit-win32'
Mono config path = 'C:/Program Files/Unity/Hub/Editor/6000.3.15f1/Editor/Data/MonoBleedingEdge/etc'
Using monoOptions --debugger-agent=transport=dt_socket,embedding=1,server=y,suspend=n,address=127.0.0.1:56084
Begin MonoManager ReloadAssembly
Registering precompiled unity dll's ...
Register platform support module: C:/Program Files/Unity/Hub/Editor/6000.3.15f1/Editor/Data/PlaybackEngines/WindowsStandaloneSupport/UnityEditor.WindowsStandalone.Extensions.dll
Registered in 0.001215 seconds.
[Licensing::Client] Error: HandshakeResponse reported an error:
	ResponseCode: 505
	ResponseStatus: Unsupported protocol version '1.18.1'.
[Licensing::Module] Error: Failed to handshake to channel: "LicenseClient-Administrator"
[Licensing::IpcConnector] LicenseClient-Administrator channel disconnected successfully.
[Licensing::IpcConnector] Successfully connected to: "LicenseClient-Administrator-6000.3.15" at "2026-06-23T11:20:28.9151641Z"
[Licensing::Client] Code 10 while verifying Licensing Client signature (process Id: 8968, path: "C:/Program Files/Unity/Hub/Editor/6000.3.15f1/Editor/Data/Resources/Licensing/Client/Unity.Licensing.Client.exe")
[Licensing::Module] LicensingClient has failed validation; ignoring
[Licensing::Client] Handshaking with LicensingClient:
  Version:                 1.18.1+9fbee8e
  Session Id:              ff5063e025954667adc1c45f17fd4272
  Correlation Id:          82bb4f86f45519d94736bd176320c77c
  External correlation Id: 997025455553387442
  Machine Id:              SvejmJGsl/EFmq0OAjofjZYOfss=
[Licensing::Module] Successfully connected to LicensingClient on channel: "LicenseClient-Administrator-6000.3.15" (connect: 0.00s, validation: 0.00s, handshake: 0.00s)
[Licensing::IpcConnector] Successfully connected to: "LicenseClient-Administrator-6000.3.15-notifications" at "2026-06-23T11:20:28.921202Z"
[Licensing::Module] Licensing Background thread has ended after 0.94s
- Loaded All Assemblies, in  0.474 seconds
Native extension for WindowsStandalone target not found
Package Manager log level set to [2]
[Package Manager] Failed to launch server process. Reason: Unity was launched with the -noUpm command-line argument
[Package Manager] Unable to send message (not connected to server process).
[Package Manager] Cannot connect to Unity Package Manager local server
ScheduleIndexationOnStartup MainProcess:False IndexOnStartup:True
Mono: successfully reloaded assembly
- Finished resetting the current domain, in  0.457 seconds
Domain Reload Profiling: 931ms
	BeginReloadAssembly (155ms)
		ExecutionOrderSort (0ms)
		DisableScriptedObjects (0ms)
		BackupInstance (0ms)
		ReleaseScriptingObjects (0ms)
		CreateAndSetChildDomain (1ms)
	RebuildCommonClasses (41ms)
	RebuildNativeTypeToScriptingClass (16ms)
	initialDomainReloadingComplete (52ms)
	LoadAllAssembliesAndSetupDomain (209ms)
		LoadAssemblies (154ms)
		RebuildTransferFunctionScriptingTraits (0ms)
		AnalyzeDomain (205ms)
			TypeCache.Refresh (203ms)
				TypeCache.ScanAssembly (186ms)
			BuildScriptInfoCaches (0ms)
			ResolveRequiredComponents (0ms)
	FinalizeReload (458ms)
		ReleaseScriptCaches (0ms)
		RebuildScriptCaches (0ms)
		SetupLoadedEditorAssemblies (397ms)
			LogAssemblyErrors (0ms)
			InitializePlatformSupportModulesInManaged (56ms)
			SetLoadedEditorAssemblies (4ms)
			BeforeProcessingInitializeOnLoad (95ms)
			ProcessInitializeOnLoadAttributes (160ms)
			ProcessInitializeOnLoadMethodAttributes (82ms)
			AfterProcessingInitializeOnLoad (0ms)
			EditorAssembliesLoaded (0ms)
		ExecutionOrderSort2 (0ms)
		AwakeInstancesAfterBackupRestoration (0ms)
========================================================================
Worker process is ready to serve import requests
Import Worker Mode flag is 0x00
Begin MonoManager ReloadAssembly
[Licensing::Client] Successfully resolved entitlement details
[Licensing::Module] License group:
  Id: 14569174559127-UnityPersXXXX
  Product: Unity Personal
  Type: Assigned
  Expiration: Unlimited
- Loaded All Assemblies, in  1.067 seconds
Refreshing native plugins compatible for Editor in 1.07 ms, found 4 plugins.
Native extension for WindowsStandalone target not found
[Package Manager] Failed to launch server process. Reason: Unity was launched with the -noUpm command-line argument
[Package Manager] Unable to send message (not connected to server process).
[Package Manager] Cannot connect to Unity Package Manager local server
Refreshing native plugins compatible for Editor in 1.28 ms, found 4 plugins.
[Package Manager] Failed to launch server process. Reason: Unity was launched with the -noUpm command-line argument
[Package Manager] Unable to send message (not connected to server process).
[Package Manager] Cannot connect to Unity Package Manager local server
ScheduleIndexationOnStartup MainProcess:False IndexOnStartup:True
Mono: successfully reloaded assembly
- Finished resetting the current domain, in  1.241 seconds
Domain Reload Profiling: 2307ms
	BeginReloadAssembly (220ms)
		ExecutionOrderSort (0ms)
		DisableScriptedObjects (6ms)
		BackupInstance (0ms)
		ReleaseScriptingObjects (0ms)
		CreateAndSetChildDomain (44ms)
	RebuildCommonClasses (42ms)
	RebuildNativeTypeToScriptingClass (16ms)
	initialDomainReloadingComplete (45ms)
	LoadAllAssembliesAndSetupDomain (743ms)
		LoadAssemblies (500ms)
		RebuildTransferFunctionScriptingTraits (0ms)
		AnalyzeDomain (366ms)
			TypeCache.Refresh (253ms)
				TypeCache.ScanAssembly (222ms)
			BuildScriptInfoCaches (93ms)
			ResolveRequiredComponents (13ms)
	FinalizeReload (1242ms)
		ReleaseScriptCaches (0ms)
		RebuildScriptCaches (0ms)
		SetupLoadedEditorAssemblies (1013ms)
			LogAssemblyErrors (0ms)
			InitializePlatformSupportModulesInManaged (2ms)
			SetLoadedEditorAssemblies (4ms)
			BeforeProcessingInitializeOnLoad (144ms)
			ProcessInitializeOnLoadAttributes (797ms)
			ProcessInitializeOnLoadMethodAttributes (64ms)
			AfterProcessingInitializeOnLoad (2ms)
			EditorAssembliesLoaded (0ms)
		ExecutionOrderSort2 (0ms)
		AwakeInstancesAfterBackupRestoration (6ms)
Launched and connected shader compiler UnityShaderCompiler.exe after 0.01 seconds
Refreshing native plugins compatible for Editor in 1.36 ms, found 4 plugins.
Preloading 0 native plugins for Editor in 0.00 ms.
Unloading 16 Unused Serialized files (Serialized files now loaded: 0)
Unloading 6794 unused Assets / (4.1 MB). Loaded Objects now: 7594.
Memory consumption went from 161.5 MB to 157.4 MB.
Total: 9.833500 ms (FindLiveObjects: 1.465500 ms CreateObjectMapping: 0.543000 ms MarkObjects: 5.328700 ms  DeleteObjects: 2.494700 ms)

========================================================================
Received Import Request.
  Time since last request: 9328.206502 seconds.
  path: Assets/Space Exploration/Picto_Icons/White/all-white-256.png
  artifactKey: Guid(7c2cedee32859254ebd4c928836e3402) Importer(815301076,1909f56bfc062723c751e8b465ee728b)
Start importing Assets/Space Exploration/Picto_Icons/White/all-white-256.png using Guid(7c2cedee32859254ebd4c928836e3402) Importer(815301076,1909f56bfc062723c751e8b465ee728b) (PreviewImporter) -> (artifact id: 'ed0c3a1e7b7404a0822865e5b4be7ad1') in 0.0925204 seconds
Number of updated asset objects reloaded before import = 0Number of asset objects unloaded after import = 3

========================================================================
Received Import Request.
  Time since last request: 0.000024 seconds.
  path: Assets/Space Exploration/Picto_Icons/White/banner-128.png
  artifactKey: Guid(5057304abebe82441ae1677455716852) Importer(815301076,1909f56bfc062723c751e8b465ee728b)
Start importing Assets/Space Exploration/Picto_Icons/White/banner-128.png using Guid(5057304abebe82441ae1677455716852) Importer(815301076,1909f56bfc062723c751e8b465ee728b) (PreviewImporter) -> (artifact id: 'd22eb1b2e2fc91897abf6ed86e1d2fc2') in 0.0153193 seconds
Number of updated asset objects reloaded before import = 0Number of asset objects unloaded after import = 3

========================================================================
Received Import Request.
  Time since last request: 0.200127 seconds.
  path: Assets/Space Exploration/Picto_Icons/Dark_Purple/book-64.png
  artifactKey: Guid(e5561c1160da27948b6ee319faf2b4d2) Importer(815301076,1909f56bfc062723c751e8b465ee728b)
Start importing Assets/Space Exploration/Picto_Icons/Dark_Purple/book-64.png using Guid(e5561c1160da27948b6ee319faf2b4d2) Importer(815301076,1909f56bfc062723c751e8b465ee728b) (PreviewImporter) -> (artifact id: '69a0aba403e3678d2ab75254986e018b') in 0.0101267 seconds
Number of updated asset objects reloaded before import = 0Number of asset objects unloaded after import = 3

========================================================================
Received Import Request.
  Time since last request: 0.130481 seconds.
  path: Assets/Space Exploration/Settings_&_Menu_Components/Small/check-box-ticked-small.png
  artifactKey: Guid(a4f44119dbf061f4496b06a800423ba2) Importer(815301076,1909f56bfc062723c751e8b465ee728b)
Start importing Assets/Space Exploration/Settings_&_Menu_Components/Small/check-box-ticked-small.png using Guid(a4f44119dbf061f4496b06a800423ba2) Importer(815301076,1909f56bfc062723c751e8b465ee728b) (PreviewImporter) -> (artifact id: '47aefe26e0fa167574dca96cde6f9a87') in 0.0103704 seconds
Number of updated asset objects reloaded before import = 0Number of asset objects unloaded after import = 3

========================================================================
Received Import Request.
  Time since last request: 0.010381 seconds.
  path: Assets/Space Exploration/Picto_Icons/Dark_Purple/commet-64.png
  artifactKey: Guid(b4fa70f86829ab54996ecda3c1ee5d4d) Importer(815301076,1909f56bfc062723c751e8b465ee728b)
Start importing Assets/Space Exploration/Picto_Icons/Dark_Purple/commet-64.png using Guid(b4fa70f86829ab54996ecda3c1ee5d4d) Importer(815301076,1909f56bfc062723c751e8b465ee728b) (PreviewImporter) -> (artifact id: '82918add5e18e05ded33d33be20ff593') in 0.009865 seconds
Number of updated asset objects reloaded before import = 0Number of asset objects unloaded after import = 3

========================================================================
Received Import Request.
  Time since last request: 0.474555 seconds.
  path: Assets/Space Exploration/Picto_Icons/White/cross-64.png
  artifactKey: Guid(e18e5eb6c5c77db47b8a031541fe8969) Importer(815301076,1909f56bfc062723c751e8b465ee728b)
Start importing Assets/Space Exploration/Picto_Icons/White/cross-64.png using Guid(e18e5eb6c5c77db47b8a031541fe8969) Importer(815301076,1909f56bfc062723c751e8b465ee728b) (PreviewImporter) -> (artifact id: '46ad507f2e2c26c57028c7e0a8cdfa2c') in 0.0102783 seconds
Number of updated asset objects reloaded before import = 0Number of asset objects unloaded after import = 3

========================================================================
Received Import Request.
  Time since last request: 0.000017 seconds.
  path: Assets/Space Exploration/Picto_Icons/White/crown-32.png
  artifactKey: Guid(19af24eb28477694b98e057b286bb579) Importer(815301076,1909f56bfc062723c751e8b465ee728b)
Start importing Assets/Space Exploration/Picto_Icons/White/crown-32.png using Guid(19af24eb28477694b98e057b286bb579) Importer(815301076,1909f56bfc062723c751e8b465ee728b) (PreviewImporter) -> (artifact id: '75fc619fe2462b6a091005067835fee8') in 0.0108552 seconds
Number of updated asset objects reloaded before import = 0Number of asset objects unloaded after import = 3

========================================================================
Received Import Request.
  Time since last request: 0.103487 seconds.
  path: Assets/Space Exploration/Settings_&_Menu_Components/Medium/drop-down-divider-medium.png
  artifactKey: Guid(57f4d9de16029f9429a4e678099427b7) Importer(815301076,1909f56bfc062723c751e8b465ee728b)
Start importing Assets/Space Exploration/Settings_&_Menu_Components/Medium/drop-down-divider-medium.png using Guid(57f4d9de16029f9429a4e678099427b7) Importer(815301076,1909f56bfc062723c751e8b465ee728b) (PreviewImporter) -> (artifact id: '88db23c9b442a33ec85c8f4914fbbc69') in 0.0112135 seconds
Number of updated asset objects reloaded before import = 0Number of asset objects unloaded after import = 3

========================================================================
Received Import Request.
  Time since last request: 0.000019 seconds.
  path: Assets/Space Exploration/Picto_Icons/Dark_Purple/eat-64.png
  artifactKey: Guid(35263ed6b8a3c6e47964e9038ce5f401) Importer(815301076,1909f56bfc062723c751e8b465ee728b)
Start importing Assets/Space Exploration/Picto_Icons/Dark_Purple/eat-64.png using Guid(35263ed6b8a3c6e47964e9038ce5f401) Importer(815301076,1909f56bfc062723c751e8b465ee728b) (PreviewImporter) -> (artifact id: '7c1ba1e386e047966d323d655f71f70e') in 0.0096744 seconds
Number of updated asset objects reloaded before import = 0Number of asset objects unloaded after import = 3

========================================================================
Received Import Request.
  Time since last request: 0.746448 seconds.
  path: Assets/Space Exploration/Picto_Icons/Dark_Purple/expand-128.png
  artifactKey: Guid(9f14021a55b5d9645b1d1155ffb4668d) Importer(815301076,1909f56bfc062723c751e8b465ee728b)
Start importing Assets/Space Exploration/Picto_Icons/Dark_Purple/expand-128.png using Guid(9f14021a55b5d9645b1d1155ffb4668d) Importer(815301076,1909f56bfc062723c751e8b465ee728b) (PreviewImporter) -> (artifact id: 'cf614397fa6b17147757f60624d46652') in 0.0099487 seconds
Number of updated asset objects reloaded before import = 0Number of asset objects unloaded after import = 3

========================================================================
Received Import Request.
  Time since last request: 0.000022 seconds.
  path: Assets/Space Exploration/Button_Images/Source_Image_Sprites/medium/extra-long-blue-medium.png
  artifactKey: Guid(dcd7c8fbc15ab0a4ea3dd8809813460a) Importer(815301076,1909f56bfc062723c751e8b465ee728b)
Start importing Assets/Space Exploration/Button_Images/Source_Image_Sprites/medium/extra-long-blue-medium.png using Guid(dcd7c8fbc15ab0a4ea3dd8809813460a) Importer(815301076,1909f56bfc062723c751e8b465ee728b) (PreviewImporter) -> (artifact id: '0c3055a24ba0260aef321b91e53137d5') in 0.0103472 seconds
Number of updated asset objects reloaded before import = 0Number of asset objects unloaded after import = 3

========================================================================
Received Import Request.
  Time since last request: 0.000026 seconds.
  path: Assets/Space Exploration/Button_Images/Disabled_Sprites/Small/extra-long-disabled-small.png
  artifactKey: Guid(157576388394f624aa5c889fad5c50e0) Importer(815301076,1909f56bfc062723c751e8b465ee728b)
Start importing Assets/Space Exploration/Button_Images/Disabled_Sprites/Small/extra-long-disabled-small.png using Guid(157576388394f624aa5c889fad5c50e0) Importer(815301076,1909f56bfc062723c751e8b465ee728b) (PreviewImporter) -> (artifact id: '1ffed68495156075142fdb5b1e77f4a9') in 0.0106654 seconds
Number of updated asset objects reloaded before import = 0Number of asset objects unloaded after import = 3

========================================================================
Received Import Request.
  Time since last request: 0.000020 seconds.
  path: Assets/Space Exploration/Button_Images/Pressed_Sprites/Small/extra-long-pink-pressed-small.png
  artifactKey: Guid(c62511ee51cd29c4ca3f6623b6cd7801) Importer(815301076,1909f56bfc062723c751e8b465ee728b)
Start importing Assets/Space Exploration/Button_Images/Pressed_Sprites/Small/extra-long-pink-pressed-small.png using Guid(c62511ee51cd29c4ca3f6623b6cd7801) Importer(815301076,1909f56bfc062723c751e8b465ee728b) (PreviewImporter) -> (artifact id: 'c06d5fe3a079d772243d83d5f638ec00') in 0.0106044 seconds
Number of updated asset objects reloaded before import = 0Number of asset objects unloaded after import = 3

========================================================================
Received Import Request.
  Time since last request: 0.554644 seconds.
  path: Assets/Space Exploration/Button_Images/Pressed_Sprites/Small/extra-long-purple-pressed-small.png
  artifactKey: Guid(b2c05f9a8b155404ab75b298d3d2eab6) Importer(815301076,1909f56bfc062723c751e8b465ee728b)
Start importing Assets/Space Exploration/Button_Images/Pressed_Sprites/Small/extra-long-purple-pressed-small.png using Guid(b2c05f9a8b155404ab75b298d3d2eab6) Importer(815301076,1909f56bfc062723c751e8b465ee728b) (PreviewImporter) -> (artifact id: 'f77ba07ff5e1d9f68c22830dcbfe24eb') in 0.0090719 seconds
Number of updated asset objects reloaded before import = 0Number of asset objects unloaded after import = 3

========================================================================
Received Import Request.
  Time since last request: 0.000029 seconds.
  path: Assets/Space Exploration/Picto_Icons/Dark_Purple/fast-forward-256.png
  artifactKey: Guid(6b4e6fdbb87c9e94b920c006bd04d25f) Importer(815301076,1909f56bfc062723c751e8b465ee728b)
Start importing Assets/Space Exploration/Picto_Icons/Dark_Purple/fast-forward-256.png using Guid(6b4e6fdbb87c9e94b920c006bd04d25f) Importer(815301076,1909f56bfc062723c751e8b465ee728b) (PreviewImporter) -> (artifact id: '32819fbe3c338f1d6bf7aecf05455b5a') in 0.0106056 seconds
Number of updated asset objects reloaded before import = 0Number of asset objects unloaded after import = 3

========================================================================
Received Import Request.
  Time since last request: 0.000025 seconds.
  path: Assets/Space Exploration/Picto_Icons/White/flame-128.png
  artifactKey: Guid(957f4656e09a9ec4db9438d09b3368e2) Importer(815301076,1909f56bfc062723c751e8b465ee728b)
Start importing Assets/Space Exploration/Picto_Icons/White/flame-128.png using Guid(957f4656e09a9ec4db9438d09b3368e2) Importer(815301076,1909f56bfc062723c751e8b465ee728b) (PreviewImporter) -> (artifact id: 'b32231919dc9f333023ddec616474ded') in 0.0099766 seconds
Number of updated asset objects reloaded before import = 0Number of asset objects unloaded after import = 3

========================================================================
Received Import Request.
  Time since last request: 0.000028 seconds.
  path: Assets/Space Exploration/Picto_Icons/Dark_Purple/half-moon-128.png
  artifactKey: Guid(e59c22d8755975647af604d1004f0bc9) Importer(815301076,1909f56bfc062723c751e8b465ee728b)
Start importing Assets/Space Exploration/Picto_Icons/Dark_Purple/half-moon-128.png using Guid(e59c22d8755975647af604d1004f0bc9) Importer(815301076,1909f56bfc062723c751e8b465ee728b) (PreviewImporter) -> (artifact id: '86e28028ec1ea2aa64bfd20a76b943c4') in 0.0102542 seconds
Number of updated asset objects reloaded before import = 0Number of asset objects unloaded after import = 3

========================================================================
Received Import Request.
  Time since last request: 0.000019 seconds.
  path: Assets/Space Exploration/Picto_Icons/White/heart-32.png
  artifactKey: Guid(e44a09afcb4157944a0d896f4f90ab6b) Importer(815301076,1909f56bfc062723c751e8b465ee728b)
Start importing Assets/Space Exploration/Picto_Icons/White/heart-32.png using Guid(e44a09afcb4157944a0d896f4f90ab6b) Importer(815301076,1909f56bfc062723c751e8b465ee728b) (PreviewImporter) -> (artifact id: '535c679b785c4a1e17e6943ee9112e8c') in 0.0123625 seconds
Number of updated asset objects reloaded before import = 0Number of asset objects unloaded after import = 3

========================================================================
Received Import Request.
  Time since last request: 0.000021 seconds.
  path: Assets/Space Exploration/Picto_Icons/Dark_Purple/heart-256.png
  artifactKey: Guid(13e259f6982e9af4a921a0b448c1741e) Importer(815301076,1909f56bfc062723c751e8b465ee728b)
Start importing Assets/Space Exploration/Picto_Icons/Dark_Purple/heart-256.png using Guid(13e259f6982e9af4a921a0b448c1741e) Importer(815301076,1909f56bfc062723c751e8b465ee728b) (PreviewImporter) -> (artifact id: 'd5234785a46878fa26cf86b8dbd7a54c') in 0.009925 seconds
Number of updated asset objects reloaded before import = 0Number of asset objects unloaded after import = 3

========================================================================
Received Import Request.
  Time since last request: 0.000019 seconds.
  path: Assets/Space Exploration/Picto_Icons/White/home-64.png
  artifactKey: Guid(eafbe5fc1e902a54489250549552e71a) Importer(815301076,1909f56bfc062723c751e8b465ee728b)
Start importing Assets/Space Exploration/Picto_Icons/White/home-64.png using Guid(eafbe5fc1e902a54489250549552e71a) Importer(815301076,1909f56bfc062723c751e8b465ee728b) (PreviewImporter) -> (artifact id: '11fb28db0528496333cbaaf10f56cab2') in 0.0096056 seconds
Number of updated asset objects reloaded before import = 0Number of asset objects unloaded after import = 3

========================================================================
Received Import Request.
  Time since last request: 0.000020 seconds.
  path: Assets/Space Exploration/Settings_&_Menu_Components/Extra Large/homepage-gui-line-extra-large.png
  artifactKey: Guid(81a8668b19c98fd459546604764698d5) Importer(815301076,1909f56bfc062723c751e8b465ee728b)
Start importing Assets/Space Exploration/Settings_&_Menu_Components/Extra Large/homepage-gui-line-extra-large.png using Guid(81a8668b19c98fd459546604764698d5) Importer(815301076,1909f56bfc062723c751e8b465ee728b) (PreviewImporter) -> (artifact id: '6147f437b4eda7b8b50316a9f4a6e312') in 0.0129326 seconds
Number of updated asset objects reloaded before import = 0Number of asset objects unloaded after import = 3

========================================================================
Received Import Request.
  Time since last request: 0.000023 seconds.
  path: Assets/Space Exploration/Picto_Icons/Dark_Purple/hourglass-32.png
  artifactKey: Guid(11cfd44f0f7b4b64fa09cc54f94e57eb) Importer(815301076,1909f56bfc062723c751e8b465ee728b)
Start importing Assets/Space Exploration/Picto_Icons/Dark_Purple/hourglass-32.png using Guid(11cfd44f0f7b4b64fa09cc54f94e57eb) Importer(815301076,1909f56bfc062723c751e8b465ee728b) (PreviewImporter) -> (artifact id: '329f72d836879610cd62202186a289a9') in 0.0099242 seconds
Number of updated asset objects reloaded before import = 0Number of asset objects unloaded after import = 3

========================================================================
Received Import Request.
  Time since last request: 0.000027 seconds.
  path: Assets/Space Exploration/Picto_Icons/White/hourglass-256.png
  artifactKey: Guid(bf3db3dcb2dba3446807f4a76f047fe1) Importer(815301076,1909f56bfc062723c751e8b465ee728b)
Start importing Assets/Space Exploration/Picto_Icons/White/hourglass-256.png using Guid(bf3db3dcb2dba3446807f4a76f047fe1) Importer(815301076,1909f56bfc062723c751e8b465ee728b) (PreviewImporter) -> (artifact id: '6397d662418376166aaa75a6a46efe9d') in 0.0100292 seconds
Number of updated asset objects reloaded before import = 0Number of asset objects unloaded after import = 3

========================================================================
Received Import Request.
  Time since last request: 0.000026 seconds.
  path: Assets/Space Exploration/Picto_Icons/White/info-64.png
  artifactKey: Guid(cee2f881576aff041853364b30f42a0c) Importer(815301076,1909f56bfc062723c751e8b465ee728b)
Start importing Assets/Space Exploration/Picto_Icons/White/info-64.png using Guid(cee2f881576aff041853364b30f42a0c) Importer(815301076,1909f56bfc062723c751e8b465ee728b) (PreviewImporter) -> (artifact id: '6da6c50b0e012439ae43cd13db866f80') in 0.009842 seconds
Number of updated asset objects reloaded before import = 0Number of asset objects unloaded after import = 3

========================================================================
Received Import Request.
  Time since last request: 0.036614 seconds.
  path: Assets/Space Exploration/Picto_Icons/White/info-256.png
  artifactKey: Guid(a11ed1563d102b141a851bffb07d60ac) Importer(815301076,1909f56bfc062723c751e8b465ee728b)
Start importing Assets/Space Exploration/Picto_Icons/White/info-256.png using Guid(a11ed1563d102b141a851bffb07d60ac) Importer(815301076,1909f56bfc062723c751e8b465ee728b) (PreviewImporter) -> (artifact id: 'be85f6b17d20e79feb95953e6f290af2') in 0.010127 seconds
Number of updated asset objects reloaded before import = 0Number of asset objects unloaded after import = 3

========================================================================
Received Import Request.
  Time since last request: 0.000017 seconds.
  path: Assets/Space Exploration/Grid_Components/Medium/inventory-add-highlight-medium.png
  artifactKey: Guid(c0efd15c43625cc418efbe83b595173d) Importer(815301076,1909f56bfc062723c751e8b465ee728b)
Start importing Assets/Space Exploration/Grid_Components/Medium/inventory-add-highlight-medium.png using Guid(c0efd15c43625cc418efbe83b595173d) Importer(815301076,1909f56bfc062723c751e8b465ee728b) (PreviewImporter) -> (artifact id: 'd3f41ff36cd59616e5e7567fbe1d3bc0') in 0.0108077 seconds
Number of updated asset objects reloaded before import = 0Number of asset objects unloaded after import = 3

========================================================================
Received Import Request.
  Time since last request: 0.000022 seconds.
  path: Assets/Space Exploration/Containers/Large/item-info-container-large.png
  artifactKey: Guid(c6664ca8edfb4bd48981f496e3f7ebd5) Importer(815301076,1909f56bfc062723c751e8b465ee728b)
Start importing Assets/Space Exploration/Containers/Large/item-info-container-large.png using Guid(c6664ca8edfb4bd48981f496e3f7ebd5) Importer(815301076,1909f56bfc062723c751e8b465ee728b) (PreviewImporter) -> (artifact id: '39b911f92ac3a8c5d09d621224c13bc7') in 0.0129625 seconds
Number of updated asset objects reloaded before import = 0Number of asset objects unloaded after import = 3

========================================================================
Received Import Request.
  Time since last request: 0.864885 seconds.
  path: Assets/Space Exploration/Grid_Components/Large/inventory-highlight-large.png
  artifactKey: Guid(b12f26b9aa120bb48900d3647647dd39) Importer(815301076,1909f56bfc062723c751e8b465ee728b)
Start importing Assets/Space Exploration/Grid_Components/Large/inventory-highlight-large.png using Guid(b12f26b9aa120bb48900d3647647dd39) Importer(815301076,1909f56bfc062723c751e8b465ee728b) (PreviewImporter) -> (artifact id: '6f4e6bf8aa94a8d49fd934549fef444b') in 0.0109912 seconds
Number of updated asset objects reloaded before import = 0Number of asset objects unloaded after import = 3

========================================================================
Received Import Request.
  Time since last request: 0.947276 seconds.
  path: Assets/Space Exploration/Grid_Components/Large/item-shop-container-large.png
  artifactKey: Guid(7a990b3c83c16644fb4e4372741c87ce) Importer(815301076,1909f56bfc062723c751e8b465ee728b)
Start importing Assets/Space Exploration/Grid_Components/Large/item-shop-container-large.png using Guid(7a990b3c83c16644fb4e4372741c87ce) Importer(815301076,1909f56bfc062723c751e8b465ee728b) (PreviewImporter) -> (artifact id: '26d2bda69f9b6b85ff7843c0d106e8a7') in 0.0125238 seconds
Number of updated asset objects reloaded before import = 0Number of asset objects unloaded after import = 3

========================================================================
Received Import Request.
  Time since last request: 0.996013 seconds.
  path: Assets/Space Exploration/Button_Images/Highlighted_Sprite/small/large-blue-highlight-small.png
  artifactKey: Guid(0ae5735134cb7f4489489868ef22370c) Importer(815301076,1909f56bfc062723c751e8b465ee728b)
Start importing Assets/Space Exploration/Button_Images/Highlighted_Sprite/small/large-blue-highlight-small.png using Guid(0ae5735134cb7f4489489868ef22370c) Importer(815301076,1909f56bfc062723c751e8b465ee728b) (PreviewImporter) -> (artifact id: '6960a6f9879ec4198cc0328602be0e89') in 0.0117998 seconds
Number of updated asset objects reloaded before import = 0Number of asset objects unloaded after import = 3

========================================================================
Received Import Request.
  Time since last request: 0.322276 seconds.
  path: Assets/Space Exploration/Button_Images/Source_Image_Sprites/small/large-blue-small.png
  artifactKey: Guid(e3fd64505e97ed0419a0eb8ac50f7e28) Importer(815301076,1909f56bfc062723c751e8b465ee728b)
Start importing Assets/Space Exploration/Button_Images/Source_Image_Sprites/small/large-blue-small.png using Guid(e3fd64505e97ed0419a0eb8ac50f7e28) Importer(815301076,1909f56bfc062723c751e8b465ee728b) (PreviewImporter) -> (artifact id: '34d9f73f4a5829c518f10f52e3ccfd24') in 0.0099612 seconds
Number of updated asset objects reloaded before import = 0Number of asset objects unloaded after import = 3

========================================================================
Received Import Request.
  Time since last request: 0.000018 seconds.
  path: Assets/Space Exploration/Button_Images/Highlighted_Sprite/medium/large-blue-sparkle-highlight-medium.png
  artifactKey: Guid(b5ba4e8db57458f449894260e56a6672) Importer(815301076,1909f56bfc062723c751e8b465ee728b)
Start importing Assets/Space Exploration/Button_Images/Highlighted_Sprite/medium/large-blue-sparkle-highlight-medium.png using Guid(b5ba4e8db57458f449894260e56a6672) Importer(815301076,1909f56bfc062723c751e8b465ee728b) (PreviewImporter) -> (artifact id: '1adc233d96893c4a520711ea656db505') in 0.0117275 seconds
Number of updated asset objects reloaded before import = 0Number of asset objects unloaded after import = 3

========================================================================
Received Import Request.
  Time since last request: 0.258956 seconds.
  path: Assets/Space Exploration/Button_Images/Disabled_Sprites/Extra_Large/large-disabled-extra-large.png
  artifactKey: Guid(d3a613461862e5c4eb3ef2830423e919) Importer(815301076,1909f56bfc062723c751e8b465ee728b)
Start importing Assets/Space Exploration/Button_Images/Disabled_Sprites/Extra_Large/large-disabled-extra-large.png using Guid(d3a613461862e5c4eb3ef2830423e919) Importer(815301076,1909f56bfc062723c751e8b465ee728b) (PreviewImporter) -> (artifact id: '1b89f288fa082c55eed81a0f6e1c81ad') in 0.010972 seconds
Number of updated asset objects reloaded before import = 0Number of asset objects unloaded after import = 3

========================================================================
Received Import Request.
  Time since last request: 0.000020 seconds.
  path: Assets/Space Exploration/Button_Images/Highlighted_Sprite/extra large/large-pink-highlight-extra-large.png
  artifactKey: Guid(9c4e148ce184f414c906f4697bc7dc88) Importer(815301076,1909f56bfc062723c751e8b465ee728b)
Start importing Assets/Space Exploration/Button_Images/Highlighted_Sprite/extra large/large-pink-highlight-extra-large.png using Guid(9c4e148ce184f414c906f4697bc7dc88) Importer(815301076,1909f56bfc062723c751e8b465ee728b) (PreviewImporter) -> (artifact id: '0eb9596a4688df0f0ed4f23c279faf13') in 0.0124584 seconds
Number of updated asset objects reloaded before import = 0Number of asset objects unloaded after import = 3

========================================================================
Received Import Request.
  Time since last request: 0.455187 seconds.
  path: Assets/Space Exploration/Button_Images/Source_Image_Sprites/extra large/large-pink-sparkle-extra-large.png
  artifactKey: Guid(b5e723db6b646d54aafde27ae228a2a3) Importer(815301076,1909f56bfc062723c751e8b465ee728b)
Start importing Assets/Space Exploration/Button_Images/Source_Image_Sprites/extra large/large-pink-sparkle-extra-large.png using Guid(b5e723db6b646d54aafde27ae228a2a3) Importer(815301076,1909f56bfc062723c751e8b465ee728b) (PreviewImporter) -> (artifact id: '0426b7100b5a1cd768068097be64ca39') in 0.0105626 seconds
Number of updated asset objects reloaded before import = 0Number of asset objects unloaded after import = 3

========================================================================
Received Import Request.
  Time since last request: 0.000018 seconds.
  path: Assets/Space Exploration/Button_Images/Highlighted_Sprite/small/large-pink-sparkle-highlight-small.png
  artifactKey: Guid(4487d2a68dbef964c9bfbfdf4c141565) Importer(815301076,1909f56bfc062723c751e8b465ee728b)
Start importing Assets/Space Exploration/Button_Images/Highlighted_Sprite/small/large-pink-sparkle-highlight-small.png using Guid(4487d2a68dbef964c9bfbfdf4c141565) Importer(815301076,1909f56bfc062723c751e8b465ee728b) (PreviewImporter) -> (artifact id: '19d4e425182865ce0e0110041b0f789a') in 0.0107246 seconds
Number of updated asset objects reloaded before import = 0Number of asset objects unloaded after import = 3

========================================================================
Received Import Request.
  Time since last request: 0.199224 seconds.
  path: Assets/Space Exploration/Button_Images/Source_Image_Sprites/extra large/large-purple-extra-large.png
  artifactKey: Guid(7b82cf8aabdeaac48b581f51b3d03788) Importer(815301076,1909f56bfc062723c751e8b465ee728b)
Start importing Assets/Space Exploration/Button_Images/Source_Image_Sprites/extra large/large-purple-extra-large.png using Guid(7b82cf8aabdeaac48b581f51b3d03788) Importer(815301076,1909f56bfc062723c751e8b465ee728b) (PreviewImporter) -> (artifact id: '16115e7154832654e6bd93b236aa4c1c') in 0.0096692 seconds
Number of updated asset objects reloaded before import = 0Number of asset objects unloaded after import = 3

========================================================================
Received Import Request.
  Time since last request: 0.552224 seconds.
  path: Assets/Space Exploration/Button_Images/Pressed_Sprites/Small/large-purple-pressed-small.png
  artifactKey: Guid(0dd9c66f2cbf702478291d55f9838080) Importer(815301076,1909f56bfc062723c751e8b465ee728b)
Start importing Assets/Space Exploration/Button_Images/Pressed_Sprites/Small/large-purple-pressed-small.png using Guid(0dd9c66f2cbf702478291d55f9838080) Importer(815301076,1909f56bfc062723c751e8b465ee728b) (PreviewImporter) -> (artifact id: 'f24e1f1ee465970ab6993a8713ea211e') in 0.0099724 seconds
Number of updated asset objects reloaded before import = 0Number of asset objects unloaded after import = 3

========================================================================
Received Import Request.
  Time since last request: 0.000020 seconds.
  path: Assets/Space Exploration/Grid_Components/Large/level-up-icon-container-large.png
  artifactKey: Guid(9e0c63d9ea5cc894fb72452ec61b5f0d) Importer(815301076,1909f56bfc062723c751e8b465ee728b)
Start importing Assets/Space Exploration/Grid_Components/Large/level-up-icon-container-large.png using Guid(9e0c63d9ea5cc894fb72452ec61b5f0d) Importer(815301076,1909f56bfc062723c751e8b465ee728b) (PreviewImporter) -> (artifact id: '1b0f3e33f4401986de9e5ab693134084') in 0.0117807 seconds
Number of updated asset objects reloaded before import = 0Number of asset objects unloaded after import = 3

========================================================================
Received Import Request.
  Time since last request: 0.000023 seconds.
  path: Assets/Space Exploration/Picto_Icons/White/like-128.png
  artifactKey: Guid(6be8747b4ae10e4468f5ac46f89ce81e) Importer(815301076,1909f56bfc062723c751e8b465ee728b)
Start importing Assets/Space Exploration/Picto_Icons/White/like-128.png using Guid(6be8747b4ae10e4468f5ac46f89ce81e) Importer(815301076,1909f56bfc062723c751e8b465ee728b) (PreviewImporter) -> (artifact id: '27ebbc8801a84f596c4c8601a460238b') in 0.0107051 seconds
Number of updated asset objects reloaded before import = 0Number of asset objects unloaded after import = 3

========================================================================
Received Import Request.
  Time since last request: 0.000020 seconds.
  path: Assets/Space Exploration/Settings_&_Menu_Components/Medium/mission-bar-completed-medium.png
  artifactKey: Guid(6f55b53371db18d498f2532252e098fa) Importer(815301076,1909f56bfc062723c751e8b465ee728b)
Start importing Assets/Space Exploration/Settings_&_Menu_Components/Medium/mission-bar-completed-medium.png using Guid(6f55b53371db18d498f2532252e098fa) Importer(815301076,1909f56bfc062723c751e8b465ee728b) (PreviewImporter) -> (artifact id: '40852026c0fd5881f8efcc6c017d12c3') in 0.01112 seconds
Number of updated asset objects reloaded before import = 0Number of asset objects unloaded after import = 3

========================================================================
Received Import Request.
  Time since last request: 0.000029 seconds.
  path: Assets/Space Exploration/Settings_&_Menu_Components/Medium/mission-bar-full-medium.png
  artifactKey: Guid(77b780af859fc1441aa8bf10db0bfdbe) Importer(815301076,1909f56bfc062723c751e8b465ee728b)
Start importing Assets/Space Exploration/Settings_&_Menu_Components/Medium/mission-bar-full-medium.png using Guid(77b780af859fc1441aa8bf10db0bfdbe) Importer(815301076,1909f56bfc062723c751e8b465ee728b) (PreviewImporter) -> (artifact id: '6f490d31528aa05d836fa3bb3e6e77cf') in 0.0091339 seconds
Number of updated asset objects reloaded before import = 0Number of asset objects unloaded after import = 3

========================================================================
Received Import Request.
  Time since last request: 0.000018 seconds.
  path: Assets/Space Exploration/Picto_Icons/White/mushroom-64.png
  artifactKey: Guid(7e0ea903356c2c04f96613ca95e0c0fd) Importer(815301076,1909f56bfc062723c751e8b465ee728b)
Start importing Assets/Space Exploration/Picto_Icons/White/mushroom-64.png using Guid(7e0ea903356c2c04f96613ca95e0c0fd) Importer(815301076,1909f56bfc062723c751e8b465ee728b) (PreviewImporter) -> (artifact id: 'a0713567a07d3f000d26a6c54f3f8bf4') in 0.0104148 seconds
Number of updated asset objects reloaded before import = 0Number of asset objects unloaded after import = 3

========================================================================
Received Import Request.
  Time since last request: 0.057663 seconds.
  path: Assets/Space Exploration/Picto_Icons/White/music-128.png
  artifactKey: Guid(975fe490279240a4aa2c5bafde10acac) Importer(815301076,1909f56bfc062723c751e8b465ee728b)
Start importing Assets/Space Exploration/Picto_Icons/White/music-128.png using Guid(975fe490279240a4aa2c5bafde10acac) Importer(815301076,1909f56bfc062723c751e8b465ee728b) (PreviewImporter) -> (artifact id: 'cb16b8117b324b671b55837fc97a0da2') in 0.0104802 seconds
Number of updated asset objects reloaded before import = 0Number of asset objects unloaded after import = 3

========================================================================
Received Import Request.
  Time since last request: 0.040857 seconds.
  path: Assets/Space Exploration/Picto_Icons/Dark_Purple/next-64.png
  artifactKey: Guid(50f07b42129810d498c9590464e27c98) Importer(815301076,1909f56bfc062723c751e8b465ee728b)
Start importing Assets/Space Exploration/Picto_Icons/Dark_Purple/next-64.png using Guid(50f07b42129810d498c9590464e27c98) Importer(815301076,1909f56bfc062723c751e8b465ee728b) (PreviewImporter) -> (artifact id: '3865f7109277a098db14c4066475678a') in 0.0091666 seconds
Number of updated asset objects reloaded before import = 0Number of asset objects unloaded after import = 3

========================================================================
Received Import Request.
  Time since last request: 0.000016 seconds.
  path: Assets/Space Exploration/Picto_Icons/Dark_Purple/page-64.png
  artifactKey: Guid(52cfed06ebef94d4392616f1e91aa247) Importer(815301076,1909f56bfc062723c751e8b465ee728b)
Start importing Assets/Space Exploration/Picto_Icons/Dark_Purple/page-64.png using Guid(52cfed06ebef94d4392616f1e91aa247) Importer(815301076,1909f56bfc062723c751e8b465ee728b) (PreviewImporter) -> (artifact id: '81132f8c077ea296cb33a1df17063b04') in 0.0096513 seconds
Number of updated asset objects reloaded before import = 0Number of asset objects unloaded after import = 3

========================================================================
Received Import Request.
  Time since last request: 0.000019 seconds.
  path: Assets/Space Exploration/Picto_Icons/Dark_Purple/pause-32.png
  artifactKey: Guid(769760c8c344cf54c8f25202667ce1d9) Importer(815301076,1909f56bfc062723c751e8b465ee728b)
Start importing Assets/Space Exploration/Picto_Icons/Dark_Purple/pause-32.png using Guid(769760c8c344cf54c8f25202667ce1d9) Importer(815301076,1909f56bfc062723c751e8b465ee728b) (PreviewImporter) -> (artifact id: 'b5b12998d6019a3b90df0be962a3137d') in 0.0111703 seconds
Number of updated asset objects reloaded before import = 0Number of asset objects unloaded after import = 3

========================================================================
Received Import Request.
  Time since last request: 0.000015 seconds.
  path: Assets/Space Exploration/Picto_Icons/Dark_Purple/pause-256.png
  artifactKey: Guid(06c73244bbb0a664ba8b5ac4d6e6efc0) Importer(815301076,1909f56bfc062723c751e8b465ee728b)
Start importing Assets/Space Exploration/Picto_Icons/Dark_Purple/pause-256.png using Guid(06c73244bbb0a664ba8b5ac4d6e6efc0) Importer(815301076,1909f56bfc062723c751e8b465ee728b) (PreviewImporter) -> (artifact id: '07c370213dfd95416373accbb1e5daa6') in 0.0125026 seconds
Number of updated asset objects reloaded before import = 0Number of asset objects unloaded after import = 3

========================================================================
Received Import Request.
  Time since last request: 0.000023 seconds.
  path: Assets/Space Exploration/Picto_Icons/Dark_Purple/pencil-64.png
  artifactKey: Guid(5f3bdc6567f4bc647bc224b7cec39eed) Importer(815301076,1909f56bfc062723c751e8b465ee728b)
Start importing Assets/Space Exploration/Picto_Icons/Dark_Purple/pencil-64.png using Guid(5f3bdc6567f4bc647bc224b7cec39eed) Importer(815301076,1909f56bfc062723c751e8b465ee728b) (PreviewImporter) -> (artifact id: '120b4951dd2a04cab08b12c01a9c7012') in 0.0111965 seconds
Number of updated asset objects reloaded before import = 0Number of asset objects unloaded after import = 3

========================================================================
Received Import Request.
  Time since last request: 0.000018 seconds.
  path: Assets/Space Exploration/Picto_Icons/White/person-64.png
  artifactKey: Guid(3192e0061b5b4644ab81667a892c7aee) Importer(815301076,1909f56bfc062723c751e8b465ee728b)
Start importing Assets/Space Exploration/Picto_Icons/White/person-64.png using Guid(3192e0061b5b4644ab81667a892c7aee) Importer(815301076,1909f56bfc062723c751e8b465ee728b) (PreviewImporter) -> (artifact id: '04d50431ee97f79facab7f6c3714ab03') in 0.0126569 seconds
Number of updated asset objects reloaded before import = 0Number of asset objects unloaded after import = 3

========================================================================
Received Import Request.
  Time since last request: 1.517249 seconds.
  path: Assets/Photon/PhotonChat/Demos/Demo Chat/Resources/OutlinedSquaredBox.png
  artifactKey: Guid(32d648ef894184c88902b4e50fcba2c1) Importer(815301076,1909f56bfc062723c751e8b465ee728b)
Start importing Assets/Photon/PhotonChat/Demos/Demo Chat/Resources/OutlinedSquaredBox.png using Guid(32d648ef894184c88902b4e50fcba2c1) Importer(815301076,1909f56bfc062723c751e8b465ee728b) (PreviewImporter) -> (artifact id: 'cec6e02407e91a321e96eb904ffd6cd6') in 0.0126275 seconds
Number of updated asset objects reloaded before import = 0Number of asset objects unloaded after import = 3

========================================================================
Received Import Request.
  Time since last request: 2.993133 seconds.
  path: Assets/Space Exploration/Picto_Icons/White/play-128.png
  artifactKey: Guid(841d404d445e10b488a088de6cebda4c) Importer(815301076,1909f56bfc062723c751e8b465ee728b)
Start importing Assets/Space Exploration/Picto_Icons/White/play-128.png using Guid(841d404d445e10b488a088de6cebda4c) Importer(815301076,1909f56bfc062723c751e8b465ee728b) (PreviewImporter) -> (artifact id: 'd24d458bfe36aecd7ab796b246ca82e8') in 0.0102891 seconds
Number of updated asset objects reloaded before import = 0Number of asset objects unloaded after import = 3

========================================================================
Received Import Request.
  Time since last request: 2.603742 seconds.
  path: Assets/Space Exploration/Picto_Icons/White/power-256.png
  artifactKey: Guid(ae3032640ca0fee4fa37bb1fe2e40ba5) Importer(815301076,1909f56bfc062723c751e8b465ee728b)
Start importing Assets/Space Exploration/Picto_Icons/White/power-256.png using Guid(ae3032640ca0fee4fa37bb1fe2e40ba5) Importer(815301076,1909f56bfc062723c751e8b465ee728b) (PreviewImporter) -> (artifact id: '5fd6cbecd7e9bd6de0796dc6d499ac2a') in 0.0111265 seconds
Number of updated asset objects reloaded before import = 0Number of asset objects unloaded after import = 3

========================================================================
Received Import Request.
  Time since last request: 0.000018 seconds.
  path: Assets/Photon/PhotonUnityNetworking/Icons/PunIconApp48.png
  artifactKey: Guid(44ebd8e6f42cae445ab4b22f0a9b48a0) Importer(815301076,1909f56bfc062723c751e8b465ee728b)
Start importing Assets/Photon/PhotonUnityNetworking/Icons/PunIconApp48.png using Guid(44ebd8e6f42cae445ab4b22f0a9b48a0) Importer(815301076,1909f56bfc062723c751e8b465ee728b) (PreviewImporter) -> (artifact id: 'b24b787eaf0c8b5d875bd35cece767c7') in 0.0129187 seconds
Number of updated asset objects reloaded before import = 0Number of asset objects unloaded after import = 3

========================================================================
Received Import Request.
  Time since last request: 1.692028 seconds.
  path: Assets/Space Exploration/Rank_System_Components/Small/ranking-1st-highlight-small.png
  artifactKey: Guid(09134b756e76b534ca800a1773816e0c) Importer(815301076,1909f56bfc062723c751e8b465ee728b)
Start importing Assets/Space Exploration/Rank_System_Components/Small/ranking-1st-highlight-small.png using Guid(09134b756e76b534ca800a1773816e0c) Importer(815301076,1909f56bfc062723c751e8b465ee728b) (PreviewImporter) -> (artifact id: '30fe3d863aa1e6bfaa96f56ba8897863') in 0.0106512 seconds
Number of updated asset objects reloaded before import = 0Number of asset objects unloaded after import = 3

========================================================================
Received Import Request.
  Time since last request: 0.000019 seconds.
  path: Assets/Space Exploration/Rank_System_Components/Medium/ranking-1st-medium.png
  artifactKey: Guid(f799a508e13acf84b9b86acbd791c742) Importer(815301076,1909f56bfc062723c751e8b465ee728b)
Start importing Assets/Space Exploration/Rank_System_Components/Medium/ranking-1st-medium.png using Guid(f799a508e13acf84b9b86acbd791c742) Importer(815301076,1909f56bfc062723c751e8b465ee728b) (PreviewImporter) -> (artifact id: '2661a61e86a6eecacaebdc0c5d06172c') in 0.0116807 seconds
Number of updated asset objects reloaded before import = 0Number of asset objects unloaded after import = 3

========================================================================
Received Import Request.
  Time since last request: 0.361542 seconds.
  path: Assets/Space Exploration/Rank_System_Components/Extra Large/ranking-2nd-extra-large 1.png
  artifactKey: Guid(69aebf75e365cb340a444a498309166a) Importer(815301076,1909f56bfc062723c751e8b465ee728b)
Start importing Assets/Space Exploration/Rank_System_Components/Extra Large/ranking-2nd-extra-large 1.png using Guid(69aebf75e365cb340a444a498309166a) Importer(815301076,1909f56bfc062723c751e8b465ee728b) (PreviewImporter) -> (artifact id: 'fcebaba08d4358b8855cf3fe5b7a7573') in 0.0130048 seconds
Number of updated asset objects reloaded before import = 0Number of asset objects unloaded after import = 3

========================================================================
Received Import Request.
  Time since last request: 0.903305 seconds.
  path: Assets/Space Exploration/Rank_System_Components/Small/ranking-2nd-highlight-small.png
  artifactKey: Guid(6f2d12bdcf6846241bc90f10e2ffe888) Importer(815301076,1909f56bfc062723c751e8b465ee728b)
Start importing Assets/Space Exploration/Rank_System_Components/Small/ranking-2nd-highlight-small.png using Guid(6f2d12bdcf6846241bc90f10e2ffe888) Importer(815301076,1909f56bfc062723c751e8b465ee728b) (PreviewImporter) -> (artifact id: '518d29c20cc6b6840bf8d9d909785abe') in 0.010288 seconds
Number of updated asset objects reloaded before import = 0Number of asset objects unloaded after import = 3

========================================================================
Received Import Request.
  Time since last request: 1.192357 seconds.
  path: Assets/Space Exploration/Rank_System_Components/Medium/ranking-4+-medium.png
  artifactKey: Guid(fcfa6aee3f87d8b4083069c2f9478a8f) Importer(815301076,1909f56bfc062723c751e8b465ee728b)
Start importing Assets/Space Exploration/Rank_System_Components/Medium/ranking-4+-medium.png using Guid(fcfa6aee3f87d8b4083069c2f9478a8f) Importer(815301076,1909f56bfc062723c751e8b465ee728b) (PreviewImporter) -> (artifact id: '80f462af3a513b3ad887eca82713bd0b') in 0.0110083 seconds
Number of updated asset objects reloaded before import = 0Number of asset objects unloaded after import = 3

========================================================================
Received Import Request.
  Time since last request: 0.000022 seconds.
  path: Assets/Space Exploration/Picto_Icons/White/ranking-32.png
  artifactKey: Guid(da31c3ea4c82a5e4d96bde4b014eec0e) Importer(815301076,1909f56bfc062723c751e8b465ee728b)
Start importing Assets/Space Exploration/Picto_Icons/White/ranking-32.png using Guid(da31c3ea4c82a5e4d96bde4b014eec0e) Importer(815301076,1909f56bfc062723c751e8b465ee728b) (PreviewImporter) -> (artifact id: 'a1cf9b32ee8fa34bd0b3b576c7eef089') in 0.00879 seconds
Number of updated asset objects reloaded before import = 0Number of asset objects unloaded after import = 3

========================================================================
Received Import Request.
  Time since last request: 0.002465 seconds.
  path: Assets/Space Exploration/Picto_Icons/Dark_Purple/ranking-128.png
  artifactKey: Guid(15e9d7d06c8e9df44aaf9e8cb105adb0) Importer(815301076,1909f56bfc062723c751e8b465ee728b)
Start importing Assets/Space Exploration/Picto_Icons/Dark_Purple/ranking-128.png using Guid(15e9d7d06c8e9df44aaf9e8cb105adb0) Importer(815301076,1909f56bfc062723c751e8b465ee728b) (PreviewImporter) -> (artifact id: '9f40047e8cdbce9cf93a63093ea0fcbc') in 0.0106752 seconds
Number of updated asset objects reloaded before import = 0Number of asset objects unloaded after import = 3

========================================================================
Received Import Request.
  Time since last request: 0.770901 seconds.
  path: Assets/Space Exploration/Rank_System_Components/Medium/ranking-container-medium.png
  artifactKey: Guid(fed6a54b0e0d18942a3ec86c9c045a52) Importer(815301076,1909f56bfc062723c751e8b465ee728b)
Start importing Assets/Space Exploration/Rank_System_Components/Medium/ranking-container-medium.png using Guid(fed6a54b0e0d18942a3ec86c9c045a52) Importer(815301076,1909f56bfc062723c751e8b465ee728b) (PreviewImporter) -> (artifact id: '17d3313167f00146e0ffaee5c2a3ead2') in 0.0116304 seconds
Number of updated asset objects reloaded before import = 0Number of asset objects unloaded after import = 3

========================================================================
Received Import Request.
  Time since last request: 0.218109 seconds.
  path: Assets/Space Exploration/Picto_Icons/Dark_Purple/redo-32.png
  artifactKey: Guid(37a0d41d631068f47ad11d299d5f7c77) Importer(815301076,1909f56bfc062723c751e8b465ee728b)
Start importing Assets/Space Exploration/Picto_Icons/Dark_Purple/redo-32.png using Guid(37a0d41d631068f47ad11d299d5f7c77) Importer(815301076,1909f56bfc062723c751e8b465ee728b) (PreviewImporter) -> (artifact id: '71a8ddf91660837e7516ab23ec0fde5e') in 0.0095468 seconds
Number of updated asset objects reloaded before import = 0Number of asset objects unloaded after import = 3

========================================================================
Received Import Request.
  Time since last request: 1.234836 seconds.
  path: Assets/Space Exploration/Picto_Icons/Dark_Purple/right-256.png
  artifactKey: Guid(963bd7165dba40b4aa2ae551bc81448f) Importer(815301076,1909f56bfc062723c751e8b465ee728b)
Start importing Assets/Space Exploration/Picto_Icons/Dark_Purple/right-256.png using Guid(963bd7165dba40b4aa2ae551bc81448f) Importer(815301076,1909f56bfc062723c751e8b465ee728b) (PreviewImporter) -> (artifact id: '8236e178e8778985ba1aed8223262422') in 0.0106887 seconds
Number of updated asset objects reloaded before import = 0Number of asset objects unloaded after import = 3

========================================================================
Received Import Request.
  Time since last request: 1.105897 seconds.
  path: Assets/Space Exploration/Picto_Icons/White/ring-256.png
  artifactKey: Guid(ee5c8517ddbfe1e4f862d8cb0e875360) Importer(815301076,1909f56bfc062723c751e8b465ee728b)
Start importing Assets/Space Exploration/Picto_Icons/White/ring-256.png using Guid(ee5c8517ddbfe1e4f862d8cb0e875360) Importer(815301076,1909f56bfc062723c751e8b465ee728b) (PreviewImporter) -> (artifact id: 'edab4bc44a1d9da91ab7e3df07dccf08') in 0.0100509 seconds
Number of updated asset objects reloaded before import = 0Number of asset objects unloaded after import = 3

Editor requested this worker to shutdown with reason: Scaling down because of idle timeout
AssetImportWorker is now disconnected from the server
Process exiting
Exiting without the bug reporter. Application will terminate with return code 0