[Licensing::Module] Trying to connect to existing licensing client channel...
Built from '6000.3/staging' branch; Version is '6000.3.15f1 (c1aa84e375f6) revision 12692100'; Using compiler version '194234433'; Build Type 'Release'
OS: 'Windows 10  (10.0.19045) 64bit Professional' Language: 'ko' Physical Memory: 32478 MB
[Licensing::IpcConnector] Successfully connected to: "LicenseClient-Administrator" at "2026-06-16T12:15:45.3415644Z"
BatchMode: 1, IsHumanControllingUs: 0, StartBugReporterOnCrash: 0, Is64bit: 1
System  architecture: x64
Process architecture: x64
Date: 2026-06-16T12:15:45Z

COMMAND LINE ARGUMENTS:
C:\Program Files\Unity\Hub\Editor\6000.3.15f1\Editor\Unity.exe
-adb2
-batchMode
-noUpm
-name
AssetImportWorker9
-projectPath
C:/Users/Administrator/Desktop/Game-Server/Program
-logFile
Logs/AssetImportWorker9.log
-srvPort
50387
-licensingIpc
LicenseClient-Administrator
-job-worker-count
13
-background-job-worker-count
8
-gc-helper-count
1
-name
AssetImport
Successfully changed project path to: C:/Users/Administrator/Desktop/Game-Server/Program
C:/Users/Administrator/Desktop/Game-Server/Program
[UnityMemory] Configuration Parameters - Can be set up in boot.config
    "memorysetup-temp-allocator-size-nav-mesh-worker=65536"
    "memorysetup-temp-allocator-size-audio-worker=65536"
    "memorysetup-temp-allocator-size-gfx=262144"
    "memorysetup-allocator-temp-initial-block-size-main=262144"
    "memorysetup-allocator-temp-initial-block-size-worker=262144"
    "memorysetup-temp-allocator-size-background-worker=32768"
    "memorysetup-temp-allocator-size-job-worker=262144"
    "memorysetup-temp-allocator-size-preload-manager=33554432"
    "memorysetup-temp-allocator-size-gi-baking-worker=262144"
    "memorysetup-temp-allocator-size-gi-baking-worker=262144"
    "memorysetup-temp-allocator-size-gi-baking-worker=262144"
    "memorysetup-temp-allocator-size-gi-baking-worker=262144"
    "memorysetup-temp-allocator-size-gi-baking-worker=262144"
    "memorysetup-bucket-allocator-granularity=16"
    "memorysetup-bucket-allocator-bucket-count=8"
    "memorysetup-bucket-allocator-block-size=33554432"
    "memorysetup-bucket-allocator-block-count=8"
    "memorysetup-main-allocator-block-size=16777216"
    "memorysetup-thread-allocator-block-size=16777216"
    "memorysetup-gfx-main-allocator-block-size=16777216"
    "memorysetup-gfx-thread-allocator-block-size=16777216"
    "memorysetup-cache-allocator-block-size=4194304"
    "memorysetup-typetree-allocator-block-size=2097152"
    "memorysetup-profiler-bucket-allocator-granularity=16"
    "memorysetup-profiler-bucket-allocator-bucket-count=8"
    "memorysetup-profiler-bucket-allocator-block-size=33554432"
    "memorysetup-profiler-bucket-allocator-block-count=8"
    "memorysetup-profiler-allocator-block-size=16777216"
    "memorysetup-profiler-editor-allocator-block-size=1048576"
    "memorysetup-temp-allocator-size-main=16777216"
    "memorysetup-job-temp-allocator-block-size=2097152"
    "memorysetup-job-temp-allocator-block-size-background=1048576"
    "memorysetup-job-temp-allocator-reduction-small-platforms=262144"
    "memorysetup-temp-allocator-size-cloud-worker=32768"
Player connection [22912]  Target information:

Player connection [22912]  * "[IP] 192.168.0.94 [Port] 0 [Flags] 2 [Guid] 1343294591 [EditorId] 1343294591 [Version] 1048832 [Id] WindowsEditor(7,DESKTOP-MSMA3UP) [Debug] 1 [PackageName] WindowsEditor [ProjectName] Editor" 

Player connection [22912] Host joined multi-casting on [225.0.0.222:54997]...
Player connection [22912] Host joined alternative multi-casting on [225.0.0.222:34997]...
JobSystem: Creating JobQueue using job-worker-count value 13
Input System module state changed to: Initialized.
[Physics::Module] Initialized fallback backend.
[Physics::Module] Id: 0xdecafbad
Library Redirect Path: Library/
[Physics::Module] Selected backend.
[Physics::Module] Name: PhysX
[Physics::Module] Id: 0xf2b8ea05
[Physics::Module] SDK Version: 4.1.2
[Physics::Module] Integration Version: 1.0.0
[Physics::Module] Threading Mode: Multi-Threaded
Refreshing native plugins compatible for Editor in 3.60 ms, found 4 plugins.
Preloading 0 native plugins for Editor in 0.00 ms.
Initialize engine version: 6000.3.15f1 (c1aa84e375f6)
[Subsystems] Discovering subsystems at path C:/Program Files/Unity/Hub/Editor/6000.3.15f1/Editor/Data/Resources/UnitySubsystems
[Subsystems] Discovering subsystems at path C:/Users/Administrator/Desktop/Game-Server/Program/Assets
GfxDevice: creating device client; kGfxThreadingModeNonThreaded
Direct3D:
    Version:  Direct3D 11.0 [level 11.1]
    Renderer: NVIDIA GeForce RTX 5060 Ti (ID=0x2d04)
    Vendor:   NVIDIA
    VRAM:     16050 MB
    Driver:   32.0.15.9636
Initialize mono
Mono path[0] = 'C:/Program Files/Unity/Hub/Editor/6000.3.15f1/Editor/Data/Managed'
Mono path[1] = 'C:/Program Files/Unity/Hub/Editor/6000.3.15f1/Editor/Data/MonoBleedingEdge/lib/mono/unityjit-win32'
Mono config path = 'C:/Program Files/Unity/Hub/Editor/6000.3.15f1/Editor/Data/MonoBleedingEdge/etc'
Using monoOptions --debugger-agent=transport=dt_socket,embedding=1,server=y,suspend=n,address=127.0.0.1:56376
Begin MonoManager ReloadAssembly
Registering precompiled unity dll's ...
Register platform support module: C:/Program Files/Unity/Hub/Editor/6000.3.15f1/Editor/Data/PlaybackEngines/WindowsStandaloneSupport/UnityEditor.WindowsStandalone.Extensions.dll
Registered in 0.001146 seconds.
- Loaded All Assemblies, in  0.395 seconds
[Licensing::Client] Error: HandshakeResponse reported an error:
	ResponseCode: 505
	ResponseStatus: Unsupported protocol version '1.18.1'.
[Licensing::Module] Error: Failed to handshake to channel: "LicenseClient-Administrator"
[Licensing::IpcConnector] LicenseClient-Administrator channel disconnected successfully.
[Licensing::IpcConnector] Successfully connected to: "LicenseClient-Administrator-6000.3.15" at "2026-06-16T12:15:46.2203251Z"
[Licensing::Client] Code 10 while verifying Licensing Client signature (process Id: 6896, path: "C:/Program Files/Unity/Hub/Editor/6000.3.15f1/Editor/Data/Resources/Licensing/Client/Unity.Licensing.Client.exe")
[Licensing::Module] LicensingClient has failed validation; ignoring
[Licensing::Client] Handshaking with LicensingClient:
  Version:                 1.18.1+9fbee8e
  Session Id:              21b554f190534cfc840ce8ac2146d1d2
  Correlation Id:          8408fccf1de38d541a0cfc764bd7bfad
  External correlation Id: 1257157004265729504
  Machine Id:              SvejmJGsl/EFmq0OAjofjZYOfss=
[Licensing::Module] Successfully connected to LicensingClient on channel: "LicenseClient-Administrator-6000.3.15" (connect: 0.00s, validation: 0.00s, handshake: 0.00s)
[Licensing::IpcConnector] Successfully connected to: "LicenseClient-Administrator-6000.3.15-notifications" at "2026-06-16T12:15:46.2251408Z"
[Licensing::Module] Licensing Background thread has ended after 0.88s
Native extension for WindowsStandalone target not found
Package Manager log level set to [2]
[Package Manager] Failed to launch server process. Reason: Unity was launched with the -noUpm command-line argument
[Package Manager] Unable to send message (not connected to server process).
[Package Manager] Cannot connect to Unity Package Manager local server
ScheduleIndexationOnStartup MainProcess:False IndexOnStartup:True
Mono: successfully reloaded assembly
- Finished resetting the current domain, in  0.415 seconds
Domain Reload Profiling: 810ms
	BeginReloadAssembly (118ms)
		ExecutionOrderSort (0ms)
		DisableScriptedObjects (0ms)
		BackupInstance (0ms)
		ReleaseScriptingObjects (0ms)
		CreateAndSetChildDomain (1ms)
	RebuildCommonClasses (36ms)
	RebuildNativeTypeToScriptingClass (15ms)
	initialDomainReloadingComplete (45ms)
	LoadAllAssembliesAndSetupDomain (180ms)
		LoadAssemblies (118ms)
		RebuildTransferFunctionScriptingTraits (0ms)
		AnalyzeDomain (177ms)
			TypeCache.Refresh (174ms)
				TypeCache.ScanAssembly (159ms)
			BuildScriptInfoCaches (0ms)
			ResolveRequiredComponents (1ms)
	FinalizeReload (415ms)
		ReleaseScriptCaches (0ms)
		RebuildScriptCaches (0ms)
		SetupLoadedEditorAssemblies (359ms)
			LogAssemblyErrors (0ms)
			InitializePlatformSupportModulesInManaged (49ms)
			SetLoadedEditorAssemblies (4ms)
			BeforeProcessingInitializeOnLoad (84ms)
			ProcessInitializeOnLoadAttributes (145ms)
			ProcessInitializeOnLoadMethodAttributes (76ms)
			AfterProcessingInitializeOnLoad (0ms)
			EditorAssembliesLoaded (0ms)
		ExecutionOrderSort2 (0ms)
		AwakeInstancesAfterBackupRestoration (0ms)
========================================================================
Worker process is ready to serve import requests
Import Worker Mode flag is 0x00
Begin MonoManager ReloadAssembly
[Licensing::Client] Successfully resolved entitlement details
[Licensing::Module] License group:
  Id: 14569174559127-UnityPersXXXX
  Product: Unity Personal
  Type: Assigned
  Expiration: Unlimited
- Loaded All Assemblies, in  0.904 seconds
Refreshing native plugins compatible for Editor in 1.12 ms, found 4 plugins.
Native extension for WindowsStandalone target not found
[Package Manager] Failed to launch server process. Reason: Unity was launched with the -noUpm command-line argument
[Package Manager] Unable to send message (not connected to server process).
[Package Manager] Cannot connect to Unity Package Manager local server
Refreshing native plugins compatible for Editor in 1.34 ms, found 4 plugins.
[Package Manager] Failed to launch server process. Reason: Unity was launched with the -noUpm command-line argument
[Package Manager] Unable to send message (not connected to server process).
[Package Manager] Cannot connect to Unity Package Manager local server
ScheduleIndexationOnStartup MainProcess:False IndexOnStartup:True
Mono: successfully reloaded assembly
- Finished resetting the current domain, in  1.177 seconds
Domain Reload Profiling: 2080ms
	BeginReloadAssembly (186ms)
		ExecutionOrderSort (0ms)
		DisableScriptedObjects (6ms)
		BackupInstance (0ms)
		ReleaseScriptingObjects (0ms)
		CreateAndSetChildDomain (33ms)
	RebuildCommonClasses (36ms)
	RebuildNativeTypeToScriptingClass (14ms)
	initialDomainReloadingComplete (40ms)
	LoadAllAssembliesAndSetupDomain (626ms)
		LoadAssemblies (391ms)
		RebuildTransferFunctionScriptingTraits (0ms)
		AnalyzeDomain (338ms)
			TypeCache.Refresh (235ms)
				TypeCache.ScanAssembly (210ms)
			BuildScriptInfoCaches (87ms)
			ResolveRequiredComponents (12ms)
	FinalizeReload (1178ms)
		ReleaseScriptCaches (0ms)
		RebuildScriptCaches (0ms)
		SetupLoadedEditorAssemblies (965ms)
			LogAssemblyErrors (0ms)
			InitializePlatformSupportModulesInManaged (2ms)
			SetLoadedEditorAssemblies (4ms)
			BeforeProcessingInitializeOnLoad (140ms)
			ProcessInitializeOnLoadAttributes (751ms)
			ProcessInitializeOnLoadMethodAttributes (65ms)
			AfterProcessingInitializeOnLoad (3ms)
			EditorAssembliesLoaded (0ms)
		ExecutionOrderSort2 (0ms)
		AwakeInstancesAfterBackupRestoration (6ms)
Launched and connected shader compiler UnityShaderCompiler.exe after 0.01 seconds
Refreshing native plugins compatible for Editor in 1.32 ms, found 4 plugins.
Preloading 0 native plugins for Editor in 0.00 ms.
Unloading 16 Unused Serialized files (Serialized files now loaded: 0)
Unloading 6790 unused Assets / (4.4 MB). Loaded Objects now: 7590.
Memory consumption went from 163.4 MB to 159.0 MB.
Total: 10.511900 ms (FindLiveObjects: 1.328500 ms CreateObjectMapping: 0.544200 ms MarkObjects: 5.917800 ms  DeleteObjects: 2.720000 ms)

========================================================================
Received Import Request.
  Time since last request: 12411.991819 seconds.
  path: Assets/Space Exploration/Icons/exoplanet-6-64.png
  artifactKey: Guid(29959e6cddf26244888065f762d18a1d) Importer(815301076,1909f56bfc062723c751e8b465ee728b)
Start importing Assets/Space Exploration/Icons/exoplanet-6-64.png using Guid(29959e6cddf26244888065f762d18a1d) Importer(815301076,1909f56bfc062723c751e8b465ee728b) (PreviewImporter) -> (artifact id: 'ed272351a8066299b8533a73b6d8660b') in 0.0887294 seconds
Number of updated asset objects reloaded before import = 0Number of asset objects unloaded after import = 3

========================================================================
Received Import Request.
  Time since last request: 0.000031 seconds.
  path: Assets/Space Exploration/Icons/full-moon-64.png
  artifactKey: Guid(59750d4d4dadd424a9accba7fdc7d845) Importer(815301076,1909f56bfc062723c751e8b465ee728b)
Start importing Assets/Space Exploration/Icons/full-moon-64.png using Guid(59750d4d4dadd424a9accba7fdc7d845) Importer(815301076,1909f56bfc062723c751e8b465ee728b) (PreviewImporter) -> (artifact id: '05d02e32e7863a213e79fc781e9f7101') in 0.0095026 seconds
Number of updated asset objects reloaded before import = 0Number of asset objects unloaded after import = 3

========================================================================
Received Import Request.
  Time since last request: 0.356110 seconds.
  path: Assets/Space Exploration/Icons/gem-2-512.png
  artifactKey: Guid(e7178138fef256f4986756678b4e7bcb) Importer(815301076,1909f56bfc062723c751e8b465ee728b)
Start importing Assets/Space Exploration/Icons/gem-2-512.png using Guid(e7178138fef256f4986756678b4e7bcb) Importer(815301076,1909f56bfc062723c751e8b465ee728b) (PreviewImporter) -> (artifact id: '2223c575c171df5fde4304935b3bedaa') in 0.0118513 seconds
Number of updated asset objects reloaded before import = 0Number of asset objects unloaded after import = 3

========================================================================
Received Import Request.
  Time since last request: 0.000022 seconds.
  path: Assets/Space Exploration/Icons/gold-ore-128.png
  artifactKey: Guid(5c5a33eafa2db004b85725a407684ab6) Importer(815301076,1909f56bfc062723c751e8b465ee728b)
Start importing Assets/Space Exploration/Icons/gold-ore-128.png using Guid(5c5a33eafa2db004b85725a407684ab6) Importer(815301076,1909f56bfc062723c751e8b465ee728b) (PreviewImporter) -> (artifact id: 'f02d34278e60d925065de380c66c681a') in 0.0130134 seconds
Number of updated asset objects reloaded before import = 0Number of asset objects unloaded after import = 3

========================================================================
Received Import Request.
  Time since last request: 0.000022 seconds.
  path: Assets/Space Exploration/Icons/half-moon-128.png
  artifactKey: Guid(9ad3e3648c479d04e95a641287a92c2c) Importer(815301076,1909f56bfc062723c751e8b465ee728b)
Start importing Assets/Space Exploration/Icons/half-moon-128.png using Guid(9ad3e3648c479d04e95a641287a92c2c) Importer(815301076,1909f56bfc062723c751e8b465ee728b) (PreviewImporter) -> (artifact id: 'cccee52ad856b546ba433e8697cbcd83') in 0.0111371 seconds
Number of updated asset objects reloaded before import = 0Number of asset objects unloaded after import = 3

========================================================================
Received Import Request.
  Time since last request: 0.000034 seconds.
  path: Assets/Space Exploration/Icons/home-512.png
  artifactKey: Guid(0196cf78e3672c7438d794edb92f33f1) Importer(815301076,1909f56bfc062723c751e8b465ee728b)
Start importing Assets/Space Exploration/Icons/home-512.png using Guid(0196cf78e3672c7438d794edb92f33f1) Importer(815301076,1909f56bfc062723c751e8b465ee728b) (PreviewImporter) -> (artifact id: '46250411d63ad6583aa5a4a704bacf0c') in 0.0109503 seconds
Number of updated asset objects reloaded before import = 0Number of asset objects unloaded after import = 3

========================================================================
Received Import Request.
  Time since last request: 0.000037 seconds.
  path: Assets/Space Exploration/Icons/heart-512.png
  artifactKey: Guid(ecb728ecbc6be7c4caa96151292103cc) Importer(815301076,1909f56bfc062723c751e8b465ee728b)
Start importing Assets/Space Exploration/Icons/heart-512.png using Guid(ecb728ecbc6be7c4caa96151292103cc) Importer(815301076,1909f56bfc062723c751e8b465ee728b) (PreviewImporter) -> (artifact id: 'ee98bf46f362e429054ff763edbf5d64') in 0.0126159 seconds
Number of updated asset objects reloaded before import = 0Number of asset objects unloaded after import = 3

========================================================================
Received Import Request.
  Time since last request: 0.338974 seconds.
  path: Assets/Space Exploration/Icons/key-1-128.png
  artifactKey: Guid(464f1e61e04999141aa4cd924e10a76f) Importer(815301076,1909f56bfc062723c751e8b465ee728b)
Start importing Assets/Space Exploration/Icons/key-1-128.png using Guid(464f1e61e04999141aa4cd924e10a76f) Importer(815301076,1909f56bfc062723c751e8b465ee728b) (PreviewImporter) -> (artifact id: '942896696b185ff7887445e2b5b5dcd9') in 0.0123097 seconds
Number of updated asset objects reloaded before import = 0Number of asset objects unloaded after import = 3

========================================================================
Received Import Request.
  Time since last request: 0.000020 seconds.
  path: Assets/Space Exploration/Icons/lock-1-64.png
  artifactKey: Guid(cf920ab0c881bab4b9a09cfd8ef16e54) Importer(815301076,1909f56bfc062723c751e8b465ee728b)
Start importing Assets/Space Exploration/Icons/lock-1-64.png using Guid(cf920ab0c881bab4b9a09cfd8ef16e54) Importer(815301076,1909f56bfc062723c751e8b465ee728b) (PreviewImporter) -> (artifact id: '5dc43ce3c64305259fa965a577aeff0d') in 0.0117283 seconds
Number of updated asset objects reloaded before import = 0Number of asset objects unloaded after import = 3

========================================================================
Received Import Request.
  Time since last request: 0.349911 seconds.
  path: Assets/Space Exploration/Icons/mail-256.png
  artifactKey: Guid(5844bd7aa68f70c418bee7622c60786f) Importer(815301076,1909f56bfc062723c751e8b465ee728b)
Start importing Assets/Space Exploration/Icons/mail-256.png using Guid(5844bd7aa68f70c418bee7622c60786f) Importer(815301076,1909f56bfc062723c751e8b465ee728b) (PreviewImporter) -> (artifact id: '4f7e670971e08be6b2c95e3e1a2b6ef4') in 0.0107051 seconds
Number of updated asset objects reloaded before import = 0Number of asset objects unloaded after import = 3

========================================================================
Received Import Request.
  Time since last request: 0.000024 seconds.
  path: Assets/Space Exploration/Icons/mars-64.png
  artifactKey: Guid(63db5ba253b371f4c88e3443aae20045) Importer(815301076,1909f56bfc062723c751e8b465ee728b)
Start importing Assets/Space Exploration/Icons/mars-64.png using Guid(63db5ba253b371f4c88e3443aae20045) Importer(815301076,1909f56bfc062723c751e8b465ee728b) (PreviewImporter) -> (artifact id: 'b92cb7f5784f878dc62125428a304b26') in 0.0104629 seconds
Number of updated asset objects reloaded before import = 0Number of asset objects unloaded after import = 3

========================================================================
Received Import Request.
  Time since last request: 0.000020 seconds.
  path: Assets/Space Exploration/Icons/mushroom-256.png
  artifactKey: Guid(3a2102e4dc9e2f44e9b7f33d0e4915c6) Importer(815301076,1909f56bfc062723c751e8b465ee728b)
Start importing Assets/Space Exploration/Icons/mushroom-256.png using Guid(3a2102e4dc9e2f44e9b7f33d0e4915c6) Importer(815301076,1909f56bfc062723c751e8b465ee728b) (PreviewImporter) -> (artifact id: '748578a9a09437ba4d73ec0b8adb42f6') in 0.0109749 seconds
Number of updated asset objects reloaded before import = 0Number of asset objects unloaded after import = 3

========================================================================
Received Import Request.
  Time since last request: 0.000023 seconds.
  path: Assets/Space Exploration/Icons/new-moon-256.png
  artifactKey: Guid(2cf76e4d41dc5ed4bab286bc4cd0548f) Importer(815301076,1909f56bfc062723c751e8b465ee728b)
Start importing Assets/Space Exploration/Icons/new-moon-256.png using Guid(2cf76e4d41dc5ed4bab286bc4cd0548f) Importer(815301076,1909f56bfc062723c751e8b465ee728b) (PreviewImporter) -> (artifact id: '322bf338b0bf649325344a1adf94ce6a') in 0.0111642 seconds
Number of updated asset objects reloaded before import = 0Number of asset objects unloaded after import = 3

========================================================================
Received Import Request.
  Time since last request: 0.000021 seconds.
  path: Assets/Space Exploration/Icons/neptune-256.png
  artifactKey: Guid(3a93244e6e11c914d86303484b013c38) Importer(815301076,1909f56bfc062723c751e8b465ee728b)
Start importing Assets/Space Exploration/Icons/neptune-256.png using Guid(3a93244e6e11c914d86303484b013c38) Importer(815301076,1909f56bfc062723c751e8b465ee728b) (PreviewImporter) -> (artifact id: '0d55983bd3b5c752ce4510a1758eda1a') in 0.0121594 seconds
Number of updated asset objects reloaded before import = 0Number of asset objects unloaded after import = 3

========================================================================
Received Import Request.
  Time since last request: 0.000026 seconds.
  path: Assets/Space Exploration/Icons/pluto-256.png
  artifactKey: Guid(99be1a0d98333a5479388688b54a3e36) Importer(815301076,1909f56bfc062723c751e8b465ee728b)
Start importing Assets/Space Exploration/Icons/pluto-256.png using Guid(99be1a0d98333a5479388688b54a3e36) Importer(815301076,1909f56bfc062723c751e8b465ee728b) (PreviewImporter) -> (artifact id: '91bf4e73ebf5501ddd92f5b93613445a') in 0.0124261 seconds
Number of updated asset objects reloaded before import = 0Number of asset objects unloaded after import = 3

========================================================================
Received Import Request.
  Time since last request: 0.000020 seconds.
  path: Assets/Space Exploration/Icons/pickaxe-256.png
  artifactKey: Guid(04e3825b6a35f944baaeebd13bc64d7e) Importer(815301076,1909f56bfc062723c751e8b465ee728b)
Start importing Assets/Space Exploration/Icons/pickaxe-256.png using Guid(04e3825b6a35f944baaeebd13bc64d7e) Importer(815301076,1909f56bfc062723c751e8b465ee728b) (PreviewImporter) -> (artifact id: 'e5564c96dfb64a5daf3b83df7b7dc4c1') in 0.011798 seconds
Number of updated asset objects reloaded before import = 0Number of asset objects unloaded after import = 3

========================================================================
Received Import Request.
  Time since last request: 0.501588 seconds.
  path: Assets/Space Exploration/Icons/potion-green-3-128.png
  artifactKey: Guid(8e29e394acf244d4b8cbb91a3820dd3d) Importer(815301076,1909f56bfc062723c751e8b465ee728b)
Start importing Assets/Space Exploration/Icons/potion-green-3-128.png using Guid(8e29e394acf244d4b8cbb91a3820dd3d) Importer(815301076,1909f56bfc062723c751e8b465ee728b) (PreviewImporter) -> (artifact id: '7a8c82c39baab99df0d78df1c2ac16c9') in 0.0102481 seconds
Number of updated asset objects reloaded before import = 0Number of asset objects unloaded after import = 3

========================================================================
Received Import Request.
  Time since last request: 0.000021 seconds.
  path: Assets/Space Exploration/Icons/potion-pink-1-512.png
  artifactKey: Guid(42a83c64a1ce4634bac0b99f508041e3) Importer(815301076,1909f56bfc062723c751e8b465ee728b)
Start importing Assets/Space Exploration/Icons/potion-pink-1-512.png using Guid(42a83c64a1ce4634bac0b99f508041e3) Importer(815301076,1909f56bfc062723c751e8b465ee728b) (PreviewImporter) -> (artifact id: '33cf0a39f4555f5af42f65f68a982d73') in 0.0110958 seconds
Number of updated asset objects reloaded before import = 0Number of asset objects unloaded after import = 3

========================================================================
Received Import Request.
  Time since last request: 0.000028 seconds.
  path: Assets/Space Exploration/Icons/purple-ore-128.png
  artifactKey: Guid(af77d38e411cd584b91cf80cb240cbb6) Importer(815301076,1909f56bfc062723c751e8b465ee728b)
Start importing Assets/Space Exploration/Icons/purple-ore-128.png using Guid(af77d38e411cd584b91cf80cb240cbb6) Importer(815301076,1909f56bfc062723c751e8b465ee728b) (PreviewImporter) -> (artifact id: '1cba75184ee7f65b65cf58dedc8e0ec1') in 0.0102185 seconds
Number of updated asset objects reloaded before import = 0Number of asset objects unloaded after import = 3

========================================================================
Received Import Request.
  Time since last request: 0.000022 seconds.
  path: Assets/Space Exploration/Icons/rocket-512.png
  artifactKey: Guid(eaf505e279bb8514c866ea8f4c6c6401) Importer(815301076,1909f56bfc062723c751e8b465ee728b)
Start importing Assets/Space Exploration/Icons/rocket-512.png using Guid(eaf505e279bb8514c866ea8f4c6c6401) Importer(815301076,1909f56bfc062723c751e8b465ee728b) (PreviewImporter) -> (artifact id: '94d92e4d7d6b36b39b4260c03710da8f') in 0.0110959 seconds
Number of updated asset objects reloaded before import = 0Number of asset objects unloaded after import = 3

========================================================================
Received Import Request.
  Time since last request: 0.000017 seconds.
  path: Assets/Space Exploration/Icons/satellite-64.png
  artifactKey: Guid(83918e681a1bcb747b4b653fd7046f8d) Importer(815301076,1909f56bfc062723c751e8b465ee728b)
Start importing Assets/Space Exploration/Icons/satellite-64.png using Guid(83918e681a1bcb747b4b653fd7046f8d) Importer(815301076,1909f56bfc062723c751e8b465ee728b) (PreviewImporter) -> (artifact id: '2da30bdf1ffe8d35f461e56cacd6b59b') in 0.010426 seconds
Number of updated asset objects reloaded before import = 0Number of asset objects unloaded after import = 3

========================================================================
Received Import Request.
  Time since last request: 3.866312 seconds.
  path: Assets/Space Exploration/Icons/saturn-512.png
  artifactKey: Guid(1974b820f1e148a4f9a4835307d01ca4) Importer(815301076,1909f56bfc062723c751e8b465ee728b)
Start importing Assets/Space Exploration/Icons/saturn-512.png using Guid(1974b820f1e148a4f9a4835307d01ca4) Importer(815301076,1909f56bfc062723c751e8b465ee728b) (PreviewImporter) -> (artifact id: 'e2d0e27b880f8a1974483eb830acdd84') in 0.0123783 seconds
Number of updated asset objects reloaded before import = 0Number of asset objects unloaded after import = 3

========================================================================
Received Import Request.
  Time since last request: 0.000018 seconds.
  path: Assets/Space Exploration/Icons/scroll-256.png
  artifactKey: Guid(6853393f631d753428332f849bc54d25) Importer(815301076,1909f56bfc062723c751e8b465ee728b)
Start importing Assets/Space Exploration/Icons/scroll-256.png using Guid(6853393f631d753428332f849bc54d25) Importer(815301076,1909f56bfc062723c751e8b465ee728b) (PreviewImporter) -> (artifact id: '1ffdbac0a53bb3cae285e577ee080416') in 0.0121019 seconds
Number of updated asset objects reloaded before import = 0Number of asset objects unloaded after import = 3

========================================================================
Received Import Request.
  Time since last request: 0.000022 seconds.
  path: Assets/Space Exploration/Icons/silver-ore-128.png
  artifactKey: Guid(a0cd4c63975a9d347b9a514bda782aae) Importer(815301076,1909f56bfc062723c751e8b465ee728b)
Start importing Assets/Space Exploration/Icons/silver-ore-128.png using Guid(a0cd4c63975a9d347b9a514bda782aae) Importer(815301076,1909f56bfc062723c751e8b465ee728b) (PreviewImporter) -> (artifact id: '1726cf97c2975666774d27eb568a80af') in 0.0115518 seconds
Number of updated asset objects reloaded before import = 0Number of asset objects unloaded after import = 3

========================================================================
Received Import Request.
  Time since last request: 0.000021 seconds.
  path: Assets/Space Exploration/Icons/solar-system-2-64.png
  artifactKey: Guid(716d1c4162b21ce4d926a394fb5aff76) Importer(815301076,1909f56bfc062723c751e8b465ee728b)
Start importing Assets/Space Exploration/Icons/solar-system-2-64.png using Guid(716d1c4162b21ce4d926a394fb5aff76) Importer(815301076,1909f56bfc062723c751e8b465ee728b) (PreviewImporter) -> (artifact id: '71ebfb1ba73061d9e36cb9afdcc67d88') in 0.0129028 seconds
Number of updated asset objects reloaded before import = 0Number of asset objects unloaded after import = 3

========================================================================
Received Import Request.
  Time since last request: 0.000015 seconds.
  path: Assets/Space Exploration/Icons/skull-256.png
  artifactKey: Guid(970fad4ea8cafdf40b7c12a89d72f7eb) Importer(815301076,1909f56bfc062723c751e8b465ee728b)
Start importing Assets/Space Exploration/Icons/skull-256.png using Guid(970fad4ea8cafdf40b7c12a89d72f7eb) Importer(815301076,1909f56bfc062723c751e8b465ee728b) (PreviewImporter) -> (artifact id: 'a99f5f74d69be771ee362716409285b5') in 0.0105279 seconds
Number of updated asset objects reloaded before import = 0Number of asset objects unloaded after import = 3

========================================================================
Received Import Request.
  Time since last request: 0.145034 seconds.
  path: Assets/Space Exploration/Icons/sun-128.png
  artifactKey: Guid(c1b36e4f8e3992945b8121b1ba1e02e1) Importer(815301076,1909f56bfc062723c751e8b465ee728b)
Start importing Assets/Space Exploration/Icons/sun-128.png using Guid(c1b36e4f8e3992945b8121b1ba1e02e1) Importer(815301076,1909f56bfc062723c751e8b465ee728b) (PreviewImporter) -> (artifact id: 'b198fec81ea8f32870ebd1d5145780ea') in 0.012006 seconds
Number of updated asset objects reloaded before import = 0Number of asset objects unloaded after import = 3

========================================================================
Received Import Request.
  Time since last request: 0.000017 seconds.
  path: Assets/Space Exploration/Icons/sword-2-64.png
  artifactKey: Guid(3dab2bf3fd5ba5a46b7981e45e4a2a8a) Importer(815301076,1909f56bfc062723c751e8b465ee728b)
Start importing Assets/Space Exploration/Icons/sword-2-64.png using Guid(3dab2bf3fd5ba5a46b7981e45e4a2a8a) Importer(815301076,1909f56bfc062723c751e8b465ee728b) (PreviewImporter) -> (artifact id: 'b7077566603fe847b8c1f16cfb9b6bc9') in 0.0112568 seconds
Number of updated asset objects reloaded before import = 0Number of asset objects unloaded after import = 3

========================================================================
Received Import Request.
  Time since last request: 0.000019 seconds.
  path: Assets/Space Exploration/Icons/time-128.png
  artifactKey: Guid(c4b4bc492ad6e45469e60ed5fb1b38b1) Importer(815301076,1909f56bfc062723c751e8b465ee728b)
Start importing Assets/Space Exploration/Icons/time-128.png using Guid(c4b4bc492ad6e45469e60ed5fb1b38b1) Importer(815301076,1909f56bfc062723c751e8b465ee728b) (PreviewImporter) -> (artifact id: 'b76222b1b32dfbaafc8369a53a30327c') in 0.0113151 seconds
Number of updated asset objects reloaded before import = 0Number of asset objects unloaded after import = 3

========================================================================
Received Import Request.
  Time since last request: 0.000015 seconds.
  path: Assets/Space Exploration/Icons/ufo-1-64.png
  artifactKey: Guid(9152f1eb2777d5546a0a944188471cac) Importer(815301076,1909f56bfc062723c751e8b465ee728b)
Start importing Assets/Space Exploration/Icons/ufo-1-64.png using Guid(9152f1eb2777d5546a0a944188471cac) Importer(815301076,1909f56bfc062723c751e8b465ee728b) (PreviewImporter) -> (artifact id: '27dee71e0f30b94a919d977b4e42d5a0') in 0.0098871 seconds
Number of updated asset objects reloaded before import = 0Number of asset objects unloaded after import = 3

========================================================================
Received Import Request.
  Time since last request: 0.000017 seconds.
  path: Assets/Space Exploration/Icons/ufo-2-256.png
  artifactKey: Guid(fcecd50b0a9a17641a200c89ced46b9b) Importer(815301076,1909f56bfc062723c751e8b465ee728b)
Start importing Assets/Space Exploration/Icons/ufo-2-256.png using Guid(fcecd50b0a9a17641a200c89ced46b9b) Importer(815301076,1909f56bfc062723c751e8b465ee728b) (PreviewImporter) -> (artifact id: 'fb8d5243f663276ae1c4b690d5ac9d6f') in 0.0110109 seconds
Number of updated asset objects reloaded before import = 0Number of asset objects unloaded after import = 3

========================================================================
Received Import Request.
  Time since last request: 0.000021 seconds.
  path: Assets/Space Exploration/Icons/unlock-1-64.png
  artifactKey: Guid(9fe6b35812a64774aad970fb3203368e) Importer(815301076,1909f56bfc062723c751e8b465ee728b)
Start importing Assets/Space Exploration/Icons/unlock-1-64.png using Guid(9fe6b35812a64774aad970fb3203368e) Importer(815301076,1909f56bfc062723c751e8b465ee728b) (PreviewImporter) -> (artifact id: '42708b947e6b5e894804e31794364d77') in 0.0108172 seconds
Number of updated asset objects reloaded before import = 0Number of asset objects unloaded after import = 3

========================================================================
Received Import Request.
  Time since last request: 0.000024 seconds.
  path: Assets/Space Exploration/Icons/ufo-1-512.png
  artifactKey: Guid(f7de81b518b30d64090e4f1b94a33ac7) Importer(815301076,1909f56bfc062723c751e8b465ee728b)
Start importing Assets/Space Exploration/Icons/ufo-1-512.png using Guid(f7de81b518b30d64090e4f1b94a33ac7) Importer(815301076,1909f56bfc062723c751e8b465ee728b) (PreviewImporter) -> (artifact id: 'd49d30a4025d670d5ae96b760905d769') in 0.0114116 seconds
Number of updated asset objects reloaded before import = 0Number of asset objects unloaded after import = 3

========================================================================
Received Import Request.
  Time since last request: 4.446881 seconds.
  path: Assets/Space Exploration/Button_Images/Source_Image_Sprites/large/large-blue-sparkle-large.png
  artifactKey: Guid(bde345b291e87ea4c8d79d75ba16d068) Importer(815301076,1909f56bfc062723c751e8b465ee728b)
Start importing Assets/Space Exploration/Button_Images/Source_Image_Sprites/large/large-blue-sparkle-large.png using Guid(bde345b291e87ea4c8d79d75ba16d068) Importer(815301076,1909f56bfc062723c751e8b465ee728b) (PreviewImporter) -> (artifact id: '88ee84f90b4f2b8cbbd3a77a3ecd97e4') in 0.0106127 seconds
Number of updated asset objects reloaded before import = 0Number of asset objects unloaded after import = 3

========================================================================
Received Import Request.
  Time since last request: 0.000023 seconds.
  path: Assets/Space Exploration/Button_Images/Source_Image_Sprites/large/large-yellow-sparkle-large.png
  artifactKey: Guid(ee3a20c263b149c4a8fa78a5199f58c5) Importer(815301076,1909f56bfc062723c751e8b465ee728b)
Start importing Assets/Space Exploration/Button_Images/Source_Image_Sprites/large/large-yellow-sparkle-large.png using Guid(ee3a20c263b149c4a8fa78a5199f58c5) Importer(815301076,1909f56bfc062723c751e8b465ee728b) (PreviewImporter) -> (artifact id: 'e352f9b86bbab930ed74c07a07e843f4') in 0.0109632 seconds
Number of updated asset objects reloaded before import = 0Number of asset objects unloaded after import = 3

========================================================================
Received Import Request.
  Time since last request: 0.000018 seconds.
  path: Assets/Space Exploration/Button_Images/Source_Image_Sprites/large/medium-yellow-large.png
  artifactKey: Guid(9561cb0a279d35c44b64069e72fdee75) Importer(815301076,1909f56bfc062723c751e8b465ee728b)
Start importing Assets/Space Exploration/Button_Images/Source_Image_Sprites/large/medium-yellow-large.png using Guid(9561cb0a279d35c44b64069e72fdee75) Importer(815301076,1909f56bfc062723c751e8b465ee728b) (PreviewImporter) -> (artifact id: 'a34099ffcf9e2079fcdeabd987282ab9') in 0.0115355 seconds
Number of updated asset objects reloaded before import = 0Number of asset objects unloaded after import = 3

========================================================================
Received Import Request.
  Time since last request: 12.053896 seconds.
  path: Assets/Space Exploration/Picto_Icons/Light_Purple/pause-256.png
  artifactKey: Guid(755a97f480ba6b44594365c81f11bf30) Importer(815301076,1909f56bfc062723c751e8b465ee728b)
Start importing Assets/Space Exploration/Picto_Icons/Light_Purple/pause-256.png using Guid(755a97f480ba6b44594365c81f11bf30) Importer(815301076,1909f56bfc062723c751e8b465ee728b) (PreviewImporter) -> (artifact id: '4cc9fbb71897334f51afa5aca2d67463') in 0.0098268 seconds
Number of updated asset objects reloaded before import = 0Number of asset objects unloaded after import = 3

========================================================================
Received Import Request.
  Time since last request: 0.000021 seconds.
  path: Assets/Space Exploration/Picto_Icons/Light_Purple/person-32.png
  artifactKey: Guid(698fcd756a80a7444839dcf47349b68c) Importer(815301076,1909f56bfc062723c751e8b465ee728b)
Start importing Assets/Space Exploration/Picto_Icons/Light_Purple/person-32.png using Guid(698fcd756a80a7444839dcf47349b68c) Importer(815301076,1909f56bfc062723c751e8b465ee728b) (PreviewImporter) -> (artifact id: '922c97a47a5dc97c718bab7cfe641c4f') in 0.0094956 seconds
Number of updated asset objects reloaded before import = 0Number of asset objects unloaded after import = 3

========================================================================
Received Import Request.
  Time since last request: 0.000020 seconds.
  path: Assets/Space Exploration/Picto_Icons/Light_Purple/picture-32.png
  artifactKey: Guid(b56a0dab000dd3d4a80c2932749a6d05) Importer(815301076,1909f56bfc062723c751e8b465ee728b)
Start importing Assets/Space Exploration/Picto_Icons/Light_Purple/picture-32.png using Guid(b56a0dab000dd3d4a80c2932749a6d05) Importer(815301076,1909f56bfc062723c751e8b465ee728b) (PreviewImporter) -> (artifact id: '1dd30a38497fba55c56f3293afdf66cc') in 0.0092459 seconds
Number of updated asset objects reloaded before import = 0Number of asset objects unloaded after import = 3

========================================================================
Received Import Request.
  Time since last request: 0.000019 seconds.
  path: Assets/Space Exploration/Picto_Icons/Light_Purple/play-128.png
  artifactKey: Guid(dcda9007084e10c45a43addaa81722ea) Importer(815301076,1909f56bfc062723c751e8b465ee728b)
Start importing Assets/Space Exploration/Picto_Icons/Light_Purple/play-128.png using Guid(dcda9007084e10c45a43addaa81722ea) Importer(815301076,1909f56bfc062723c751e8b465ee728b) (PreviewImporter) -> (artifact id: '54425c132607d695467452441212d2de') in 0.0100525 seconds
Number of updated asset objects reloaded before import = 0Number of asset objects unloaded after import = 3

========================================================================
Received Import Request.
  Time since last request: 0.016387 seconds.
  path: Assets/Space Exploration/Picto_Icons/Light_Purple/power-64.png
  artifactKey: Guid(1c3294b25a18e5244af00116378e4c16) Importer(815301076,1909f56bfc062723c751e8b465ee728b)
Start importing Assets/Space Exploration/Picto_Icons/Light_Purple/power-64.png using Guid(1c3294b25a18e5244af00116378e4c16) Importer(815301076,1909f56bfc062723c751e8b465ee728b) (PreviewImporter) -> (artifact id: 'fd32c1f87ac9e2884b064a61440bd39e') in 0.0096107 seconds
Number of updated asset objects reloaded before import = 0Number of asset objects unloaded after import = 3

========================================================================
Received Import Request.
  Time since last request: 0.000018 seconds.
  path: Assets/Space Exploration/Picto_Icons/Light_Purple/question-256.png
  artifactKey: Guid(aea24863391541846949c067dd6432f5) Importer(815301076,1909f56bfc062723c751e8b465ee728b)
Start importing Assets/Space Exploration/Picto_Icons/Light_Purple/question-256.png using Guid(aea24863391541846949c067dd6432f5) Importer(815301076,1909f56bfc062723c751e8b465ee728b) (PreviewImporter) -> (artifact id: '62a958eed0041a95fe734d5fb5dfc769') in 0.0102379 seconds
Number of updated asset objects reloaded before import = 0Number of asset objects unloaded after import = 3

========================================================================
Received Import Request.
  Time since last request: 0.047895 seconds.
  path: Assets/Space Exploration/Picto_Icons/Light_Purple/right-32.png
  artifactKey: Guid(5999eeb98960eb943b488050461b8182) Importer(815301076,1909f56bfc062723c751e8b465ee728b)
Start importing Assets/Space Exploration/Picto_Icons/Light_Purple/right-32.png using Guid(5999eeb98960eb943b488050461b8182) Importer(815301076,1909f56bfc062723c751e8b465ee728b) (PreviewImporter) -> (artifact id: '13f528cc7fc961918c2c4f78d5fc2c59') in 0.0089656 seconds
Number of updated asset objects reloaded before import = 0Number of asset objects unloaded after import = 3

========================================================================
Received Import Request.
  Time since last request: 0.000016 seconds.
  path: Assets/Space Exploration/Picto_Icons/Light_Purple/right-arrow-128.png
  artifactKey: Guid(7ca48e1d1cb1ae14e8ceb688992a4ff9) Importer(815301076,1909f56bfc062723c751e8b465ee728b)
Start importing Assets/Space Exploration/Picto_Icons/Light_Purple/right-arrow-128.png using Guid(7ca48e1d1cb1ae14e8ceb688992a4ff9) Importer(815301076,1909f56bfc062723c751e8b465ee728b) (PreviewImporter) -> (artifact id: '762041234dd2573d4a47dd82b21428d7') in 0.011056 seconds
Number of updated asset objects reloaded before import = 0Number of asset objects unloaded after import = 3

========================================================================
Received Import Request.
  Time since last request: 1.072288 seconds.
  path: Assets/Space Exploration/Picto_Icons/Light_Purple/music-64.png
  artifactKey: Guid(a0351a4a51ba56443aa1177cfc0c9eeb) Importer(815301076,1909f56bfc062723c751e8b465ee728b)
Start importing Assets/Space Exploration/Picto_Icons/Light_Purple/music-64.png using Guid(a0351a4a51ba56443aa1177cfc0c9eeb) Importer(815301076,1909f56bfc062723c751e8b465ee728b) (PreviewImporter) -> (artifact id: '3df455c0833b7b0dda7728e28622dbce') in 0.0099085 seconds
Number of updated asset objects reloaded before import = 0Number of asset objects unloaded after import = 3

========================================================================
Received Import Request.
  Time since last request: 0.000018 seconds.
  path: Assets/Space Exploration/Picto_Icons/Light_Purple/music-off-32.png
  artifactKey: Guid(64876f4cf36d31b4f8093d157bc920b4) Importer(815301076,1909f56bfc062723c751e8b465ee728b)
Start importing Assets/Space Exploration/Picto_Icons/Light_Purple/music-off-32.png using Guid(64876f4cf36d31b4f8093d157bc920b4) Importer(815301076,1909f56bfc062723c751e8b465ee728b) (PreviewImporter) -> (artifact id: '5ad5f512dfb83c967daf85425f009367') in 0.0113167 seconds
Number of updated asset objects reloaded before import = 0Number of asset objects unloaded after import = 3

========================================================================
Received Import Request.
  Time since last request: 0.953766 seconds.
  path: Assets/Space Exploration/Picto_Icons/Light_Purple/saturn-64.png
  artifactKey: Guid(9a441a5333ecdd9459e9509016ede978) Importer(815301076,1909f56bfc062723c751e8b465ee728b)
Start importing Assets/Space Exploration/Picto_Icons/Light_Purple/saturn-64.png using Guid(9a441a5333ecdd9459e9509016ede978) Importer(815301076,1909f56bfc062723c751e8b465ee728b) (PreviewImporter) -> (artifact id: '97fbfcb122fbdb3651c02e133bfa81e7') in 0.0094277 seconds
Number of updated asset objects reloaded before import = 0Number of asset objects unloaded after import = 3

========================================================================
Received Import Request.
  Time since last request: 0.000023 seconds.
  path: Assets/Space Exploration/Picto_Icons/Light_Purple/send-256.png
  artifactKey: Guid(aff7fe6236eabc249b418f1812a6a050) Importer(815301076,1909f56bfc062723c751e8b465ee728b)
Start importing Assets/Space Exploration/Picto_Icons/Light_Purple/send-256.png using Guid(aff7fe6236eabc249b418f1812a6a050) Importer(815301076,1909f56bfc062723c751e8b465ee728b) (PreviewImporter) -> (artifact id: '15f72be8d27b40843617bc6efd3de278') in 0.0117614 seconds
Number of updated asset objects reloaded before import = 0Number of asset objects unloaded after import = 3

========================================================================
Received Import Request.
  Time since last request: 2.889309 seconds.
  path: Assets/Space Exploration/Picto_Icons/Light_Purple/shield-128.png
  artifactKey: Guid(f54435d3ff17b874eb76089989502615) Importer(815301076,1909f56bfc062723c751e8b465ee728b)
Start importing Assets/Space Exploration/Picto_Icons/Light_Purple/shield-128.png using Guid(f54435d3ff17b874eb76089989502615) Importer(815301076,1909f56bfc062723c751e8b465ee728b) (PreviewImporter) -> (artifact id: 'b631f9c15db92d5b63a7171a234b0692') in 0.0097254 seconds
Number of updated asset objects reloaded before import = 0Number of asset objects unloaded after import = 3

========================================================================
Received Import Request.
  Time since last request: 0.000020 seconds.
  path: Assets/Space Exploration/Picto_Icons/Light_Purple/shrink-32.png
  artifactKey: Guid(4e78de0bce62745428b8c92a3a1b35cd) Importer(815301076,1909f56bfc062723c751e8b465ee728b)
Start importing Assets/Space Exploration/Picto_Icons/Light_Purple/shrink-32.png using Guid(4e78de0bce62745428b8c92a3a1b35cd) Importer(815301076,1909f56bfc062723c751e8b465ee728b) (PreviewImporter) -> (artifact id: '4858ac8572cae1180f106402ba3a290b') in 0.0115477 seconds
Number of updated asset objects reloaded before import = 0Number of asset objects unloaded after import = 3

========================================================================
Received Import Request.
  Time since last request: 2.249537 seconds.
  path: Assets/Space Exploration/Picto_Icons/Light_Purple/solar-system-32.png
  artifactKey: Guid(71ed3fc9559758c4e87c6ae8f09e0fdd) Importer(815301076,1909f56bfc062723c751e8b465ee728b)
Start importing Assets/Space Exploration/Picto_Icons/Light_Purple/solar-system-32.png using Guid(71ed3fc9559758c4e87c6ae8f09e0fdd) Importer(815301076,1909f56bfc062723c751e8b465ee728b) (PreviewImporter) -> (artifact id: '4ee3ce471db34a9110d429ee8f08fb06') in 0.0101206 seconds
Number of updated asset objects reloaded before import = 0Number of asset objects unloaded after import = 3

========================================================================
Received Import Request.
  Time since last request: 0.000016 seconds.
  path: Assets/Space Exploration/Picto_Icons/Light_Purple/sound-128.png
  artifactKey: Guid(fc2fb7c91b02bbe4c82f3565b34dc77f) Importer(815301076,1909f56bfc062723c751e8b465ee728b)
Start importing Assets/Space Exploration/Picto_Icons/Light_Purple/sound-128.png using Guid(fc2fb7c91b02bbe4c82f3565b34dc77f) Importer(815301076,1909f56bfc062723c751e8b465ee728b) (PreviewImporter) -> (artifact id: '7461af0c854df4d16bd2f55025eb584a') in 0.0106489 seconds
Number of updated asset objects reloaded before import = 0Number of asset objects unloaded after import = 3

========================================================================
Received Import Request.
  Time since last request: 0.426808 seconds.
  path: Assets/Space Exploration/Picto_Icons/Light_Purple/sparkles-32.png
  artifactKey: Guid(53b3c22f4c88f4a4c8e8e9d81c75acc4) Importer(815301076,1909f56bfc062723c751e8b465ee728b)
Start importing Assets/Space Exploration/Picto_Icons/Light_Purple/sparkles-32.png using Guid(53b3c22f4c88f4a4c8e8e9d81c75acc4) Importer(815301076,1909f56bfc062723c751e8b465ee728b) (PreviewImporter) -> (artifact id: '53b9c4aff94fb26d01a38869e262acdb') in 0.0101813 seconds
Number of updated asset objects reloaded before import = 0Number of asset objects unloaded after import = 3

========================================================================
Received Import Request.
  Time since last request: 0.000022 seconds.
  path: Assets/Space Exploration/Picto_Icons/Light_Purple/star-256.png
  artifactKey: Guid(d4e2ad321fcac6c49942ef1e8d713629) Importer(815301076,1909f56bfc062723c751e8b465ee728b)
Start importing Assets/Space Exploration/Picto_Icons/Light_Purple/star-256.png using Guid(d4e2ad321fcac6c49942ef1e8d713629) Importer(815301076,1909f56bfc062723c751e8b465ee728b) (PreviewImporter) -> (artifact id: 'c0bcfec89ec2bd982b5d46fc8dcfbbe3') in 0.0107462 seconds
Number of updated asset objects reloaded before import = 0Number of asset objects unloaded after import = 3

========================================================================
Received Import Request.
  Time since last request: 0.429608 seconds.
  path: Assets/Space Exploration/Picto_Icons/Light_Purple/sword-64.png
  artifactKey: Guid(518c3107bd924f94596062cc42cd671f) Importer(815301076,1909f56bfc062723c751e8b465ee728b)
Start importing Assets/Space Exploration/Picto_Icons/Light_Purple/sword-64.png using Guid(518c3107bd924f94596062cc42cd671f) Importer(815301076,1909f56bfc062723c751e8b465ee728b) (PreviewImporter) -> (artifact id: '13dbff2ab8606fa06ee7c012291e877c') in 0.0102845 seconds
Number of updated asset objects reloaded before import = 0Number of asset objects unloaded after import = 3

========================================================================
Received Import Request.
  Time since last request: 0.000016 seconds.
  path: Assets/Space Exploration/Picto_Icons/Light_Purple/trash-32.png
  artifactKey: Guid(6819fa5713ec3e04083734d6573cf93e) Importer(815301076,1909f56bfc062723c751e8b465ee728b)
Start importing Assets/Space Exploration/Picto_Icons/Light_Purple/trash-32.png using Guid(6819fa5713ec3e04083734d6573cf93e) Importer(815301076,1909f56bfc062723c751e8b465ee728b) (PreviewImporter) -> (artifact id: 'fbbd6c9e8c7d3bdc5cca3fa14669af58') in 0.0115725 seconds
Number of updated asset objects reloaded before import = 0Number of asset objects unloaded after import = 3

========================================================================
Received Import Request.
  Time since last request: 0.000021 seconds.
  path: Assets/Space Exploration/Picto_Icons/Light_Purple/trophy-2-256.png
  artifactKey: Guid(c60fabec95518924a8cfe98b3dfebc79) Importer(815301076,1909f56bfc062723c751e8b465ee728b)
Start importing Assets/Space Exploration/Picto_Icons/Light_Purple/trophy-2-256.png using Guid(c60fabec95518924a8cfe98b3dfebc79) Importer(815301076,1909f56bfc062723c751e8b465ee728b) (PreviewImporter) -> (artifact id: '0781123edde9f9b2f0a76b401b70e5ab') in 0.0106751 seconds
Number of updated asset objects reloaded before import = 0Number of asset objects unloaded after import = 3

========================================================================
Received Import Request.
  Time since last request: 0.000015 seconds.
  path: Assets/Space Exploration/Picto_Icons/Light_Purple/try-again-128.png
  artifactKey: Guid(99f83d160371e7044a6658885383e1a9) Importer(815301076,1909f56bfc062723c751e8b465ee728b)
Start importing Assets/Space Exploration/Picto_Icons/Light_Purple/try-again-128.png using Guid(99f83d160371e7044a6658885383e1a9) Importer(815301076,1909f56bfc062723c751e8b465ee728b) (PreviewImporter) -> (artifact id: 'f08d1ac1b538956ffeb174b54ea756c8') in 0.0109244 seconds
Number of updated asset objects reloaded before import = 0Number of asset objects unloaded after import = 3

========================================================================
Received Import Request.
  Time since last request: 0.000019 seconds.
  path: Assets/Space Exploration/Picto_Icons/Light_Purple/unlock-32.png
  artifactKey: Guid(49ca001e6fe3c0c48ba9a293a535ee5f) Importer(815301076,1909f56bfc062723c751e8b465ee728b)
Start importing Assets/Space Exploration/Picto_Icons/Light_Purple/unlock-32.png using Guid(49ca001e6fe3c0c48ba9a293a535ee5f) Importer(815301076,1909f56bfc062723c751e8b465ee728b) (PreviewImporter) -> (artifact id: '1ba81d1b3ac56a2e3e8a60156b75a1ab') in 0.010267 seconds
Number of updated asset objects reloaded before import = 0Number of asset objects unloaded after import = 3

========================================================================
Received Import Request.
  Time since last request: 0.375347 seconds.
  path: Assets/Space Exploration/Picto_Icons/Light_Purple/upload-32.png
  artifactKey: Guid(76c99158adde209408467f4d9c8f19df) Importer(815301076,1909f56bfc062723c751e8b465ee728b)
Start importing Assets/Space Exploration/Picto_Icons/Light_Purple/upload-32.png using Guid(76c99158adde209408467f4d9c8f19df) Importer(815301076,1909f56bfc062723c751e8b465ee728b) (PreviewImporter) -> (artifact id: '89510233a9fbf92f40ea5b1bf66fb898') in 0.0090754 seconds
Number of updated asset objects reloaded before import = 0Number of asset objects unloaded after import = 3

========================================================================
Received Import Request.
  Time since last request: 0.000033 seconds.
  path: Assets/Space Exploration/Picto_Icons/Light_Purple/web-64.png
  artifactKey: Guid(012a05af9cf14e6409b9d6a5a03b16fb) Importer(815301076,1909f56bfc062723c751e8b465ee728b)
Start importing Assets/Space Exploration/Picto_Icons/Light_Purple/web-64.png using Guid(012a05af9cf14e6409b9d6a5a03b16fb) Importer(815301076,1909f56bfc062723c751e8b465ee728b) (PreviewImporter) -> (artifact id: '208501b55da03cf70b253d85cbdda595') in 0.0090168 seconds
Number of updated asset objects reloaded before import = 0Number of asset objects unloaded after import = 3

========================================================================
Received Import Request.
  Time since last request: 0.488289 seconds.
  path: Assets/Space Exploration/Picto_Icons/Light_Purple/zoom-out-64.png
  artifactKey: Guid(1b5851886ec66664b92e15f26fe4f026) Importer(815301076,1909f56bfc062723c751e8b465ee728b)
Start importing Assets/Space Exploration/Picto_Icons/Light_Purple/zoom-out-64.png using Guid(1b5851886ec66664b92e15f26fe4f026) Importer(815301076,1909f56bfc062723c751e8b465ee728b) (PreviewImporter) -> (artifact id: '42b7b3f66e93d2fd1e55c0b976a4fa75') in 0.0108516 seconds
Number of updated asset objects reloaded before import = 0Number of asset objects unloaded after import = 3

========================================================================
Received Import Request.
  Time since last request: 0.000016 seconds.
  path: Assets/Space Exploration/Picto_Icons/Light_Purple/zoom-out-256.png
  artifactKey: Guid(aa0fde91399dd064ab4d1fb3a9e32983) Importer(815301076,1909f56bfc062723c751e8b465ee728b)
Start importing Assets/Space Exploration/Picto_Icons/Light_Purple/zoom-out-256.png using Guid(aa0fde91399dd064ab4d1fb3a9e32983) Importer(815301076,1909f56bfc062723c751e8b465ee728b) (PreviewImporter) -> (artifact id: '9e70f9d5c1c51366336ad5d53607d918') in 0.0112601 seconds
Number of updated asset objects reloaded before import = 0Number of asset objects unloaded after import = 3

========================================================================
Received Import Request.
  Time since last request: 6.209365 seconds.
  path: Assets/Space Exploration/Picto_Icons/Light_Purple/megaphone-32.png
  artifactKey: Guid(a8d294033a3cdf84abd7f56288de2fd1) Importer(815301076,1909f56bfc062723c751e8b465ee728b)
Start importing Assets/Space Exploration/Picto_Icons/Light_Purple/megaphone-32.png using Guid(a8d294033a3cdf84abd7f56288de2fd1) Importer(815301076,1909f56bfc062723c751e8b465ee728b) (PreviewImporter) -> (artifact id: '229e6521911345d443e2348b1799d12b') in 0.0092891 seconds
Number of updated asset objects reloaded before import = 0Number of asset objects unloaded after import = 3

========================================================================
Received Import Request.
  Time since last request: 0.000019 seconds.
  path: Assets/Space Exploration/Picto_Icons/Light_Purple/menu-64.png
  artifactKey: Guid(995043ca8ba9a384f985fb5c8d64606d) Importer(815301076,1909f56bfc062723c751e8b465ee728b)
Start importing Assets/Space Exploration/Picto_Icons/Light_Purple/menu-64.png using Guid(995043ca8ba9a384f985fb5c8d64606d) Importer(815301076,1909f56bfc062723c751e8b465ee728b) (PreviewImporter) -> (artifact id: '17c9ec0ad8db78f09cb71b01c264fcf8') in 0.0118386 seconds
Number of updated asset objects reloaded before import = 0Number of asset objects unloaded after import = 3

========================================================================
Received Import Request.
  Time since last request: 0.539415 seconds.
  path: Assets/Space Exploration/Picto_Icons/Light_Purple/lock-128.png
  artifactKey: Guid(89a53b7f2b20dd24ca8e73b7e6e5f9bf) Importer(815301076,1909f56bfc062723c751e8b465ee728b)
Start importing Assets/Space Exploration/Picto_Icons/Light_Purple/lock-128.png using Guid(89a53b7f2b20dd24ca8e73b7e6e5f9bf) Importer(815301076,1909f56bfc062723c751e8b465ee728b) (PreviewImporter) -> (artifact id: '968b440e85ec96c4b16028d47259cc39') in 0.0099656 seconds
Number of updated asset objects reloaded before import = 0Number of asset objects unloaded after import = 3

========================================================================
Received Import Request.
  Time since last request: 0.000016 seconds.
  path: Assets/Space Exploration/Picto_Icons/Light_Purple/mail-32.png
  artifactKey: Guid(ee5453b8807a8784daad461a20f6959d) Importer(815301076,1909f56bfc062723c751e8b465ee728b)
Start importing Assets/Space Exploration/Picto_Icons/Light_Purple/mail-32.png using Guid(ee5453b8807a8784daad461a20f6959d) Importer(815301076,1909f56bfc062723c751e8b465ee728b) (PreviewImporter) -> (artifact id: '90d25a1bacafcd3e6d5f50cdae415605') in 0.0095448 seconds
Number of updated asset objects reloaded before import = 0Number of asset objects unloaded after import = 3

========================================================================
Received Import Request.
  Time since last request: 0.375885 seconds.
  path: Assets/Space Exploration/Picto_Icons/Light_Purple/left-arrow-64.png
  artifactKey: Guid(b59b741331f10b04397b2ad42211b2c1) Importer(815301076,1909f56bfc062723c751e8b465ee728b)
Start importing Assets/Space Exploration/Picto_Icons/Light_Purple/left-arrow-64.png using Guid(b59b741331f10b04397b2ad42211b2c1) Importer(815301076,1909f56bfc062723c751e8b465ee728b) (PreviewImporter) -> (artifact id: 'ad486eeb709b08bd6fc60cb2a2d97576') in 0.0093963 seconds
Number of updated asset objects reloaded before import = 0Number of asset objects unloaded after import = 3

========================================================================
Received Import Request.
  Time since last request: 0.000022 seconds.
  path: Assets/Space Exploration/Picto_Icons/Light_Purple/like-256.png
  artifactKey: Guid(92d896b9e38fa6548b322e51e96307f6) Importer(815301076,1909f56bfc062723c751e8b465ee728b)
Start importing Assets/Space Exploration/Picto_Icons/Light_Purple/like-256.png using Guid(92d896b9e38fa6548b322e51e96307f6) Importer(815301076,1909f56bfc062723c751e8b465ee728b) (PreviewImporter) -> (artifact id: '697c59c3429feac14615f0d5592f0655') in 0.0121846 seconds
Number of updated asset objects reloaded before import = 0Number of asset objects unloaded after import = 3

========================================================================
Received Import Request.
  Time since last request: 0.291082 seconds.
  path: Assets/Space Exploration/Picto_Icons/Light_Purple/hourglass-32.png
  artifactKey: Guid(8fc86c5c9d13e21428be8fa8c207c5cc) Importer(815301076,1909f56bfc062723c751e8b465ee728b)
Start importing Assets/Space Exploration/Picto_Icons/Light_Purple/hourglass-32.png using Guid(8fc86c5c9d13e21428be8fa8c207c5cc) Importer(815301076,1909f56bfc062723c751e8b465ee728b) (PreviewImporter) -> (artifact id: 'b7f89d51c8b438a2d562b0052431c8f4') in 0.0088512 seconds
Number of updated asset objects reloaded before import = 0Number of asset objects unloaded after import = 3

========================================================================
Received Import Request.
  Time since last request: 0.000021 seconds.
  path: Assets/Space Exploration/Picto_Icons/Light_Purple/info-128.png
  artifactKey: Guid(bc5d692d6afedb84f8064711f8353ca9) Importer(815301076,1909f56bfc062723c751e8b465ee728b)
Start importing Assets/Space Exploration/Picto_Icons/Light_Purple/info-128.png using Guid(bc5d692d6afedb84f8064711f8353ca9) Importer(815301076,1909f56bfc062723c751e8b465ee728b) (PreviewImporter) -> (artifact id: 'af98bf614cd8850f6dbde7c8fb54b9e2') in 0.0097875 seconds
Number of updated asset objects reloaded before import = 0Number of asset objects unloaded after import = 3

========================================================================
Received Import Request.
  Time since last request: 0.593988 seconds.
  path: Assets/Space Exploration/Picto_Icons/Light_Purple/half-moon-32.png
  artifactKey: Guid(b2f426711b260b34181458728f1fb6d4) Importer(815301076,1909f56bfc062723c751e8b465ee728b)
Start importing Assets/Space Exploration/Picto_Icons/Light_Purple/half-moon-32.png using Guid(b2f426711b260b34181458728f1fb6d4) Importer(815301076,1909f56bfc062723c751e8b465ee728b) (PreviewImporter) -> (artifact id: '5558d4063709dca11a1bc3f92aaec8a8') in 0.0110712 seconds
Number of updated asset objects reloaded before import = 0Number of asset objects unloaded after import = 3

========================================================================
Received Import Request.
  Time since last request: 0.000016 seconds.
  path: Assets/Space Exploration/Picto_Icons/Light_Purple/half-moon-256.png
  artifactKey: Guid(dc2daa9fa95d7244bbc85f4629352228) Importer(815301076,1909f56bfc062723c751e8b465ee728b)
Start importing Assets/Space Exploration/Picto_Icons/Light_Purple/half-moon-256.png using Guid(dc2daa9fa95d7244bbc85f4629352228) Importer(815301076,1909f56bfc062723c751e8b465ee728b) (PreviewImporter) -> (artifact id: '62616c7254b807c4adbcea3672c3742f') in 0.0110647 seconds
Number of updated asset objects reloaded before import = 0Number of asset objects unloaded after import = 3

========================================================================
Received Import Request.
  Time since last request: 2.252908 seconds.
  path: Assets/Space Exploration/Picto_Icons/Light_Purple/expand-256.png
  artifactKey: Guid(000378f6aebe9aa48b807ddcc293407f) Importer(815301076,1909f56bfc062723c751e8b465ee728b)
Start importing Assets/Space Exploration/Picto_Icons/Light_Purple/expand-256.png using Guid(000378f6aebe9aa48b807ddcc293407f) Importer(815301076,1909f56bfc062723c751e8b465ee728b) (PreviewImporter) -> (artifact id: '28b3520dc12b6f554dcacd3e27d27f54') in 0.0114481 seconds
Number of updated asset objects reloaded before import = 0Number of asset objects unloaded after import = 3

========================================================================
Received Import Request.
  Time since last request: 0.000015 seconds.
  path: Assets/Space Exploration/Picto_Icons/Light_Purple/fast-forward-64.png
  artifactKey: Guid(a190c9bc77d2fd64780c3cabb29cab43) Importer(815301076,1909f56bfc062723c751e8b465ee728b)
Start importing Assets/Space Exploration/Picto_Icons/Light_Purple/fast-forward-64.png using Guid(a190c9bc77d2fd64780c3cabb29cab43) Importer(815301076,1909f56bfc062723c751e8b465ee728b) (PreviewImporter) -> (artifact id: '36239bd279eefedf9ee6a78b51db1df1') in 0.0104201 seconds
Number of updated asset objects reloaded before import = 0Number of asset objects unloaded after import = 3

========================================================================
Received Import Request.
  Time since last request: 0.748636 seconds.
  path: Assets/Space Exploration/Picto_Icons/Light_Purple/door-64.png
  artifactKey: Guid(015614a3d75ccfd49a070c4f15ec8b49) Importer(815301076,1909f56bfc062723c751e8b465ee728b)
Start importing Assets/Space Exploration/Picto_Icons/Light_Purple/door-64.png using Guid(015614a3d75ccfd49a070c4f15ec8b49) Importer(815301076,1909f56bfc062723c751e8b465ee728b) (PreviewImporter) -> (artifact id: 'ba9b7df8d0c776ab6c6daaf13261d0d3') in 0.0118888 seconds
Number of updated asset objects reloaded before import = 0Number of asset objects unloaded after import = 4

========================================================================
Received Import Request.
  Time since last request: 0.000022 seconds.
  path: Assets/Space Exploration/Picto_Icons/Light_Purple/down-arrow-256.png
  artifactKey: Guid(5e594b2a509930d46912570c32dbbde4) Importer(815301076,1909f56bfc062723c751e8b465ee728b)
Start importing Assets/Space Exploration/Picto_Icons/Light_Purple/down-arrow-256.png using Guid(5e594b2a509930d46912570c32dbbde4) Importer(815301076,1909f56bfc062723c751e8b465ee728b) (PreviewImporter) -> (artifact id: '6e4029a694836fa5a0c638e41b183f20') in 0.0111622 seconds
Number of updated asset objects reloaded before import = 0Number of asset objects unloaded after import = 3

========================================================================
Received Import Request.
  Time since last request: 0.333309 seconds.
  path: Assets/Space Exploration/Picto_Icons/Light_Purple/crown-64.png
  artifactKey: Guid(e05e37b6e4a2da04c8980a6821e81708) Importer(815301076,1909f56bfc062723c751e8b465ee728b)
Start importing Assets/Space Exploration/Picto_Icons/Light_Purple/crown-64.png using Guid(e05e37b6e4a2da04c8980a6821e81708) Importer(815301076,1909f56bfc062723c751e8b465ee728b) (PreviewImporter) -> (artifact id: 'c4c0ab97eda1df3e9c74d1bf1ee0be04') in 0.0099595 seconds
Number of updated asset objects reloaded before import = 0Number of asset objects unloaded after import = 3

========================================================================
Received Import Request.
  Time since last request: 0.000015 seconds.
  path: Assets/Space Exploration/Picto_Icons/Light_Purple/diamond-32.png
  artifactKey: Guid(f9262606a54a5cc489b4eb2e91c6d13b) Importer(815301076,1909f56bfc062723c751e8b465ee728b)
Start importing Assets/Space Exploration/Picto_Icons/Light_Purple/diamond-32.png using Guid(f9262606a54a5cc489b4eb2e91c6d13b) Importer(815301076,1909f56bfc062723c751e8b465ee728b) (PreviewImporter) -> (artifact id: 'fe823f2a13c7af64ac08edb5dfef6c74') in 0.0099581 seconds
Number of updated asset objects reloaded before import = 0Number of asset objects unloaded after import = 3

========================================================================
Received Import Request.
  Time since last request: 0.308448 seconds.
  path: Assets/Space Exploration/Picto_Icons/Light_Purple/check-256.png
  artifactKey: Guid(aed667899afb14b47b3bb83a3123af8a) Importer(815301076,1909f56bfc062723c751e8b465ee728b)
Start importing Assets/Space Exploration/Picto_Icons/Light_Purple/check-256.png using Guid(aed667899afb14b47b3bb83a3123af8a) Importer(815301076,1909f56bfc062723c751e8b465ee728b) (PreviewImporter) -> (artifact id: 'a765cc469b8ff3e5dd694ce8f6426983') in 0.0099945 seconds
Number of updated asset objects reloaded before import = 0Number of asset objects unloaded after import = 3

========================================================================
Received Import Request.
  Time since last request: 0.000025 seconds.
  path: Assets/Space Exploration/Picto_Icons/Light_Purple/cloud-64.png
  artifactKey: Guid(2db72b67264ddd64daaefa38e9dd4eb1) Importer(815301076,1909f56bfc062723c751e8b465ee728b)
Start importing Assets/Space Exploration/Picto_Icons/Light_Purple/cloud-64.png using Guid(2db72b67264ddd64daaefa38e9dd4eb1) Importer(815301076,1909f56bfc062723c751e8b465ee728b) (PreviewImporter) -> (artifact id: '199a08184f226edfbfc008cffa1bfdf1') in 0.0091205 seconds
Number of updated asset objects reloaded before import = 0Number of asset objects unloaded after import = 3

========================================================================
Received Import Request.
  Time since last request: 0.000016 seconds.
  path: Assets/Space Exploration/Picto_Icons/Light_Purple/buy-256.png
  artifactKey: Guid(80c5cd0e3deedd749bc75b0fa0359518) Importer(815301076,1909f56bfc062723c751e8b465ee728b)
Start importing Assets/Space Exploration/Picto_Icons/Light_Purple/buy-256.png using Guid(80c5cd0e3deedd749bc75b0fa0359518) Importer(815301076,1909f56bfc062723c751e8b465ee728b) (PreviewImporter) -> (artifact id: '472c9de066758be1ad507f79b42f2f99') in 0.0102401 seconds
Number of updated asset objects reloaded before import = 0Number of asset objects unloaded after import = 3

========================================================================
Received Import Request.
  Time since last request: 0.000017 seconds.
  path: Assets/Space Exploration/Picto_Icons/Light_Purple/camera-256.png
  artifactKey: Guid(70ac23f800741574ca541e5e05ae34b2) Importer(815301076,1909f56bfc062723c751e8b465ee728b)
Start importing Assets/Space Exploration/Picto_Icons/Light_Purple/camera-256.png using Guid(70ac23f800741574ca541e5e05ae34b2) Importer(815301076,1909f56bfc062723c751e8b465ee728b) (PreviewImporter) -> (artifact id: 'b19297d323e61af96032a299b4ba735a') in 0.0103413 seconds
Number of updated asset objects reloaded before import = 0Number of asset objects unloaded after import = 3

========================================================================
Received Import Request.
  Time since last request: 0.000023 seconds.
  path: Assets/Space Exploration/Picto_Icons/Light_Purple/chat-64.png
  artifactKey: Guid(c6d972c6a2f080f489823be31a609088) Importer(815301076,1909f56bfc062723c751e8b465ee728b)
Start importing Assets/Space Exploration/Picto_Icons/Light_Purple/chat-64.png using Guid(c6d972c6a2f080f489823be31a609088) Importer(815301076,1909f56bfc062723c751e8b465ee728b) (PreviewImporter) -> (artifact id: '88054f78761b26d0aecee7c7641faf53') in 0.0098211 seconds
Number of updated asset objects reloaded before import = 0Number of asset objects unloaded after import = 3

========================================================================
Received Import Request.
  Time since last request: 0.287493 seconds.
  path: Assets/Space Exploration/Picto_Icons/Light_Purple/bolt-128.png
  artifactKey: Guid(8952c644887bdf84a823e71c5dd92be1) Importer(815301076,1909f56bfc062723c751e8b465ee728b)
Start importing Assets/Space Exploration/Picto_Icons/Light_Purple/bolt-128.png using Guid(8952c644887bdf84a823e71c5dd92be1) Importer(815301076,1909f56bfc062723c751e8b465ee728b) (PreviewImporter) -> (artifact id: 'e1dc5c566ea5a2d6bc126fa2f71b39f9') in 0.0100482 seconds
Number of updated asset objects reloaded before import = 0Number of asset objects unloaded after import = 3

========================================================================
Received Import Request.
  Time since last request: 0.310707 seconds.
  path: Assets/Space Exploration/Picto_Icons/Light_Purple/bell-off-64.png
  artifactKey: Guid(effd8dc1e561c22498429c49ac52d09c) Importer(815301076,1909f56bfc062723c751e8b465ee728b)
Start importing Assets/Space Exploration/Picto_Icons/Light_Purple/bell-off-64.png using Guid(effd8dc1e561c22498429c49ac52d09c) Importer(815301076,1909f56bfc062723c751e8b465ee728b) (PreviewImporter) -> (artifact id: '5e5048dc59589abd3d664ccb805fd61f') in 0.0104676 seconds
Number of updated asset objects reloaded before import = 0Number of asset objects unloaded after import = 3

========================================================================
Received Import Request.
  Time since last request: 0.000017 seconds.
  path: Assets/Space Exploration/Picto_Icons/Light_Purple/black-hole-128.png
  artifactKey: Guid(b1d41dcec55072346a057cb029003980) Importer(815301076,1909f56bfc062723c751e8b465ee728b)
Start importing Assets/Space Exploration/Picto_Icons/Light_Purple/black-hole-128.png using Guid(b1d41dcec55072346a057cb029003980) Importer(815301076,1909f56bfc062723c751e8b465ee728b) (PreviewImporter) -> (artifact id: '37776a2061b573b1867a45f65015d09a') in 0.0110279 seconds
Number of updated asset objects reloaded before import = 0Number of asset objects unloaded after import = 3

========================================================================
Received Import Request.
  Time since last request: 0.000016 seconds.
  path: Assets/Space Exploration/Picto_Icons/Light_Purple/axe-64.png
  artifactKey: Guid(68cbc93f99fff684dba445b5de5dc4f6) Importer(815301076,1909f56bfc062723c751e8b465ee728b)
Start importing Assets/Space Exploration/Picto_Icons/Light_Purple/axe-64.png using Guid(68cbc93f99fff684dba445b5de5dc4f6) Importer(815301076,1909f56bfc062723c751e8b465ee728b) (PreviewImporter) -> (artifact id: '8d70007cc6f00d4c26efb1750a80d2f6') in 0.0112999 seconds
Number of updated asset objects reloaded before import = 0Number of asset objects unloaded after import = 3

========================================================================
Received Import Request.
  Time since last request: 0.000014 seconds.
  path: Assets/Space Exploration/Picto_Icons/Light_Purple/banner-32.png
  artifactKey: Guid(c7b7dfd59f9f70b4ea42e3fd067ba6dd) Importer(815301076,1909f56bfc062723c751e8b465ee728b)
Start importing Assets/Space Exploration/Picto_Icons/Light_Purple/banner-32.png using Guid(c7b7dfd59f9f70b4ea42e3fd067ba6dd) Importer(815301076,1909f56bfc062723c751e8b465ee728b) (PreviewImporter) -> (artifact id: '10f77696b99b3c2c1e8b94d3626d1e1e') in 0.0125878 seconds
Number of updated asset objects reloaded before import = 0Number of asset objects unloaded after import = 3

========================================================================
Received Import Request.
  Time since last request: 0.126145 seconds.
  path: Assets/Space Exploration/Picto_Icons/Light_Purple/add-person-128.png
  artifactKey: Guid(7a3e6d993dcaec940ade772dcd40c66c) Importer(815301076,1909f56bfc062723c751e8b465ee728b)
Start importing Assets/Space Exploration/Picto_Icons/Light_Purple/add-person-128.png using Guid(7a3e6d993dcaec940ade772dcd40c66c) Importer(815301076,1909f56bfc062723c751e8b465ee728b) (PreviewImporter) -> (artifact id: '025dcd3c63555b501d61aa1f7a40faf2') in 0.0097322 seconds
Number of updated asset objects reloaded before import = 0Number of asset objects unloaded after import = 3

========================================================================
Received Import Request.
  Time since last request: 0.087025 seconds.
  path: Assets/Space Exploration/Picto_Icons/Light_Purple/+-32.png
  artifactKey: Guid(21c2e23823934d249a75ca426a4aa925) Importer(815301076,1909f56bfc062723c751e8b465ee728b)
Start importing Assets/Space Exploration/Picto_Icons/Light_Purple/+-32.png using Guid(21c2e23823934d249a75ca426a4aa925) Importer(815301076,1909f56bfc062723c751e8b465ee728b) (PreviewImporter) -> (artifact id: 'acb01059bcb84ed1df14ac93f1e0ca97') in 0.0129913 seconds
Number of updated asset objects reloaded before import = 0Number of asset objects unloaded after import = 3

========================================================================
Received Import Request.
  Time since last request: 0.000726 seconds.
  path: Assets/Space Exploration/Picto_Icons/Light_Purple/--128.png
  artifactKey: Guid(9fe103a046f1091468eee8e9d617e359) Importer(815301076,1909f56bfc062723c751e8b465ee728b)
Start importing Assets/Space Exploration/Picto_Icons/Light_Purple/--128.png using Guid(9fe103a046f1091468eee8e9d617e359) Importer(815301076,1909f56bfc062723c751e8b465ee728b) (PreviewImporter) -> (artifact id: 'b4e7d7ea23d2418b999fc2dc5f47e570') in 0.0105813 seconds
Number of updated asset objects reloaded before import = 0Number of asset objects unloaded after import = 3

========================================================================
Received Import Request.
  Time since last request: 0.000019 seconds.
  path: Assets/Space Exploration/Picto_Icons/Light_Purple/ad-64.png
  artifactKey: Guid(fe7c2cf803d169a49bbf74243aef2395) Importer(815301076,1909f56bfc062723c751e8b465ee728b)
Start importing Assets/Space Exploration/Picto_Icons/Light_Purple/ad-64.png using Guid(fe7c2cf803d169a49bbf74243aef2395) Importer(815301076,1909f56bfc062723c751e8b465ee728b) (PreviewImporter) -> (artifact id: '943882815c7e1760188bef4611b0ae69') in 0.0115636 seconds
Number of updated asset objects reloaded before import = 0Number of asset objects unloaded after import = 3

Editor requested this worker to shutdown with reason: Scaling down because of idle timeout
AssetImportWorker is now disconnected from the server
Process exiting
Exiting without the bug reporter. Application will terminate with return code 0